2025-12-31 12:07:22,286 INFO o.h.v.i.u.Version [background-preinit] HV000001: Hibernate Validator 8.0.3.Final
2025-12-31 12:07:22,316 INFO o.s.b.StartupInfoLogger [main] Starting RelabApplication using Java 21.0.8 with PID 28204 (D:\DAM\Segundo\AccesoDatos\AA1\API_ReLab\target\classes started by natal in D:\DAM\Segundo\AccesoDatos\AA1\API_ReLab)
2025-12-31 12:07:22,316 INFO o.s.b.SpringApplication [main] No active profile set, falling back to 1 default profile: "default"
2025-12-31 12:07:22,644 INFO o.s.d.r.c.RepositoryConfigurationDelegate [main] Bootstrapping Spring Data JPA repositories in DEFAULT mode.
2025-12-31 12:07:22,678 INFO o.s.d.r.c.RepositoryConfigurationDelegate [main] Finished Spring Data repository scanning in 29 ms. Found 5 JPA repository interfaces.
2025-12-31 12:07:22,939 INFO o.s.b.w.e.t.TomcatWebServer [main] Tomcat initialized with port 8080 (http)
2025-12-31 12:07:22,952 INFO o.a.j.l.DirectJDKLog [main] Initializing ProtocolHandler ["http-nio-8080"]
2025-12-31 12:07:22,954 INFO o.a.j.l.DirectJDKLog [main] Starting service [Tomcat]
2025-12-31 12:07:22,955 INFO o.a.j.l.DirectJDKLog [main] Starting Servlet engine: [Apache Tomcat/10.1.46]
2025-12-31 12:07:22,999 INFO o.a.j.l.DirectJDKLog [main] Initializing Spring embedded WebApplicationContext
2025-12-31 12:07:23,000 INFO o.s.b.w.s.c.ServletWebServerApplicationContext [main] Root WebApplicationContext: initialization completed in 660 ms
2025-12-31 12:07:23,090 INFO o.h.j.i.u.LogHelper [main] HHH000204: Processing PersistenceUnitInfo [name: default]
2025-12-31 12:07:23,134 INFO o.h.Version [main] HHH000412: Hibernate ORM core version 6.6.29.Final
2025-12-31 12:07:23,155 INFO o.h.c.i.RegionFactoryInitiator [main] HHH000026: Second-level cache disabled
2025-12-31 12:07:23,325 INFO o.s.o.j.p.SpringPersistenceUnitInfo [main] No LoadTimeWeaver setup: ignoring JPA class transformer
2025-12-31 12:07:23,344 INFO c.z.h.HikariDataSource [main] HikariPool-1 - Starting...
2025-12-31 12:07:23,416 INFO c.z.h.p.HikariPool [main] HikariPool-1 - Added connection org.mariadb.jdbc.Connection@4a9bce99
2025-12-31 12:07:23,418 INFO c.z.h.HikariDataSource [main] HikariPool-1 - Start completed.
2025-12-31 12:07:23,435 WARN o.h.e.j.d.i.DialectFactoryImpl [main] HHH90000025: MariaDBDialect does not need to be specified explicitly using 'hibernate.dialect' (remove the property setting and it will be selected by default)
2025-12-31 12:07:23,449 INFO o.h.e.j.e.i.JdbcEnvironmentInitiator [main] HHH10001005: Database info:
	Database JDBC URL [Connecting through datasource 'HikariDataSource (HikariPool-1)']
	Database driver: undefined/unknown
	Database version: 12.0.2
	Autocommit mode: undefined/unknown
	Isolation level: undefined/unknown
	Minimum pool size: undefined/unknown
	Maximum pool size: undefined/unknown
2025-12-31 12:07:24,013 INFO o.h.e.t.j.p.i.JtaPlatformInitiator [main] HHH000489: No JTA platform available (set 'hibernate.transaction.jta.platform' to enable JTA platform integration)
2025-12-31 12:07:24,064 INFO o.s.o.j.AbstractEntityManagerFactoryBean [main] Initialized JPA EntityManagerFactory for persistence unit 'default'
2025-12-31 12:07:24,309 WARN o.s.b.a.o.j.JpaBaseConfiguration$JpaWebConfiguration [main] spring.jpa.open-in-view is enabled by default. Therefore, database queries may be performed during view rendering. Explicitly configure spring.jpa.open-in-view to disable this warning
2025-12-31 12:07:24,520 INFO o.a.j.l.DirectJDKLog [main] Starting ProtocolHandler ["http-nio-8080"]
2025-12-31 12:07:24,532 INFO o.s.b.w.e.t.TomcatWebServer [main] Tomcat started on port 8080 (http) with context path '/'
2025-12-31 12:07:24,537 INFO o.s.b.StartupInfoLogger [main] Started RelabApplication in 2.502 seconds (process running for 2.684)
2025-12-31 12:07:31,699 INFO o.a.j.l.DirectJDKLog [http-nio-8080-exec-1] Initializing Spring DispatcherServlet 'dispatcherServlet'
2025-12-31 12:07:31,699 INFO o.s.w.s.FrameworkServlet [http-nio-8080-exec-1] Initializing Servlet 'dispatcherServlet'
2025-12-31 12:07:31,700 INFO o.s.w.s.FrameworkServlet [http-nio-8080-exec-1] Completed initialization in 1 ms
2025-12-31 12:08:04,591 INFO c.n.r.c.UsuarioController [http-nio-8080-exec-3] GET /usuarios - filtros: nickname=ngarci, tipoUsuario=null, cuentaActiva=null
2025-12-31 12:08:04,592 INFO c.n.r.s.UsuarioService [http-nio-8080-exec-3] Listando usuarios con filtros nickname=ngarci, tipoUsuario=null, cuentaActiva=null
2025-12-31 12:08:04,715 WARN c.n.r.c.GlobalExceptionHandler [http-nio-8080-exec-3] Recurso no encontrado: UsuarioNoEncontradoException
2025-12-31 12:09:42,491 INFO c.n.r.c.UsuarioController [http-nio-8080-exec-10] GET /usuarios - filtros: nickname=dddd, tipoUsuario=null, cuentaActiva=null
2025-12-31 12:09:42,492 INFO c.n.r.s.UsuarioService [http-nio-8080-exec-10] Listando usuarios con filtros nickname=dddd, tipoUsuario=null, cuentaActiva=null
2025-12-31 12:09:42,496 WARN c.n.r.c.GlobalExceptionHandler [http-nio-8080-exec-10] Recurso no encontrado: UsuarioNoEncontradoException
2025-12-31 12:09:51,309 INFO c.n.r.c.UsuarioController [http-nio-8080-exec-7] POST /usuarios - creando usuario con nickname dddd
2025-12-31 12:09:51,310 INFO c.n.r.s.UsuarioService [http-nio-8080-exec-7] Agregando usuario con nickname dddd
2025-12-31 12:09:51,366 INFO c.n.r.s.UsuarioService [http-nio-8080-exec-7] Usuario creado con id 24
2025-12-31 12:09:51,369 INFO c.n.r.c.UsuarioController [http-nio-8080-exec-7] Usuario creado con id 24
2025-12-31 12:11:33,811 INFO c.n.r.c.UsuarioController [http-nio-8080-exec-1] GET /usuarios - filtros: nickname=carol28, tipoUsuario=null, cuentaActiva=null
2025-12-31 12:11:33,812 INFO c.n.r.s.UsuarioService [http-nio-8080-exec-1] Listando usuarios con filtros nickname=carol28, tipoUsuario=null, cuentaActiva=null
2025-12-31 12:11:33,817 WARN c.n.r.c.GlobalExceptionHandler [http-nio-8080-exec-1] Recurso no encontrado: UsuarioNoEncontradoException
2025-12-31 12:11:41,565 INFO c.n.r.c.UsuarioController [http-nio-8080-exec-3] POST /usuarios - creando usuario con nickname carol28
2025-12-31 12:11:41,566 INFO c.n.r.s.UsuarioService [http-nio-8080-exec-3] Agregando usuario con nickname carol28
2025-12-31 12:11:41,575 INFO c.n.r.s.UsuarioService [http-nio-8080-exec-3] Usuario creado con id 25
2025-12-31 12:11:41,576 INFO c.n.r.c.UsuarioController [http-nio-8080-exec-3] Usuario creado con id 25
2025-12-31 14:19:50,771 WARN c.z.h.p.HikariPool$HouseKeeper [HikariPool-1:housekeeper] HikariPool-1 - Thread starvation or clock leap detected (housekeeper delta=14m55s276ms865µs700ns).
2025-12-31 14:21:06,193 WARN c.z.h.p.HikariPool$HouseKeeper [HikariPool-1:housekeeper] HikariPool-1 - Thread starvation or clock leap detected (housekeeper delta=45s410ms143µs900ns).
2025-12-31 14:26:51,763 INFO c.n.r.c.UsuarioController [http-nio-8080-exec-7] GET /usuarios - filtros: nickname=hola, tipoUsuario=null, cuentaActiva=null
2025-12-31 14:26:51,766 INFO c.n.r.s.UsuarioService [http-nio-8080-exec-7] Listando usuarios con filtros nickname=hola, tipoUsuario=null, cuentaActiva=null
2025-12-31 14:26:51,791 WARN c.n.r.c.GlobalExceptionHandler [http-nio-8080-exec-7] Recurso no encontrado: UsuarioNoEncontradoException
2025-12-31 14:27:18,740 INFO o.s.b.w.e.t.GracefulShutdown [SpringApplicationShutdownHook] Commencing graceful shutdown. Waiting for active requests to complete
2025-12-31 14:27:18,752 INFO o.s.b.w.e.t.GracefulShutdown [tomcat-shutdown] Graceful shutdown complete
2025-12-31 14:27:18,760 INFO o.s.o.j.AbstractEntityManagerFactoryBean [SpringApplicationShutdownHook] Closing JPA EntityManagerFactory for persistence unit 'default'
2025-12-31 14:27:18,766 INFO c.z.h.HikariDataSource [SpringApplicationShutdownHook] HikariPool-1 - Shutdown initiated...
2025-12-31 14:27:18,768 INFO c.z.h.HikariDataSource [SpringApplicationShutdownHook] HikariPool-1 - Shutdown completed.
2025-12-31 19:29:30,873 INFO o.h.v.i.u.Version [background-preinit] HV000001: Hibernate Validator 8.0.3.Final
2025-12-31 19:29:30,903 INFO o.s.b.StartupInfoLogger [main] Starting RelabApplication using Java 21.0.8 with PID 3976 (D:\DAM\Segundo\AccesoDatos\AA1\API_ReLab\target\classes started by natal in D:\DAM\Segundo\AccesoDatos\AA1\API_ReLab)
2025-12-31 19:29:30,903 INFO o.s.b.SpringApplication [main] No active profile set, falling back to 1 default profile: "default"
2025-12-31 19:29:31,242 INFO o.s.d.r.c.RepositoryConfigurationDelegate [main] Bootstrapping Spring Data JPA repositories in DEFAULT mode.
2025-12-31 19:29:31,275 INFO o.s.d.r.c.RepositoryConfigurationDelegate [main] Finished Spring Data repository scanning in 28 ms. Found 5 JPA repository interfaces.
2025-12-31 19:29:31,527 INFO o.s.b.w.e.t.TomcatWebServer [main] Tomcat initialized with port 8080 (http)
2025-12-31 19:29:31,547 INFO o.a.j.l.DirectJDKLog [main] Initializing ProtocolHandler ["http-nio-8080"]
2025-12-31 19:29:31,549 INFO o.a.j.l.DirectJDKLog [main] Starting service [Tomcat]
2025-12-31 19:29:31,549 INFO o.a.j.l.DirectJDKLog [main] Starting Servlet engine: [Apache Tomcat/10.1.46]
2025-12-31 19:29:31,586 INFO o.a.j.l.DirectJDKLog [main] Initializing Spring embedded WebApplicationContext
2025-12-31 19:29:31,586 INFO o.s.b.w.s.c.ServletWebServerApplicationContext [main] Root WebApplicationContext: initialization completed in 658 ms
2025-12-31 19:29:31,688 INFO o.h.j.i.u.LogHelper [main] HHH000204: Processing PersistenceUnitInfo [name: default]
2025-12-31 19:29:31,727 INFO o.h.Version [main] HHH000412: Hibernate ORM core version 6.6.29.Final
2025-12-31 19:29:31,749 INFO o.h.c.i.RegionFactoryInitiator [main] HHH000026: Second-level cache disabled
2025-12-31 19:29:31,919 INFO o.s.o.j.p.SpringPersistenceUnitInfo [main] No LoadTimeWeaver setup: ignoring JPA class transformer
2025-12-31 19:29:31,938 INFO c.z.h.HikariDataSource [main] HikariPool-1 - Starting...
2025-12-31 19:29:32,006 INFO c.z.h.p.HikariPool [main] HikariPool-1 - Added connection org.mariadb.jdbc.Connection@6e73974
2025-12-31 19:29:32,008 INFO c.z.h.HikariDataSource [main] HikariPool-1 - Start completed.
2025-12-31 19:29:32,026 WARN o.h.e.j.d.i.DialectFactoryImpl [main] HHH90000025: MariaDBDialect does not need to be specified explicitly using 'hibernate.dialect' (remove the property setting and it will be selected by default)
2025-12-31 19:29:32,039 INFO o.h.e.j.e.i.JdbcEnvironmentInitiator [main] HHH10001005: Database info:
	Database JDBC URL [Connecting through datasource 'HikariDataSource (HikariPool-1)']
	Database driver: undefined/unknown
	Database version: 12.0.2
	Autocommit mode: undefined/unknown
	Isolation level: undefined/unknown
	Minimum pool size: undefined/unknown
	Maximum pool size: undefined/unknown
2025-12-31 19:29:32,590 INFO o.h.e.t.j.p.i.JtaPlatformInitiator [main] HHH000489: No JTA platform available (set 'hibernate.transaction.jta.platform' to enable JTA platform integration)
2025-12-31 19:29:32,652 INFO o.s.o.j.AbstractEntityManagerFactoryBean [main] Initialized JPA EntityManagerFactory for persistence unit 'default'
2025-12-31 19:29:32,920 WARN o.s.b.a.o.j.JpaBaseConfiguration$JpaWebConfiguration [main] spring.jpa.open-in-view is enabled by default. Therefore, database queries may be performed during view rendering. Explicitly configure spring.jpa.open-in-view to disable this warning
2025-12-31 19:29:33,107 INFO o.a.j.l.DirectJDKLog [main] Starting ProtocolHandler ["http-nio-8080"]
2025-12-31 19:29:33,120 INFO o.s.b.w.e.t.TomcatWebServer [main] Tomcat started on port 8080 (http) with context path '/'
2025-12-31 19:29:33,123 INFO o.s.b.StartupInfoLogger [main] Started RelabApplication in 2.501 seconds (process running for 2.671)
2025-12-31 19:29:39,849 INFO o.a.j.l.DirectJDKLog [http-nio-8080-exec-1] Initializing Spring DispatcherServlet 'dispatcherServlet'
2025-12-31 19:29:39,849 INFO o.s.w.s.FrameworkServlet [http-nio-8080-exec-1] Initializing Servlet 'dispatcherServlet'
2025-12-31 19:29:39,851 INFO o.s.w.s.FrameworkServlet [http-nio-8080-exec-1] Completed initialization in 1 ms
2025-12-31 19:31:06,230 INFO c.n.r.c.UsuarioController [http-nio-8080-exec-3] GET /usuarios - filtros: nickname=g, tipoUsuario=null, cuentaActiva=null
2025-12-31 19:31:06,232 INFO c.n.r.s.UsuarioService [http-nio-8080-exec-3] Listando usuarios con filtros nickname=g, tipoUsuario=null, cuentaActiva=null
2025-12-31 19:31:06,360 WARN c.n.r.c.GlobalExceptionHandler [http-nio-8080-exec-3] Recurso no encontrado: UsuarioNoEncontradoException
2025-12-31 19:50:38,123 INFO c.n.r.c.ProductoController [http-nio-8080-exec-5] GET /productos - filtros: nombre=null, activo=null, categoriaId=null, usuarioId=null
2025-12-31 19:50:38,180 INFO c.n.r.c.ProductoController [http-nio-8080-exec-5] GET /productos - encontrados 15 productos
2025-12-31 19:50:38,491 INFO c.n.r.c.ProductoController [http-nio-8080-exec-6] GET /productos/9/imagen - solicitando imagen
2025-12-31 19:50:38,491 INFO c.n.r.c.ProductoController [http-nio-8080-exec-7] GET /productos/10/imagen - solicitando imagen
2025-12-31 19:50:38,491 INFO c.n.r.c.ProductoController [http-nio-8080-exec-10] GET /productos/11/imagen - solicitando imagen
2025-12-31 19:50:38,498 INFO c.n.r.c.ProductoController [http-nio-8080-exec-7] GET /productos/10/imagen - imagen servida correctamente
2025-12-31 19:50:38,500 INFO c.n.r.c.ProductoController [http-nio-8080-exec-6] GET /productos/9/imagen - imagen servida correctamente
2025-12-31 19:50:38,500 INFO c.n.r.c.ProductoController [http-nio-8080-exec-10] GET /productos/11/imagen - imagen servida correctamente
2025-12-31 19:50:39,467 INFO c.n.r.c.ProductoController [http-nio-8080-exec-9] GET /productos/12/imagen - solicitando imagen
2025-12-31 19:50:39,470 INFO c.n.r.c.ProductoController [http-nio-8080-exec-9] GET /productos/12/imagen - imagen servida correctamente
2025-12-31 19:50:40,301 INFO c.n.r.c.ProductoController [http-nio-8080-exec-1] GET /productos/13/imagen - solicitando imagen
2025-12-31 19:50:40,304 INFO c.n.r.c.ProductoController [http-nio-8080-exec-1] GET /productos/13/imagen - imagen servida correctamente
2025-12-31 19:50:40,382 INFO c.n.r.c.ProductoController [http-nio-8080-exec-2] GET /productos/14/imagen - solicitando imagen
2025-12-31 19:50:40,384 INFO c.n.r.c.ProductoController [http-nio-8080-exec-2] GET /productos/14/imagen - imagen servida correctamente
2025-12-31 19:50:48,052 INFO c.n.r.c.ProductoController [http-nio-8080-exec-3] GET /productos - filtros: nombre=null, activo=null, categoriaId=null, usuarioId=null
2025-12-31 19:50:48,075 INFO c.n.r.c.ProductoController [http-nio-8080-exec-3] GET /productos - encontrados 15 productos
2025-12-31 19:50:48,133 INFO c.n.r.c.ProductoController [http-nio-8080-exec-4] GET /productos/9/imagen - solicitando imagen
2025-12-31 19:50:48,133 INFO c.n.r.c.ProductoController [http-nio-8080-exec-8] GET /productos/11/imagen - solicitando imagen
2025-12-31 19:50:48,133 INFO c.n.r.c.ProductoController [http-nio-8080-exec-5] GET /productos/10/imagen - solicitando imagen
2025-12-31 19:50:48,135 INFO c.n.r.c.ProductoController [http-nio-8080-exec-5] GET /productos/10/imagen - imagen servida correctamente
2025-12-31 19:50:48,136 INFO c.n.r.c.ProductoController [http-nio-8080-exec-4] GET /productos/9/imagen - imagen servida correctamente
2025-12-31 19:50:48,136 INFO c.n.r.c.ProductoController [http-nio-8080-exec-8] GET /productos/11/imagen - imagen servida correctamente
2025-12-31 19:50:59,828 INFO c.n.r.c.UsuarioController [http-nio-8080-exec-10] GET /usuarios - filtros: nickname=clara, tipoUsuario=null, cuentaActiva=null
2025-12-31 19:50:59,829 INFO c.n.r.s.UsuarioService [http-nio-8080-exec-10] Listando usuarios con filtros nickname=clara, tipoUsuario=null, cuentaActiva=null
2025-12-31 19:50:59,869 INFO c.n.r.c.UsuarioController [http-nio-8080-exec-10] Resultado: 1 usuarios encontrados
2025-12-31 19:51:01,893 INFO c.n.r.c.ProductoController [http-nio-8080-exec-6] GET /productos - filtros: nombre=null, activo=null, categoriaId=null, usuarioId=null
2025-12-31 19:51:01,913 INFO c.n.r.c.ProductoController [http-nio-8080-exec-6] GET /productos - encontrados 15 productos
2025-12-31 19:51:01,979 INFO c.n.r.c.ProductoController [http-nio-8080-exec-7] GET /productos/9/imagen - solicitando imagen
2025-12-31 19:51:01,979 INFO c.n.r.c.ProductoController [http-nio-8080-exec-9] GET /productos/10/imagen - solicitando imagen
2025-12-31 19:51:01,980 INFO c.n.r.c.ProductoController [http-nio-8080-exec-1] GET /productos/11/imagen - solicitando imagen
2025-12-31 19:51:01,982 INFO c.n.r.c.ProductoController [http-nio-8080-exec-9] GET /productos/10/imagen - imagen servida correctamente
2025-12-31 19:51:01,982 INFO c.n.r.c.ProductoController [http-nio-8080-exec-1] GET /productos/11/imagen - imagen servida correctamente
2025-12-31 19:51:01,982 INFO c.n.r.c.ProductoController [http-nio-8080-exec-7] GET /productos/9/imagen - imagen servida correctamente
2025-12-31 19:52:34,782 INFO c.n.r.c.ProductoController [http-nio-8080-exec-10] GET /productos - filtros: nombre=null, activo=null, categoriaId=null, usuarioId=null
2025-12-31 19:52:34,799 INFO c.n.r.c.ProductoController [http-nio-8080-exec-10] GET /productos - encontrados 15 productos
2025-12-31 19:52:34,854 INFO c.n.r.c.ProductoController [http-nio-8080-exec-6] GET /productos/11/imagen - solicitando imagen
2025-12-31 19:52:34,856 INFO c.n.r.c.ProductoController [http-nio-8080-exec-9] GET /productos/10/imagen - solicitando imagen
2025-12-31 19:52:34,857 INFO c.n.r.c.ProductoController [http-nio-8080-exec-9] GET /productos/10/imagen - imagen servida correctamente
2025-12-31 19:52:34,857 INFO c.n.r.c.ProductoController [http-nio-8080-exec-6] GET /productos/11/imagen - imagen servida correctamente
2025-12-31 19:52:34,858 INFO c.n.r.c.ProductoController [http-nio-8080-exec-7] GET /productos/9/imagen - solicitando imagen
2025-12-31 19:52:34,860 INFO c.n.r.c.ProductoController [http-nio-8080-exec-7] GET /productos/9/imagen - imagen servida correctamente
