2025-12-13 11:45:10,301 INFO o.h.v.i.u.Version [background-preinit] HV000001: Hibernate Validator 8.0.3.Final
2025-12-13 11:45:10,343 INFO o.s.b.StartupInfoLogger [main] Starting RelabApplication using Java 21.0.8 with PID 19492 (D:\DAM\Segundo\AccesoDatos\AA1\API_ReLab\target\classes started by natal in D:\DAM\Segundo\AccesoDatos\AA1\API_ReLab)
2025-12-13 11:45:10,343 INFO o.s.b.SpringApplication [main] No active profile set, falling back to 1 default profile: "default"
2025-12-13 11:45:10,711 INFO o.s.d.r.c.RepositoryConfigurationDelegate [main] Bootstrapping Spring Data JPA repositories in DEFAULT mode.
2025-12-13 11:45:10,735 INFO o.s.d.r.c.RepositoryConfigurationDelegate [main] Finished Spring Data repository scanning in 30 ms. Found 5 JPA repository interfaces.
2025-12-13 11:45:11,034 INFO o.s.b.w.e.t.TomcatWebServer [main] Tomcat initialized with port 8080 (http)
2025-12-13 11:45:11,047 INFO o.a.j.l.DirectJDKLog [main] Initializing ProtocolHandler ["http-nio-8080"]
2025-12-13 11:45:11,049 INFO o.a.j.l.DirectJDKLog [main] Starting service [Tomcat]
2025-12-13 11:45:11,049 INFO o.a.j.l.DirectJDKLog [main] Starting Servlet engine: [Apache Tomcat/10.1.46]
2025-12-13 11:45:11,084 INFO o.a.j.l.DirectJDKLog [main] Initializing Spring embedded WebApplicationContext
2025-12-13 11:45:11,084 INFO o.s.b.w.s.c.ServletWebServerApplicationContext [main] Root WebApplicationContext: initialization completed in 715 ms
2025-12-13 11:45:11,175 INFO o.h.j.i.u.LogHelper [main] HHH000204: Processing PersistenceUnitInfo [name: default]
2025-12-13 11:45:11,213 INFO o.h.Version [main] HHH000412: Hibernate ORM core version 6.6.29.Final
2025-12-13 11:45:11,245 INFO o.h.c.i.RegionFactoryInitiator [main] HHH000026: Second-level cache disabled
2025-12-13 11:45:11,408 INFO o.s.o.j.p.SpringPersistenceUnitInfo [main] No LoadTimeWeaver setup: ignoring JPA class transformer
2025-12-13 11:45:11,426 INFO c.z.h.HikariDataSource [main] HikariPool-1 - Starting...
2025-12-13 11:45:11,489 INFO c.z.h.p.HikariPool [main] HikariPool-1 - Added connection org.mariadb.jdbc.Connection@5cffec7
2025-12-13 11:45:11,490 INFO c.z.h.HikariDataSource [main] HikariPool-1 - Start completed.
2025-12-13 11:45:11,508 WARN o.h.e.j.d.i.DialectFactoryImpl [main] HHH90000025: MariaDBDialect does not need to be specified explicitly using 'hibernate.dialect' (remove the property setting and it will be selected by default)
2025-12-13 11:45:11,518 INFO o.h.e.j.e.i.JdbcEnvironmentInitiator [main] HHH10001005: Database info:
	Database JDBC URL [Connecting through datasource 'HikariDataSource (HikariPool-1)']
	Database driver: undefined/unknown
	Database version: 12.0.2
	Autocommit mode: undefined/unknown
	Isolation level: undefined/unknown
	Minimum pool size: undefined/unknown
	Maximum pool size: undefined/unknown
2025-12-13 11:45:12,062 INFO o.h.e.t.j.p.i.JtaPlatformInitiator [main] HHH000489: No JTA platform available (set 'hibernate.transaction.jta.platform' to enable JTA platform integration)
2025-12-13 11:45:12,094 INFO o.s.o.j.AbstractEntityManagerFactoryBean [main] Initialized JPA EntityManagerFactory for persistence unit 'default'
2025-12-13 11:45:12,331 WARN o.s.b.a.o.j.JpaBaseConfiguration$JpaWebConfiguration [main] spring.jpa.open-in-view is enabled by default. Therefore, database queries may be performed during view rendering. Explicitly configure spring.jpa.open-in-view to disable this warning
2025-12-13 11:45:12,494 INFO o.a.j.l.DirectJDKLog [main] Starting ProtocolHandler ["http-nio-8080"]
2025-12-13 11:45:12,511 INFO o.s.b.w.e.t.TomcatWebServer [main] Tomcat started on port 8080 (http) with context path '/'
2025-12-13 11:45:12,511 INFO o.s.b.StartupInfoLogger [main] Started RelabApplication in 2.508 seconds (process running for 2.722)
2025-12-13 11:45:41,555 INFO o.a.j.l.DirectJDKLog [http-nio-8080-exec-1] Initializing Spring DispatcherServlet 'dispatcherServlet'
2025-12-13 11:45:41,556 INFO o.s.w.s.FrameworkServlet [http-nio-8080-exec-1] Initializing Servlet 'dispatcherServlet'
2025-12-13 11:45:41,557 INFO o.s.w.s.FrameworkServlet [http-nio-8080-exec-1] Completed initialization in 1 ms
2025-12-13 11:45:41,581 INFO c.n.r.c.AlquilerController [http-nio-8080-exec-1] GET /alquileres - Parámetros: arrendadorId=1, arrendatarioId=null, productoId=null
2025-12-13 11:45:41,581 INFO c.n.r.s.AlquilerService [http-nio-8080-exec-1] Servicio: Listando alquileres con filtros: arrendadorId=1, arrendatarioId=null, productoId=null
2025-12-13 11:45:41,796 WARN c.n.r.c.GlobalExceptionHandler [http-nio-8080-exec-1] Recurso no encontrado: UsuarioNoEncontradoException
2025-12-13 11:46:20,639 INFO c.n.r.c.AlquilerController [http-nio-8080-exec-3] GET /alquileres - Parámetros: arrendadorId=6, arrendatarioId=null, productoId=null
2025-12-13 11:46:20,639 INFO c.n.r.s.AlquilerService [http-nio-8080-exec-3] Servicio: Listando alquileres con filtros: arrendadorId=6, arrendatarioId=null, productoId=null
2025-12-13 11:46:20,676 INFO c.n.r.c.AlquilerController [http-nio-8080-exec-3] Resultado: 0 alquileres encontrados
2025-12-13 11:46:45,134 INFO c.n.r.c.AlquilerController [http-nio-8080-exec-4] GET /alquileres - Parámetros: arrendadorId=5, arrendatarioId=null, productoId=null
2025-12-13 11:46:45,134 INFO c.n.r.s.AlquilerService [http-nio-8080-exec-4] Servicio: Listando alquileres con filtros: arrendadorId=5, arrendatarioId=null, productoId=null
2025-12-13 11:46:45,155 INFO c.n.r.c.AlquilerController [http-nio-8080-exec-4] Resultado: 6 alquileres encontrados
2025-12-13 11:47:36,749 INFO c.n.r.c.ProductoController [http-nio-8080-exec-5] GET /productos - filtros: nombre=null, activo=null, categoriaId=null, usuarioId=null
2025-12-13 11:47:36,771 INFO c.n.r.c.ProductoController [http-nio-8080-exec-5] GET /productos - encontrados 14 productos
2025-12-13 11:47:36,780 INFO c.n.r.c.ProductoController [http-nio-8080-exec-7] GET /productos - filtros: nombre=null, activo=null, categoriaId=null, usuarioId=null
2025-12-13 11:47:36,789 INFO c.n.r.c.ProductoController [http-nio-8080-exec-7] GET /productos - encontrados 14 productos
2025-12-13 11:47:36,813 INFO c.n.r.c.ProductoController [http-nio-8080-exec-8] GET /productos/10/imagen - solicitando imagen
2025-12-13 11:47:36,813 INFO c.n.r.c.ProductoController [http-nio-8080-exec-1] GET /productos/13/imagen - solicitando imagen
2025-12-13 11:47:36,813 INFO c.n.r.c.ProductoController [http-nio-8080-exec-2] GET /productos/12/imagen - solicitando imagen
2025-12-13 11:47:36,813 INFO c.n.r.c.ProductoController [http-nio-8080-exec-10] GET /productos/14/imagen - solicitando imagen
2025-12-13 11:47:36,813 INFO c.n.r.c.ProductoController [http-nio-8080-exec-9] GET /productos/9/imagen - solicitando imagen
2025-12-13 11:47:36,813 INFO c.n.r.c.ProductoController [http-nio-8080-exec-6] GET /productos/11/imagen - solicitando imagen
2025-12-13 11:47:36,821 INFO c.n.r.c.ProductoController [http-nio-8080-exec-6] GET /productos/11/imagen - imagen servida correctamente
2025-12-13 11:47:36,821 INFO c.n.r.c.ProductoController [http-nio-8080-exec-9] GET /productos/9/imagen - imagen servida correctamente
2025-12-13 11:47:36,825 INFO c.n.r.c.ProductoController [http-nio-8080-exec-1] GET /productos/13/imagen - imagen servida correctamente
2025-12-13 11:47:36,825 INFO c.n.r.c.ProductoController [http-nio-8080-exec-8] GET /productos/10/imagen - imagen servida correctamente
2025-12-13 11:47:36,825 INFO c.n.r.c.ProductoController [http-nio-8080-exec-2] GET /productos/12/imagen - imagen servida correctamente
2025-12-13 11:47:36,825 INFO c.n.r.c.ProductoController [http-nio-8080-exec-10] GET /productos/14/imagen - imagen servida correctamente
2025-12-13 11:47:36,834 INFO c.n.r.c.ProductoController [http-nio-8080-exec-4] GET /productos/23/imagen - solicitando imagen
2025-12-13 11:47:36,834 INFO c.n.r.c.ProductoController [http-nio-8080-exec-3] GET /productos/22/imagen - solicitando imagen
2025-12-13 11:47:36,838 INFO c.n.r.c.ProductoController [http-nio-8080-exec-3] GET /productos/22/imagen - imagen servida correctamente
2025-12-13 11:47:36,838 INFO c.n.r.c.ProductoController [http-nio-8080-exec-4] GET /productos/23/imagen - imagen servida correctamente
2025-12-13 11:47:36,838 INFO c.n.r.c.ProductoController [http-nio-8080-exec-7] GET /productos/17/imagen - solicitando imagen
2025-12-13 11:47:36,838 INFO c.n.r.c.ProductoController [http-nio-8080-exec-5] GET /productos/26/imagen - solicitando imagen
2025-12-13 11:47:36,838 INFO c.n.r.c.ProductoController [http-nio-8080-exec-6] GET /productos/15/imagen - solicitando imagen
2025-12-13 11:47:36,848 INFO c.n.r.c.ProductoController [http-nio-8080-exec-7] GET /productos/17/imagen - imagen servida correctamente
2025-12-13 11:47:36,848 INFO c.n.r.c.ProductoController [http-nio-8080-exec-6] GET /productos/15/imagen - imagen servida correctamente
2025-12-13 11:47:36,848 WARN c.n.r.c.GlobalExceptionHandler [http-nio-8080-exec-5] Recurso no encontrado: ImagenNoEncontradaException
2025-12-13 11:47:36,850 INFO c.n.r.c.ProductoController [http-nio-8080-exec-9] GET /productos/20/imagen - solicitando imagen
2025-12-13 11:47:36,852 INFO c.n.r.c.ProductoController [http-nio-8080-exec-9] GET /productos/20/imagen - imagen servida correctamente
2025-12-13 11:47:36,854 INFO c.n.r.c.ProductoController [http-nio-8080-exec-2] GET /productos/16/imagen - solicitando imagen
2025-12-13 11:47:36,854 INFO c.n.r.c.ProductoController [http-nio-8080-exec-8] GET /productos/19/imagen - solicitando imagen
2025-12-13 11:47:36,856 INFO c.n.r.c.ProductoController [http-nio-8080-exec-8] GET /productos/19/imagen - imagen servida correctamente
2025-12-13 11:47:36,856 INFO c.n.r.c.ProductoController [http-nio-8080-exec-2] GET /productos/16/imagen - imagen servida correctamente
2025-12-13 11:47:39,448 INFO c.n.r.c.ProductoController [http-nio-8080-exec-10] GET /productos/10 - solicitando producto por ID
2025-12-13 11:47:39,451 INFO c.n.r.c.ProductoController [http-nio-8080-exec-10] GET /productos/10 - producto encontrado correctamente
2025-12-13 11:47:39,452 INFO c.n.r.c.ProductoController [http-nio-8080-exec-8] GET /productos/10 - solicitando producto por ID
2025-12-13 11:47:39,452 INFO c.n.r.c.ProductoController [http-nio-8080-exec-8] GET /productos/10 - producto encontrado correctamente
2025-12-13 11:47:40,969 INFO c.n.r.c.ProductoController [http-nio-8080-exec-2] GET /productos - filtros: nombre=null, activo=null, categoriaId=null, usuarioId=null
2025-12-13 11:47:40,981 INFO c.n.r.c.ProductoController [http-nio-8080-exec-2] GET /productos - encontrados 14 productos
2025-12-13 11:47:40,981 INFO c.n.r.c.ProductoController [http-nio-8080-exec-7] GET /productos - filtros: nombre=null, activo=null, categoriaId=null, usuarioId=null
2025-12-13 11:47:40,996 INFO c.n.r.c.ProductoController [http-nio-8080-exec-4] GET /productos/26/imagen - solicitando imagen
2025-12-13 11:47:40,998 WARN c.n.r.c.GlobalExceptionHandler [http-nio-8080-exec-4] Recurso no encontrado: ImagenNoEncontradaException
2025-12-13 11:47:40,998 INFO c.n.r.c.ProductoController [http-nio-8080-exec-7] GET /productos - encontrados 14 productos
2025-12-13 11:56:57,611 INFO c.n.r.c.ProductoController [http-nio-8080-exec-3] GET /productos/19 - solicitando producto por ID
2025-12-13 11:56:57,614 INFO c.n.r.c.ProductoController [http-nio-8080-exec-3] GET /productos/19 - producto encontrado correctamente
2025-12-13 11:56:57,618 INFO c.n.r.c.ProductoController [http-nio-8080-exec-10] GET /productos/19 - solicitando producto por ID
2025-12-13 11:56:57,621 INFO c.n.r.c.ProductoController [http-nio-8080-exec-10] GET /productos/19 - producto encontrado correctamente
2025-12-13 11:57:12,328 INFO c.n.r.c.ProductoController [http-nio-8080-exec-8] GET /productos - filtros: nombre=null, activo=null, categoriaId=null, usuarioId=null
2025-12-13 11:57:12,342 INFO c.n.r.c.ProductoController [http-nio-8080-exec-8] GET /productos - encontrados 14 productos
2025-12-13 11:57:12,345 INFO c.n.r.c.ProductoController [http-nio-8080-exec-2] GET /productos - filtros: nombre=null, activo=null, categoriaId=null, usuarioId=null
2025-12-13 11:57:12,352 INFO c.n.r.c.ProductoController [http-nio-8080-exec-4] GET /productos/10/imagen - solicitando imagen
2025-12-13 11:57:12,352 INFO c.n.r.c.ProductoController [http-nio-8080-exec-6] GET /productos/11/imagen - solicitando imagen
2025-12-13 11:57:12,352 INFO c.n.r.c.ProductoController [http-nio-8080-exec-7] GET /productos/13/imagen - solicitando imagen
2025-12-13 11:57:12,352 INFO c.n.r.c.ProductoController [http-nio-8080-exec-9] GET /productos/14/imagen - solicitando imagen
2025-12-13 11:57:12,352 INFO c.n.r.c.ProductoController [http-nio-8080-exec-1] GET /productos/12/imagen - solicitando imagen
2025-12-13 11:57:12,354 INFO c.n.r.c.ProductoController [http-nio-8080-exec-6] GET /productos/11/imagen - imagen servida correctamente
2025-12-13 11:57:12,354 INFO c.n.r.c.ProductoController [http-nio-8080-exec-4] GET /productos/10/imagen - imagen servida correctamente
2025-12-13 11:57:12,354 INFO c.n.r.c.ProductoController [http-nio-8080-exec-7] GET /productos/13/imagen - imagen servida correctamente
2025-12-13 11:57:12,355 INFO c.n.r.c.ProductoController [http-nio-8080-exec-9] GET /productos/14/imagen - imagen servida correctamente
2025-12-13 11:57:12,355 INFO c.n.r.c.ProductoController [http-nio-8080-exec-1] GET /productos/12/imagen - imagen servida correctamente
2025-12-13 11:57:12,357 INFO c.n.r.c.ProductoController [http-nio-8080-exec-2] GET /productos - encontrados 14 productos
2025-12-13 11:57:12,359 INFO c.n.r.c.ProductoController [http-nio-8080-exec-10] GET /productos/22/imagen - solicitando imagen
2025-12-13 11:57:12,360 INFO c.n.r.c.ProductoController [http-nio-8080-exec-3] GET /productos/23/imagen - solicitando imagen
2025-12-13 11:57:12,360 INFO c.n.r.c.ProductoController [http-nio-8080-exec-5] GET /productos/9/imagen - solicitando imagen
2025-12-13 11:57:12,361 INFO c.n.r.c.ProductoController [http-nio-8080-exec-3] GET /productos/23/imagen - imagen servida correctamente
2025-12-13 11:57:12,362 INFO c.n.r.c.ProductoController [http-nio-8080-exec-5] GET /productos/9/imagen - imagen servida correctamente
2025-12-13 11:57:12,362 INFO c.n.r.c.ProductoController [http-nio-8080-exec-10] GET /productos/22/imagen - imagen servida correctamente
2025-12-13 11:57:12,368 INFO c.n.r.c.ProductoController [http-nio-8080-exec-8] GET /productos/17/imagen - solicitando imagen
2025-12-13 11:57:12,369 INFO c.n.r.c.ProductoController [http-nio-8080-exec-6] GET /productos/26/imagen - solicitando imagen
2025-12-13 11:57:12,371 INFO c.n.r.c.ProductoController [http-nio-8080-exec-8] GET /productos/17/imagen - imagen servida correctamente
2025-12-13 11:57:12,371 WARN c.n.r.c.GlobalExceptionHandler [http-nio-8080-exec-6] Recurso no encontrado: ImagenNoEncontradaException
2025-12-13 11:57:12,371 INFO c.n.r.c.ProductoController [http-nio-8080-exec-4] GET /productos/20/imagen - solicitando imagen
2025-12-13 11:57:12,371 INFO c.n.r.c.ProductoController [http-nio-8080-exec-7] GET /productos/15/imagen - solicitando imagen
2025-12-13 11:57:12,371 INFO c.n.r.c.ProductoController [http-nio-8080-exec-1] GET /productos/16/imagen - solicitando imagen
2025-12-13 11:57:12,374 INFO c.n.r.c.ProductoController [http-nio-8080-exec-4] GET /productos/20/imagen - imagen servida correctamente
2025-12-13 11:57:12,374 INFO c.n.r.c.ProductoController [http-nio-8080-exec-1] GET /productos/16/imagen - imagen servida correctamente
2025-12-13 11:57:12,374 INFO c.n.r.c.ProductoController [http-nio-8080-exec-7] GET /productos/15/imagen - imagen servida correctamente
2025-12-13 11:57:15,443 INFO c.n.r.c.ProductoController [http-nio-8080-exec-2] GET /productos/10 - solicitando producto por ID
2025-12-13 11:57:15,446 INFO c.n.r.c.ProductoController [http-nio-8080-exec-2] GET /productos/10 - producto encontrado correctamente
2025-12-13 11:57:15,448 INFO c.n.r.c.ProductoController [http-nio-8080-exec-3] GET /productos/10 - solicitando producto por ID
2025-12-13 11:57:15,450 INFO c.n.r.c.ProductoController [http-nio-8080-exec-3] GET /productos/10 - producto encontrado correctamente
2025-12-13 11:57:24,298 INFO c.n.r.c.ProductoController [http-nio-8080-exec-10] GET /productos - filtros: nombre=null, activo=null, categoriaId=null, usuarioId=null
2025-12-13 11:57:24,312 INFO c.n.r.c.ProductoController [http-nio-8080-exec-10] GET /productos - encontrados 14 productos
2025-12-13 11:57:24,315 INFO c.n.r.c.ProductoController [http-nio-8080-exec-5] GET /productos - filtros: nombre=null, activo=null, categoriaId=null, usuarioId=null
2025-12-13 11:57:24,324 INFO c.n.r.c.ProductoController [http-nio-8080-exec-8] GET /productos/13/imagen - solicitando imagen
2025-12-13 11:57:24,324 INFO c.n.r.c.ProductoController [http-nio-8080-exec-4] GET /productos/14/imagen - solicitando imagen
2025-12-13 11:57:24,324 INFO c.n.r.c.ProductoController [http-nio-8080-exec-6] GET /productos/11/imagen - solicitando imagen
2025-12-13 11:57:24,324 INFO c.n.r.c.ProductoController [http-nio-8080-exec-9] GET /productos/12/imagen - solicitando imagen
2025-12-13 11:57:24,325 INFO c.n.r.c.ProductoController [http-nio-8080-exec-1] GET /productos/9/imagen - solicitando imagen
2025-12-13 11:57:24,326 INFO c.n.r.c.ProductoController [http-nio-8080-exec-7] GET /productos/23/imagen - solicitando imagen
2025-12-13 11:57:24,327 INFO c.n.r.c.ProductoController [http-nio-8080-exec-8] GET /productos/13/imagen - imagen servida correctamente
2025-12-13 11:57:24,327 INFO c.n.r.c.ProductoController [http-nio-8080-exec-6] GET /productos/11/imagen - imagen servida correctamente
2025-12-13 11:57:24,327 INFO c.n.r.c.ProductoController [http-nio-8080-exec-9] GET /productos/12/imagen - imagen servida correctamente
2025-12-13 11:57:24,327 INFO c.n.r.c.ProductoController [http-nio-8080-exec-4] GET /productos/14/imagen - imagen servida correctamente
2025-12-13 11:57:24,335 INFO c.n.r.c.ProductoController [http-nio-8080-exec-5] GET /productos - encontrados 14 productos
2025-12-13 11:57:24,335 INFO c.n.r.c.ProductoController [http-nio-8080-exec-1] GET /productos/9/imagen - imagen servida correctamente
2025-12-13 11:57:24,335 INFO c.n.r.c.ProductoController [http-nio-8080-exec-7] GET /productos/23/imagen - imagen servida correctamente
2025-12-13 11:57:24,339 INFO c.n.r.c.ProductoController [http-nio-8080-exec-2] GET /productos/22/imagen - solicitando imagen
2025-12-13 11:57:24,342 INFO c.n.r.c.ProductoController [http-nio-8080-exec-2] GET /productos/22/imagen - imagen servida correctamente
2025-12-13 11:57:24,359 INFO c.n.r.c.ProductoController [http-nio-8080-exec-10] GET /productos/19/imagen - solicitando imagen
2025-12-13 11:57:24,359 INFO c.n.r.c.ProductoController [http-nio-8080-exec-6] GET /productos/20/imagen - solicitando imagen
2025-12-13 11:57:24,359 INFO c.n.r.c.ProductoController [http-nio-8080-exec-4] GET /productos/15/imagen - solicitando imagen
2025-12-13 11:57:24,359 INFO c.n.r.c.ProductoController [http-nio-8080-exec-9] GET /productos/17/imagen - solicitando imagen
2025-12-13 11:57:24,359 INFO c.n.r.c.ProductoController [http-nio-8080-exec-3] GET /productos/26/imagen - solicitando imagen
2025-12-13 11:57:24,361 INFO c.n.r.c.ProductoController [http-nio-8080-exec-8] GET /productos/16/imagen - solicitando imagen
2025-12-13 11:57:24,362 INFO c.n.r.c.ProductoController [http-nio-8080-exec-10] GET /productos/19/imagen - imagen servida correctamente
2025-12-13 11:57:24,362 INFO c.n.r.c.ProductoController [http-nio-8080-exec-9] GET /productos/17/imagen - imagen servida correctamente
2025-12-13 11:57:24,362 INFO c.n.r.c.ProductoController [http-nio-8080-exec-4] GET /productos/15/imagen - imagen servida correctamente
2025-12-13 11:57:24,362 INFO c.n.r.c.ProductoController [http-nio-8080-exec-6] GET /productos/20/imagen - imagen servida correctamente
2025-12-13 11:57:24,362 WARN c.n.r.c.GlobalExceptionHandler [http-nio-8080-exec-3] Recurso no encontrado: ImagenNoEncontradaException
2025-12-13 11:57:24,364 INFO c.n.r.c.ProductoController [http-nio-8080-exec-8] GET /productos/16/imagen - imagen servida correctamente
2025-12-13 11:57:39,295 INFO c.n.r.c.ProductoController [http-nio-8080-exec-7] GET /productos/26/imagen - solicitando imagen
2025-12-13 11:57:39,297 WARN c.n.r.c.GlobalExceptionHandler [http-nio-8080-exec-7] Recurso no encontrado: ImagenNoEncontradaException
2025-12-13 11:57:42,009 INFO c.n.r.c.ProductoController [http-nio-8080-exec-2] GET /productos/26/imagen - solicitando imagen
2025-12-13 11:57:42,012 WARN c.n.r.c.GlobalExceptionHandler [http-nio-8080-exec-2] Recurso no encontrado: ImagenNoEncontradaException
2025-12-13 11:57:50,353 INFO c.n.r.c.ProductoController [http-nio-8080-exec-6] GET /productos/26/imagen - solicitando imagen
2025-12-13 11:57:50,356 WARN c.n.r.c.GlobalExceptionHandler [http-nio-8080-exec-6] Recurso no encontrado: ImagenNoEncontradaException
2025-12-13 11:58:56,694 INFO c.n.r.c.CategoriaController [http-nio-8080-exec-7] GET /categorías - filtros: nombre='null', activa=null, fechaCreacion=null, desde=null, hasta=null
2025-12-13 11:58:56,695 INFO c.n.r.s.CategoriaService [http-nio-8080-exec-7] Listando categorías con filtros - nombre: null, activa: null, fechaCreacion: null, desde: null, hasta: null
2025-12-13 11:58:56,722 INFO c.n.r.c.CategoriaController [http-nio-8080-exec-7] Se devolvieron 8 categorias
2025-12-13 11:58:56,728 INFO c.n.r.c.CategoriaController [http-nio-8080-exec-5] GET /categorías - filtros: nombre='null', activa=null, fechaCreacion=null, desde=null, hasta=null
2025-12-13 11:58:56,729 INFO c.n.r.s.CategoriaService [http-nio-8080-exec-5] Listando categorías con filtros - nombre: null, activa: null, fechaCreacion: null, desde: null, hasta: null
2025-12-13 11:58:56,732 INFO c.n.r.c.CategoriaController [http-nio-8080-exec-5] Se devolvieron 8 categorias
2025-12-13 11:58:58,310 INFO c.n.r.c.UsuarioController [http-nio-8080-exec-2] GET /usuarios - filtros: nickname=null, tipoUsuario=null, cuentaActiva=null
2025-12-13 11:58:58,310 INFO c.n.r.s.UsuarioService [http-nio-8080-exec-2] Listando usuarios con filtros nickname=null, tipoUsuario=null, cuentaActiva=null
2025-12-13 11:58:58,322 INFO c.n.r.c.UsuarioController [http-nio-8080-exec-2] Resultado: 14 usuarios encontrados
2025-12-13 11:58:58,330 INFO c.n.r.c.UsuarioController [http-nio-8080-exec-10] GET /usuarios - filtros: nickname=null, tipoUsuario=null, cuentaActiva=null
2025-12-13 11:58:58,332 INFO c.n.r.s.UsuarioService [http-nio-8080-exec-10] Listando usuarios con filtros nickname=null, tipoUsuario=null, cuentaActiva=null
2025-12-13 11:58:58,337 INFO c.n.r.c.UsuarioController [http-nio-8080-exec-10] Resultado: 14 usuarios encontrados
2025-12-13 11:58:59,707 INFO c.n.r.c.ProductoController [http-nio-8080-exec-6] GET /productos - filtros: nombre=null, activo=null, categoriaId=null, usuarioId=null
2025-12-13 11:58:59,723 INFO c.n.r.c.ProductoController [http-nio-8080-exec-6] GET /productos - encontrados 14 productos
2025-12-13 11:58:59,728 INFO c.n.r.c.ProductoController [http-nio-8080-exec-4] GET /productos - filtros: nombre=null, activo=null, categoriaId=null, usuarioId=null
2025-12-13 11:58:59,735 INFO c.n.r.c.ProductoController [http-nio-8080-exec-8] GET /productos/26/imagen - solicitando imagen
2025-12-13 11:58:59,737 WARN c.n.r.c.GlobalExceptionHandler [http-nio-8080-exec-8] Recurso no encontrado: ImagenNoEncontradaException
2025-12-13 11:58:59,739 INFO c.n.r.c.ProductoController [http-nio-8080-exec-4] GET /productos - encontrados 14 productos
2025-12-13 11:59:01,058 INFO c.n.r.c.CategoriaController [http-nio-8080-exec-1] GET /categorías - filtros: nombre='null', activa=null, fechaCreacion=null, desde=null, hasta=null
2025-12-13 11:59:01,059 INFO c.n.r.s.CategoriaService [http-nio-8080-exec-1] Listando categorías con filtros - nombre: null, activa: null, fechaCreacion: null, desde: null, hasta: null
2025-12-13 11:59:01,064 INFO c.n.r.c.CategoriaController [http-nio-8080-exec-1] Se devolvieron 8 categorias
2025-12-13 11:59:01,066 INFO c.n.r.c.CategoriaController [http-nio-8080-exec-3] GET /categorías - filtros: nombre='null', activa=null, fechaCreacion=null, desde=null, hasta=null
2025-12-13 11:59:01,066 INFO c.n.r.s.CategoriaService [http-nio-8080-exec-3] Listando categorías con filtros - nombre: null, activa: null, fechaCreacion: null, desde: null, hasta: null
2025-12-13 11:59:01,069 INFO c.n.r.c.CategoriaController [http-nio-8080-exec-3] Se devolvieron 8 categorias
2025-12-13 11:59:01,859 INFO c.n.r.c.ProductoController [http-nio-8080-exec-7] GET /productos - filtros: nombre=null, activo=null, categoriaId=null, usuarioId=null
2025-12-13 11:59:01,871 INFO c.n.r.c.ProductoController [http-nio-8080-exec-7] GET /productos - encontrados 14 productos
2025-12-13 11:59:01,874 INFO c.n.r.c.ProductoController [http-nio-8080-exec-5] GET /productos - filtros: nombre=null, activo=null, categoriaId=null, usuarioId=null
2025-12-13 11:59:01,882 INFO c.n.r.c.ProductoController [http-nio-8080-exec-2] GET /productos/26/imagen - solicitando imagen
2025-12-13 11:59:01,885 WARN c.n.r.c.GlobalExceptionHandler [http-nio-8080-exec-2] Recurso no encontrado: ImagenNoEncontradaException
2025-12-13 11:59:01,886 INFO c.n.r.c.ProductoController [http-nio-8080-exec-5] GET /productos - encontrados 14 productos
2025-12-13 11:59:02,704 INFO c.n.r.c.CategoriaController [http-nio-8080-exec-6] GET /categorías - filtros: nombre='null', activa=null, fechaCreacion=null, desde=null, hasta=null
2025-12-13 11:59:02,704 INFO c.n.r.s.CategoriaService [http-nio-8080-exec-6] Listando categorías con filtros - nombre: null, activa: null, fechaCreacion: null, desde: null, hasta: null
2025-12-13 11:59:02,708 INFO c.n.r.c.CategoriaController [http-nio-8080-exec-6] Se devolvieron 8 categorias
2025-12-13 11:59:02,710 INFO c.n.r.c.CategoriaController [http-nio-8080-exec-8] GET /categorías - filtros: nombre='null', activa=null, fechaCreacion=null, desde=null, hasta=null
2025-12-13 11:59:02,710 INFO c.n.r.s.CategoriaService [http-nio-8080-exec-8] Listando categorías con filtros - nombre: null, activa: null, fechaCreacion: null, desde: null, hasta: null
2025-12-13 11:59:02,714 INFO c.n.r.c.CategoriaController [http-nio-8080-exec-8] Se devolvieron 8 categorias
2025-12-13 11:59:03,538 INFO c.n.r.c.ProductoController [http-nio-8080-exec-9] GET /productos - filtros: nombre=null, activo=null, categoriaId=null, usuarioId=null
2025-12-13 11:59:03,545 INFO c.n.r.c.ProductoController [http-nio-8080-exec-9] GET /productos - encontrados 14 productos
2025-12-13 11:59:03,548 INFO c.n.r.c.ProductoController [http-nio-8080-exec-4] GET /productos - filtros: nombre=null, activo=null, categoriaId=null, usuarioId=null
2025-12-13 11:59:03,556 INFO c.n.r.c.ProductoController [http-nio-8080-exec-1] GET /productos/26/imagen - solicitando imagen
2025-12-13 11:59:03,559 INFO c.n.r.c.ProductoController [http-nio-8080-exec-4] GET /productos - encontrados 14 productos
2025-12-13 11:59:03,559 WARN c.n.r.c.GlobalExceptionHandler [http-nio-8080-exec-1] Recurso no encontrado: ImagenNoEncontradaException
2025-12-13 11:59:09,191 INFO c.n.r.c.CategoriaController [http-nio-8080-exec-7] GET /categorías - filtros: nombre='null', activa=null, fechaCreacion=null, desde=null, hasta=null
2025-12-13 11:59:09,191 INFO c.n.r.s.CategoriaService [http-nio-8080-exec-7] Listando categorías con filtros - nombre: null, activa: null, fechaCreacion: null, desde: null, hasta: null
2025-12-13 11:59:09,194 INFO c.n.r.c.CategoriaController [http-nio-8080-exec-7] Se devolvieron 8 categorias
2025-12-13 11:59:09,197 INFO c.n.r.c.CategoriaController [http-nio-8080-exec-2] GET /categorías - filtros: nombre='null', activa=null, fechaCreacion=null, desde=null, hasta=null
2025-12-13 11:59:09,197 INFO c.n.r.s.CategoriaService [http-nio-8080-exec-2] Listando categorías con filtros - nombre: null, activa: null, fechaCreacion: null, desde: null, hasta: null
2025-12-13 11:59:09,201 INFO c.n.r.c.CategoriaController [http-nio-8080-exec-2] Se devolvieron 8 categorias
2025-12-13 11:59:10,072 INFO c.n.r.c.ProductoController [http-nio-8080-exec-10] GET /productos - filtros: nombre=null, activo=null, categoriaId=null, usuarioId=null
2025-12-13 11:59:10,081 INFO c.n.r.c.ProductoController [http-nio-8080-exec-10] GET /productos - encontrados 14 productos
2025-12-13 11:59:10,083 INFO c.n.r.c.ProductoController [http-nio-8080-exec-10] GET /productos - filtros: nombre=null, activo=null, categoriaId=null, usuarioId=null
2025-12-13 11:59:10,091 INFO c.n.r.c.ProductoController [http-nio-8080-exec-6] GET /productos/26/imagen - solicitando imagen
2025-12-13 11:59:10,092 INFO c.n.r.c.ProductoController [http-nio-8080-exec-10] GET /productos - encontrados 14 productos
2025-12-13 11:59:10,093 WARN c.n.r.c.GlobalExceptionHandler [http-nio-8080-exec-6] Recurso no encontrado: ImagenNoEncontradaException
2025-12-13 11:59:14,403 INFO c.n.r.c.ProductoController [http-nio-8080-exec-9] GET /productos/10 - solicitando producto por ID
2025-12-13 11:59:14,406 INFO c.n.r.c.ProductoController [http-nio-8080-exec-9] GET /productos/10 - producto encontrado correctamente
2025-12-13 11:59:14,408 INFO c.n.r.c.ProductoController [http-nio-8080-exec-1] GET /productos/10 - solicitando producto por ID
2025-12-13 11:59:14,410 INFO c.n.r.c.ProductoController [http-nio-8080-exec-1] GET /productos/10 - producto encontrado correctamente
2025-12-13 11:59:42,770 INFO c.n.r.c.ProductoController [http-nio-8080-exec-4] GET /productos - filtros: nombre=null, activo=null, categoriaId=null, usuarioId=null
2025-12-13 11:59:42,784 INFO c.n.r.c.ProductoController [http-nio-8080-exec-4] GET /productos - encontrados 14 productos
2025-12-13 11:59:42,786 INFO c.n.r.c.ProductoController [http-nio-8080-exec-3] GET /productos - filtros: nombre=null, activo=null, categoriaId=null, usuarioId=null
2025-12-13 11:59:42,793 INFO c.n.r.c.ProductoController [http-nio-8080-exec-7] GET /productos/26/imagen - solicitando imagen
2025-12-13 11:59:42,795 INFO c.n.r.c.ProductoController [http-nio-8080-exec-3] GET /productos - encontrados 14 productos
2025-12-13 11:59:42,795 WARN c.n.r.c.GlobalExceptionHandler [http-nio-8080-exec-7] Recurso no encontrado: ImagenNoEncontradaException
2025-12-13 11:59:52,451 INFO c.n.r.c.UsuarioController [http-nio-8080-exec-5] GET /usuarios - filtros: nickname=null, tipoUsuario=null, cuentaActiva=null
2025-12-13 11:59:52,452 INFO c.n.r.s.UsuarioService [http-nio-8080-exec-5] Listando usuarios con filtros nickname=null, tipoUsuario=null, cuentaActiva=null
2025-12-13 11:59:52,460 INFO c.n.r.c.UsuarioController [http-nio-8080-exec-5] Resultado: 14 usuarios encontrados
2025-12-13 11:59:52,463 INFO c.n.r.c.UsuarioController [http-nio-8080-exec-10] GET /usuarios - filtros: nickname=null, tipoUsuario=null, cuentaActiva=null
2025-12-13 11:59:52,464 INFO c.n.r.s.UsuarioService [http-nio-8080-exec-10] Listando usuarios con filtros nickname=null, tipoUsuario=null, cuentaActiva=null
2025-12-13 11:59:52,468 INFO c.n.r.c.UsuarioController [http-nio-8080-exec-10] Resultado: 14 usuarios encontrados
2025-12-13 11:59:53,233 INFO c.n.r.c.CategoriaController [http-nio-8080-exec-6] GET /categorías - filtros: nombre='null', activa=null, fechaCreacion=null, desde=null, hasta=null
2025-12-13 11:59:53,234 INFO c.n.r.s.CategoriaService [http-nio-8080-exec-6] Listando categorías con filtros - nombre: null, activa: null, fechaCreacion: null, desde: null, hasta: null
2025-12-13 11:59:53,238 INFO c.n.r.c.CategoriaController [http-nio-8080-exec-6] Se devolvieron 8 categorias
2025-12-13 11:59:53,241 INFO c.n.r.c.CategoriaController [http-nio-8080-exec-8] GET /categorías - filtros: nombre='null', activa=null, fechaCreacion=null, desde=null, hasta=null
2025-12-13 11:59:53,241 INFO c.n.r.s.CategoriaService [http-nio-8080-exec-8] Listando categorías con filtros - nombre: null, activa: null, fechaCreacion: null, desde: null, hasta: null
2025-12-13 11:59:53,244 INFO c.n.r.c.CategoriaController [http-nio-8080-exec-8] Se devolvieron 8 categorias
2025-12-13 11:59:54,036 INFO c.n.r.c.ProductoController [http-nio-8080-exec-9] GET /productos - filtros: nombre=null, activo=null, categoriaId=null, usuarioId=null
2025-12-13 11:59:54,043 INFO c.n.r.c.ProductoController [http-nio-8080-exec-9] GET /productos - encontrados 14 productos
2025-12-13 11:59:54,045 INFO c.n.r.c.ProductoController [http-nio-8080-exec-1] GET /productos - filtros: nombre=null, activo=null, categoriaId=null, usuarioId=null
2025-12-13 11:59:54,051 INFO c.n.r.c.ProductoController [http-nio-8080-exec-1] GET /productos - encontrados 14 productos
2025-12-13 11:59:54,051 INFO c.n.r.c.ProductoController [http-nio-8080-exec-4] GET /productos/26/imagen - solicitando imagen
2025-12-13 11:59:54,053 WARN c.n.r.c.GlobalExceptionHandler [http-nio-8080-exec-4] Recurso no encontrado: ImagenNoEncontradaException
2025-12-13 12:00:08,562 INFO c.n.r.c.ProductoController [http-nio-8080-exec-7] GET /productos/26/imagen - solicitando imagen
2025-12-13 12:00:08,564 WARN c.n.r.c.GlobalExceptionHandler [http-nio-8080-exec-7] Recurso no encontrado: ImagenNoEncontradaException
2025-12-13 12:00:09,968 INFO c.n.r.c.ProductoController [http-nio-8080-exec-5] GET /productos/11 - solicitando producto por ID
2025-12-13 12:00:09,970 INFO c.n.r.c.ProductoController [http-nio-8080-exec-5] GET /productos/11 - producto encontrado correctamente
2025-12-13 12:00:09,972 INFO c.n.r.c.ProductoController [http-nio-8080-exec-10] GET /productos/11 - solicitando producto por ID
2025-12-13 12:00:09,974 INFO c.n.r.c.ProductoController [http-nio-8080-exec-10] GET /productos/11 - producto encontrado correctamente
2025-12-13 12:00:12,991 INFO c.n.r.c.ProductoController [http-nio-8080-exec-6] GET /productos - filtros: nombre=null, activo=null, categoriaId=null, usuarioId=null
2025-12-13 12:00:12,998 INFO c.n.r.c.ProductoController [http-nio-8080-exec-6] GET /productos - encontrados 14 productos
2025-12-13 12:00:13,002 INFO c.n.r.c.ProductoController [http-nio-8080-exec-6] GET /productos - filtros: nombre=null, activo=null, categoriaId=null, usuarioId=null
2025-12-13 12:00:13,008 INFO c.n.r.c.ProductoController [http-nio-8080-exec-9] GET /productos/26/imagen - solicitando imagen
2025-12-13 12:00:13,009 INFO c.n.r.c.ProductoController [http-nio-8080-exec-6] GET /productos - encontrados 14 productos
2025-12-13 12:00:13,010 WARN c.n.r.c.GlobalExceptionHandler [http-nio-8080-exec-9] Recurso no encontrado: ImagenNoEncontradaException
2025-12-13 12:00:13,734 INFO c.n.r.c.ProductoController [http-nio-8080-exec-4] GET /productos/13 - solicitando producto por ID
2025-12-13 12:00:13,736 INFO c.n.r.c.ProductoController [http-nio-8080-exec-4] GET /productos/13 - producto encontrado correctamente
2025-12-13 12:00:13,738 INFO c.n.r.c.ProductoController [http-nio-8080-exec-3] GET /productos/13 - solicitando producto por ID
2025-12-13 12:00:13,740 INFO c.n.r.c.ProductoController [http-nio-8080-exec-3] GET /productos/13 - producto encontrado correctamente
2025-12-13 12:00:15,498 INFO c.n.r.c.ProductoController [http-nio-8080-exec-7] GET /productos - filtros: nombre=null, activo=null, categoriaId=null, usuarioId=null
2025-12-13 12:00:15,511 INFO c.n.r.c.ProductoController [http-nio-8080-exec-7] GET /productos - encontrados 14 productos
2025-12-13 12:00:15,514 INFO c.n.r.c.ProductoController [http-nio-8080-exec-2] GET /productos - filtros: nombre=null, activo=null, categoriaId=null, usuarioId=null
2025-12-13 12:00:15,520 INFO c.n.r.c.ProductoController [http-nio-8080-exec-2] GET /productos - encontrados 14 productos
2025-12-13 12:00:15,522 INFO c.n.r.c.ProductoController [http-nio-8080-exec-5] GET /productos/26/imagen - solicitando imagen
2025-12-13 12:00:15,524 WARN c.n.r.c.GlobalExceptionHandler [http-nio-8080-exec-5] Recurso no encontrado: ImagenNoEncontradaException
2025-12-13 12:00:18,500 INFO c.n.r.c.ProductoController [http-nio-8080-exec-8] GET /productos/12 - solicitando producto por ID
2025-12-13 12:00:18,503 INFO c.n.r.c.ProductoController [http-nio-8080-exec-8] GET /productos/12 - producto encontrado correctamente
2025-12-13 12:00:18,505 INFO c.n.r.c.ProductoController [http-nio-8080-exec-8] GET /productos/12 - solicitando producto por ID
2025-12-13 12:00:18,508 INFO c.n.r.c.ProductoController [http-nio-8080-exec-8] GET /productos/12 - producto encontrado correctamente
2025-12-13 12:00:25,065 INFO c.n.r.c.ProductoController [http-nio-8080-exec-9] GET /productos - filtros: nombre=null, activo=null, categoriaId=null, usuarioId=null
2025-12-13 12:00:25,072 INFO c.n.r.c.ProductoController [http-nio-8080-exec-9] GET /productos - encontrados 14 productos
2025-12-13 12:00:25,074 INFO c.n.r.c.ProductoController [http-nio-8080-exec-1] GET /productos - filtros: nombre=null, activo=null, categoriaId=null, usuarioId=null
2025-12-13 12:00:25,082 INFO c.n.r.c.ProductoController [http-nio-8080-exec-1] GET /productos - encontrados 14 productos
2025-12-13 12:00:25,083 INFO c.n.r.c.ProductoController [http-nio-8080-exec-4] GET /productos/26/imagen - solicitando imagen
2025-12-13 12:00:25,085 WARN c.n.r.c.GlobalExceptionHandler [http-nio-8080-exec-4] Recurso no encontrado: ImagenNoEncontradaException
2025-12-13 12:00:30,750 INFO c.n.r.c.ProductoController [http-nio-8080-exec-7] GET /productos/10 - solicitando producto por ID
2025-12-13 12:00:30,754 INFO c.n.r.c.ProductoController [http-nio-8080-exec-7] GET /productos/10 - producto encontrado correctamente
2025-12-13 12:00:30,757 INFO c.n.r.c.ProductoController [http-nio-8080-exec-7] GET /productos/10 - solicitando producto por ID
2025-12-13 12:00:30,759 INFO c.n.r.c.ProductoController [http-nio-8080-exec-7] GET /productos/10 - producto encontrado correctamente
2025-12-13 12:00:41,318 INFO c.n.r.c.ProductoController [http-nio-8080-exec-5] GET /productos - filtros: nombre=null, activo=null, categoriaId=null, usuarioId=null
2025-12-13 12:00:41,328 INFO c.n.r.c.ProductoController [http-nio-8080-exec-5] GET /productos - encontrados 14 productos
2025-12-13 12:00:41,330 INFO c.n.r.c.ProductoController [http-nio-8080-exec-10] GET /productos - filtros: nombre=null, activo=null, categoriaId=null, usuarioId=null
2025-12-13 12:00:41,338 INFO c.n.r.c.ProductoController [http-nio-8080-exec-6] GET /productos/13/imagen - solicitando imagen
2025-12-13 12:00:41,338 INFO c.n.r.c.ProductoController [http-nio-8080-exec-1] GET /productos/23/imagen - solicitando imagen
2025-12-13 12:00:41,339 INFO c.n.r.c.ProductoController [http-nio-8080-exec-9] GET /productos/22/imagen - solicitando imagen
2025-12-13 12:00:41,339 INFO c.n.r.c.ProductoController [http-nio-8080-exec-8] GET /productos/9/imagen - solicitando imagen
2025-12-13 12:00:41,339 INFO c.n.r.c.ProductoController [http-nio-8080-exec-4] GET /productos/17/imagen - solicitando imagen
2025-12-13 12:00:41,340 INFO c.n.r.c.ProductoController [http-nio-8080-exec-10] GET /productos - encontrados 14 productos
2025-12-13 12:00:41,340 INFO c.n.r.c.ProductoController [http-nio-8080-exec-6] GET /productos/13/imagen - imagen servida correctamente
2025-12-13 12:00:41,340 INFO c.n.r.c.ProductoController [http-nio-8080-exec-1] GET /productos/23/imagen - imagen servida correctamente
2025-12-13 12:00:41,341 INFO c.n.r.c.ProductoController [http-nio-8080-exec-8] GET /productos/9/imagen - imagen servida correctamente
2025-12-13 12:00:41,341 INFO c.n.r.c.ProductoController [http-nio-8080-exec-9] GET /productos/22/imagen - imagen servida correctamente
2025-12-13 12:00:41,341 INFO c.n.r.c.ProductoController [http-nio-8080-exec-4] GET /productos/17/imagen - imagen servida correctamente
2025-12-13 12:00:41,345 INFO c.n.r.c.ProductoController [http-nio-8080-exec-3] GET /productos/26/imagen - solicitando imagen
2025-12-13 12:00:41,347 WARN c.n.r.c.GlobalExceptionHandler [http-nio-8080-exec-3] Recurso no encontrado: ImagenNoEncontradaException
2025-12-13 12:00:41,352 INFO c.n.r.c.ProductoController [http-nio-8080-exec-5] GET /productos/20/imagen - solicitando imagen
2025-12-13 12:00:41,352 INFO c.n.r.c.ProductoController [http-nio-8080-exec-6] GET /productos/16/imagen - solicitando imagen
2025-12-13 12:00:41,352 INFO c.n.r.c.ProductoController [http-nio-8080-exec-2] GET /productos/15/imagen - solicitando imagen
2025-12-13 12:00:41,352 INFO c.n.r.c.ProductoController [http-nio-8080-exec-7] GET /productos/19/imagen - solicitando imagen
2025-12-13 12:00:41,354 INFO c.n.r.c.ProductoController [http-nio-8080-exec-7] GET /productos/19/imagen - imagen servida correctamente
2025-12-13 12:00:41,354 INFO c.n.r.c.ProductoController [http-nio-8080-exec-2] GET /productos/15/imagen - imagen servida correctamente
2025-12-13 12:00:41,354 INFO c.n.r.c.ProductoController [http-nio-8080-exec-5] GET /productos/20/imagen - imagen servida correctamente
2025-12-13 12:00:41,354 INFO c.n.r.c.ProductoController [http-nio-8080-exec-6] GET /productos/16/imagen - imagen servida correctamente
2025-12-13 12:07:49,768 INFO c.n.r.c.ProductoController [http-nio-8080-exec-6] GET /productos/26/imagen - solicitando imagen
2025-12-13 12:07:49,770 WARN c.n.r.c.GlobalExceptionHandler [http-nio-8080-exec-6] Recurso no encontrado: ImagenNoEncontradaException
2025-12-13 12:08:44,656 INFO o.s.b.w.e.t.GracefulShutdown [SpringApplicationShutdownHook] Commencing graceful shutdown. Waiting for active requests to complete
2025-12-13 12:08:44,670 INFO o.s.b.w.e.t.GracefulShutdown [tomcat-shutdown] Graceful shutdown complete
2025-12-13 12:08:44,672 INFO o.s.o.j.AbstractEntityManagerFactoryBean [SpringApplicationShutdownHook] Closing JPA EntityManagerFactory for persistence unit 'default'
2025-12-13 12:08:44,674 INFO c.z.h.HikariDataSource [SpringApplicationShutdownHook] HikariPool-1 - Shutdown initiated...
2025-12-13 12:08:44,676 INFO c.z.h.HikariDataSource [SpringApplicationShutdownHook] HikariPool-1 - Shutdown completed.
