2025-12-16 18:32:37,973 INFO o.h.v.i.u.Version [background-preinit] HV000001: Hibernate Validator 8.0.3.Final
2025-12-16 18:32:38,022 INFO o.s.b.StartupInfoLogger [main] Starting RelabApplication using Java 21.0.8 with PID 23148 (D:\DAM\Segundo\AccesoDatos\AA1\API_ReLab\target\classes started by natal in D:\DAM\Segundo\AccesoDatos\AA1\API_ReLab)
2025-12-16 18:32:38,022 INFO o.s.b.SpringApplication [main] No active profile set, falling back to 1 default profile: "default"
2025-12-16 18:32:38,401 INFO o.s.d.r.c.RepositoryConfigurationDelegate [main] Bootstrapping Spring Data JPA repositories in DEFAULT mode.
2025-12-16 18:32:38,437 INFO o.s.d.r.c.RepositoryConfigurationDelegate [main] Finished Spring Data repository scanning in 30 ms. Found 5 JPA repository interfaces.
2025-12-16 18:32:38,755 INFO o.s.b.w.e.t.TomcatWebServer [main] Tomcat initialized with port 8080 (http)
2025-12-16 18:32:38,763 INFO o.a.j.l.DirectJDKLog [main] Initializing ProtocolHandler ["http-nio-8080"]
2025-12-16 18:32:38,766 INFO o.a.j.l.DirectJDKLog [main] Starting service [Tomcat]
2025-12-16 18:32:38,766 INFO o.a.j.l.DirectJDKLog [main] Starting Servlet engine: [Apache Tomcat/10.1.46]
2025-12-16 18:32:38,803 INFO o.a.j.l.DirectJDKLog [main] Initializing Spring embedded WebApplicationContext
2025-12-16 18:32:38,804 INFO o.s.b.w.s.c.ServletWebServerApplicationContext [main] Root WebApplicationContext: initialization completed in 755 ms
2025-12-16 18:32:38,898 INFO o.h.j.i.u.LogHelper [main] HHH000204: Processing PersistenceUnitInfo [name: default]
2025-12-16 18:32:38,940 INFO o.h.Version [main] HHH000412: Hibernate ORM core version 6.6.29.Final
2025-12-16 18:32:38,965 INFO o.h.c.i.RegionFactoryInitiator [main] HHH000026: Second-level cache disabled
2025-12-16 18:32:39,145 INFO o.s.o.j.p.SpringPersistenceUnitInfo [main] No LoadTimeWeaver setup: ignoring JPA class transformer
2025-12-16 18:32:39,164 INFO c.z.h.HikariDataSource [main] HikariPool-1 - Starting...
2025-12-16 18:32:39,227 INFO c.z.h.p.HikariPool [main] HikariPool-1 - Added connection org.mariadb.jdbc.Connection@59a2d756
2025-12-16 18:32:39,229 INFO c.z.h.HikariDataSource [main] HikariPool-1 - Start completed.
2025-12-16 18:32:39,249 WARN o.h.e.j.d.i.DialectFactoryImpl [main] HHH90000025: MariaDBDialect does not need to be specified explicitly using 'hibernate.dialect' (remove the property setting and it will be selected by default)
2025-12-16 18:32:39,260 INFO o.h.e.j.e.i.JdbcEnvironmentInitiator [main] HHH10001005: Database info:
	Database JDBC URL [Connecting through datasource 'HikariDataSource (HikariPool-1)']
	Database driver: undefined/unknown
	Database version: 12.0.2
	Autocommit mode: undefined/unknown
	Isolation level: undefined/unknown
	Minimum pool size: undefined/unknown
	Maximum pool size: undefined/unknown
2025-12-16 18:32:39,841 INFO o.h.e.t.j.p.i.JtaPlatformInitiator [main] HHH000489: No JTA platform available (set 'hibernate.transaction.jta.platform' to enable JTA platform integration)
2025-12-16 18:32:39,904 INFO o.s.o.j.AbstractEntityManagerFactoryBean [main] Initialized JPA EntityManagerFactory for persistence unit 'default'
2025-12-16 18:32:40,138 WARN o.s.b.a.o.j.JpaBaseConfiguration$JpaWebConfiguration [main] spring.jpa.open-in-view is enabled by default. Therefore, database queries may be performed during view rendering. Explicitly configure spring.jpa.open-in-view to disable this warning
2025-12-16 18:32:40,317 INFO o.a.j.l.DirectJDKLog [main] Starting ProtocolHandler ["http-nio-8080"]
2025-12-16 18:32:40,329 INFO o.s.b.w.e.t.TomcatWebServer [main] Tomcat started on port 8080 (http) with context path '/'
2025-12-16 18:32:40,334 INFO o.s.b.StartupInfoLogger [main] Started RelabApplication in 2.638 seconds (process running for 2.837)
2025-12-16 18:34:51,005 INFO o.a.j.l.DirectJDKLog [http-nio-8080-exec-1] Initializing Spring DispatcherServlet 'dispatcherServlet'
2025-12-16 18:34:51,006 INFO o.s.w.s.FrameworkServlet [http-nio-8080-exec-1] Initializing Servlet 'dispatcherServlet'
2025-12-16 18:34:51,006 INFO o.s.w.s.FrameworkServlet [http-nio-8080-exec-1] Completed initialization in 0 ms
2025-12-16 18:34:51,042 INFO c.n.r.c.ProductoController [http-nio-8080-exec-1] GET /productos - filtros: nombre=null, activo=null, categoriaId=null, usuarioId=null
2025-12-16 18:34:51,152 INFO c.n.r.c.ProductoController [http-nio-8080-exec-1] GET /productos - encontrados 14 productos
2025-12-16 18:34:51,187 INFO c.n.r.c.ProductoController [http-nio-8080-exec-2] GET /productos - filtros: nombre=null, activo=null, categoriaId=null, usuarioId=null
2025-12-16 18:34:51,197 INFO c.n.r.c.ProductoController [http-nio-8080-exec-2] GET /productos - encontrados 14 productos
2025-12-16 18:34:51,205 INFO c.n.r.c.ProductoController [http-nio-8080-exec-5] GET /productos/12/imagen - solicitando imagen
2025-12-16 18:34:51,205 INFO c.n.r.c.ProductoController [http-nio-8080-exec-3] GET /productos/10/imagen - solicitando imagen
2025-12-16 18:34:51,205 INFO c.n.r.c.ProductoController [http-nio-8080-exec-8] GET /productos/14/imagen - solicitando imagen
2025-12-16 18:34:51,205 INFO c.n.r.c.ProductoController [http-nio-8080-exec-6] GET /productos/13/imagen - solicitando imagen
2025-12-16 18:34:51,205 INFO c.n.r.c.ProductoController [http-nio-8080-exec-4] GET /productos/11/imagen - solicitando imagen
2025-12-16 18:34:51,205 INFO c.n.r.c.ProductoController [http-nio-8080-exec-7] GET /productos/9/imagen - solicitando imagen
2025-12-16 18:34:51,209 INFO c.n.r.c.ProductoController [http-nio-8080-exec-3] GET /productos/10/imagen - imagen servida correctamente
2025-12-16 18:34:51,209 INFO c.n.r.c.ProductoController [http-nio-8080-exec-4] GET /productos/11/imagen - imagen servida correctamente
2025-12-16 18:34:51,210 INFO c.n.r.c.ProductoController [http-nio-8080-exec-6] GET /productos/13/imagen - imagen servida correctamente
2025-12-16 18:34:51,210 INFO c.n.r.c.ProductoController [http-nio-8080-exec-7] GET /productos/9/imagen - imagen servida correctamente
2025-12-16 18:34:51,210 INFO c.n.r.c.ProductoController [http-nio-8080-exec-8] GET /productos/14/imagen - imagen servida correctamente
2025-12-16 18:34:51,210 INFO c.n.r.c.ProductoController [http-nio-8080-exec-5] GET /productos/12/imagen - imagen servida correctamente
2025-12-16 18:34:51,221 INFO c.n.r.c.ProductoController [http-nio-8080-exec-9] GET /productos/26/imagen - solicitando imagen
2025-12-16 18:34:51,222 INFO c.n.r.c.ProductoController [http-nio-8080-exec-5] GET /productos/15/imagen - solicitando imagen
2025-12-16 18:34:51,222 INFO c.n.r.c.ProductoController [http-nio-8080-exec-2] GET /productos/17/imagen - solicitando imagen
2025-12-16 18:34:51,222 INFO c.n.r.c.ProductoController [http-nio-8080-exec-7] GET /productos/20/imagen - solicitando imagen
2025-12-16 18:34:51,222 INFO c.n.r.c.ProductoController [http-nio-8080-exec-10] GET /productos/22/imagen - solicitando imagen
2025-12-16 18:34:51,222 INFO c.n.r.c.ProductoController [http-nio-8080-exec-1] GET /productos/23/imagen - solicitando imagen
2025-12-16 18:34:51,225 INFO c.n.r.c.ProductoController [http-nio-8080-exec-5] GET /productos/15/imagen - imagen servida correctamente
2025-12-16 18:34:51,225 INFO c.n.r.c.ProductoController [http-nio-8080-exec-2] GET /productos/17/imagen - imagen servida correctamente
2025-12-16 18:34:51,225 INFO c.n.r.c.ProductoController [http-nio-8080-exec-1] GET /productos/23/imagen - imagen servida correctamente
2025-12-16 18:34:51,225 INFO c.n.r.c.ProductoController [http-nio-8080-exec-7] GET /productos/20/imagen - imagen servida correctamente
2025-12-16 18:34:51,226 INFO c.n.r.c.ProductoController [http-nio-8080-exec-10] GET /productos/22/imagen - imagen servida correctamente
2025-12-16 18:34:51,228 WARN c.n.r.c.GlobalExceptionHandler [http-nio-8080-exec-9] Recurso no encontrado: ImagenNoEncontradaException
2025-12-16 18:34:51,232 INFO c.n.r.c.ProductoController [http-nio-8080-exec-4] GET /productos/19/imagen - solicitando imagen
2025-12-16 18:34:51,233 INFO c.n.r.c.ProductoController [http-nio-8080-exec-6] GET /productos/16/imagen - solicitando imagen
2025-12-16 18:34:51,235 INFO c.n.r.c.ProductoController [http-nio-8080-exec-4] GET /productos/19/imagen - imagen servida correctamente
2025-12-16 18:34:51,236 INFO c.n.r.c.ProductoController [http-nio-8080-exec-6] GET /productos/16/imagen - imagen servida correctamente
2025-12-16 18:34:55,359 INFO c.n.r.c.ProductoController [http-nio-8080-exec-8] GET /productos/10 - solicitando producto por ID
2025-12-16 18:34:55,365 INFO c.n.r.c.ProductoController [http-nio-8080-exec-8] GET /productos/10 - producto encontrado correctamente
2025-12-16 18:34:55,371 INFO c.n.r.c.ProductoController [http-nio-8080-exec-1] GET /productos/10 - solicitando producto por ID
2025-12-16 18:34:55,374 INFO c.n.r.c.ProductoController [http-nio-8080-exec-1] GET /productos/10 - producto encontrado correctamente
2025-12-16 18:34:58,021 INFO c.n.r.c.ProductoController [http-nio-8080-exec-5] GET /productos - filtros: nombre=null, activo=null, categoriaId=null, usuarioId=null
2025-12-16 18:34:58,037 INFO c.n.r.c.ProductoController [http-nio-8080-exec-5] GET /productos - encontrados 14 productos
2025-12-16 18:34:58,041 INFO c.n.r.c.ProductoController [http-nio-8080-exec-7] GET /productos - filtros: nombre=null, activo=null, categoriaId=null, usuarioId=null
2025-12-16 18:34:58,047 INFO c.n.r.c.ProductoController [http-nio-8080-exec-2] GET /productos/26/imagen - solicitando imagen
2025-12-16 18:34:58,051 WARN c.n.r.c.GlobalExceptionHandler [http-nio-8080-exec-2] Recurso no encontrado: ImagenNoEncontradaException
2025-12-16 18:34:58,053 INFO c.n.r.c.ProductoController [http-nio-8080-exec-7] GET /productos - encontrados 14 productos
2025-12-16 18:34:59,405 INFO c.n.r.c.CategoriaController [http-nio-8080-exec-10] GET /categorías - filtros: nombre='null', activa=null, fechaCreacion=null, desde=null, hasta=null
2025-12-16 18:34:59,406 INFO c.n.r.s.CategoriaService [http-nio-8080-exec-10] Listando categorías con filtros - nombre: null, activa: null, fechaCreacion: null, desde: null, hasta: null
2025-12-16 18:34:59,444 INFO c.n.r.c.CategoriaController [http-nio-8080-exec-10] Se devolvieron 8 categorias
2025-12-16 18:34:59,450 INFO c.n.r.c.CategoriaController [http-nio-8080-exec-9] GET /categorías - filtros: nombre='null', activa=null, fechaCreacion=null, desde=null, hasta=null
2025-12-16 18:34:59,450 INFO c.n.r.s.CategoriaService [http-nio-8080-exec-9] Listando categorías con filtros - nombre: null, activa: null, fechaCreacion: null, desde: null, hasta: null
2025-12-16 18:34:59,455 INFO c.n.r.c.CategoriaController [http-nio-8080-exec-9] Se devolvieron 8 categorias
2025-12-16 18:35:40,823 INFO c.n.r.c.ProductoController [http-nio-8080-exec-4] GET /productos - filtros: nombre=null, activo=null, categoriaId=null, usuarioId=null
2025-12-16 18:35:40,836 INFO c.n.r.c.ProductoController [http-nio-8080-exec-4] GET /productos - encontrados 14 productos
2025-12-16 18:35:40,839 INFO c.n.r.c.ProductoController [http-nio-8080-exec-3] GET /productos - filtros: nombre=null, activo=null, categoriaId=null, usuarioId=null
2025-12-16 18:35:40,850 INFO c.n.r.c.ProductoController [http-nio-8080-exec-3] GET /productos - encontrados 14 productos
2025-12-16 18:35:40,857 INFO c.n.r.c.ProductoController [http-nio-8080-exec-5] GET /productos/12/imagen - solicitando imagen
2025-12-16 18:35:40,857 INFO c.n.r.c.ProductoController [http-nio-8080-exec-8] GET /productos/11/imagen - solicitando imagen
2025-12-16 18:35:40,857 INFO c.n.r.c.ProductoController [http-nio-8080-exec-1] GET /productos/13/imagen - solicitando imagen
2025-12-16 18:35:40,857 INFO c.n.r.c.ProductoController [http-nio-8080-exec-6] GET /productos/10/imagen - solicitando imagen
2025-12-16 18:35:40,857 INFO c.n.r.c.ProductoController [http-nio-8080-exec-2] GET /productos/14/imagen - solicitando imagen
2025-12-16 18:35:40,858 INFO c.n.r.c.ProductoController [http-nio-8080-exec-7] GET /productos/9/imagen - solicitando imagen
2025-12-16 18:35:40,864 INFO c.n.r.c.ProductoController [http-nio-8080-exec-5] GET /productos/12/imagen - imagen servida correctamente
2025-12-16 18:35:40,864 INFO c.n.r.c.ProductoController [http-nio-8080-exec-1] GET /productos/13/imagen - imagen servida correctamente
2025-12-16 18:35:40,864 INFO c.n.r.c.ProductoController [http-nio-8080-exec-6] GET /productos/10/imagen - imagen servida correctamente
2025-12-16 18:35:40,865 INFO c.n.r.c.ProductoController [http-nio-8080-exec-2] GET /productos/14/imagen - imagen servida correctamente
2025-12-16 18:35:40,865 INFO c.n.r.c.ProductoController [http-nio-8080-exec-8] GET /productos/11/imagen - imagen servida correctamente
2025-12-16 18:35:40,866 INFO c.n.r.c.ProductoController [http-nio-8080-exec-7] GET /productos/9/imagen - imagen servida correctamente
2025-12-16 18:35:40,875 INFO c.n.r.c.ProductoController [http-nio-8080-exec-9] GET /productos/22/imagen - solicitando imagen
2025-12-16 18:35:40,875 INFO c.n.r.c.ProductoController [http-nio-8080-exec-10] GET /productos/26/imagen - solicitando imagen
2025-12-16 18:35:40,877 INFO c.n.r.c.ProductoController [http-nio-8080-exec-4] GET /productos/23/imagen - solicitando imagen
2025-12-16 18:35:40,877 INFO c.n.r.c.ProductoController [http-nio-8080-exec-3] GET /productos/17/imagen - solicitando imagen
2025-12-16 18:35:40,878 INFO c.n.r.c.ProductoController [http-nio-8080-exec-2] GET /productos/15/imagen - solicitando imagen
2025-12-16 18:35:40,878 INFO c.n.r.c.ProductoController [http-nio-8080-exec-1] GET /productos/20/imagen - solicitando imagen
2025-12-16 18:35:40,878 INFO c.n.r.c.ProductoController [http-nio-8080-exec-9] GET /productos/22/imagen - imagen servida correctamente
2025-12-16 18:35:40,879 WARN c.n.r.c.GlobalExceptionHandler [http-nio-8080-exec-10] Recurso no encontrado: ImagenNoEncontradaException
2025-12-16 18:35:40,879 INFO c.n.r.c.ProductoController [http-nio-8080-exec-4] GET /productos/23/imagen - imagen servida correctamente
2025-12-16 18:35:40,879 INFO c.n.r.c.ProductoController [http-nio-8080-exec-3] GET /productos/17/imagen - imagen servida correctamente
2025-12-16 18:35:40,881 INFO c.n.r.c.ProductoController [http-nio-8080-exec-1] GET /productos/20/imagen - imagen servida correctamente
2025-12-16 18:35:40,882 INFO c.n.r.c.ProductoController [http-nio-8080-exec-2] GET /productos/15/imagen - imagen servida correctamente
2025-12-16 18:35:40,889 INFO c.n.r.c.ProductoController [http-nio-8080-exec-6] GET /productos/19/imagen - solicitando imagen
2025-12-16 18:35:40,889 INFO c.n.r.c.ProductoController [http-nio-8080-exec-8] GET /productos/16/imagen - solicitando imagen
2025-12-16 18:35:40,892 INFO c.n.r.c.ProductoController [http-nio-8080-exec-8] GET /productos/16/imagen - imagen servida correctamente
2025-12-16 18:35:40,892 INFO c.n.r.c.ProductoController [http-nio-8080-exec-6] GET /productos/19/imagen - imagen servida correctamente
2025-12-16 18:42:00,253 INFO c.n.r.c.ProductoController [http-nio-8080-exec-2] GET /productos - filtros: nombre=null, activo=null, categoriaId=null, usuarioId=null
2025-12-16 18:42:00,267 INFO c.n.r.c.ProductoController [http-nio-8080-exec-2] GET /productos - encontrados 14 productos
2025-12-16 18:42:00,270 INFO c.n.r.c.ProductoController [http-nio-8080-exec-6] GET /productos - filtros: nombre=null, activo=null, categoriaId=null, usuarioId=null
2025-12-16 18:42:00,280 INFO c.n.r.c.ProductoController [http-nio-8080-exec-6] GET /productos - encontrados 14 productos
2025-12-16 18:42:00,287 INFO c.n.r.c.ProductoController [http-nio-8080-exec-8] GET /productos/10/imagen - solicitando imagen
2025-12-16 18:42:00,287 INFO c.n.r.c.ProductoController [http-nio-8080-exec-7] GET /productos/11/imagen - solicitando imagen
2025-12-16 18:42:00,288 INFO c.n.r.c.ProductoController [http-nio-8080-exec-10] GET /productos/13/imagen - solicitando imagen
2025-12-16 18:42:00,288 INFO c.n.r.c.ProductoController [http-nio-8080-exec-4] GET /productos/12/imagen - solicitando imagen
2025-12-16 18:42:00,288 INFO c.n.r.c.ProductoController [http-nio-8080-exec-5] GET /productos/9/imagen - solicitando imagen
2025-12-16 18:42:00,288 INFO c.n.r.c.ProductoController [http-nio-8080-exec-3] GET /productos/14/imagen - solicitando imagen
2025-12-16 18:42:00,290 INFO c.n.r.c.ProductoController [http-nio-8080-exec-8] GET /productos/10/imagen - imagen servida correctamente
2025-12-16 18:42:00,290 INFO c.n.r.c.ProductoController [http-nio-8080-exec-4] GET /productos/12/imagen - imagen servida correctamente
2025-12-16 18:42:00,290 INFO c.n.r.c.ProductoController [http-nio-8080-exec-10] GET /productos/13/imagen - imagen servida correctamente
2025-12-16 18:42:00,290 INFO c.n.r.c.ProductoController [http-nio-8080-exec-7] GET /productos/11/imagen - imagen servida correctamente
2025-12-16 18:42:00,291 INFO c.n.r.c.ProductoController [http-nio-8080-exec-3] GET /productos/14/imagen - imagen servida correctamente
2025-12-16 18:42:00,291 INFO c.n.r.c.ProductoController [http-nio-8080-exec-5] GET /productos/9/imagen - imagen servida correctamente
2025-12-16 18:42:00,297 INFO c.n.r.c.ProductoController [http-nio-8080-exec-9] GET /productos/22/imagen - solicitando imagen
2025-12-16 18:42:00,298 INFO c.n.r.c.ProductoController [http-nio-8080-exec-1] GET /productos/26/imagen - solicitando imagen
2025-12-16 18:42:00,298 INFO c.n.r.c.ProductoController [http-nio-8080-exec-2] GET /productos/23/imagen - solicitando imagen
2025-12-16 18:42:00,298 INFO c.n.r.c.ProductoController [http-nio-8080-exec-6] GET /productos/17/imagen - solicitando imagen
2025-12-16 18:42:00,301 INFO c.n.r.c.ProductoController [http-nio-8080-exec-2] GET /productos/23/imagen - imagen servida correctamente
2025-12-16 18:42:00,301 INFO c.n.r.c.ProductoController [http-nio-8080-exec-9] GET /productos/22/imagen - imagen servida correctamente
2025-12-16 18:42:00,301 INFO c.n.r.c.ProductoController [http-nio-8080-exec-6] GET /productos/17/imagen - imagen servida correctamente
2025-12-16 18:42:00,301 WARN c.n.r.c.GlobalExceptionHandler [http-nio-8080-exec-1] Recurso no encontrado: ImagenNoEncontradaException
2025-12-16 18:42:00,305 INFO c.n.r.c.ProductoController [http-nio-8080-exec-4] GET /productos/20/imagen - solicitando imagen
2025-12-16 18:42:00,305 INFO c.n.r.c.ProductoController [http-nio-8080-exec-10] GET /productos/15/imagen - solicitando imagen
2025-12-16 18:42:00,307 INFO c.n.r.c.ProductoController [http-nio-8080-exec-10] GET /productos/15/imagen - imagen servida correctamente
2025-12-16 18:42:00,307 INFO c.n.r.c.ProductoController [http-nio-8080-exec-4] GET /productos/20/imagen - imagen servida correctamente
2025-12-16 18:42:00,310 INFO c.n.r.c.ProductoController [http-nio-8080-exec-5] GET /productos/16/imagen - solicitando imagen
2025-12-16 18:42:00,310 INFO c.n.r.c.ProductoController [http-nio-8080-exec-7] GET /productos/19/imagen - solicitando imagen
2025-12-16 18:42:00,312 INFO c.n.r.c.ProductoController [http-nio-8080-exec-5] GET /productos/16/imagen - imagen servida correctamente
2025-12-16 18:42:00,312 INFO c.n.r.c.ProductoController [http-nio-8080-exec-7] GET /productos/19/imagen - imagen servida correctamente
2025-12-16 18:42:31,823 INFO o.s.b.w.e.t.GracefulShutdown [SpringApplicationShutdownHook] Commencing graceful shutdown. Waiting for active requests to complete
2025-12-16 18:42:31,842 INFO o.s.b.w.e.t.GracefulShutdown [tomcat-shutdown] Graceful shutdown complete
2025-12-16 18:42:31,845 INFO o.s.o.j.AbstractEntityManagerFactoryBean [SpringApplicationShutdownHook] Closing JPA EntityManagerFactory for persistence unit 'default'
2025-12-16 18:42:31,845 INFO c.z.h.HikariDataSource [SpringApplicationShutdownHook] HikariPool-1 - Shutdown initiated...
2025-12-16 18:42:31,845 INFO c.z.h.HikariDataSource [SpringApplicationShutdownHook] HikariPool-1 - Shutdown completed.
2025-12-16 19:26:13,665 INFO o.h.v.i.u.Version [background-preinit] HV000001: Hibernate Validator 8.0.3.Final
2025-12-16 19:26:13,712 INFO o.s.b.StartupInfoLogger [main] Starting RelabApplication using Java 21.0.8 with PID 30988 (D:\DAM\Segundo\AccesoDatos\AA1\API_ReLab\target\classes started by natal in D:\DAM\Segundo\AccesoDatos\AA1\API_ReLab)
2025-12-16 19:26:13,712 INFO o.s.b.SpringApplication [main] No active profile set, falling back to 1 default profile: "default"
2025-12-16 19:26:14,045 INFO o.s.d.r.c.RepositoryConfigurationDelegate [main] Bootstrapping Spring Data JPA repositories in DEFAULT mode.
2025-12-16 19:26:14,098 INFO o.s.d.r.c.RepositoryConfigurationDelegate [main] Finished Spring Data repository scanning in 41 ms. Found 5 JPA repository interfaces.
2025-12-16 19:26:14,378 INFO o.s.b.w.e.t.TomcatWebServer [main] Tomcat initialized with port 8080 (http)
2025-12-16 19:26:14,384 INFO o.a.j.l.DirectJDKLog [main] Initializing ProtocolHandler ["http-nio-8080"]
2025-12-16 19:26:14,386 INFO o.a.j.l.DirectJDKLog [main] Starting service [Tomcat]
2025-12-16 19:26:14,386 INFO o.a.j.l.DirectJDKLog [main] Starting Servlet engine: [Apache Tomcat/10.1.46]
2025-12-16 19:26:14,419 INFO o.a.j.l.DirectJDKLog [main] Initializing Spring embedded WebApplicationContext
2025-12-16 19:26:14,419 INFO o.s.b.w.s.c.ServletWebServerApplicationContext [main] Root WebApplicationContext: initialization completed in 672 ms
2025-12-16 19:26:14,506 INFO o.h.j.i.u.LogHelper [main] HHH000204: Processing PersistenceUnitInfo [name: default]
2025-12-16 19:26:14,530 INFO o.h.Version [main] HHH000412: Hibernate ORM core version 6.6.29.Final
2025-12-16 19:26:14,545 INFO o.h.c.i.RegionFactoryInitiator [main] HHH000026: Second-level cache disabled
2025-12-16 19:26:14,667 INFO o.s.o.j.p.SpringPersistenceUnitInfo [main] No LoadTimeWeaver setup: ignoring JPA class transformer
2025-12-16 19:26:14,682 INFO c.z.h.HikariDataSource [main] HikariPool-1 - Starting...
2025-12-16 19:26:14,732 INFO c.z.h.p.HikariPool [main] HikariPool-1 - Added connection org.mariadb.jdbc.Connection@5c839677
2025-12-16 19:26:14,733 INFO c.z.h.HikariDataSource [main] HikariPool-1 - Start completed.
2025-12-16 19:26:14,746 WARN o.h.e.j.d.i.DialectFactoryImpl [main] HHH90000025: MariaDBDialect does not need to be specified explicitly using 'hibernate.dialect' (remove the property setting and it will be selected by default)
2025-12-16 19:26:14,756 INFO o.h.e.j.e.i.JdbcEnvironmentInitiator [main] HHH10001005: Database info:
	Database JDBC URL [Connecting through datasource 'HikariDataSource (HikariPool-1)']
	Database driver: undefined/unknown
	Database version: 12.0.2
	Autocommit mode: undefined/unknown
	Isolation level: undefined/unknown
	Minimum pool size: undefined/unknown
	Maximum pool size: undefined/unknown
2025-12-16 19:26:15,376 INFO o.h.e.t.j.p.i.JtaPlatformInitiator [main] HHH000489: No JTA platform available (set 'hibernate.transaction.jta.platform' to enable JTA platform integration)
2025-12-16 19:26:15,426 INFO o.s.o.j.AbstractEntityManagerFactoryBean [main] Initialized JPA EntityManagerFactory for persistence unit 'default'
2025-12-16 19:26:15,658 WARN o.s.b.a.o.j.JpaBaseConfiguration$JpaWebConfiguration [main] spring.jpa.open-in-view is enabled by default. Therefore, database queries may be performed during view rendering. Explicitly configure spring.jpa.open-in-view to disable this warning
2025-12-16 19:26:15,817 INFO o.a.j.l.DirectJDKLog [main] Starting ProtocolHandler ["http-nio-8080"]
2025-12-16 19:26:15,824 INFO o.s.b.w.e.t.TomcatWebServer [main] Tomcat started on port 8080 (http) with context path '/'
2025-12-16 19:26:15,833 INFO o.s.b.StartupInfoLogger [main] Started RelabApplication in 2.495 seconds (process running for 2.66)
2025-12-16 19:26:20,848 INFO o.a.j.l.DirectJDKLog [http-nio-8080-exec-1] Initializing Spring DispatcherServlet 'dispatcherServlet'
2025-12-16 19:26:20,848 INFO o.s.w.s.FrameworkServlet [http-nio-8080-exec-1] Initializing Servlet 'dispatcherServlet'
2025-12-16 19:26:20,851 INFO o.s.w.s.FrameworkServlet [http-nio-8080-exec-1] Completed initialization in 2 ms
2025-12-16 19:26:20,884 INFO c.n.r.c.ProductoController [http-nio-8080-exec-1] GET /productos - filtros: nombre=null, activo=null, categoriaId=null, usuarioId=null
2025-12-16 19:26:21,017 INFO c.n.r.c.ProductoController [http-nio-8080-exec-1] GET /productos - encontrados 14 productos
2025-12-16 19:26:21,064 INFO c.n.r.c.ProductoController [http-nio-8080-exec-3] GET /productos - filtros: nombre=null, activo=null, categoriaId=null, usuarioId=null
2025-12-16 19:26:21,091 INFO c.n.r.c.ProductoController [http-nio-8080-exec-3] GET /productos - encontrados 14 productos
2025-12-16 19:26:21,097 INFO c.n.r.c.ProductoController [http-nio-8080-exec-2] GET /productos/10/imagen - solicitando imagen
2025-12-16 19:26:21,097 INFO c.n.r.c.ProductoController [http-nio-8080-exec-8] GET /productos/13/imagen - solicitando imagen
2025-12-16 19:26:21,097 INFO c.n.r.c.ProductoController [http-nio-8080-exec-5] GET /productos/11/imagen - solicitando imagen
2025-12-16 19:26:21,097 INFO c.n.r.c.ProductoController [http-nio-8080-exec-6] GET /productos/12/imagen - solicitando imagen
2025-12-16 19:26:21,097 INFO c.n.r.c.ProductoController [http-nio-8080-exec-7] GET /productos/9/imagen - solicitando imagen
2025-12-16 19:26:21,097 INFO c.n.r.c.ProductoController [http-nio-8080-exec-4] GET /productos/14/imagen - solicitando imagen
2025-12-16 19:26:21,105 INFO c.n.r.c.ProductoController [http-nio-8080-exec-8] GET /productos/13/imagen - imagen servida correctamente
2025-12-16 19:26:21,105 INFO c.n.r.c.ProductoController [http-nio-8080-exec-4] GET /productos/14/imagen - imagen servida correctamente
2025-12-16 19:26:21,105 INFO c.n.r.c.ProductoController [http-nio-8080-exec-7] GET /productos/9/imagen - imagen servida correctamente
2025-12-16 19:26:21,105 INFO c.n.r.c.ProductoController [http-nio-8080-exec-5] GET /productos/11/imagen - imagen servida correctamente
2025-12-16 19:26:21,105 INFO c.n.r.c.ProductoController [http-nio-8080-exec-6] GET /productos/12/imagen - imagen servida correctamente
2025-12-16 19:26:21,105 INFO c.n.r.c.ProductoController [http-nio-8080-exec-2] GET /productos/10/imagen - imagen servida correctamente
2025-12-16 19:26:21,121 INFO c.n.r.c.ProductoController [http-nio-8080-exec-10] GET /productos/23/imagen - solicitando imagen
2025-12-16 19:26:21,121 INFO c.n.r.c.ProductoController [http-nio-8080-exec-9] GET /productos/22/imagen - solicitando imagen
2025-12-16 19:26:21,123 INFO c.n.r.c.ProductoController [http-nio-8080-exec-10] GET /productos/23/imagen - imagen servida correctamente
2025-12-16 19:26:21,124 INFO c.n.r.c.ProductoController [http-nio-8080-exec-9] GET /productos/22/imagen - imagen servida correctamente
2025-12-16 19:26:21,125 INFO c.n.r.c.ProductoController [http-nio-8080-exec-1] GET /productos/26/imagen - solicitando imagen
2025-12-16 19:26:21,126 INFO c.n.r.c.ProductoController [http-nio-8080-exec-3] GET /productos/17/imagen - solicitando imagen
2025-12-16 19:26:21,126 INFO c.n.r.c.ProductoController [http-nio-8080-exec-6] GET /productos/20/imagen - solicitando imagen
2025-12-16 19:26:21,126 INFO c.n.r.c.ProductoController [http-nio-8080-exec-8] GET /productos/15/imagen - solicitando imagen
2025-12-16 19:26:21,128 INFO c.n.r.c.ProductoController [http-nio-8080-exec-3] GET /productos/17/imagen - imagen servida correctamente
2025-12-16 19:26:21,128 INFO c.n.r.c.ProductoController [http-nio-8080-exec-8] GET /productos/15/imagen - imagen servida correctamente
2025-12-16 19:26:21,129 INFO c.n.r.c.ProductoController [http-nio-8080-exec-6] GET /productos/20/imagen - imagen servida correctamente
2025-12-16 19:26:21,130 INFO c.n.r.c.ProductoController [http-nio-8080-exec-7] GET /productos/16/imagen - solicitando imagen
2025-12-16 19:26:21,130 INFO c.n.r.c.ProductoController [http-nio-8080-exec-2] GET /productos/19/imagen - solicitando imagen
2025-12-16 19:26:21,131 WARN c.n.r.c.GlobalExceptionHandler [http-nio-8080-exec-1] Recurso no encontrado: ImagenNoEncontradaException
2025-12-16 19:26:21,132 INFO c.n.r.c.ProductoController [http-nio-8080-exec-7] GET /productos/16/imagen - imagen servida correctamente
2025-12-16 19:26:21,132 INFO c.n.r.c.ProductoController [http-nio-8080-exec-2] GET /productos/19/imagen - imagen servida correctamente
2025-12-16 19:26:22,725 INFO c.n.r.c.UsuarioController [http-nio-8080-exec-5] GET /usuarios - filtros: nickname=null, tipoUsuario=null, cuentaActiva=null
2025-12-16 19:26:22,725 INFO c.n.r.s.UsuarioService [http-nio-8080-exec-5] Listando usuarios con filtros nickname=null, tipoUsuario=null, cuentaActiva=null
2025-12-16 19:26:22,752 INFO c.n.r.c.UsuarioController [http-nio-8080-exec-5] Resultado: 14 usuarios encontrados
2025-12-16 19:26:22,768 INFO c.n.r.c.UsuarioController [http-nio-8080-exec-4] GET /usuarios - filtros: nickname=null, tipoUsuario=null, cuentaActiva=null
2025-12-16 19:26:22,768 INFO c.n.r.s.UsuarioService [http-nio-8080-exec-4] Listando usuarios con filtros nickname=null, tipoUsuario=null, cuentaActiva=null
2025-12-16 19:26:22,768 INFO c.n.r.c.UsuarioController [http-nio-8080-exec-4] Resultado: 14 usuarios encontrados
2025-12-16 19:27:15,857 INFO c.n.r.c.CategoriaController [http-nio-8080-exec-10] GET /categorías - filtros: nombre='null', activa=null, fechaCreacion=null, desde=null, hasta=null
2025-12-16 19:27:15,858 INFO c.n.r.s.CategoriaService [http-nio-8080-exec-10] Listando categorías con filtros - nombre: null, activa: null, fechaCreacion: null, desde: null, hasta: null
2025-12-16 19:27:15,866 INFO c.n.r.c.CategoriaController [http-nio-8080-exec-10] Se devolvieron 8 categorias
2025-12-16 19:27:15,866 INFO c.n.r.c.CategoriaController [http-nio-8080-exec-9] GET /categorías - filtros: nombre='null', activa=null, fechaCreacion=null, desde=null, hasta=null
2025-12-16 19:27:15,866 INFO c.n.r.s.CategoriaService [http-nio-8080-exec-9] Listando categorías con filtros - nombre: null, activa: null, fechaCreacion: null, desde: null, hasta: null
2025-12-16 19:27:15,866 INFO c.n.r.c.CategoriaController [http-nio-8080-exec-9] Se devolvieron 8 categorias
2025-12-16 19:27:16,722 INFO c.n.r.c.UsuarioController [http-nio-8080-exec-3] GET /usuarios - filtros: nickname=null, tipoUsuario=null, cuentaActiva=null
2025-12-16 19:27:16,723 INFO c.n.r.s.UsuarioService [http-nio-8080-exec-3] Listando usuarios con filtros nickname=null, tipoUsuario=null, cuentaActiva=null
2025-12-16 19:27:16,733 INFO c.n.r.c.UsuarioController [http-nio-8080-exec-3] Resultado: 14 usuarios encontrados
2025-12-16 19:27:16,733 INFO c.n.r.c.UsuarioController [http-nio-8080-exec-6] GET /usuarios - filtros: nickname=null, tipoUsuario=null, cuentaActiva=null
2025-12-16 19:27:16,733 INFO c.n.r.s.UsuarioService [http-nio-8080-exec-6] Listando usuarios con filtros nickname=null, tipoUsuario=null, cuentaActiva=null
2025-12-16 19:27:16,733 INFO c.n.r.c.UsuarioController [http-nio-8080-exec-6] Resultado: 14 usuarios encontrados
2025-12-16 19:27:33,555 INFO c.n.r.c.ProductoController [http-nio-8080-exec-4] GET /productos - filtros: nombre=null, activo=null, categoriaId=null, usuarioId=null
2025-12-16 19:27:33,571 INFO c.n.r.c.ProductoController [http-nio-8080-exec-4] GET /productos - encontrados 14 productos
2025-12-16 19:27:33,574 INFO c.n.r.c.ProductoController [http-nio-8080-exec-10] GET /productos - filtros: nombre=null, activo=null, categoriaId=null, usuarioId=null
2025-12-16 19:27:33,581 INFO c.n.r.c.ProductoController [http-nio-8080-exec-3] GET /productos/13/imagen - solicitando imagen
2025-12-16 19:27:33,581 INFO c.n.r.c.ProductoController [http-nio-8080-exec-9] GET /productos/10/imagen - solicitando imagen
2025-12-16 19:27:33,581 INFO c.n.r.c.ProductoController [http-nio-8080-exec-6] GET /productos/11/imagen - solicitando imagen
2025-12-16 19:27:33,581 INFO c.n.r.c.ProductoController [http-nio-8080-exec-7] GET /productos/14/imagen - solicitando imagen
2025-12-16 19:27:33,581 INFO c.n.r.c.ProductoController [http-nio-8080-exec-1] GET /productos/12/imagen - solicitando imagen
2025-12-16 19:27:33,583 INFO c.n.r.c.ProductoController [http-nio-8080-exec-6] GET /productos/11/imagen - imagen servida correctamente
2025-12-16 19:27:33,583 INFO c.n.r.c.ProductoController [http-nio-8080-exec-3] GET /productos/13/imagen - imagen servida correctamente
2025-12-16 19:27:33,584 INFO c.n.r.c.ProductoController [http-nio-8080-exec-1] GET /productos/12/imagen - imagen servida correctamente
2025-12-16 19:27:33,584 INFO c.n.r.c.ProductoController [http-nio-8080-exec-9] GET /productos/10/imagen - imagen servida correctamente
2025-12-16 19:27:33,584 INFO c.n.r.c.ProductoController [http-nio-8080-exec-7] GET /productos/14/imagen - imagen servida correctamente
2025-12-16 19:27:33,586 INFO c.n.r.c.ProductoController [http-nio-8080-exec-8] GET /productos/22/imagen - solicitando imagen
2025-12-16 19:27:33,586 INFO c.n.r.c.ProductoController [http-nio-8080-exec-10] GET /productos - encontrados 14 productos
2025-12-16 19:27:33,588 INFO c.n.r.c.ProductoController [http-nio-8080-exec-8] GET /productos/22/imagen - imagen servida correctamente
2025-12-16 19:27:33,590 INFO c.n.r.c.ProductoController [http-nio-8080-exec-2] GET /productos/9/imagen - solicitando imagen
2025-12-16 19:27:33,590 INFO c.n.r.c.ProductoController [http-nio-8080-exec-5] GET /productos/23/imagen - solicitando imagen
2025-12-16 19:27:33,592 INFO c.n.r.c.ProductoController [http-nio-8080-exec-5] GET /productos/23/imagen - imagen servida correctamente
2025-12-16 19:27:33,592 INFO c.n.r.c.ProductoController [http-nio-8080-exec-2] GET /productos/9/imagen - imagen servida correctamente
2025-12-16 19:27:33,596 INFO c.n.r.c.ProductoController [http-nio-8080-exec-3] GET /productos/17/imagen - solicitando imagen
2025-12-16 19:27:33,596 INFO c.n.r.c.ProductoController [http-nio-8080-exec-4] GET /productos/26/imagen - solicitando imagen
2025-12-16 19:27:33,597 INFO c.n.r.c.ProductoController [http-nio-8080-exec-6] GET /productos/15/imagen - solicitando imagen
2025-12-16 19:27:33,599 INFO c.n.r.c.ProductoController [http-nio-8080-exec-3] GET /productos/17/imagen - imagen servida correctamente
2025-12-16 19:27:33,599 INFO c.n.r.c.ProductoController [http-nio-8080-exec-6] GET /productos/15/imagen - imagen servida correctamente
2025-12-16 19:27:33,600 WARN c.n.r.c.GlobalExceptionHandler [http-nio-8080-exec-4] Recurso no encontrado: ImagenNoEncontradaException
2025-12-16 19:27:33,603 INFO c.n.r.c.ProductoController [http-nio-8080-exec-7] GET /productos/16/imagen - solicitando imagen
2025-12-16 19:27:33,603 INFO c.n.r.c.ProductoController [http-nio-8080-exec-9] GET /productos/19/imagen - solicitando imagen
2025-12-16 19:27:33,603 INFO c.n.r.c.ProductoController [http-nio-8080-exec-1] GET /productos/20/imagen - solicitando imagen
2025-12-16 19:27:33,605 INFO c.n.r.c.ProductoController [http-nio-8080-exec-7] GET /productos/16/imagen - imagen servida correctamente
2025-12-16 19:27:33,605 INFO c.n.r.c.ProductoController [http-nio-8080-exec-1] GET /productos/20/imagen - imagen servida correctamente
2025-12-16 19:27:33,605 INFO c.n.r.c.ProductoController [http-nio-8080-exec-9] GET /productos/19/imagen - imagen servida correctamente
2025-12-16 19:27:34,405 INFO c.n.r.c.CategoriaController [http-nio-8080-exec-8] GET /categorías - filtros: nombre='null', activa=null, fechaCreacion=null, desde=null, hasta=null
2025-12-16 19:27:34,414 INFO c.n.r.s.CategoriaService [http-nio-8080-exec-8] Listando categorías con filtros - nombre: null, activa: null, fechaCreacion: null, desde: null, hasta: null
2025-12-16 19:27:34,419 INFO c.n.r.c.CategoriaController [http-nio-8080-exec-8] Se devolvieron 8 categorias
2025-12-16 19:27:34,422 INFO c.n.r.c.CategoriaController [http-nio-8080-exec-2] GET /categorías - filtros: nombre='null', activa=null, fechaCreacion=null, desde=null, hasta=null
2025-12-16 19:27:34,423 INFO c.n.r.s.CategoriaService [http-nio-8080-exec-2] Listando categorías con filtros - nombre: null, activa: null, fechaCreacion: null, desde: null, hasta: null
2025-12-16 19:27:34,427 INFO c.n.r.c.CategoriaController [http-nio-8080-exec-2] Se devolvieron 8 categorias
2025-12-16 19:56:43,647 INFO c.n.r.c.UsuarioController [http-nio-8080-exec-1] GET /usuarios - filtros: nickname=null, tipoUsuario=null, cuentaActiva=null
2025-12-16 19:56:43,648 INFO c.n.r.s.UsuarioService [http-nio-8080-exec-1] Listando usuarios con filtros nickname=null, tipoUsuario=null, cuentaActiva=null
2025-12-16 19:56:43,658 INFO c.n.r.c.UsuarioController [http-nio-8080-exec-1] Resultado: 14 usuarios encontrados
2025-12-16 19:56:43,661 INFO c.n.r.c.UsuarioController [http-nio-8080-exec-8] GET /usuarios - filtros: nickname=null, tipoUsuario=null, cuentaActiva=null
2025-12-16 19:56:43,662 INFO c.n.r.s.UsuarioService [http-nio-8080-exec-8] Listando usuarios con filtros nickname=null, tipoUsuario=null, cuentaActiva=null
2025-12-16 19:56:43,673 INFO c.n.r.c.UsuarioController [http-nio-8080-exec-8] Resultado: 14 usuarios encontrados
2025-12-16 19:56:53,980 INFO c.n.r.c.CategoriaController [http-nio-8080-exec-2] GET /categorías - filtros: nombre='null', activa=null, fechaCreacion=null, desde=null, hasta=null
2025-12-16 19:56:53,980 INFO c.n.r.s.CategoriaService [http-nio-8080-exec-2] Listando categorías con filtros - nombre: null, activa: null, fechaCreacion: null, desde: null, hasta: null
2025-12-16 19:56:53,980 INFO c.n.r.c.CategoriaController [http-nio-8080-exec-2] Se devolvieron 8 categorias
2025-12-16 19:56:53,980 INFO c.n.r.c.CategoriaController [http-nio-8080-exec-2] GET /categorías - filtros: nombre='null', activa=null, fechaCreacion=null, desde=null, hasta=null
2025-12-16 19:56:53,990 INFO c.n.r.s.CategoriaService [http-nio-8080-exec-2] Listando categorías con filtros - nombre: null, activa: null, fechaCreacion: null, desde: null, hasta: null
2025-12-16 19:56:53,995 INFO c.n.r.c.CategoriaController [http-nio-8080-exec-2] Se devolvieron 8 categorias
2025-12-16 19:57:02,761 INFO c.n.r.c.UsuarioController [http-nio-8080-exec-4] GET /usuarios - filtros: nickname=null, tipoUsuario=null, cuentaActiva=null
2025-12-16 19:57:02,761 INFO c.n.r.s.UsuarioService [http-nio-8080-exec-4] Listando usuarios con filtros nickname=null, tipoUsuario=null, cuentaActiva=null
2025-12-16 19:57:02,769 INFO c.n.r.c.UsuarioController [http-nio-8080-exec-4] Resultado: 14 usuarios encontrados
2025-12-16 19:57:02,774 INFO c.n.r.c.UsuarioController [http-nio-8080-exec-3] GET /usuarios - filtros: nickname=null, tipoUsuario=null, cuentaActiva=null
2025-12-16 19:57:02,774 INFO c.n.r.s.UsuarioService [http-nio-8080-exec-3] Listando usuarios con filtros nickname=null, tipoUsuario=null, cuentaActiva=null
2025-12-16 19:57:02,774 INFO c.n.r.c.UsuarioController [http-nio-8080-exec-3] Resultado: 14 usuarios encontrados
2025-12-16 20:00:21,542 INFO c.n.r.c.UsuarioController [http-nio-8080-exec-7] GET /usuarios - filtros: nickname=null, tipoUsuario=null, cuentaActiva=null
2025-12-16 20:00:21,542 INFO c.n.r.s.UsuarioService [http-nio-8080-exec-7] Listando usuarios con filtros nickname=null, tipoUsuario=null, cuentaActiva=null
2025-12-16 20:00:21,548 INFO c.n.r.c.UsuarioController [http-nio-8080-exec-7] Resultado: 14 usuarios encontrados
2025-12-16 20:00:21,552 INFO c.n.r.c.UsuarioController [http-nio-8080-exec-9] GET /usuarios - filtros: nickname=null, tipoUsuario=null, cuentaActiva=null
2025-12-16 20:00:21,552 INFO c.n.r.s.UsuarioService [http-nio-8080-exec-9] Listando usuarios con filtros nickname=null, tipoUsuario=null, cuentaActiva=null
2025-12-16 20:00:21,560 INFO c.n.r.c.UsuarioController [http-nio-8080-exec-9] Resultado: 14 usuarios encontrados
2025-12-16 20:03:40,716 INFO c.n.r.c.ProductoController [http-nio-8080-exec-5] GET /productos - filtros: nombre=null, activo=null, categoriaId=null, usuarioId=null
2025-12-16 20:03:40,733 INFO c.n.r.c.ProductoController [http-nio-8080-exec-5] GET /productos - encontrados 14 productos
2025-12-16 20:03:40,742 INFO c.n.r.c.ProductoController [http-nio-8080-exec-5] GET /productos - filtros: nombre=null, activo=null, categoriaId=null, usuarioId=null
2025-12-16 20:03:40,759 INFO c.n.r.c.ProductoController [http-nio-8080-exec-6] GET /productos/12/imagen - solicitando imagen
2025-12-16 20:03:40,759 INFO c.n.r.c.ProductoController [http-nio-8080-exec-7] GET /productos/9/imagen - solicitando imagen
2025-12-16 20:03:40,759 INFO c.n.r.c.ProductoController [http-nio-8080-exec-10] GET /productos/14/imagen - solicitando imagen
2025-12-16 20:03:40,759 INFO c.n.r.c.ProductoController [http-nio-8080-exec-4] GET /productos/11/imagen - solicitando imagen
2025-12-16 20:03:40,759 INFO c.n.r.c.ProductoController [http-nio-8080-exec-3] GET /productos/13/imagen - solicitando imagen
2025-12-16 20:03:40,759 INFO c.n.r.c.ProductoController [http-nio-8080-exec-2] GET /productos/10/imagen - solicitando imagen
2025-12-16 20:03:40,762 INFO c.n.r.c.ProductoController [http-nio-8080-exec-3] GET /productos/13/imagen - imagen servida correctamente
2025-12-16 20:03:40,762 INFO c.n.r.c.ProductoController [http-nio-8080-exec-7] GET /productos/9/imagen - imagen servida correctamente
2025-12-16 20:03:40,762 INFO c.n.r.c.ProductoController [http-nio-8080-exec-2] GET /productos/10/imagen - imagen servida correctamente
2025-12-16 20:03:40,762 INFO c.n.r.c.ProductoController [http-nio-8080-exec-10] GET /productos/14/imagen - imagen servida correctamente
2025-12-16 20:03:40,762 INFO c.n.r.c.ProductoController [http-nio-8080-exec-6] GET /productos/12/imagen - imagen servida correctamente
2025-12-16 20:03:40,762 INFO c.n.r.c.ProductoController [http-nio-8080-exec-4] GET /productos/11/imagen - imagen servida correctamente
2025-12-16 20:03:40,764 INFO c.n.r.c.ProductoController [http-nio-8080-exec-5] GET /productos - encontrados 14 productos
2025-12-16 20:03:40,775 INFO c.n.r.c.ProductoController [http-nio-8080-exec-9] GET /productos/26/imagen - solicitando imagen
2025-12-16 20:03:40,776 INFO c.n.r.c.ProductoController [http-nio-8080-exec-8] GET /productos/22/imagen - solicitando imagen
2025-12-16 20:03:40,776 INFO c.n.r.c.ProductoController [http-nio-8080-exec-1] GET /productos/23/imagen - solicitando imagen
2025-12-16 20:03:40,776 INFO c.n.r.c.ProductoController [http-nio-8080-exec-7] GET /productos/15/imagen - solicitando imagen
2025-12-16 20:03:40,776 INFO c.n.r.c.ProductoController [http-nio-8080-exec-4] GET /productos/17/imagen - solicitando imagen
2025-12-16 20:03:40,776 INFO c.n.r.c.ProductoController [http-nio-8080-exec-3] GET /productos/20/imagen - solicitando imagen
2025-12-16 20:03:40,777 WARN c.n.r.c.GlobalExceptionHandler [http-nio-8080-exec-9] Recurso no encontrado: ImagenNoEncontradaException
2025-12-16 20:03:40,778 INFO c.n.r.c.ProductoController [http-nio-8080-exec-1] GET /productos/23/imagen - imagen servida correctamente
2025-12-16 20:03:40,778 INFO c.n.r.c.ProductoController [http-nio-8080-exec-3] GET /productos/20/imagen - imagen servida correctamente
2025-12-16 20:03:40,778 INFO c.n.r.c.ProductoController [http-nio-8080-exec-7] GET /productos/15/imagen - imagen servida correctamente
2025-12-16 20:03:40,778 INFO c.n.r.c.ProductoController [http-nio-8080-exec-4] GET /productos/17/imagen - imagen servida correctamente
2025-12-16 20:03:40,778 INFO c.n.r.c.ProductoController [http-nio-8080-exec-8] GET /productos/22/imagen - imagen servida correctamente
2025-12-16 20:03:40,781 INFO c.n.r.c.ProductoController [http-nio-8080-exec-6] GET /productos/19/imagen - solicitando imagen
2025-12-16 20:03:40,783 INFO c.n.r.c.ProductoController [http-nio-8080-exec-6] GET /productos/19/imagen - imagen servida correctamente
2025-12-16 20:03:40,789 INFO c.n.r.c.ProductoController [http-nio-8080-exec-2] GET /productos/16/imagen - solicitando imagen
2025-12-16 20:03:40,792 INFO c.n.r.c.ProductoController [http-nio-8080-exec-2] GET /productos/16/imagen - imagen servida correctamente
2025-12-16 20:05:13,945 INFO c.n.r.c.UsuarioController [http-nio-8080-exec-8] GET /usuarios - filtros: nickname=null, tipoUsuario=null, cuentaActiva=null
2025-12-16 20:05:13,946 INFO c.n.r.s.UsuarioService [http-nio-8080-exec-8] Listando usuarios con filtros nickname=null, tipoUsuario=null, cuentaActiva=null
2025-12-16 20:05:13,954 INFO c.n.r.c.UsuarioController [http-nio-8080-exec-8] Resultado: 14 usuarios encontrados
2025-12-16 20:05:13,961 INFO c.n.r.c.UsuarioController [http-nio-8080-exec-10] GET /usuarios - filtros: nickname=null, tipoUsuario=null, cuentaActiva=null
2025-12-16 20:05:13,961 INFO c.n.r.s.UsuarioService [http-nio-8080-exec-10] Listando usuarios con filtros nickname=null, tipoUsuario=null, cuentaActiva=null
2025-12-16 20:05:13,964 INFO c.n.r.c.UsuarioController [http-nio-8080-exec-10] Resultado: 14 usuarios encontrados
2025-12-16 20:05:15,508 INFO c.n.r.c.CategoriaController [http-nio-8080-exec-6] GET /categorías - filtros: nombre='null', activa=null, fechaCreacion=null, desde=null, hasta=null
2025-12-16 20:05:15,508 INFO c.n.r.s.CategoriaService [http-nio-8080-exec-6] Listando categorías con filtros - nombre: null, activa: null, fechaCreacion: null, desde: null, hasta: null
2025-12-16 20:05:15,513 INFO c.n.r.c.CategoriaController [http-nio-8080-exec-6] Se devolvieron 8 categorias
2025-12-16 20:05:15,516 INFO c.n.r.c.CategoriaController [http-nio-8080-exec-2] GET /categorías - filtros: nombre='null', activa=null, fechaCreacion=null, desde=null, hasta=null
2025-12-16 20:05:15,517 INFO c.n.r.s.CategoriaService [http-nio-8080-exec-2] Listando categorías con filtros - nombre: null, activa: null, fechaCreacion: null, desde: null, hasta: null
2025-12-16 20:05:15,525 INFO c.n.r.c.CategoriaController [http-nio-8080-exec-2] Se devolvieron 8 categorias
2025-12-16 20:05:16,759 INFO c.n.r.c.UsuarioController [http-nio-8080-exec-7] GET /usuarios - filtros: nickname=null, tipoUsuario=null, cuentaActiva=null
2025-12-16 20:05:16,760 INFO c.n.r.s.UsuarioService [http-nio-8080-exec-7] Listando usuarios con filtros nickname=null, tipoUsuario=null, cuentaActiva=null
2025-12-16 20:05:16,768 INFO c.n.r.c.UsuarioController [http-nio-8080-exec-7] Resultado: 14 usuarios encontrados
2025-12-16 20:05:16,772 INFO c.n.r.c.UsuarioController [http-nio-8080-exec-7] GET /usuarios - filtros: nickname=null, tipoUsuario=null, cuentaActiva=null
2025-12-16 20:05:16,772 INFO c.n.r.s.UsuarioService [http-nio-8080-exec-7] Listando usuarios con filtros nickname=null, tipoUsuario=null, cuentaActiva=null
2025-12-16 20:05:16,779 INFO c.n.r.c.UsuarioController [http-nio-8080-exec-7] Resultado: 14 usuarios encontrados
2025-12-16 20:05:20,158 INFO c.n.r.c.ProductoController [http-nio-8080-exec-3] GET /productos - filtros: nombre=null, activo=null, categoriaId=null, usuarioId=null
2025-12-16 20:05:20,171 INFO c.n.r.c.ProductoController [http-nio-8080-exec-3] GET /productos - encontrados 14 productos
2025-12-16 20:05:20,175 INFO c.n.r.c.ProductoController [http-nio-8080-exec-5] GET /productos - filtros: nombre=null, activo=null, categoriaId=null, usuarioId=null
2025-12-16 20:05:20,182 INFO c.n.r.c.ProductoController [http-nio-8080-exec-5] GET /productos - encontrados 14 productos
2025-12-16 20:05:20,191 INFO c.n.r.c.ProductoController [http-nio-8080-exec-1] GET /productos/26/imagen - solicitando imagen
2025-12-16 20:05:20,193 WARN c.n.r.c.GlobalExceptionHandler [http-nio-8080-exec-1] Recurso no encontrado: ImagenNoEncontradaException
2025-12-16 20:05:21,307 INFO c.n.r.c.CategoriaController [http-nio-8080-exec-8] GET /categorías - filtros: nombre='null', activa=null, fechaCreacion=null, desde=null, hasta=null
2025-12-16 20:05:21,308 INFO c.n.r.s.CategoriaService [http-nio-8080-exec-8] Listando categorías con filtros - nombre: null, activa: null, fechaCreacion: null, desde: null, hasta: null
2025-12-16 20:05:21,311 INFO c.n.r.c.CategoriaController [http-nio-8080-exec-8] Se devolvieron 8 categorias
2025-12-16 20:05:21,313 INFO c.n.r.c.CategoriaController [http-nio-8080-exec-10] GET /categorías - filtros: nombre='null', activa=null, fechaCreacion=null, desde=null, hasta=null
2025-12-16 20:05:21,313 INFO c.n.r.s.CategoriaService [http-nio-8080-exec-10] Listando categorías con filtros - nombre: null, activa: null, fechaCreacion: null, desde: null, hasta: null
2025-12-16 20:05:21,318 INFO c.n.r.c.CategoriaController [http-nio-8080-exec-10] Se devolvieron 8 categorias
2025-12-16 20:05:22,443 INFO c.n.r.c.UsuarioController [http-nio-8080-exec-6] GET /usuarios - filtros: nickname=null, tipoUsuario=null, cuentaActiva=null
2025-12-16 20:05:22,443 INFO c.n.r.s.UsuarioService [http-nio-8080-exec-6] Listando usuarios con filtros nickname=null, tipoUsuario=null, cuentaActiva=null
2025-12-16 20:05:22,450 INFO c.n.r.c.UsuarioController [http-nio-8080-exec-6] Resultado: 14 usuarios encontrados
2025-12-16 20:05:22,453 INFO c.n.r.c.UsuarioController [http-nio-8080-exec-2] GET /usuarios - filtros: nickname=null, tipoUsuario=null, cuentaActiva=null
2025-12-16 20:05:22,453 INFO c.n.r.s.UsuarioService [http-nio-8080-exec-2] Listando usuarios con filtros nickname=null, tipoUsuario=null, cuentaActiva=null
2025-12-16 20:05:22,454 INFO c.n.r.c.UsuarioController [http-nio-8080-exec-2] Resultado: 14 usuarios encontrados
2025-12-16 20:05:48,218 INFO c.n.r.c.ProductoController [http-nio-8080-exec-9] GET /productos - filtros: nombre=null, activo=null, categoriaId=null, usuarioId=null
2025-12-16 20:05:48,231 INFO c.n.r.c.ProductoController [http-nio-8080-exec-9] GET /productos - encontrados 14 productos
2025-12-16 20:05:48,234 INFO c.n.r.c.ProductoController [http-nio-8080-exec-7] GET /productos - filtros: nombre=null, activo=null, categoriaId=null, usuarioId=null
2025-12-16 20:05:48,244 INFO c.n.r.c.ProductoController [http-nio-8080-exec-7] GET /productos - encontrados 14 productos
2025-12-16 20:05:48,247 INFO c.n.r.c.ProductoController [http-nio-8080-exec-3] GET /productos/10/imagen - solicitando imagen
2025-12-16 20:05:48,247 INFO c.n.r.c.ProductoController [http-nio-8080-exec-1] GET /productos/13/imagen - solicitando imagen
2025-12-16 20:05:48,247 INFO c.n.r.c.ProductoController [http-nio-8080-exec-5] GET /productos/11/imagen - solicitando imagen
2025-12-16 20:05:48,247 INFO c.n.r.c.ProductoController [http-nio-8080-exec-4] GET /productos/12/imagen - solicitando imagen
2025-12-16 20:05:48,249 INFO c.n.r.c.ProductoController [http-nio-8080-exec-8] GET /productos/14/imagen - solicitando imagen
2025-12-16 20:05:48,250 INFO c.n.r.c.ProductoController [http-nio-8080-exec-5] GET /productos/11/imagen - imagen servida correctamente
2025-12-16 20:05:48,250 INFO c.n.r.c.ProductoController [http-nio-8080-exec-3] GET /productos/10/imagen - imagen servida correctamente
2025-12-16 20:05:48,250 INFO c.n.r.c.ProductoController [http-nio-8080-exec-4] GET /productos/12/imagen - imagen servida correctamente
2025-12-16 20:05:48,250 INFO c.n.r.c.ProductoController [http-nio-8080-exec-1] GET /productos/13/imagen - imagen servida correctamente
2025-12-16 20:05:48,250 INFO c.n.r.c.ProductoController [http-nio-8080-exec-10] GET /productos/9/imagen - solicitando imagen
2025-12-16 20:05:48,251 INFO c.n.r.c.ProductoController [http-nio-8080-exec-8] GET /productos/14/imagen - imagen servida correctamente
2025-12-16 20:05:48,252 INFO c.n.r.c.ProductoController [http-nio-8080-exec-10] GET /productos/9/imagen - imagen servida correctamente
2025-12-16 20:05:48,258 INFO c.n.r.c.ProductoController [http-nio-8080-exec-2] GET /productos/22/imagen - solicitando imagen
2025-12-16 20:05:48,258 INFO c.n.r.c.ProductoController [http-nio-8080-exec-9] GET /productos/23/imagen - solicitando imagen
2025-12-16 20:05:48,258 INFO c.n.r.c.ProductoController [http-nio-8080-exec-6] GET /productos/26/imagen - solicitando imagen
2025-12-16 20:05:48,258 INFO c.n.r.c.ProductoController [http-nio-8080-exec-7] GET /productos/17/imagen - solicitando imagen
2025-12-16 20:05:48,261 INFO c.n.r.c.ProductoController [http-nio-8080-exec-7] GET /productos/17/imagen - imagen servida correctamente
2025-12-16 20:05:48,261 INFO c.n.r.c.ProductoController [http-nio-8080-exec-9] GET /productos/23/imagen - imagen servida correctamente
2025-12-16 20:05:48,261 INFO c.n.r.c.ProductoController [http-nio-8080-exec-2] GET /productos/22/imagen - imagen servida correctamente
2025-12-16 20:05:48,261 WARN c.n.r.c.GlobalExceptionHandler [http-nio-8080-exec-6] Recurso no encontrado: ImagenNoEncontradaException
2025-12-16 20:05:48,263 INFO c.n.r.c.ProductoController [http-nio-8080-exec-3] GET /productos/20/imagen - solicitando imagen
2025-12-16 20:05:48,263 INFO c.n.r.c.ProductoController [http-nio-8080-exec-1] GET /productos/15/imagen - solicitando imagen
2025-12-16 20:05:48,263 INFO c.n.r.c.ProductoController [http-nio-8080-exec-1] GET /productos/15/imagen - imagen servida correctamente
2025-12-16 20:05:48,263 INFO c.n.r.c.ProductoController [http-nio-8080-exec-3] GET /productos/20/imagen - imagen servida correctamente
2025-12-16 20:05:48,269 INFO c.n.r.c.ProductoController [http-nio-8080-exec-8] GET /productos/16/imagen - solicitando imagen
2025-12-16 20:05:48,269 INFO c.n.r.c.ProductoController [http-nio-8080-exec-4] GET /productos/19/imagen - solicitando imagen
2025-12-16 20:05:48,271 INFO c.n.r.c.ProductoController [http-nio-8080-exec-4] GET /productos/19/imagen - imagen servida correctamente
2025-12-16 20:05:48,271 INFO c.n.r.c.ProductoController [http-nio-8080-exec-8] GET /productos/16/imagen - imagen servida correctamente
2025-12-16 20:05:52,129 INFO c.n.r.c.ProductoController [http-nio-8080-exec-10] GET /productos/26/imagen - solicitando imagen
2025-12-16 20:05:52,130 WARN c.n.r.c.GlobalExceptionHandler [http-nio-8080-exec-10] Recurso no encontrado: ImagenNoEncontradaException
2025-12-16 20:06:22,523 INFO c.n.r.c.UsuarioController [http-nio-8080-exec-9] GET /usuarios - filtros: nickname=null, tipoUsuario=null, cuentaActiva=null
2025-12-16 20:06:22,523 INFO c.n.r.s.UsuarioService [http-nio-8080-exec-9] Listando usuarios con filtros nickname=null, tipoUsuario=null, cuentaActiva=null
2025-12-16 20:06:22,527 INFO c.n.r.c.UsuarioController [http-nio-8080-exec-9] Resultado: 14 usuarios encontrados
2025-12-16 20:06:22,529 INFO c.n.r.c.UsuarioController [http-nio-8080-exec-2] GET /usuarios - filtros: nickname=null, tipoUsuario=null, cuentaActiva=null
2025-12-16 20:06:22,530 INFO c.n.r.s.UsuarioService [http-nio-8080-exec-2] Listando usuarios con filtros nickname=null, tipoUsuario=null, cuentaActiva=null
2025-12-16 20:06:22,533 INFO c.n.r.c.UsuarioController [http-nio-8080-exec-2] Resultado: 14 usuarios encontrados
2025-12-16 20:06:22,969 INFO c.n.r.c.CategoriaController [http-nio-8080-exec-6] GET /categorías - filtros: nombre='null', activa=null, fechaCreacion=null, desde=null, hasta=null
2025-12-16 20:06:22,970 INFO c.n.r.s.CategoriaService [http-nio-8080-exec-6] Listando categorías con filtros - nombre: null, activa: null, fechaCreacion: null, desde: null, hasta: null
2025-12-16 20:06:22,972 INFO c.n.r.c.CategoriaController [http-nio-8080-exec-6] Se devolvieron 8 categorias
2025-12-16 20:06:22,972 INFO c.n.r.c.CategoriaController [http-nio-8080-exec-5] GET /categorías - filtros: nombre='null', activa=null, fechaCreacion=null, desde=null, hasta=null
2025-12-16 20:06:22,972 INFO c.n.r.s.CategoriaService [http-nio-8080-exec-5] Listando categorías con filtros - nombre: null, activa: null, fechaCreacion: null, desde: null, hasta: null
2025-12-16 20:06:22,978 INFO c.n.r.c.CategoriaController [http-nio-8080-exec-5] Se devolvieron 8 categorias
2025-12-16 20:06:26,156 INFO c.n.r.c.UsuarioController [http-nio-8080-exec-1] GET /usuarios - filtros: nickname=null, tipoUsuario=null, cuentaActiva=null
2025-12-16 20:06:26,157 INFO c.n.r.s.UsuarioService [http-nio-8080-exec-1] Listando usuarios con filtros nickname=null, tipoUsuario=null, cuentaActiva=null
2025-12-16 20:06:26,163 INFO c.n.r.c.UsuarioController [http-nio-8080-exec-1] Resultado: 14 usuarios encontrados
2025-12-16 20:06:26,166 INFO c.n.r.c.UsuarioController [http-nio-8080-exec-3] GET /usuarios - filtros: nickname=null, tipoUsuario=null, cuentaActiva=null
2025-12-16 20:06:26,168 INFO c.n.r.s.UsuarioService [http-nio-8080-exec-3] Listando usuarios con filtros nickname=null, tipoUsuario=null, cuentaActiva=null
2025-12-16 20:06:26,174 INFO c.n.r.c.UsuarioController [http-nio-8080-exec-3] Resultado: 14 usuarios encontrados
2025-12-16 20:06:27,728 INFO c.n.r.c.ProductoController [http-nio-8080-exec-8] GET /productos - filtros: nombre=null, activo=null, categoriaId=null, usuarioId=null
2025-12-16 20:06:27,743 INFO c.n.r.c.ProductoController [http-nio-8080-exec-8] GET /productos - encontrados 14 productos
2025-12-16 20:06:27,746 INFO c.n.r.c.ProductoController [http-nio-8080-exec-4] GET /productos - filtros: nombre=null, activo=null, categoriaId=null, usuarioId=null
2025-12-16 20:06:27,754 INFO c.n.r.c.ProductoController [http-nio-8080-exec-4] GET /productos - encontrados 14 productos
2025-12-16 20:06:27,760 INFO c.n.r.c.ProductoController [http-nio-8080-exec-10] GET /productos/26/imagen - solicitando imagen
2025-12-16 20:06:27,762 WARN c.n.r.c.GlobalExceptionHandler [http-nio-8080-exec-10] Recurso no encontrado: ImagenNoEncontradaException
2025-12-16 20:06:29,272 INFO c.n.r.c.CategoriaController [http-nio-8080-exec-9] GET /categorías - filtros: nombre='null', activa=null, fechaCreacion=null, desde=null, hasta=null
2025-12-16 20:06:29,273 INFO c.n.r.s.CategoriaService [http-nio-8080-exec-9] Listando categorías con filtros - nombre: null, activa: null, fechaCreacion: null, desde: null, hasta: null
2025-12-16 20:06:29,278 INFO c.n.r.c.CategoriaController [http-nio-8080-exec-9] Se devolvieron 8 categorias
2025-12-16 20:06:29,280 INFO c.n.r.c.CategoriaController [http-nio-8080-exec-2] GET /categorías - filtros: nombre='null', activa=null, fechaCreacion=null, desde=null, hasta=null
2025-12-16 20:06:29,281 INFO c.n.r.s.CategoriaService [http-nio-8080-exec-2] Listando categorías con filtros - nombre: null, activa: null, fechaCreacion: null, desde: null, hasta: null
2025-12-16 20:06:29,285 INFO c.n.r.c.CategoriaController [http-nio-8080-exec-2] Se devolvieron 8 categorias
2025-12-16 20:06:33,528 INFO c.n.r.c.UsuarioController [http-nio-8080-exec-6] GET /usuarios - filtros: nickname=null, tipoUsuario=null, cuentaActiva=null
2025-12-16 20:06:33,528 INFO c.n.r.s.UsuarioService [http-nio-8080-exec-6] Listando usuarios con filtros nickname=null, tipoUsuario=null, cuentaActiva=null
2025-12-16 20:06:33,532 INFO c.n.r.c.UsuarioController [http-nio-8080-exec-6] Resultado: 14 usuarios encontrados
2025-12-16 20:06:33,536 INFO c.n.r.c.UsuarioController [http-nio-8080-exec-5] GET /usuarios - filtros: nickname=null, tipoUsuario=null, cuentaActiva=null
2025-12-16 20:06:33,536 INFO c.n.r.s.UsuarioService [http-nio-8080-exec-5] Listando usuarios con filtros nickname=null, tipoUsuario=null, cuentaActiva=null
2025-12-16 20:06:33,542 INFO c.n.r.c.UsuarioController [http-nio-8080-exec-5] Resultado: 14 usuarios encontrados
2025-12-16 20:06:38,064 INFO c.n.r.c.ProductoController [http-nio-8080-exec-1] GET /productos - filtros: nombre=null, activo=null, categoriaId=null, usuarioId=null
2025-12-16 20:06:38,077 INFO c.n.r.c.ProductoController [http-nio-8080-exec-1] GET /productos - encontrados 14 productos
2025-12-16 20:06:38,081 INFO c.n.r.c.ProductoController [http-nio-8080-exec-3] GET /productos - filtros: nombre=null, activo=null, categoriaId=null, usuarioId=null
2025-12-16 20:06:38,090 INFO c.n.r.c.ProductoController [http-nio-8080-exec-3] GET /productos - encontrados 14 productos
2025-12-16 20:06:38,094 INFO c.n.r.c.ProductoController [http-nio-8080-exec-8] GET /productos/26/imagen - solicitando imagen
2025-12-16 20:06:38,096 WARN c.n.r.c.GlobalExceptionHandler [http-nio-8080-exec-8] Recurso no encontrado: ImagenNoEncontradaException
2025-12-16 20:06:42,014 INFO c.n.r.c.CategoriaController [http-nio-8080-exec-10] GET /categorías - filtros: nombre='null', activa=null, fechaCreacion=null, desde=null, hasta=null
2025-12-16 20:06:42,015 INFO c.n.r.s.CategoriaService [http-nio-8080-exec-10] Listando categorías con filtros - nombre: null, activa: null, fechaCreacion: null, desde: null, hasta: null
2025-12-16 20:06:42,019 INFO c.n.r.c.CategoriaController [http-nio-8080-exec-10] Se devolvieron 8 categorias
2025-12-16 20:06:42,023 INFO c.n.r.c.CategoriaController [http-nio-8080-exec-10] GET /categorías - filtros: nombre='null', activa=null, fechaCreacion=null, desde=null, hasta=null
2025-12-16 20:06:42,024 INFO c.n.r.s.CategoriaService [http-nio-8080-exec-10] Listando categorías con filtros - nombre: null, activa: null, fechaCreacion: null, desde: null, hasta: null
2025-12-16 20:06:42,031 INFO c.n.r.c.CategoriaController [http-nio-8080-exec-10] Se devolvieron 8 categorias
2025-12-16 20:09:17,399 INFO c.n.r.c.UsuarioController [http-nio-8080-exec-1] GET /usuarios - filtros: nickname=null, tipoUsuario=null, cuentaActiva=null
2025-12-16 20:09:17,400 INFO c.n.r.s.UsuarioService [http-nio-8080-exec-1] Listando usuarios con filtros nickname=null, tipoUsuario=null, cuentaActiva=null
2025-12-16 20:09:17,404 INFO c.n.r.c.UsuarioController [http-nio-8080-exec-1] Resultado: 14 usuarios encontrados
2025-12-16 20:09:17,407 INFO c.n.r.c.UsuarioController [http-nio-8080-exec-3] GET /usuarios - filtros: nickname=null, tipoUsuario=null, cuentaActiva=null
2025-12-16 20:09:17,408 INFO c.n.r.s.UsuarioService [http-nio-8080-exec-3] Listando usuarios con filtros nickname=null, tipoUsuario=null, cuentaActiva=null
2025-12-16 20:09:17,411 INFO c.n.r.c.UsuarioController [http-nio-8080-exec-3] Resultado: 14 usuarios encontrados
2025-12-16 20:10:29,497 INFO c.n.r.c.ProductoController [http-nio-8080-exec-7] GET /productos - filtros: nombre=null, activo=null, categoriaId=null, usuarioId=null
2025-12-16 20:10:29,505 INFO c.n.r.c.ProductoController [http-nio-8080-exec-7] GET /productos - encontrados 14 productos
2025-12-16 20:10:29,508 INFO c.n.r.c.ProductoController [http-nio-8080-exec-10] GET /productos - filtros: nombre=null, activo=null, categoriaId=null, usuarioId=null
2025-12-16 20:10:29,517 INFO c.n.r.c.ProductoController [http-nio-8080-exec-10] GET /productos - encontrados 14 productos
2025-12-16 20:10:29,525 INFO c.n.r.c.ProductoController [http-nio-8080-exec-2] GET /productos/26/imagen - solicitando imagen
2025-12-16 20:10:29,528 WARN c.n.r.c.GlobalExceptionHandler [http-nio-8080-exec-2] Recurso no encontrado: ImagenNoEncontradaException
2025-12-16 20:10:55,780 INFO c.n.r.c.UsuarioController [http-nio-8080-exec-6] GET /usuarios - filtros: nickname=null, tipoUsuario=null, cuentaActiva=null
2025-12-16 20:10:55,780 INFO c.n.r.s.UsuarioService [http-nio-8080-exec-6] Listando usuarios con filtros nickname=null, tipoUsuario=null, cuentaActiva=null
2025-12-16 20:10:55,786 INFO c.n.r.c.UsuarioController [http-nio-8080-exec-6] Resultado: 14 usuarios encontrados
2025-12-16 20:10:55,790 INFO c.n.r.c.UsuarioController [http-nio-8080-exec-5] GET /usuarios - filtros: nickname=null, tipoUsuario=null, cuentaActiva=null
2025-12-16 20:10:55,790 INFO c.n.r.s.UsuarioService [http-nio-8080-exec-5] Listando usuarios con filtros nickname=null, tipoUsuario=null, cuentaActiva=null
2025-12-16 20:10:55,794 INFO c.n.r.c.UsuarioController [http-nio-8080-exec-5] Resultado: 14 usuarios encontrados
2025-12-16 20:10:56,601 INFO c.n.r.c.CategoriaController [http-nio-8080-exec-1] GET /categorías - filtros: nombre='null', activa=null, fechaCreacion=null, desde=null, hasta=null
2025-12-16 20:10:56,601 INFO c.n.r.s.CategoriaService [http-nio-8080-exec-1] Listando categorías con filtros - nombre: null, activa: null, fechaCreacion: null, desde: null, hasta: null
2025-12-16 20:10:56,608 INFO c.n.r.c.CategoriaController [http-nio-8080-exec-1] Se devolvieron 8 categorias
2025-12-16 20:10:56,610 INFO c.n.r.c.CategoriaController [http-nio-8080-exec-3] GET /categorías - filtros: nombre='null', activa=null, fechaCreacion=null, desde=null, hasta=null
2025-12-16 20:10:56,610 INFO c.n.r.s.CategoriaService [http-nio-8080-exec-3] Listando categorías con filtros - nombre: null, activa: null, fechaCreacion: null, desde: null, hasta: null
2025-12-16 20:10:56,613 INFO c.n.r.c.CategoriaController [http-nio-8080-exec-3] Se devolvieron 8 categorias
2025-12-16 20:10:57,868 INFO c.n.r.c.ProductoController [http-nio-8080-exec-4] GET /productos - filtros: nombre=null, activo=null, categoriaId=null, usuarioId=null
2025-12-16 20:10:57,880 INFO c.n.r.c.ProductoController [http-nio-8080-exec-4] GET /productos - encontrados 14 productos
2025-12-16 20:10:57,883 INFO c.n.r.c.ProductoController [http-nio-8080-exec-8] GET /productos - filtros: nombre=null, activo=null, categoriaId=null, usuarioId=null
2025-12-16 20:10:57,893 INFO c.n.r.c.ProductoController [http-nio-8080-exec-8] GET /productos - encontrados 14 productos
2025-12-16 20:10:57,896 INFO c.n.r.c.ProductoController [http-nio-8080-exec-8] GET /productos/26/imagen - solicitando imagen
2025-12-16 20:10:57,899 WARN c.n.r.c.GlobalExceptionHandler [http-nio-8080-exec-8] Recurso no encontrado: ImagenNoEncontradaException
2025-12-16 20:10:59,595 INFO c.n.r.c.UsuarioController [http-nio-8080-exec-2] GET /usuarios - filtros: nickname=null, tipoUsuario=null, cuentaActiva=null
2025-12-16 20:10:59,596 INFO c.n.r.s.UsuarioService [http-nio-8080-exec-2] Listando usuarios con filtros nickname=null, tipoUsuario=null, cuentaActiva=null
2025-12-16 20:10:59,600 INFO c.n.r.c.UsuarioController [http-nio-8080-exec-2] Resultado: 14 usuarios encontrados
2025-12-16 20:10:59,602 INFO c.n.r.c.UsuarioController [http-nio-8080-exec-9] GET /usuarios - filtros: nickname=null, tipoUsuario=null, cuentaActiva=null
2025-12-16 20:10:59,602 INFO c.n.r.s.UsuarioService [http-nio-8080-exec-9] Listando usuarios con filtros nickname=null, tipoUsuario=null, cuentaActiva=null
2025-12-16 20:10:59,609 INFO c.n.r.c.UsuarioController [http-nio-8080-exec-9] Resultado: 14 usuarios encontrados
2025-12-16 20:11:00,060 INFO c.n.r.c.CategoriaController [http-nio-8080-exec-6] GET /categorías - filtros: nombre='null', activa=null, fechaCreacion=null, desde=null, hasta=null
2025-12-16 20:11:00,060 INFO c.n.r.s.CategoriaService [http-nio-8080-exec-6] Listando categorías con filtros - nombre: null, activa: null, fechaCreacion: null, desde: null, hasta: null
2025-12-16 20:11:00,065 INFO c.n.r.c.CategoriaController [http-nio-8080-exec-6] Se devolvieron 8 categorias
2025-12-16 20:11:00,068 INFO c.n.r.c.CategoriaController [http-nio-8080-exec-5] GET /categorías - filtros: nombre='null', activa=null, fechaCreacion=null, desde=null, hasta=null
2025-12-16 20:11:00,069 INFO c.n.r.s.CategoriaService [http-nio-8080-exec-5] Listando categorías con filtros - nombre: null, activa: null, fechaCreacion: null, desde: null, hasta: null
2025-12-16 20:11:00,073 INFO c.n.r.c.CategoriaController [http-nio-8080-exec-5] Se devolvieron 8 categorias
2025-12-16 20:11:01,079 INFO c.n.r.c.UsuarioController [http-nio-8080-exec-1] GET /usuarios - filtros: nickname=null, tipoUsuario=null, cuentaActiva=null
2025-12-16 20:11:01,079 INFO c.n.r.s.UsuarioService [http-nio-8080-exec-1] Listando usuarios con filtros nickname=null, tipoUsuario=null, cuentaActiva=null
2025-12-16 20:11:01,085 INFO c.n.r.c.UsuarioController [http-nio-8080-exec-1] Resultado: 14 usuarios encontrados
2025-12-16 20:11:01,088 INFO c.n.r.c.UsuarioController [http-nio-8080-exec-3] GET /usuarios - filtros: nickname=null, tipoUsuario=null, cuentaActiva=null
2025-12-16 20:11:01,089 INFO c.n.r.s.UsuarioService [http-nio-8080-exec-3] Listando usuarios con filtros nickname=null, tipoUsuario=null, cuentaActiva=null
2025-12-16 20:11:01,092 INFO c.n.r.c.UsuarioController [http-nio-8080-exec-3] Resultado: 14 usuarios encontrados
2025-12-16 20:11:01,540 INFO c.n.r.c.ProductoController [http-nio-8080-exec-4] GET /productos - filtros: nombre=null, activo=null, categoriaId=null, usuarioId=null
2025-12-16 20:11:01,556 INFO c.n.r.c.ProductoController [http-nio-8080-exec-4] GET /productos - encontrados 14 productos
2025-12-16 20:11:01,559 INFO c.n.r.c.ProductoController [http-nio-8080-exec-7] GET /productos - filtros: nombre=null, activo=null, categoriaId=null, usuarioId=null
2025-12-16 20:11:01,567 INFO c.n.r.c.ProductoController [http-nio-8080-exec-7] GET /productos - encontrados 14 productos
2025-12-16 20:11:01,574 INFO c.n.r.c.ProductoController [http-nio-8080-exec-8] GET /productos/26/imagen - solicitando imagen
2025-12-16 20:11:01,576 WARN c.n.r.c.GlobalExceptionHandler [http-nio-8080-exec-8] Recurso no encontrado: ImagenNoEncontradaException
2025-12-16 20:43:22,623 INFO c.n.r.c.ProductoController [http-nio-8080-exec-6] GET /productos - filtros: nombre=null, activo=null, categoriaId=null, usuarioId=null
2025-12-16 20:43:22,630 INFO c.n.r.c.ProductoController [http-nio-8080-exec-6] GET /productos - encontrados 14 productos
2025-12-16 20:43:22,632 INFO c.n.r.c.ProductoController [http-nio-8080-exec-5] GET /productos - filtros: nombre=null, activo=null, categoriaId=null, usuarioId=null
2025-12-16 20:43:22,641 INFO c.n.r.c.ProductoController [http-nio-8080-exec-5] GET /productos - encontrados 14 productos
2025-12-16 20:43:22,650 INFO c.n.r.c.ProductoController [http-nio-8080-exec-3] GET /productos/11/imagen - solicitando imagen
2025-12-16 20:43:22,650 INFO c.n.r.c.ProductoController [http-nio-8080-exec-10] GET /productos/9/imagen - solicitando imagen
2025-12-16 20:43:22,650 INFO c.n.r.c.ProductoController [http-nio-8080-exec-7] GET /productos/12/imagen - solicitando imagen
2025-12-16 20:43:22,650 INFO c.n.r.c.ProductoController [http-nio-8080-exec-1] GET /productos/10/imagen - solicitando imagen
2025-12-16 20:43:22,650 INFO c.n.r.c.ProductoController [http-nio-8080-exec-8] GET /productos/14/imagen - solicitando imagen
2025-12-16 20:43:22,650 INFO c.n.r.c.ProductoController [http-nio-8080-exec-4] GET /productos/13/imagen - solicitando imagen
2025-12-16 20:43:22,650 INFO c.n.r.c.ProductoController [http-nio-8080-exec-4] GET /productos/13/imagen - imagen servida correctamente
2025-12-16 20:43:22,650 INFO c.n.r.c.ProductoController [http-nio-8080-exec-3] GET /productos/11/imagen - imagen servida correctamente
2025-12-16 20:43:22,650 INFO c.n.r.c.ProductoController [http-nio-8080-exec-7] GET /productos/12/imagen - imagen servida correctamente
2025-12-16 20:43:22,650 INFO c.n.r.c.ProductoController [http-nio-8080-exec-10] GET /productos/9/imagen - imagen servida correctamente
2025-12-16 20:43:22,655 INFO c.n.r.c.ProductoController [http-nio-8080-exec-1] GET /productos/10/imagen - imagen servida correctamente
2025-12-16 20:43:22,655 INFO c.n.r.c.ProductoController [http-nio-8080-exec-8] GET /productos/14/imagen - imagen servida correctamente
2025-12-16 20:43:22,662 INFO c.n.r.c.ProductoController [http-nio-8080-exec-2] GET /productos/26/imagen - solicitando imagen
2025-12-16 20:43:22,662 INFO c.n.r.c.ProductoController [http-nio-8080-exec-9] GET /productos/22/imagen - solicitando imagen
2025-12-16 20:43:22,662 INFO c.n.r.c.ProductoController [http-nio-8080-exec-5] GET /productos/17/imagen - solicitando imagen
2025-12-16 20:43:22,662 INFO c.n.r.c.ProductoController [http-nio-8080-exec-6] GET /productos/23/imagen - solicitando imagen
2025-12-16 20:43:22,664 INFO c.n.r.c.ProductoController [http-nio-8080-exec-10] GET /productos/20/imagen - solicitando imagen
2025-12-16 20:43:22,663 INFO c.n.r.c.ProductoController [http-nio-8080-exec-4] GET /productos/15/imagen - solicitando imagen
2025-12-16 20:43:22,664 INFO c.n.r.c.ProductoController [http-nio-8080-exec-5] GET /productos/17/imagen - imagen servida correctamente
2025-12-16 20:43:22,664 INFO c.n.r.c.ProductoController [http-nio-8080-exec-6] GET /productos/23/imagen - imagen servida correctamente
2025-12-16 20:43:22,664 INFO c.n.r.c.ProductoController [http-nio-8080-exec-9] GET /productos/22/imagen - imagen servida correctamente
2025-12-16 20:43:22,664 WARN c.n.r.c.GlobalExceptionHandler [http-nio-8080-exec-2] Recurso no encontrado: ImagenNoEncontradaException
2025-12-16 20:43:22,665 INFO c.n.r.c.ProductoController [http-nio-8080-exec-10] GET /productos/20/imagen - imagen servida correctamente
2025-12-16 20:43:22,665 INFO c.n.r.c.ProductoController [http-nio-8080-exec-4] GET /productos/15/imagen - imagen servida correctamente
2025-12-16 20:43:22,672 INFO c.n.r.c.ProductoController [http-nio-8080-exec-3] GET /productos/19/imagen - solicitando imagen
2025-12-16 20:43:22,672 INFO c.n.r.c.ProductoController [http-nio-8080-exec-8] GET /productos/16/imagen - solicitando imagen
2025-12-16 20:43:22,673 INFO c.n.r.c.ProductoController [http-nio-8080-exec-8] GET /productos/16/imagen - imagen servida correctamente
2025-12-16 20:43:22,673 INFO c.n.r.c.ProductoController [http-nio-8080-exec-3] GET /productos/19/imagen - imagen servida correctamente
2025-12-16 20:46:46,404 INFO c.n.r.c.UsuarioController [http-nio-8080-exec-4] GET /usuarios - filtros: nickname=null, tipoUsuario=null, cuentaActiva=null
2025-12-16 20:46:46,405 INFO c.n.r.s.UsuarioService [http-nio-8080-exec-4] Listando usuarios con filtros nickname=null, tipoUsuario=null, cuentaActiva=null
2025-12-16 20:46:46,409 INFO c.n.r.c.UsuarioController [http-nio-8080-exec-4] Resultado: 14 usuarios encontrados
2025-12-16 20:46:46,412 INFO c.n.r.c.UsuarioController [http-nio-8080-exec-7] GET /usuarios - filtros: nickname=null, tipoUsuario=null, cuentaActiva=null
2025-12-16 20:46:46,413 INFO c.n.r.s.UsuarioService [http-nio-8080-exec-7] Listando usuarios con filtros nickname=null, tipoUsuario=null, cuentaActiva=null
2025-12-16 20:46:46,418 INFO c.n.r.c.UsuarioController [http-nio-8080-exec-7] Resultado: 14 usuarios encontrados
2025-12-16 20:46:47,585 INFO c.n.r.c.CategoriaController [http-nio-8080-exec-3] GET /categorías - filtros: nombre='null', activa=null, fechaCreacion=null, desde=null, hasta=null
2025-12-16 20:46:47,586 INFO c.n.r.s.CategoriaService [http-nio-8080-exec-3] Listando categorías con filtros - nombre: null, activa: null, fechaCreacion: null, desde: null, hasta: null
2025-12-16 20:46:47,590 INFO c.n.r.c.CategoriaController [http-nio-8080-exec-3] Se devolvieron 8 categorias
2025-12-16 20:46:47,594 INFO c.n.r.c.CategoriaController [http-nio-8080-exec-8] GET /categorías - filtros: nombre='null', activa=null, fechaCreacion=null, desde=null, hasta=null
2025-12-16 20:46:47,594 INFO c.n.r.s.CategoriaService [http-nio-8080-exec-8] Listando categorías con filtros - nombre: null, activa: null, fechaCreacion: null, desde: null, hasta: null
2025-12-16 20:46:47,596 INFO c.n.r.c.CategoriaController [http-nio-8080-exec-8] Se devolvieron 8 categorias
2025-12-16 20:46:48,781 INFO c.n.r.c.ProductoController [http-nio-8080-exec-1] GET /productos - filtros: nombre=null, activo=null, categoriaId=null, usuarioId=null
2025-12-16 20:46:48,782 INFO c.n.r.c.ProductoController [http-nio-8080-exec-1] GET /productos - encontrados 14 productos
2025-12-16 20:46:48,782 INFO c.n.r.c.ProductoController [http-nio-8080-exec-10] GET /productos - filtros: nombre=null, activo=null, categoriaId=null, usuarioId=null
2025-12-16 20:46:48,800 INFO c.n.r.c.ProductoController [http-nio-8080-exec-5] GET /productos/26/imagen - solicitando imagen
2025-12-16 20:46:48,803 WARN c.n.r.c.GlobalExceptionHandler [http-nio-8080-exec-5] Recurso no encontrado: ImagenNoEncontradaException
2025-12-16 20:46:48,804 INFO c.n.r.c.ProductoController [http-nio-8080-exec-10] GET /productos - encontrados 14 productos
2025-12-16 20:46:55,753 INFO c.n.r.c.ProductoController [http-nio-8080-exec-9] GET /productos - filtros: nombre=null, activo=null, categoriaId=null, usuarioId=null
2025-12-16 20:46:55,761 INFO c.n.r.c.ProductoController [http-nio-8080-exec-9] GET /productos - encontrados 14 productos
2025-12-16 20:46:55,763 INFO c.n.r.c.ProductoController [http-nio-8080-exec-6] GET /productos - filtros: nombre=null, activo=null, categoriaId=null, usuarioId=null
2025-12-16 20:46:55,770 INFO c.n.r.c.ProductoController [http-nio-8080-exec-6] GET /productos - encontrados 14 productos
2025-12-16 20:46:55,770 INFO c.n.r.c.ProductoController [http-nio-8080-exec-4] GET /productos/10/imagen - solicitando imagen
2025-12-16 20:46:55,772 INFO c.n.r.c.ProductoController [http-nio-8080-exec-3] GET /productos/13/imagen - solicitando imagen
2025-12-16 20:46:55,772 INFO c.n.r.c.ProductoController [http-nio-8080-exec-7] GET /productos/11/imagen - solicitando imagen
2025-12-16 20:46:55,773 INFO c.n.r.c.ProductoController [http-nio-8080-exec-4] GET /productos/10/imagen - imagen servida correctamente
2025-12-16 20:46:55,774 INFO c.n.r.c.ProductoController [http-nio-8080-exec-1] GET /productos/14/imagen - solicitando imagen
2025-12-16 20:46:55,774 INFO c.n.r.c.ProductoController [http-nio-8080-exec-8] GET /productos/12/imagen - solicitando imagen
2025-12-16 20:46:55,774 INFO c.n.r.c.ProductoController [http-nio-8080-exec-3] GET /productos/13/imagen - imagen servida correctamente
2025-12-16 20:46:55,775 INFO c.n.r.c.ProductoController [http-nio-8080-exec-7] GET /productos/11/imagen - imagen servida correctamente
2025-12-16 20:46:55,775 INFO c.n.r.c.ProductoController [http-nio-8080-exec-5] GET /productos/9/imagen - solicitando imagen
2025-12-16 20:46:55,776 INFO c.n.r.c.ProductoController [http-nio-8080-exec-1] GET /productos/14/imagen - imagen servida correctamente
2025-12-16 20:46:55,776 INFO c.n.r.c.ProductoController [http-nio-8080-exec-8] GET /productos/12/imagen - imagen servida correctamente
2025-12-16 20:46:55,778 INFO c.n.r.c.ProductoController [http-nio-8080-exec-5] GET /productos/9/imagen - imagen servida correctamente
2025-12-16 20:46:55,783 INFO c.n.r.c.ProductoController [http-nio-8080-exec-2] GET /productos/22/imagen - solicitando imagen
2025-12-16 20:46:55,786 INFO c.n.r.c.ProductoController [http-nio-8080-exec-2] GET /productos/22/imagen - imagen servida correctamente
2025-12-16 20:46:55,787 INFO c.n.r.c.ProductoController [http-nio-8080-exec-10] GET /productos/23/imagen - solicitando imagen
2025-12-16 20:46:55,789 INFO c.n.r.c.ProductoController [http-nio-8080-exec-9] GET /productos/17/imagen - solicitando imagen
2025-12-16 20:46:55,789 INFO c.n.r.c.ProductoController [http-nio-8080-exec-10] GET /productos/23/imagen - imagen servida correctamente
2025-12-16 20:46:55,790 INFO c.n.r.c.ProductoController [http-nio-8080-exec-9] GET /productos/17/imagen - imagen servida correctamente
2025-12-16 20:46:55,791 INFO c.n.r.c.ProductoController [http-nio-8080-exec-3] GET /productos/19/imagen - solicitando imagen
2025-12-16 20:46:55,791 INFO c.n.r.c.ProductoController [http-nio-8080-exec-6] GET /productos/15/imagen - solicitando imagen
2025-12-16 20:46:55,792 INFO c.n.r.c.ProductoController [http-nio-8080-exec-4] GET /productos/20/imagen - solicitando imagen
2025-12-16 20:46:55,793 INFO c.n.r.c.ProductoController [http-nio-8080-exec-3] GET /productos/19/imagen - imagen servida correctamente
2025-12-16 20:46:55,793 INFO c.n.r.c.ProductoController [http-nio-8080-exec-6] GET /productos/15/imagen - imagen servida correctamente
2025-12-16 20:46:55,793 INFO c.n.r.c.ProductoController [http-nio-8080-exec-4] GET /productos/20/imagen - imagen servida correctamente
2025-12-16 20:46:55,797 INFO c.n.r.c.ProductoController [http-nio-8080-exec-7] GET /productos/26/imagen - solicitando imagen
2025-12-16 20:46:55,799 INFO c.n.r.c.ProductoController [http-nio-8080-exec-8] GET /productos/16/imagen - solicitando imagen
2025-12-16 20:46:55,799 WARN c.n.r.c.GlobalExceptionHandler [http-nio-8080-exec-7] Recurso no encontrado: ImagenNoEncontradaException
2025-12-16 20:46:55,800 INFO c.n.r.c.ProductoController [http-nio-8080-exec-8] GET /productos/16/imagen - imagen servida correctamente
2025-12-16 20:48:09,930 INFO o.s.b.w.e.t.GracefulShutdown [SpringApplicationShutdownHook] Commencing graceful shutdown. Waiting for active requests to complete
2025-12-16 20:48:09,948 INFO o.s.b.w.e.t.GracefulShutdown [tomcat-shutdown] Graceful shutdown complete
2025-12-16 20:48:09,948 INFO o.s.o.j.AbstractEntityManagerFactoryBean [SpringApplicationShutdownHook] Closing JPA EntityManagerFactory for persistence unit 'default'
2025-12-16 20:48:09,948 INFO c.z.h.HikariDataSource [SpringApplicationShutdownHook] HikariPool-1 - Shutdown initiated...
2025-12-16 20:48:09,948 INFO c.z.h.HikariDataSource [SpringApplicationShutdownHook] HikariPool-1 - Shutdown completed.
