2026-01-10 16:52:20,628 INFO o.h.v.i.u.Version [background-preinit] HV000001: Hibernate Validator 8.0.3.Final
2026-01-10 16:52:20,657 INFO o.s.b.StartupInfoLogger [main] Starting RelabApplication using Java 21.0.8 with PID 27512 (D:\DAM\Segundo\AccesoDatos\AA1\API_ReLab\target\classes started by natal in D:\DAM\Segundo\AccesoDatos\AA1\API_ReLab)
2026-01-10 16:52:20,658 INFO o.s.b.SpringApplication [main] No active profile set, falling back to 1 default profile: "default"
2026-01-10 16:52:21,078 INFO o.s.d.r.c.RepositoryConfigurationDelegate [main] Bootstrapping Spring Data JPA repositories in DEFAULT mode.
2026-01-10 16:52:21,125 INFO o.s.d.r.c.RepositoryConfigurationDelegate [main] Finished Spring Data repository scanning in 35 ms. Found 5 JPA repository interfaces.
2026-01-10 16:52:21,537 INFO o.s.b.w.e.t.TomcatWebServer [main] Tomcat initialized with port 8080 (http)
2026-01-10 16:52:21,546 INFO o.a.j.l.DirectJDKLog [main] Initializing ProtocolHandler ["http-nio-8080"]
2026-01-10 16:52:21,549 INFO o.a.j.l.DirectJDKLog [main] Starting service [Tomcat]
2026-01-10 16:52:21,549 INFO o.a.j.l.DirectJDKLog [main] Starting Servlet engine: [Apache Tomcat/10.1.46]
2026-01-10 16:52:21,601 INFO o.a.j.l.DirectJDKLog [main] Initializing Spring embedded WebApplicationContext
2026-01-10 16:52:21,602 INFO o.s.b.w.s.c.ServletWebServerApplicationContext [main] Root WebApplicationContext: initialization completed in 920 ms
2026-01-10 16:52:21,731 INFO o.h.j.i.u.LogHelper [main] HHH000204: Processing PersistenceUnitInfo [name: default]
2026-01-10 16:52:21,787 INFO o.h.Version [main] HHH000412: Hibernate ORM core version 6.6.29.Final
2026-01-10 16:52:21,812 INFO o.h.c.i.RegionFactoryInitiator [main] HHH000026: Second-level cache disabled
2026-01-10 16:52:22,180 INFO o.s.o.j.p.SpringPersistenceUnitInfo [main] No LoadTimeWeaver setup: ignoring JPA class transformer
2026-01-10 16:52:22,221 INFO c.z.h.HikariDataSource [main] HikariPool-1 - Starting...
2026-01-10 16:52:22,356 INFO c.z.h.p.HikariPool [main] HikariPool-1 - Added connection org.mariadb.jdbc.Connection@2b6262bc
2026-01-10 16:52:22,358 INFO c.z.h.HikariDataSource [main] HikariPool-1 - Start completed.
2026-01-10 16:52:22,395 WARN o.h.e.j.d.i.DialectFactoryImpl [main] HHH90000025: MariaDBDialect does not need to be specified explicitly using 'hibernate.dialect' (remove the property setting and it will be selected by default)
2026-01-10 16:52:22,397 INFO o.h.e.j.e.i.JdbcEnvironmentInitiator [main] HHH10001005: Database info:
	Database JDBC URL [Connecting through datasource 'HikariDataSource (HikariPool-1)']
	Database driver: undefined/unknown
	Database version: 12.0.2
	Autocommit mode: undefined/unknown
	Isolation level: undefined/unknown
	Minimum pool size: undefined/unknown
	Maximum pool size: undefined/unknown
2026-01-10 16:52:23,163 INFO o.h.e.t.j.p.i.JtaPlatformInitiator [main] HHH000489: No JTA platform available (set 'hibernate.transaction.jta.platform' to enable JTA platform integration)
2026-01-10 16:52:23,227 INFO o.s.o.j.AbstractEntityManagerFactoryBean [main] Initialized JPA EntityManagerFactory for persistence unit 'default'
2026-01-10 16:52:23,653 WARN o.s.b.a.o.j.JpaBaseConfiguration$JpaWebConfiguration [main] spring.jpa.open-in-view is enabled by default. Therefore, database queries may be performed during view rendering. Explicitly configure spring.jpa.open-in-view to disable this warning
2026-01-10 16:52:23,877 INFO o.a.j.l.DirectJDKLog [main] Starting ProtocolHandler ["http-nio-8080"]
2026-01-10 16:52:23,892 INFO o.s.b.w.e.t.TomcatWebServer [main] Tomcat started on port 8080 (http) with context path '/'
2026-01-10 16:52:23,898 INFO o.s.b.StartupInfoLogger [main] Started RelabApplication in 3.512 seconds (process running for 3.683)
2026-01-10 17:12:48,744 INFO o.a.j.l.DirectJDKLog [http-nio-8080-exec-1] Initializing Spring DispatcherServlet 'dispatcherServlet'
2026-01-10 17:12:48,745 INFO o.s.w.s.FrameworkServlet [http-nio-8080-exec-1] Initializing Servlet 'dispatcherServlet'
2026-01-10 17:12:48,746 INFO o.s.w.s.FrameworkServlet [http-nio-8080-exec-1] Completed initialization in 1 ms
2026-01-10 17:22:59,030 INFO c.n.r.c.ProductoController [http-nio-8080-exec-8] GET /productos - filtros: nombre=null, activo=null, categoriaId=null, usuarioId=null
2026-01-10 17:22:59,184 INFO c.n.r.c.ProductoController [http-nio-8080-exec-8] GET /productos - encontrados 19 productos
2026-01-10 17:22:59,315 INFO c.n.r.c.ProductoController [http-nio-8080-exec-6] GET /productos/9/imagen - solicitando imagen
2026-01-10 17:22:59,319 INFO c.n.r.c.ProductoController [http-nio-8080-exec-7] GET /productos/11/imagen - solicitando imagen
2026-01-10 17:22:59,322 INFO c.n.r.c.ProductoController [http-nio-8080-exec-6] GET /productos/9/imagen - imagen servida correctamente
2026-01-10 17:22:59,322 INFO c.n.r.c.ProductoController [http-nio-8080-exec-7] GET /productos/11/imagen - imagen servida correctamente
2026-01-10 17:22:59,324 INFO c.n.r.c.ProductoController [http-nio-8080-exec-5] GET /productos/10/imagen - solicitando imagen
2026-01-10 17:22:59,327 INFO c.n.r.c.ProductoController [http-nio-8080-exec-5] GET /productos/10/imagen - imagen servida correctamente
2026-01-10 17:22:59,973 INFO c.n.r.c.ProductoController [http-nio-8080-exec-9] GET /productos/12/imagen - solicitando imagen
2026-01-10 17:22:59,975 INFO c.n.r.c.ProductoController [http-nio-8080-exec-9] GET /productos/12/imagen - imagen servida correctamente
2026-01-10 17:23:00,040 INFO c.n.r.c.ProductoController [http-nio-8080-exec-10] GET /productos/13/imagen - solicitando imagen
2026-01-10 17:23:00,044 INFO c.n.r.c.ProductoController [http-nio-8080-exec-10] GET /productos/13/imagen - imagen servida correctamente
2026-01-10 17:24:34,077 INFO c.n.r.c.UsuarioController [http-nio-8080-exec-8] GET /usuarios - filtros: nickname=jorge, tipoUsuario=null, cuentaActiva=null
2026-01-10 17:24:34,078 INFO c.n.r.s.UsuarioService [http-nio-8080-exec-8] Listando usuarios con filtros nickname=jorge, tipoUsuario=null, cuentaActiva=null
2026-01-10 17:24:34,136 INFO c.n.r.c.UsuarioController [http-nio-8080-exec-8] Resultado: 1 usuarios encontrados
2026-01-10 17:24:36,085 INFO c.n.r.c.ProductoController [http-nio-8080-exec-6] GET /productos - filtros: nombre=null, activo=null, categoriaId=null, usuarioId=null
2026-01-10 17:24:36,104 INFO c.n.r.c.ProductoController [http-nio-8080-exec-6] GET /productos - encontrados 19 productos
2026-01-10 17:24:36,194 INFO c.n.r.c.ProductoController [http-nio-8080-exec-7] GET /productos/9/imagen - solicitando imagen
2026-01-10 17:24:36,195 INFO c.n.r.c.ProductoController [http-nio-8080-exec-5] GET /productos/10/imagen - solicitando imagen
2026-01-10 17:24:36,195 INFO c.n.r.c.ProductoController [http-nio-8080-exec-9] GET /productos/11/imagen - solicitando imagen
2026-01-10 17:24:36,196 INFO c.n.r.c.ProductoController [http-nio-8080-exec-7] GET /productos/9/imagen - imagen servida correctamente
2026-01-10 17:24:36,196 INFO c.n.r.c.ProductoController [http-nio-8080-exec-5] GET /productos/10/imagen - imagen servida correctamente
2026-01-10 17:24:36,197 INFO c.n.r.c.ProductoController [http-nio-8080-exec-9] GET /productos/11/imagen - imagen servida correctamente
2026-01-10 17:24:52,339 INFO c.n.r.c.ProductoController [http-nio-8080-exec-10] GET /productos/12/imagen - solicitando imagen
2026-01-10 17:24:52,340 INFO c.n.r.c.ProductoController [http-nio-8080-exec-10] GET /productos/12/imagen - imagen servida correctamente
2026-01-10 17:24:52,390 INFO c.n.r.c.ProductoController [http-nio-8080-exec-1] GET /productos/13/imagen - solicitando imagen
2026-01-10 17:24:52,392 INFO c.n.r.c.ProductoController [http-nio-8080-exec-1] GET /productos/13/imagen - imagen servida correctamente
2026-01-10 17:24:52,588 INFO c.n.r.c.ProductoController [http-nio-8080-exec-3] GET /productos/14/imagen - solicitando imagen
2026-01-10 17:24:52,590 INFO c.n.r.c.ProductoController [http-nio-8080-exec-3] GET /productos/14/imagen - imagen servida correctamente
2026-01-10 17:24:53,004 INFO c.n.r.c.ProductoController [http-nio-8080-exec-2] GET /productos/15/imagen - solicitando imagen
2026-01-10 17:24:53,006 INFO c.n.r.c.ProductoController [http-nio-8080-exec-2] GET /productos/15/imagen - imagen servida correctamente
2026-01-10 17:24:53,007 INFO c.n.r.c.ProductoController [http-nio-8080-exec-4] GET /productos/16/imagen - solicitando imagen
2026-01-10 17:24:53,009 INFO c.n.r.c.ProductoController [http-nio-8080-exec-4] GET /productos/16/imagen - imagen servida correctamente
2026-01-10 17:24:53,372 INFO c.n.r.c.ProductoController [http-nio-8080-exec-8] GET /productos/17/imagen - solicitando imagen
2026-01-10 17:24:53,375 INFO c.n.r.c.ProductoController [http-nio-8080-exec-8] GET /productos/17/imagen - imagen servida correctamente
2026-01-10 17:24:54,956 INFO c.n.r.c.ProductoController [http-nio-8080-exec-6] GET /productos/19/imagen - solicitando imagen
2026-01-10 17:24:54,958 INFO c.n.r.c.ProductoController [http-nio-8080-exec-6] GET /productos/19/imagen - imagen servida correctamente
2026-01-10 17:24:56,523 INFO c.n.r.c.ProductoController [http-nio-8080-exec-5] GET /productos/20/imagen - solicitando imagen
2026-01-10 17:24:56,525 INFO c.n.r.c.ProductoController [http-nio-8080-exec-5] GET /productos/20/imagen - imagen servida correctamente
2026-01-10 17:25:37,626 INFO c.n.r.c.UsuarioController [http-nio-8080-exec-10] GET /usuarios - filtros: nickname=l, tipoUsuario=null, cuentaActiva=null
2026-01-10 17:25:37,627 INFO c.n.r.s.UsuarioService [http-nio-8080-exec-10] Listando usuarios con filtros nickname=l, tipoUsuario=null, cuentaActiva=null
2026-01-10 17:25:37,634 WARN c.n.r.c.GlobalExceptionHandler [http-nio-8080-exec-10] Recurso no encontrado: UsuarioNoEncontradoException
2026-01-10 17:45:01,729 INFO c.n.r.c.UsuarioController [http-nio-8080-exec-4] GET /usuarios - filtros: nickname=Olguita, tipoUsuario=null, cuentaActiva=null
2026-01-10 17:45:01,730 INFO c.n.r.s.UsuarioService [http-nio-8080-exec-4] Listando usuarios con filtros nickname=Olguita, tipoUsuario=null, cuentaActiva=null
2026-01-10 17:45:01,735 WARN c.n.r.c.GlobalExceptionHandler [http-nio-8080-exec-4] Recurso no encontrado: UsuarioNoEncontradoException
2026-01-10 17:46:24,595 INFO c.n.r.c.UsuarioController [http-nio-8080-exec-6] POST /usuarios - creando usuario con nickname Olguita
2026-01-10 17:46:24,596 INFO c.n.r.s.UsuarioService [http-nio-8080-exec-6] Agregando usuario con nickname Olguita
2026-01-10 17:46:24,643 INFO c.n.r.s.UsuarioService [http-nio-8080-exec-6] Usuario creado con id 30
2026-01-10 17:46:24,643 INFO c.n.r.c.UsuarioController [http-nio-8080-exec-6] Usuario creado con id 30
2026-01-10 17:46:34,439 INFO c.n.r.c.UsuarioController [http-nio-8080-exec-5] GET /usuarios - filtros: nickname=olga, tipoUsuario=null, cuentaActiva=null
2026-01-10 17:46:34,439 INFO c.n.r.s.UsuarioService [http-nio-8080-exec-5] Listando usuarios con filtros nickname=olga, tipoUsuario=null, cuentaActiva=null
2026-01-10 17:46:34,442 WARN c.n.r.c.GlobalExceptionHandler [http-nio-8080-exec-5] Recurso no encontrado: UsuarioNoEncontradoException
2026-01-10 17:46:40,621 INFO c.n.r.c.UsuarioController [http-nio-8080-exec-7] GET /usuarios - filtros: nickname=Olga, tipoUsuario=null, cuentaActiva=null
2026-01-10 17:46:40,622 INFO c.n.r.s.UsuarioService [http-nio-8080-exec-7] Listando usuarios con filtros nickname=Olga, tipoUsuario=null, cuentaActiva=null
2026-01-10 17:46:40,627 WARN c.n.r.c.GlobalExceptionHandler [http-nio-8080-exec-7] Recurso no encontrado: UsuarioNoEncontradoException
2026-01-10 17:46:47,385 INFO c.n.r.c.UsuarioController [http-nio-8080-exec-9] GET /usuarios - filtros: nickname=olguita, tipoUsuario=null, cuentaActiva=null
2026-01-10 17:46:47,386 INFO c.n.r.s.UsuarioService [http-nio-8080-exec-9] Listando usuarios con filtros nickname=olguita, tipoUsuario=null, cuentaActiva=null
2026-01-10 17:46:47,390 INFO c.n.r.c.UsuarioController [http-nio-8080-exec-9] Resultado: 1 usuarios encontrados
2026-01-10 17:46:48,867 INFO c.n.r.c.ProductoController [http-nio-8080-exec-10] GET /productos - filtros: nombre=null, activo=null, categoriaId=null, usuarioId=null
2026-01-10 17:46:48,892 INFO c.n.r.c.ProductoController [http-nio-8080-exec-10] GET /productos - encontrados 19 productos
2026-01-10 17:46:48,958 INFO c.n.r.c.ProductoController [http-nio-8080-exec-1] GET /productos/10/imagen - solicitando imagen
2026-01-10 17:46:48,958 INFO c.n.r.c.ProductoController [http-nio-8080-exec-3] GET /productos/9/imagen - solicitando imagen
2026-01-10 17:46:48,960 INFO c.n.r.c.ProductoController [http-nio-8080-exec-2] GET /productos/11/imagen - solicitando imagen
2026-01-10 17:46:48,963 INFO c.n.r.c.ProductoController [http-nio-8080-exec-2] GET /productos/11/imagen - imagen servida correctamente
2026-01-10 17:46:48,963 INFO c.n.r.c.ProductoController [http-nio-8080-exec-1] GET /productos/10/imagen - imagen servida correctamente
2026-01-10 17:46:48,963 INFO c.n.r.c.ProductoController [http-nio-8080-exec-3] GET /productos/9/imagen - imagen servida correctamente
2026-01-10 17:46:50,091 INFO c.n.r.c.ProductoController [http-nio-8080-exec-4] GET /productos/12/imagen - solicitando imagen
2026-01-10 17:46:50,093 INFO c.n.r.c.ProductoController [http-nio-8080-exec-4] GET /productos/12/imagen - imagen servida correctamente
2026-01-10 17:46:50,156 INFO c.n.r.c.ProductoController [http-nio-8080-exec-8] GET /productos/13/imagen - solicitando imagen
2026-01-10 17:46:50,157 INFO c.n.r.c.ProductoController [http-nio-8080-exec-8] GET /productos/13/imagen - imagen servida correctamente
2026-01-10 17:46:51,236 INFO c.n.r.c.ProductoController [http-nio-8080-exec-6] GET /productos/14/imagen - solicitando imagen
2026-01-10 17:46:51,238 INFO c.n.r.c.ProductoController [http-nio-8080-exec-6] GET /productos/14/imagen - imagen servida correctamente
2026-01-10 17:46:51,271 INFO c.n.r.c.ProductoController [http-nio-8080-exec-5] GET /productos/15/imagen - solicitando imagen
2026-01-10 17:46:51,273 INFO c.n.r.c.ProductoController [http-nio-8080-exec-5] GET /productos/15/imagen - imagen servida correctamente
2026-01-10 17:46:51,274 INFO c.n.r.c.ProductoController [http-nio-8080-exec-7] GET /productos/16/imagen - solicitando imagen
2026-01-10 17:46:51,275 INFO c.n.r.c.ProductoController [http-nio-8080-exec-7] GET /productos/16/imagen - imagen servida correctamente
2026-01-10 17:46:51,321 INFO c.n.r.c.ProductoController [http-nio-8080-exec-9] GET /productos/17/imagen - solicitando imagen
2026-01-10 17:46:51,324 INFO c.n.r.c.ProductoController [http-nio-8080-exec-9] GET /productos/17/imagen - imagen servida correctamente
2026-01-10 17:46:51,356 INFO c.n.r.c.ProductoController [http-nio-8080-exec-10] GET /productos/19/imagen - solicitando imagen
2026-01-10 17:46:51,357 INFO c.n.r.c.ProductoController [http-nio-8080-exec-10] GET /productos/19/imagen - imagen servida correctamente
2026-01-10 17:46:51,403 INFO c.n.r.c.ProductoController [http-nio-8080-exec-2] GET /productos/20/imagen - solicitando imagen
2026-01-10 17:46:51,405 INFO c.n.r.c.ProductoController [http-nio-8080-exec-2] GET /productos/20/imagen - imagen servida correctamente
2026-01-10 17:46:51,438 INFO c.n.r.c.ProductoController [http-nio-8080-exec-3] GET /productos/22/imagen - solicitando imagen
2026-01-10 17:46:51,440 INFO c.n.r.c.ProductoController [http-nio-8080-exec-3] GET /productos/22/imagen - imagen servida correctamente
2026-01-10 17:46:51,488 INFO c.n.r.c.ProductoController [http-nio-8080-exec-1] GET /productos/26/imagen - solicitando imagen
2026-01-10 17:46:51,491 WARN c.n.r.c.GlobalExceptionHandler [http-nio-8080-exec-1] Recurso no encontrado: ImagenNoEncontradaException
2026-01-10 17:46:51,538 INFO c.n.r.c.ProductoController [http-nio-8080-exec-8] GET /productos/28/imagen - solicitando imagen
2026-01-10 17:46:51,540 INFO c.n.r.c.ProductoController [http-nio-8080-exec-8] GET /productos/28/imagen - imagen servida correctamente
2026-01-10 17:46:51,588 INFO c.n.r.c.ProductoController [http-nio-8080-exec-6] GET /productos/29/imagen - solicitando imagen
2026-01-10 17:46:51,589 INFO c.n.r.c.ProductoController [http-nio-8080-exec-6] GET /productos/29/imagen - imagen servida correctamente
2026-01-10 17:46:51,621 INFO c.n.r.c.ProductoController [http-nio-8080-exec-5] GET /productos/37/imagen - solicitando imagen
2026-01-10 17:46:51,623 INFO c.n.r.c.ProductoController [http-nio-8080-exec-5] GET /productos/37/imagen - imagen servida correctamente
2026-01-10 17:46:51,688 INFO c.n.r.c.ProductoController [http-nio-8080-exec-7] GET /productos/38/imagen - solicitando imagen
2026-01-10 17:46:51,691 INFO c.n.r.c.ProductoController [http-nio-8080-exec-7] GET /productos/38/imagen - imagen servida correctamente
2026-01-10 17:46:51,738 INFO c.n.r.c.ProductoController [http-nio-8080-exec-9] GET /productos/39/imagen - solicitando imagen
2026-01-10 17:46:51,740 INFO c.n.r.c.ProductoController [http-nio-8080-exec-9] GET /productos/39/imagen - imagen servida correctamente
2026-01-10 17:46:51,806 INFO c.n.r.c.ProductoController [http-nio-8080-exec-10] GET /productos/40/imagen - solicitando imagen
2026-01-10 17:46:51,808 INFO c.n.r.c.ProductoController [http-nio-8080-exec-10] GET /productos/40/imagen - imagen servida correctamente
2026-01-10 17:47:01,739 INFO c.n.r.c.ProductoController [http-nio-8080-exec-2] GET /productos/26/imagen - solicitando imagen
2026-01-10 17:47:01,741 WARN c.n.r.c.GlobalExceptionHandler [http-nio-8080-exec-2] Recurso no encontrado: ImagenNoEncontradaException
2026-01-10 17:47:03,303 INFO c.n.r.c.ProductoController [http-nio-8080-exec-1] GET /productos/22/imagen - solicitando imagen
2026-01-10 17:47:03,306 INFO c.n.r.c.ProductoController [http-nio-8080-exec-1] GET /productos/22/imagen - imagen servida correctamente
2026-01-10 17:47:04,190 INFO c.n.r.c.ProductoController [http-nio-8080-exec-4] GET /productos/20/imagen - solicitando imagen
2026-01-10 17:47:04,191 INFO c.n.r.c.ProductoController [http-nio-8080-exec-4] GET /productos/20/imagen - imagen servida correctamente
2026-01-10 17:47:04,738 INFO c.n.r.c.ProductoController [http-nio-8080-exec-8] GET /productos/19/imagen - solicitando imagen
2026-01-10 17:47:04,740 INFO c.n.r.c.ProductoController [http-nio-8080-exec-8] GET /productos/19/imagen - imagen servida correctamente
2026-01-10 17:47:04,841 INFO c.n.r.c.ProductoController [http-nio-8080-exec-6] GET /productos/17/imagen - solicitando imagen
2026-01-10 17:47:04,842 INFO c.n.r.c.ProductoController [http-nio-8080-exec-6] GET /productos/17/imagen - imagen servida correctamente
2026-01-10 17:47:06,102 INFO c.n.r.c.ProductoController [http-nio-8080-exec-5] GET /productos/29/imagen - solicitando imagen
2026-01-10 17:47:06,104 INFO c.n.r.c.ProductoController [http-nio-8080-exec-5] GET /productos/29/imagen - imagen servida correctamente
2026-01-10 17:47:06,286 INFO c.n.r.c.ProductoController [http-nio-8080-exec-7] GET /productos/37/imagen - solicitando imagen
2026-01-10 17:47:06,289 INFO c.n.r.c.ProductoController [http-nio-8080-exec-7] GET /productos/37/imagen - imagen servida correctamente
2026-01-10 17:47:10,152 INFO c.n.r.c.ProductoController [http-nio-8080-exec-9] GET /productos/19/imagen - solicitando imagen
2026-01-10 17:47:10,154 INFO c.n.r.c.ProductoController [http-nio-8080-exec-9] GET /productos/19/imagen - imagen servida correctamente
2026-01-10 17:47:10,922 INFO c.n.r.c.ProductoController [http-nio-8080-exec-10] GET /productos/17/imagen - solicitando imagen
2026-01-10 17:47:10,923 INFO c.n.r.c.ProductoController [http-nio-8080-exec-10] GET /productos/17/imagen - imagen servida correctamente
2026-01-10 17:47:11,037 INFO c.n.r.c.ProductoController [http-nio-8080-exec-2] GET /productos/16/imagen - solicitando imagen
2026-01-10 17:47:11,039 INFO c.n.r.c.ProductoController [http-nio-8080-exec-2] GET /productos/16/imagen - imagen servida correctamente
2026-01-10 17:47:11,623 INFO c.n.r.c.ProductoController [http-nio-8080-exec-3] GET /productos/15/imagen - solicitando imagen
2026-01-10 17:47:11,624 INFO c.n.r.c.ProductoController [http-nio-8080-exec-3] GET /productos/15/imagen - imagen servida correctamente
2026-01-10 17:47:12,253 INFO c.n.r.c.ProductoController [http-nio-8080-exec-1] GET /productos/14/imagen - solicitando imagen
2026-01-10 17:47:12,255 INFO c.n.r.c.ProductoController [http-nio-8080-exec-1] GET /productos/14/imagen - imagen servida correctamente
2026-01-10 17:47:12,887 INFO c.n.r.c.ProductoController [http-nio-8080-exec-4] GET /productos/13/imagen - solicitando imagen
2026-01-10 17:47:12,888 INFO c.n.r.c.ProductoController [http-nio-8080-exec-4] GET /productos/13/imagen - imagen servida correctamente
2026-01-10 17:47:13,505 INFO c.n.r.c.ProductoController [http-nio-8080-exec-8] GET /productos/12/imagen - solicitando imagen
2026-01-10 17:47:13,507 INFO c.n.r.c.ProductoController [http-nio-8080-exec-8] GET /productos/12/imagen - imagen servida correctamente
2026-01-10 17:47:14,303 INFO c.n.r.c.ProductoController [http-nio-8080-exec-6] GET /productos/11/imagen - solicitando imagen
2026-01-10 17:47:14,305 INFO c.n.r.c.ProductoController [http-nio-8080-exec-6] GET /productos/11/imagen - imagen servida correctamente
2026-01-10 17:47:14,890 INFO c.n.r.c.ProductoController [http-nio-8080-exec-5] GET /productos/10/imagen - solicitando imagen
2026-01-10 17:47:14,891 INFO c.n.r.c.ProductoController [http-nio-8080-exec-5] GET /productos/10/imagen - imagen servida correctamente
2026-01-10 17:47:15,591 INFO c.n.r.c.ProductoController [http-nio-8080-exec-7] GET /productos/9/imagen - solicitando imagen
2026-01-10 17:47:15,593 INFO c.n.r.c.ProductoController [http-nio-8080-exec-7] GET /productos/9/imagen - imagen servida correctamente
2026-01-10 17:56:58,446 INFO c.n.r.c.UsuarioController [http-nio-8080-exec-2] PUT /usuarios/30 - actualización solicitada
2026-01-10 17:56:58,447 INFO c.n.r.s.UsuarioService [http-nio-8080-exec-2] Modificando usuario con id 30
2026-01-10 17:56:58,490 INFO c.n.r.s.UsuarioService [http-nio-8080-exec-2] Usuario 30 modificado correctamente
2026-01-10 17:56:58,491 INFO c.n.r.c.UsuarioController [http-nio-8080-exec-2] Usuario 30 actualizado correctamente
2026-01-10 17:57:40,306 INFO c.n.r.c.UsuarioController [http-nio-8080-exec-3] GET /usuarios - filtros: nickname=Cris, tipoUsuario=null, cuentaActiva=null
2026-01-10 17:57:40,307 INFO c.n.r.s.UsuarioService [http-nio-8080-exec-3] Listando usuarios con filtros nickname=Cris, tipoUsuario=null, cuentaActiva=null
2026-01-10 17:57:40,310 WARN c.n.r.c.GlobalExceptionHandler [http-nio-8080-exec-3] Recurso no encontrado: UsuarioNoEncontradoException
2026-01-10 17:57:49,662 INFO c.n.r.c.UsuarioController [http-nio-8080-exec-1] POST /usuarios - creando usuario con nickname Cris
2026-01-10 17:57:49,662 INFO c.n.r.s.UsuarioService [http-nio-8080-exec-1] Agregando usuario con nickname Cris
2026-01-10 17:57:49,676 INFO c.n.r.s.UsuarioService [http-nio-8080-exec-1] Usuario creado con id 31
2026-01-10 17:57:49,677 INFO c.n.r.c.UsuarioController [http-nio-8080-exec-1] Usuario creado con id 31
2026-01-10 18:19:18,363 INFO c.n.r.c.UsuarioController [http-nio-8080-exec-8] GET /usuarios - filtros: nickname=cris, tipoUsuario=null, cuentaActiva=null
2026-01-10 18:19:18,364 INFO c.n.r.s.UsuarioService [http-nio-8080-exec-8] Listando usuarios con filtros nickname=cris, tipoUsuario=null, cuentaActiva=null
2026-01-10 18:19:18,369 INFO c.n.r.c.UsuarioController [http-nio-8080-exec-8] Resultado: 1 usuarios encontrados
2026-01-10 18:19:19,608 INFO c.n.r.c.ProductoController [http-nio-8080-exec-6] GET /productos - filtros: nombre=null, activo=null, categoriaId=null, usuarioId=null
2026-01-10 18:19:19,635 INFO c.n.r.c.ProductoController [http-nio-8080-exec-6] GET /productos - encontrados 19 productos
2026-01-10 18:19:19,725 INFO c.n.r.c.ProductoController [http-nio-8080-exec-5] GET /productos/9/imagen - solicitando imagen
2026-01-10 18:19:19,725 INFO c.n.r.c.ProductoController [http-nio-8080-exec-7] GET /productos/10/imagen - solicitando imagen
2026-01-10 18:19:19,725 INFO c.n.r.c.ProductoController [http-nio-8080-exec-9] GET /productos/11/imagen - solicitando imagen
2026-01-10 18:19:19,727 INFO c.n.r.c.ProductoController [http-nio-8080-exec-5] GET /productos/9/imagen - imagen servida correctamente
2026-01-10 18:19:19,727 INFO c.n.r.c.ProductoController [http-nio-8080-exec-7] GET /productos/10/imagen - imagen servida correctamente
2026-01-10 18:19:19,728 INFO c.n.r.c.ProductoController [http-nio-8080-exec-9] GET /productos/11/imagen - imagen servida correctamente
2026-01-10 18:19:53,671 INFO c.n.r.c.UsuarioController [http-nio-8080-exec-8] GET /usuarios - filtros: nickname=cris, tipoUsuario=null, cuentaActiva=null
2026-01-10 18:19:53,673 INFO c.n.r.s.UsuarioService [http-nio-8080-exec-8] Listando usuarios con filtros nickname=cris, tipoUsuario=null, cuentaActiva=null
2026-01-10 18:19:53,678 INFO c.n.r.c.UsuarioController [http-nio-8080-exec-8] Resultado: 1 usuarios encontrados
2026-01-10 18:19:55,044 INFO c.n.r.c.ProductoController [http-nio-8080-exec-6] GET /productos - filtros: nombre=null, activo=null, categoriaId=null, usuarioId=null
2026-01-10 18:19:55,073 INFO c.n.r.c.ProductoController [http-nio-8080-exec-6] GET /productos - encontrados 19 productos
2026-01-10 18:19:55,206 INFO c.n.r.c.ProductoController [http-nio-8080-exec-5] GET /productos/11/imagen - solicitando imagen
2026-01-10 18:19:55,207 INFO c.n.r.c.ProductoController [http-nio-8080-exec-7] GET /productos/9/imagen - solicitando imagen
2026-01-10 18:19:55,208 INFO c.n.r.c.ProductoController [http-nio-8080-exec-9] GET /productos/10/imagen - solicitando imagen
2026-01-10 18:19:55,208 INFO c.n.r.c.ProductoController [http-nio-8080-exec-5] GET /productos/11/imagen - imagen servida correctamente
2026-01-10 18:19:55,210 INFO c.n.r.c.ProductoController [http-nio-8080-exec-7] GET /productos/9/imagen - imagen servida correctamente
2026-01-10 18:19:55,210 INFO c.n.r.c.ProductoController [http-nio-8080-exec-9] GET /productos/10/imagen - imagen servida correctamente
2026-01-10 18:26:59,371 INFO c.n.r.c.UsuarioController [http-nio-8080-exec-8] GET /usuarios - filtros: nickname=cris, tipoUsuario=null, cuentaActiva=null
2026-01-10 18:26:59,373 INFO c.n.r.s.UsuarioService [http-nio-8080-exec-8] Listando usuarios con filtros nickname=cris, tipoUsuario=null, cuentaActiva=null
2026-01-10 18:26:59,377 INFO c.n.r.c.UsuarioController [http-nio-8080-exec-8] Resultado: 1 usuarios encontrados
2026-01-10 18:27:00,412 INFO c.n.r.c.ProductoController [http-nio-8080-exec-6] GET /productos - filtros: nombre=null, activo=null, categoriaId=null, usuarioId=null
2026-01-10 18:27:00,432 INFO c.n.r.c.ProductoController [http-nio-8080-exec-6] GET /productos - encontrados 19 productos
2026-01-10 18:27:00,541 INFO c.n.r.c.ProductoController [http-nio-8080-exec-5] GET /productos/9/imagen - solicitando imagen
2026-01-10 18:27:00,541 INFO c.n.r.c.ProductoController [http-nio-8080-exec-7] GET /productos/11/imagen - solicitando imagen
2026-01-10 18:27:00,544 INFO c.n.r.c.ProductoController [http-nio-8080-exec-7] GET /productos/11/imagen - imagen servida correctamente
2026-01-10 18:27:00,545 INFO c.n.r.c.ProductoController [http-nio-8080-exec-5] GET /productos/9/imagen - imagen servida correctamente
2026-01-10 18:27:00,544 INFO c.n.r.c.ProductoController [http-nio-8080-exec-9] GET /productos/10/imagen - solicitando imagen
2026-01-10 18:27:00,546 INFO c.n.r.c.ProductoController [http-nio-8080-exec-9] GET /productos/10/imagen - imagen servida correctamente
2026-01-10 18:33:39,994 INFO c.n.r.c.UsuarioController [http-nio-8080-exec-8] GET /usuarios - filtros: nickname=cris, tipoUsuario=null, cuentaActiva=null
2026-01-10 18:33:39,994 INFO c.n.r.s.UsuarioService [http-nio-8080-exec-8] Listando usuarios con filtros nickname=cris, tipoUsuario=null, cuentaActiva=null
2026-01-10 18:33:39,998 INFO c.n.r.c.UsuarioController [http-nio-8080-exec-8] Resultado: 1 usuarios encontrados
2026-01-10 18:33:41,046 INFO c.n.r.c.ProductoController [http-nio-8080-exec-6] GET /productos - filtros: nombre=null, activo=null, categoriaId=null, usuarioId=null
2026-01-10 18:33:41,061 INFO c.n.r.c.ProductoController [http-nio-8080-exec-6] GET /productos - encontrados 19 productos
2026-01-10 18:33:41,319 INFO c.n.r.c.ProductoController [http-nio-8080-exec-7] GET /productos/10/imagen - solicitando imagen
2026-01-10 18:33:41,321 INFO c.n.r.c.ProductoController [http-nio-8080-exec-7] GET /productos/10/imagen - imagen servida correctamente
2026-01-10 18:33:41,326 INFO c.n.r.c.ProductoController [http-nio-8080-exec-5] GET /productos/11/imagen - solicitando imagen
2026-01-10 18:33:41,328 INFO c.n.r.c.ProductoController [http-nio-8080-exec-5] GET /productos/11/imagen - imagen servida correctamente
2026-01-10 18:33:41,336 INFO c.n.r.c.ProductoController [http-nio-8080-exec-9] GET /productos/9/imagen - solicitando imagen
2026-01-10 18:33:41,339 INFO c.n.r.c.ProductoController [http-nio-8080-exec-9] GET /productos/9/imagen - imagen servida correctamente
2026-01-10 18:37:07,640 INFO c.n.r.c.UsuarioController [http-nio-8080-exec-6] GET /usuarios - filtros: nickname=cris, tipoUsuario=null, cuentaActiva=null
2026-01-10 18:37:07,641 INFO c.n.r.s.UsuarioService [http-nio-8080-exec-6] Listando usuarios con filtros nickname=cris, tipoUsuario=null, cuentaActiva=null
2026-01-10 18:37:07,645 INFO c.n.r.c.UsuarioController [http-nio-8080-exec-6] Resultado: 1 usuarios encontrados
2026-01-10 18:37:09,154 INFO c.n.r.c.ProductoController [http-nio-8080-exec-7] GET /productos - filtros: nombre=null, activo=null, categoriaId=null, usuarioId=null
2026-01-10 18:37:09,165 INFO c.n.r.c.ProductoController [http-nio-8080-exec-7] GET /productos - encontrados 19 productos
2026-01-10 18:37:09,420 INFO c.n.r.c.ProductoController [http-nio-8080-exec-5] GET /productos/11/imagen - solicitando imagen
2026-01-10 18:37:09,422 INFO c.n.r.c.ProductoController [http-nio-8080-exec-5] GET /productos/11/imagen - imagen servida correctamente
2026-01-10 18:37:09,428 INFO c.n.r.c.ProductoController [http-nio-8080-exec-9] GET /productos/9/imagen - solicitando imagen
2026-01-10 18:37:09,429 INFO c.n.r.c.ProductoController [http-nio-8080-exec-9] GET /productos/9/imagen - imagen servida correctamente
2026-01-10 18:37:09,431 INFO c.n.r.c.ProductoController [http-nio-8080-exec-10] GET /productos/10/imagen - solicitando imagen
2026-01-10 18:37:09,432 INFO c.n.r.c.ProductoController [http-nio-8080-exec-10] GET /productos/10/imagen - imagen servida correctamente
2026-01-10 18:58:53,168 INFO c.n.r.c.UsuarioController [http-nio-8080-exec-7] GET /usuarios - filtros: nickname=cris, tipoUsuario=null, cuentaActiva=null
2026-01-10 18:58:53,169 INFO c.n.r.s.UsuarioService [http-nio-8080-exec-7] Listando usuarios con filtros nickname=cris, tipoUsuario=null, cuentaActiva=null
2026-01-10 18:58:53,172 INFO c.n.r.c.UsuarioController [http-nio-8080-exec-7] Resultado: 1 usuarios encontrados
2026-01-10 18:58:54,393 INFO c.n.r.c.ProductoController [http-nio-8080-exec-5] GET /productos - filtros: nombre=null, activo=null, categoriaId=null, usuarioId=null
2026-01-10 18:58:54,410 INFO c.n.r.c.ProductoController [http-nio-8080-exec-5] GET /productos - encontrados 19 productos
2026-01-10 18:58:54,562 INFO c.n.r.c.ProductoController [http-nio-8080-exec-9] GET /productos/11/imagen - solicitando imagen
2026-01-10 18:58:54,563 INFO c.n.r.c.ProductoController [http-nio-8080-exec-10] GET /productos/10/imagen - solicitando imagen
2026-01-10 18:58:54,565 INFO c.n.r.c.ProductoController [http-nio-8080-exec-4] GET /productos/9/imagen - solicitando imagen
2026-01-10 18:58:54,565 INFO c.n.r.c.ProductoController [http-nio-8080-exec-9] GET /productos/11/imagen - imagen servida correctamente
2026-01-10 18:58:54,566 INFO c.n.r.c.ProductoController [http-nio-8080-exec-10] GET /productos/10/imagen - imagen servida correctamente
2026-01-10 18:58:54,567 INFO c.n.r.c.ProductoController [http-nio-8080-exec-4] GET /productos/9/imagen - imagen servida correctamente
2026-01-10 19:04:49,041 INFO c.n.r.c.UsuarioController [http-nio-8080-exec-5] GET /usuarios - filtros: nickname=adaad, tipoUsuario=null, cuentaActiva=null
2026-01-10 19:04:49,042 INFO c.n.r.s.UsuarioService [http-nio-8080-exec-5] Listando usuarios con filtros nickname=adaad, tipoUsuario=null, cuentaActiva=null
2026-01-10 19:04:49,045 WARN c.n.r.c.GlobalExceptionHandler [http-nio-8080-exec-5] Recurso no encontrado: UsuarioNoEncontradoException
2026-01-10 19:05:14,808 INFO c.n.r.c.UsuarioController [http-nio-8080-exec-9] GET /usuarios - filtros: nickname=cris, tipoUsuario=null, cuentaActiva=null
2026-01-10 19:05:14,810 INFO c.n.r.s.UsuarioService [http-nio-8080-exec-9] Listando usuarios con filtros nickname=cris, tipoUsuario=null, cuentaActiva=null
2026-01-10 19:05:14,814 INFO c.n.r.c.UsuarioController [http-nio-8080-exec-9] Resultado: 1 usuarios encontrados
2026-01-10 19:05:15,882 INFO c.n.r.c.ProductoController [http-nio-8080-exec-10] GET /productos - filtros: nombre=null, activo=null, categoriaId=null, usuarioId=null
2026-01-10 19:05:15,907 INFO c.n.r.c.ProductoController [http-nio-8080-exec-10] GET /productos - encontrados 19 productos
2026-01-10 19:05:16,038 INFO c.n.r.c.ProductoController [http-nio-8080-exec-4] GET /productos/11/imagen - solicitando imagen
2026-01-10 19:05:16,040 INFO c.n.r.c.ProductoController [http-nio-8080-exec-2] GET /productos/10/imagen - solicitando imagen
2026-01-10 19:05:16,041 INFO c.n.r.c.ProductoController [http-nio-8080-exec-8] GET /productos/9/imagen - solicitando imagen
2026-01-10 19:05:16,041 INFO c.n.r.c.ProductoController [http-nio-8080-exec-4] GET /productos/11/imagen - imagen servida correctamente
2026-01-10 19:05:16,042 INFO c.n.r.c.ProductoController [http-nio-8080-exec-2] GET /productos/10/imagen - imagen servida correctamente
2026-01-10 19:05:16,043 INFO c.n.r.c.ProductoController [http-nio-8080-exec-8] GET /productos/9/imagen - imagen servida correctamente
2026-01-10 19:42:15,012 INFO o.s.b.w.e.t.GracefulShutdown [SpringApplicationShutdownHook] Commencing graceful shutdown. Waiting for active requests to complete
2026-01-10 19:42:15,027 INFO o.s.b.w.e.t.GracefulShutdown [tomcat-shutdown] Graceful shutdown complete
2026-01-10 19:42:15,032 INFO o.s.o.j.AbstractEntityManagerFactoryBean [SpringApplicationShutdownHook] Closing JPA EntityManagerFactory for persistence unit 'default'
2026-01-10 19:42:15,034 INFO c.z.h.HikariDataSource [SpringApplicationShutdownHook] HikariPool-1 - Shutdown initiated...
2026-01-10 19:42:15,037 INFO c.z.h.HikariDataSource [SpringApplicationShutdownHook] HikariPool-1 - Shutdown completed.
2026-01-10 20:37:32,297 INFO o.h.v.i.u.Version [background-preinit] HV000001: Hibernate Validator 8.0.3.Final
2026-01-10 20:37:32,351 INFO o.s.b.StartupInfoLogger [main] Starting RelabApplication using Java 21.0.8 with PID 21868 (D:\DAM\Segundo\AccesoDatos\AA1\API_ReLab\target\classes started by natal in D:\DAM\Segundo\AccesoDatos\AA1\API_ReLab)
2026-01-10 20:37:32,352 INFO o.s.b.SpringApplication [main] No active profile set, falling back to 1 default profile: "default"
2026-01-10 20:37:32,853 INFO o.s.d.r.c.RepositoryConfigurationDelegate [main] Bootstrapping Spring Data JPA repositories in DEFAULT mode.
2026-01-10 20:37:32,895 INFO o.s.d.r.c.RepositoryConfigurationDelegate [main] Finished Spring Data repository scanning in 34 ms. Found 5 JPA repository interfaces.
2026-01-10 20:37:33,321 INFO o.s.b.w.e.t.TomcatWebServer [main] Tomcat initialized with port 8080 (http)
2026-01-10 20:37:33,335 INFO o.a.j.l.DirectJDKLog [main] Initializing ProtocolHandler ["http-nio-8080"]
2026-01-10 20:37:33,338 INFO o.a.j.l.DirectJDKLog [main] Starting service [Tomcat]
2026-01-10 20:37:33,339 INFO o.a.j.l.DirectJDKLog [main] Starting Servlet engine: [Apache Tomcat/10.1.46]
2026-01-10 20:37:33,403 INFO o.a.j.l.DirectJDKLog [main] Initializing Spring embedded WebApplicationContext
2026-01-10 20:37:33,403 INFO o.s.b.w.s.c.ServletWebServerApplicationContext [main] Root WebApplicationContext: initialization completed in 1014 ms
2026-01-10 20:37:33,559 INFO o.h.j.i.u.LogHelper [main] HHH000204: Processing PersistenceUnitInfo [name: default]
2026-01-10 20:37:33,613 INFO o.h.Version [main] HHH000412: Hibernate ORM core version 6.6.29.Final
2026-01-10 20:37:33,645 INFO o.h.c.i.RegionFactoryInitiator [main] HHH000026: Second-level cache disabled
2026-01-10 20:37:33,909 INFO o.s.o.j.p.SpringPersistenceUnitInfo [main] No LoadTimeWeaver setup: ignoring JPA class transformer
2026-01-10 20:37:33,932 INFO c.z.h.HikariDataSource [main] HikariPool-1 - Starting...
2026-01-10 20:37:34,017 INFO c.z.h.p.HikariPool [main] HikariPool-1 - Added connection org.mariadb.jdbc.Connection@4be12f6c
2026-01-10 20:37:34,019 INFO c.z.h.HikariDataSource [main] HikariPool-1 - Start completed.
2026-01-10 20:37:34,042 WARN o.h.e.j.d.i.DialectFactoryImpl [main] HHH90000025: MariaDBDialect does not need to be specified explicitly using 'hibernate.dialect' (remove the property setting and it will be selected by default)
2026-01-10 20:37:34,056 INFO o.h.e.j.e.i.JdbcEnvironmentInitiator [main] HHH10001005: Database info:
	Database JDBC URL [Connecting through datasource 'HikariDataSource (HikariPool-1)']
	Database driver: undefined/unknown
	Database version: 12.0.2
	Autocommit mode: undefined/unknown
	Isolation level: undefined/unknown
	Minimum pool size: undefined/unknown
	Maximum pool size: undefined/unknown
2026-01-10 20:37:34,795 INFO o.h.e.t.j.p.i.JtaPlatformInitiator [main] HHH000489: No JTA platform available (set 'hibernate.transaction.jta.platform' to enable JTA platform integration)
2026-01-10 20:37:34,836 INFO o.s.o.j.AbstractEntityManagerFactoryBean [main] Initialized JPA EntityManagerFactory for persistence unit 'default'
2026-01-10 20:37:35,128 WARN o.s.b.a.o.j.JpaBaseConfiguration$JpaWebConfiguration [main] spring.jpa.open-in-view is enabled by default. Therefore, database queries may be performed during view rendering. Explicitly configure spring.jpa.open-in-view to disable this warning
2026-01-10 20:37:35,312 INFO o.a.j.l.DirectJDKLog [main] Starting ProtocolHandler ["http-nio-8080"]
2026-01-10 20:37:35,336 INFO o.s.b.w.e.t.TomcatWebServer [main] Tomcat started on port 8080 (http) with context path '/'
2026-01-10 20:37:35,338 INFO o.s.b.StartupInfoLogger [main] Started RelabApplication in 3.483 seconds (process running for 3.753)
2026-01-10 20:37:41,987 INFO o.a.j.l.DirectJDKLog [http-nio-8080-exec-1] Initializing Spring DispatcherServlet 'dispatcherServlet'
2026-01-10 20:37:41,988 INFO o.s.w.s.FrameworkServlet [http-nio-8080-exec-1] Initializing Servlet 'dispatcherServlet'
2026-01-10 20:37:41,989 INFO o.s.w.s.FrameworkServlet [http-nio-8080-exec-1] Completed initialization in 1 ms
2026-01-10 20:37:52,639 INFO c.n.r.c.UsuarioController [http-nio-8080-exec-3] GET /usuarios - filtros: nickname=cris, tipoUsuario=null, cuentaActiva=null
2026-01-10 20:37:52,640 INFO c.n.r.s.UsuarioService [http-nio-8080-exec-3] Listando usuarios con filtros nickname=cris, tipoUsuario=null, cuentaActiva=null
2026-01-10 20:37:52,807 INFO c.n.r.c.UsuarioController [http-nio-8080-exec-3] Resultado: 1 usuarios encontrados
2026-01-10 20:37:54,075 INFO c.n.r.c.ProductoController [http-nio-8080-exec-6] GET /productos - filtros: nombre=null, activo=null, categoriaId=null, usuarioId=null
2026-01-10 20:37:54,133 INFO c.n.r.c.ProductoController [http-nio-8080-exec-6] GET /productos - encontrados 19 productos
2026-01-10 20:37:54,285 INFO c.n.r.c.ProductoController [http-nio-8080-exec-2] GET /productos/11/imagen - solicitando imagen
2026-01-10 20:37:54,285 INFO c.n.r.c.ProductoController [http-nio-8080-exec-8] GET /productos/9/imagen - solicitando imagen
2026-01-10 20:37:54,285 INFO c.n.r.c.ProductoController [http-nio-8080-exec-10] GET /productos/10/imagen - solicitando imagen
2026-01-10 20:37:54,291 INFO c.n.r.c.ProductoController [http-nio-8080-exec-2] GET /productos/11/imagen - imagen servida correctamente
2026-01-10 20:37:54,291 INFO c.n.r.c.ProductoController [http-nio-8080-exec-8] GET /productos/9/imagen - imagen servida correctamente
2026-01-10 20:37:54,291 INFO c.n.r.c.ProductoController [http-nio-8080-exec-10] GET /productos/10/imagen - imagen servida correctamente
2026-01-10 20:44:01,408 INFO c.n.r.c.UsuarioController [http-nio-8080-exec-6] GET /usuarios - filtros: nickname=cris, tipoUsuario=null, cuentaActiva=null
2026-01-10 20:44:01,409 INFO c.n.r.s.UsuarioService [http-nio-8080-exec-6] Listando usuarios con filtros nickname=cris, tipoUsuario=null, cuentaActiva=null
2026-01-10 20:44:01,413 INFO c.n.r.c.UsuarioController [http-nio-8080-exec-6] Resultado: 1 usuarios encontrados
2026-01-10 20:44:02,568 INFO c.n.r.c.ProductoController [http-nio-8080-exec-2] GET /productos - filtros: nombre=null, activo=null, categoriaId=null, usuarioId=null
2026-01-10 20:44:02,596 INFO c.n.r.c.ProductoController [http-nio-8080-exec-2] GET /productos - encontrados 19 productos
2026-01-10 20:44:02,784 INFO c.n.r.c.ProductoController [http-nio-8080-exec-8] GET /productos/11/imagen - solicitando imagen
2026-01-10 20:44:02,785 INFO c.n.r.c.ProductoController [http-nio-8080-exec-5] GET /productos/9/imagen - solicitando imagen
2026-01-10 20:44:02,785 INFO c.n.r.c.ProductoController [http-nio-8080-exec-10] GET /productos/10/imagen - solicitando imagen
2026-01-10 20:44:02,788 INFO c.n.r.c.ProductoController [http-nio-8080-exec-5] GET /productos/9/imagen - imagen servida correctamente
2026-01-10 20:44:02,788 INFO c.n.r.c.ProductoController [http-nio-8080-exec-10] GET /productos/10/imagen - imagen servida correctamente
2026-01-10 20:44:02,788 INFO c.n.r.c.ProductoController [http-nio-8080-exec-8] GET /productos/11/imagen - imagen servida correctamente
2026-01-10 20:44:44,805 INFO c.n.r.c.UsuarioController [http-nio-8080-exec-9] GET /usuarios - filtros: nickname=adadfa, tipoUsuario=null, cuentaActiva=null
2026-01-10 20:44:44,805 INFO c.n.r.s.UsuarioService [http-nio-8080-exec-9] Listando usuarios con filtros nickname=adadfa, tipoUsuario=null, cuentaActiva=null
2026-01-10 20:44:44,813 WARN c.n.r.c.GlobalExceptionHandler [http-nio-8080-exec-9] Recurso no encontrado: UsuarioNoEncontradoException
2026-01-10 20:46:13,719 INFO c.n.r.c.UsuarioController [http-nio-8080-exec-8] GET /usuarios - filtros: nickname=cris, tipoUsuario=null, cuentaActiva=null
2026-01-10 20:46:13,719 INFO c.n.r.s.UsuarioService [http-nio-8080-exec-8] Listando usuarios con filtros nickname=cris, tipoUsuario=null, cuentaActiva=null
2026-01-10 20:46:13,724 INFO c.n.r.c.UsuarioController [http-nio-8080-exec-8] Resultado: 1 usuarios encontrados
2026-01-10 20:46:14,885 INFO c.n.r.c.ProductoController [http-nio-8080-exec-5] GET /productos - filtros: nombre=null, activo=null, categoriaId=null, usuarioId=null
2026-01-10 20:46:14,905 INFO c.n.r.c.ProductoController [http-nio-8080-exec-5] GET /productos - encontrados 19 productos
2026-01-10 20:46:15,082 INFO c.n.r.c.ProductoController [http-nio-8080-exec-10] GET /productos/11/imagen - solicitando imagen
2026-01-10 20:46:15,083 INFO c.n.r.c.ProductoController [http-nio-8080-exec-9] GET /productos/9/imagen - solicitando imagen
2026-01-10 20:46:15,084 INFO c.n.r.c.ProductoController [http-nio-8080-exec-10] GET /productos/11/imagen - imagen servida correctamente
2026-01-10 20:46:15,084 INFO c.n.r.c.ProductoController [http-nio-8080-exec-9] GET /productos/9/imagen - imagen servida correctamente
2026-01-10 20:46:15,095 INFO c.n.r.c.ProductoController [http-nio-8080-exec-1] GET /productos/10/imagen - solicitando imagen
2026-01-10 20:46:15,097 INFO c.n.r.c.ProductoController [http-nio-8080-exec-1] GET /productos/10/imagen - imagen servida correctamente
2026-01-10 20:50:25,834 INFO c.n.r.c.UsuarioController [http-nio-8080-exec-5] GET /usuarios - filtros: nickname=adadf, tipoUsuario=null, cuentaActiva=null
2026-01-10 20:50:25,834 INFO c.n.r.s.UsuarioService [http-nio-8080-exec-5] Listando usuarios con filtros nickname=adadf, tipoUsuario=null, cuentaActiva=null
2026-01-10 20:50:25,839 WARN c.n.r.c.GlobalExceptionHandler [http-nio-8080-exec-5] Recurso no encontrado: UsuarioNoEncontradoException
2026-01-10 20:51:59,404 INFO o.s.b.w.e.t.GracefulShutdown [SpringApplicationShutdownHook] Commencing graceful shutdown. Waiting for active requests to complete
2026-01-10 20:51:59,418 INFO o.s.b.w.e.t.GracefulShutdown [tomcat-shutdown] Graceful shutdown complete
2026-01-10 20:51:59,420 INFO o.s.o.j.AbstractEntityManagerFactoryBean [SpringApplicationShutdownHook] Closing JPA EntityManagerFactory for persistence unit 'default'
2026-01-10 20:51:59,420 INFO c.z.h.HikariDataSource [SpringApplicationShutdownHook] HikariPool-1 - Shutdown initiated...
2026-01-10 20:51:59,420 INFO c.z.h.HikariDataSource [SpringApplicationShutdownHook] HikariPool-1 - Shutdown completed.
