2025-12-11 11:23:21,100 INFO o.h.v.i.u.Version [background-preinit] HV000001: Hibernate Validator 8.0.3.Final
2025-12-11 11:23:21,145 INFO o.s.b.StartupInfoLogger [main] Starting RelabApplication using Java 21.0.8 with PID 27884 (D:\DAM\Segundo\AccesoDatos\AA1\API_ReLab\target\classes started by natal in D:\DAM\Segundo\AccesoDatos\AA1\API_ReLab)
2025-12-11 11:23:21,145 INFO o.s.b.SpringApplication [main] No active profile set, falling back to 1 default profile: "default"
2025-12-11 11:23:21,550 INFO o.s.d.r.c.RepositoryConfigurationDelegate [main] Bootstrapping Spring Data JPA repositories in DEFAULT mode.
2025-12-11 11:23:21,591 INFO o.s.d.r.c.RepositoryConfigurationDelegate [main] Finished Spring Data repository scanning in 31 ms. Found 5 JPA repository interfaces.
2025-12-11 11:23:21,894 INFO o.s.b.w.e.t.TomcatWebServer [main] Tomcat initialized with port 8080 (http)
2025-12-11 11:23:21,899 INFO o.a.j.l.DirectJDKLog [main] Initializing ProtocolHandler ["http-nio-8080"]
2025-12-11 11:23:21,899 INFO o.a.j.l.DirectJDKLog [main] Starting service [Tomcat]
2025-12-11 11:23:21,899 INFO o.a.j.l.DirectJDKLog [main] Starting Servlet engine: [Apache Tomcat/10.1.46]
2025-12-11 11:23:21,942 INFO o.a.j.l.DirectJDKLog [main] Initializing Spring embedded WebApplicationContext
2025-12-11 11:23:21,942 INFO o.s.b.w.s.c.ServletWebServerApplicationContext [main] Root WebApplicationContext: initialization completed in 767 ms
2025-12-11 11:23:22,036 INFO o.h.j.i.u.LogHelper [main] HHH000204: Processing PersistenceUnitInfo [name: default]
2025-12-11 11:23:22,068 INFO o.h.Version [main] HHH000412: Hibernate ORM core version 6.6.29.Final
2025-12-11 11:23:22,100 INFO o.h.c.i.RegionFactoryInitiator [main] HHH000026: Second-level cache disabled
2025-12-11 11:23:22,273 INFO o.s.o.j.p.SpringPersistenceUnitInfo [main] No LoadTimeWeaver setup: ignoring JPA class transformer
2025-12-11 11:23:22,295 INFO c.z.h.HikariDataSource [main] HikariPool-1 - Starting...
2025-12-11 11:23:22,384 INFO c.z.h.p.HikariPool [main] HikariPool-1 - Added connection org.mariadb.jdbc.Connection@52cb52bd
2025-12-11 11:23:22,384 INFO c.z.h.HikariDataSource [main] HikariPool-1 - Start completed.
2025-12-11 11:23:22,399 WARN o.h.e.j.d.i.DialectFactoryImpl [main] HHH90000025: MariaDBDialect does not need to be specified explicitly using 'hibernate.dialect' (remove the property setting and it will be selected by default)
2025-12-11 11:23:22,415 INFO o.h.e.j.e.i.JdbcEnvironmentInitiator [main] HHH10001005: Database info:
	Database JDBC URL [Connecting through datasource 'HikariDataSource (HikariPool-1)']
	Database driver: undefined/unknown
	Database version: 12.0.2
	Autocommit mode: undefined/unknown
	Isolation level: undefined/unknown
	Minimum pool size: undefined/unknown
	Maximum pool size: undefined/unknown
2025-12-11 11:23:22,986 INFO o.h.e.t.j.p.i.JtaPlatformInitiator [main] HHH000489: No JTA platform available (set 'hibernate.transaction.jta.platform' to enable JTA platform integration)
2025-12-11 11:23:23,030 INFO o.s.o.j.AbstractEntityManagerFactoryBean [main] Initialized JPA EntityManagerFactory for persistence unit 'default'
2025-12-11 11:23:23,282 WARN o.s.b.a.o.j.JpaBaseConfiguration$JpaWebConfiguration [main] spring.jpa.open-in-view is enabled by default. Therefore, database queries may be performed during view rendering. Explicitly configure spring.jpa.open-in-view to disable this warning
2025-12-11 11:23:23,476 INFO o.a.j.l.DirectJDKLog [main] Starting ProtocolHandler ["http-nio-8080"]
2025-12-11 11:23:23,484 INFO o.s.b.w.e.t.TomcatWebServer [main] Tomcat started on port 8080 (http) with context path '/'
2025-12-11 11:23:23,484 INFO o.s.b.StartupInfoLogger [main] Started RelabApplication in 2.683 seconds (process running for 2.891)
2025-12-11 11:24:05,780 INFO o.a.j.l.DirectJDKLog [http-nio-8080-exec-1] Initializing Spring DispatcherServlet 'dispatcherServlet'
2025-12-11 11:24:05,780 INFO o.s.w.s.FrameworkServlet [http-nio-8080-exec-1] Initializing Servlet 'dispatcherServlet'
2025-12-11 11:24:05,781 INFO o.s.w.s.FrameworkServlet [http-nio-8080-exec-1] Completed initialization in 1 ms
2025-12-11 11:24:05,835 INFO c.n.r.c.ProductoController [http-nio-8080-exec-1] GET /productos - filtros: nombre=null, activo=null, categoriaId=null, usuarioId=null
2025-12-11 11:24:05,953 INFO c.n.r.c.ProductoController [http-nio-8080-exec-1] GET /productos - encontrados 13 productos
2025-12-11 11:24:05,988 INFO c.n.r.c.ProductoController [http-nio-8080-exec-4] GET /productos - filtros: nombre=null, activo=null, categoriaId=null, usuarioId=null
2025-12-11 11:24:06,004 INFO c.n.r.c.ProductoController [http-nio-8080-exec-2] GET /productos/10/imagen - solicitando imagen
2025-12-11 11:24:06,004 INFO c.n.r.c.ProductoController [http-nio-8080-exec-3] GET /productos/9/imagen - solicitando imagen
2025-12-11 11:24:06,004 INFO c.n.r.c.ProductoController [http-nio-8080-exec-5] GET /productos/11/imagen - solicitando imagen
2025-12-11 11:24:06,005 INFO c.n.r.c.ProductoController [http-nio-8080-exec-4] GET /productos - encontrados 13 productos
2025-12-11 11:24:06,012 INFO c.n.r.c.ProductoController [http-nio-8080-exec-2] GET /productos/10/imagen - imagen servida correctamente
2025-12-11 11:24:06,012 INFO c.n.r.c.ProductoController [http-nio-8080-exec-3] GET /productos/9/imagen - imagen servida correctamente
2025-12-11 11:24:06,012 INFO c.n.r.c.ProductoController [http-nio-8080-exec-5] GET /productos/11/imagen - imagen servida correctamente
2025-12-11 11:24:06,020 INFO c.n.r.c.ProductoController [http-nio-8080-exec-7] GET /productos/13/imagen - solicitando imagen
2025-12-11 11:24:06,020 INFO c.n.r.c.ProductoController [http-nio-8080-exec-6] GET /productos/12/imagen - solicitando imagen
2025-12-11 11:24:06,022 INFO c.n.r.c.ProductoController [http-nio-8080-exec-8] GET /productos/14/imagen - solicitando imagen
2025-12-11 11:24:06,024 INFO c.n.r.c.ProductoController [http-nio-8080-exec-6] GET /productos/12/imagen - imagen servida correctamente
2025-12-11 11:24:06,024 INFO c.n.r.c.ProductoController [http-nio-8080-exec-7] GET /productos/13/imagen - imagen servida correctamente
2025-12-11 11:24:06,025 INFO c.n.r.c.ProductoController [http-nio-8080-exec-8] GET /productos/14/imagen - imagen servida correctamente
2025-12-11 11:24:06,032 INFO c.n.r.c.ProductoController [http-nio-8080-exec-10] GET /productos/16/imagen - solicitando imagen
2025-12-11 11:24:06,033 INFO c.n.r.c.ProductoController [http-nio-8080-exec-9] GET /productos/15/imagen - solicitando imagen
2025-12-11 11:24:06,034 INFO c.n.r.c.ProductoController [http-nio-8080-exec-1] GET /productos/17/imagen - solicitando imagen
2025-12-11 11:24:06,035 INFO c.n.r.c.ProductoController [http-nio-8080-exec-10] GET /productos/16/imagen - imagen servida correctamente
2025-12-11 11:24:06,035 INFO c.n.r.c.ProductoController [http-nio-8080-exec-9] GET /productos/15/imagen - imagen servida correctamente
2025-12-11 11:24:06,036 INFO c.n.r.c.ProductoController [http-nio-8080-exec-1] GET /productos/17/imagen - imagen servida correctamente
2025-12-11 11:24:06,061 INFO c.n.r.c.ProductoController [http-nio-8080-exec-4] GET /productos/19/imagen - solicitando imagen
2025-12-11 11:24:06,064 INFO c.n.r.c.ProductoController [http-nio-8080-exec-2] GET /productos/20/imagen - solicitando imagen
2025-12-11 11:24:06,064 INFO c.n.r.c.ProductoController [http-nio-8080-exec-4] GET /productos/19/imagen - imagen servida correctamente
2025-12-11 11:24:06,066 INFO c.n.r.c.ProductoController [http-nio-8080-exec-3] GET /productos/22/imagen - solicitando imagen
2025-12-11 11:24:06,066 INFO c.n.r.c.ProductoController [http-nio-8080-exec-2] GET /productos/20/imagen - imagen servida correctamente
2025-12-11 11:24:06,070 INFO c.n.r.c.ProductoController [http-nio-8080-exec-3] GET /productos/22/imagen - imagen servida correctamente
2025-12-11 11:24:06,073 INFO c.n.r.c.ProductoController [http-nio-8080-exec-5] GET /productos/23/imagen - solicitando imagen
2025-12-11 11:24:06,076 INFO c.n.r.c.ProductoController [http-nio-8080-exec-5] GET /productos/23/imagen - imagen servida correctamente
2025-12-11 11:24:54,111 INFO c.n.r.c.UsuarioController [http-nio-8080-exec-1] GET /usuarios - filtros: nickname=null, tipoUsuario=null, cuentaActiva=null
2025-12-11 11:24:54,112 INFO c.n.r.s.UsuarioService [http-nio-8080-exec-1] Listando usuarios con filtros nickname=null, tipoUsuario=null, cuentaActiva=null
2025-12-11 11:24:54,155 INFO c.n.r.c.UsuarioController [http-nio-8080-exec-1] Resultado: 14 usuarios encontrados
2025-12-11 11:24:54,163 INFO c.n.r.c.UsuarioController [http-nio-8080-exec-4] GET /usuarios - filtros: nickname=null, tipoUsuario=null, cuentaActiva=null
2025-12-11 11:24:54,164 INFO c.n.r.s.UsuarioService [http-nio-8080-exec-4] Listando usuarios con filtros nickname=null, tipoUsuario=null, cuentaActiva=null
2025-12-11 11:24:54,171 INFO c.n.r.c.UsuarioController [http-nio-8080-exec-4] Resultado: 14 usuarios encontrados
2025-12-11 11:24:54,923 INFO c.n.r.c.CategoriaController [http-nio-8080-exec-2] GET /categorías - filtros: nombre='null', activa=null, fechaCreacion=null, desde=null, hasta=null
2025-12-11 11:24:54,923 INFO c.n.r.s.CategoriaService [http-nio-8080-exec-2] Listando categorías con filtros - nombre: null, activa: null, fechaCreacion: null, desde: null, hasta: null
2025-12-11 11:24:54,936 INFO c.n.r.c.CategoriaController [http-nio-8080-exec-2] Se devolvieron 8 categorias
2025-12-11 11:24:54,936 INFO c.n.r.c.CategoriaController [http-nio-8080-exec-3] GET /categorías - filtros: nombre='null', activa=null, fechaCreacion=null, desde=null, hasta=null
2025-12-11 11:24:54,936 INFO c.n.r.s.CategoriaService [http-nio-8080-exec-3] Listando categorías con filtros - nombre: null, activa: null, fechaCreacion: null, desde: null, hasta: null
2025-12-11 11:24:54,943 INFO c.n.r.c.CategoriaController [http-nio-8080-exec-3] Se devolvieron 8 categorias
2025-12-11 11:24:55,474 INFO c.n.r.c.ProductoController [http-nio-8080-exec-5] GET /productos - filtros: nombre=null, activo=null, categoriaId=null, usuarioId=null
2025-12-11 11:24:55,511 INFO c.n.r.c.ProductoController [http-nio-8080-exec-5] GET /productos - encontrados 13 productos
2025-12-11 11:24:55,517 INFO c.n.r.c.ProductoController [http-nio-8080-exec-9] GET /productos - filtros: nombre=null, activo=null, categoriaId=null, usuarioId=null
2025-12-11 11:24:55,520 INFO c.n.r.c.ProductoController [http-nio-8080-exec-9] GET /productos - encontrados 13 productos
2025-12-11 11:31:28,039 INFO c.n.r.c.ProductoController [http-nio-8080-exec-6] GET /productos - filtros: nombre=null, activo=null, categoriaId=null, usuarioId=null
2025-12-11 11:31:28,050 INFO c.n.r.c.ProductoController [http-nio-8080-exec-6] GET /productos - encontrados 13 productos
2025-12-11 11:31:28,053 INFO c.n.r.c.ProductoController [http-nio-8080-exec-8] GET /productos - filtros: nombre=null, activo=null, categoriaId=null, usuarioId=null
2025-12-11 11:31:28,058 INFO c.n.r.c.ProductoController [http-nio-8080-exec-1] GET /productos/9/imagen - solicitando imagen
2025-12-11 11:31:28,058 INFO c.n.r.c.ProductoController [http-nio-8080-exec-4] GET /productos/10/imagen - solicitando imagen
2025-12-11 11:31:28,058 INFO c.n.r.c.ProductoController [http-nio-8080-exec-2] GET /productos/11/imagen - solicitando imagen
2025-12-11 11:31:28,059 INFO c.n.r.c.ProductoController [http-nio-8080-exec-3] GET /productos/12/imagen - solicitando imagen
2025-12-11 11:31:28,059 INFO c.n.r.c.ProductoController [http-nio-8080-exec-5] GET /productos/13/imagen - solicitando imagen
2025-12-11 11:31:28,060 INFO c.n.r.c.ProductoController [http-nio-8080-exec-1] GET /productos/9/imagen - imagen servida correctamente
2025-12-11 11:31:28,060 INFO c.n.r.c.ProductoController [http-nio-8080-exec-2] GET /productos/11/imagen - imagen servida correctamente
2025-12-11 11:31:28,060 INFO c.n.r.c.ProductoController [http-nio-8080-exec-3] GET /productos/12/imagen - imagen servida correctamente
2025-12-11 11:31:28,060 INFO c.n.r.c.ProductoController [http-nio-8080-exec-4] GET /productos/10/imagen - imagen servida correctamente
2025-12-11 11:31:28,061 INFO c.n.r.c.ProductoController [http-nio-8080-exec-5] GET /productos/13/imagen - imagen servida correctamente
2025-12-11 11:31:28,062 INFO c.n.r.c.ProductoController [http-nio-8080-exec-8] GET /productos - encontrados 13 productos
2025-12-11 11:31:28,067 INFO c.n.r.c.ProductoController [http-nio-8080-exec-7] GET /productos/15/imagen - solicitando imagen
2025-12-11 11:31:28,067 INFO c.n.r.c.ProductoController [http-nio-8080-exec-9] GET /productos/14/imagen - solicitando imagen
2025-12-11 11:31:28,067 INFO c.n.r.c.ProductoController [http-nio-8080-exec-10] GET /productos/16/imagen - solicitando imagen
2025-12-11 11:31:28,068 INFO c.n.r.c.ProductoController [http-nio-8080-exec-6] GET /productos/17/imagen - solicitando imagen
2025-12-11 11:31:28,069 INFO c.n.r.c.ProductoController [http-nio-8080-exec-10] GET /productos/16/imagen - imagen servida correctamente
2025-12-11 11:31:28,069 INFO c.n.r.c.ProductoController [http-nio-8080-exec-3] GET /productos/19/imagen - solicitando imagen
2025-12-11 11:31:28,069 INFO c.n.r.c.ProductoController [http-nio-8080-exec-9] GET /productos/14/imagen - imagen servida correctamente
2025-12-11 11:31:28,069 INFO c.n.r.c.ProductoController [http-nio-8080-exec-7] GET /productos/15/imagen - imagen servida correctamente
2025-12-11 11:31:28,069 INFO c.n.r.c.ProductoController [http-nio-8080-exec-1] GET /productos/20/imagen - solicitando imagen
2025-12-11 11:31:28,070 INFO c.n.r.c.ProductoController [http-nio-8080-exec-3] GET /productos/19/imagen - imagen servida correctamente
2025-12-11 11:31:28,070 INFO c.n.r.c.ProductoController [http-nio-8080-exec-6] GET /productos/17/imagen - imagen servida correctamente
2025-12-11 11:31:28,070 INFO c.n.r.c.ProductoController [http-nio-8080-exec-1] GET /productos/20/imagen - imagen servida correctamente
2025-12-11 11:31:28,070 INFO c.n.r.c.ProductoController [http-nio-8080-exec-4] GET /productos/23/imagen - solicitando imagen
2025-12-11 11:31:28,070 INFO c.n.r.c.ProductoController [http-nio-8080-exec-2] GET /productos/22/imagen - solicitando imagen
2025-12-11 11:31:28,070 INFO c.n.r.c.ProductoController [http-nio-8080-exec-4] GET /productos/23/imagen - imagen servida correctamente
2025-12-11 11:31:28,070 INFO c.n.r.c.ProductoController [http-nio-8080-exec-2] GET /productos/22/imagen - imagen servida correctamente
2025-12-11 11:32:01,245 INFO c.n.r.c.ProductoController [http-nio-8080-exec-5] GET /productos - filtros: nombre=null, activo=null, categoriaId=null, usuarioId=null
2025-12-11 11:32:01,257 INFO c.n.r.c.ProductoController [http-nio-8080-exec-5] GET /productos - encontrados 13 productos
2025-12-11 11:32:01,260 INFO c.n.r.c.ProductoController [http-nio-8080-exec-8] GET /productos - filtros: nombre=null, activo=null, categoriaId=null, usuarioId=null
2025-12-11 11:32:01,264 INFO c.n.r.c.ProductoController [http-nio-8080-exec-7] GET /productos/9/imagen - solicitando imagen
2025-12-11 11:32:01,266 INFO c.n.r.c.ProductoController [http-nio-8080-exec-3] GET /productos/13/imagen - solicitando imagen
2025-12-11 11:32:01,266 INFO c.n.r.c.ProductoController [http-nio-8080-exec-10] GET /productos/10/imagen - solicitando imagen
2025-12-11 11:32:01,266 INFO c.n.r.c.ProductoController [http-nio-8080-exec-9] GET /productos/11/imagen - solicitando imagen
2025-12-11 11:32:01,266 INFO c.n.r.c.ProductoController [http-nio-8080-exec-7] GET /productos/9/imagen - imagen servida correctamente
2025-12-11 11:32:01,266 INFO c.n.r.c.ProductoController [http-nio-8080-exec-1] GET /productos/12/imagen - solicitando imagen
2025-12-11 11:32:01,269 INFO c.n.r.c.ProductoController [http-nio-8080-exec-1] GET /productos/12/imagen - imagen servida correctamente
2025-12-11 11:32:01,269 INFO c.n.r.c.ProductoController [http-nio-8080-exec-3] GET /productos/13/imagen - imagen servida correctamente
2025-12-11 11:32:01,271 INFO c.n.r.c.ProductoController [http-nio-8080-exec-9] GET /productos/11/imagen - imagen servida correctamente
2025-12-11 11:32:01,271 INFO c.n.r.c.ProductoController [http-nio-8080-exec-10] GET /productos/10/imagen - imagen servida correctamente
2025-12-11 11:32:01,273 INFO c.n.r.c.ProductoController [http-nio-8080-exec-6] GET /productos/14/imagen - solicitando imagen
2025-12-11 11:32:01,274 INFO c.n.r.c.ProductoController [http-nio-8080-exec-8] GET /productos - encontrados 13 productos
2025-12-11 11:32:01,275 INFO c.n.r.c.ProductoController [http-nio-8080-exec-6] GET /productos/14/imagen - imagen servida correctamente
2025-12-11 11:32:01,277 INFO c.n.r.c.ProductoController [http-nio-8080-exec-4] GET /productos/15/imagen - solicitando imagen
2025-12-11 11:32:01,279 INFO c.n.r.c.ProductoController [http-nio-8080-exec-4] GET /productos/15/imagen - imagen servida correctamente
2025-12-11 11:32:01,281 INFO c.n.r.c.ProductoController [http-nio-8080-exec-5] GET /productos/19/imagen - solicitando imagen
2025-12-11 11:32:01,281 INFO c.n.r.c.ProductoController [http-nio-8080-exec-7] GET /productos/17/imagen - solicitando imagen
2025-12-11 11:32:01,281 INFO c.n.r.c.ProductoController [http-nio-8080-exec-4] GET /productos/16/imagen - solicitando imagen
2025-12-11 11:32:01,286 INFO c.n.r.c.ProductoController [http-nio-8080-exec-5] GET /productos/19/imagen - imagen servida correctamente
2025-12-11 11:32:01,286 INFO c.n.r.c.ProductoController [http-nio-8080-exec-7] GET /productos/17/imagen - imagen servida correctamente
2025-12-11 11:32:01,286 INFO c.n.r.c.ProductoController [http-nio-8080-exec-4] GET /productos/16/imagen - imagen servida correctamente
2025-12-11 11:32:01,286 INFO c.n.r.c.ProductoController [http-nio-8080-exec-1] GET /productos/20/imagen - solicitando imagen
2025-12-11 11:32:01,286 INFO c.n.r.c.ProductoController [http-nio-8080-exec-3] GET /productos/23/imagen - solicitando imagen
2025-12-11 11:32:01,286 INFO c.n.r.c.ProductoController [http-nio-8080-exec-10] GET /productos/22/imagen - solicitando imagen
2025-12-11 11:32:01,290 INFO c.n.r.c.ProductoController [http-nio-8080-exec-3] GET /productos/23/imagen - imagen servida correctamente
2025-12-11 11:32:01,290 INFO c.n.r.c.ProductoController [http-nio-8080-exec-1] GET /productos/20/imagen - imagen servida correctamente
2025-12-11 11:32:01,290 INFO c.n.r.c.ProductoController [http-nio-8080-exec-10] GET /productos/22/imagen - imagen servida correctamente
2025-12-11 11:37:39,829 INFO c.n.r.c.ProductoController [http-nio-8080-exec-3] GET /productos - filtros: nombre=null, activo=null, categoriaId=null, usuarioId=null
2025-12-11 11:37:39,839 INFO c.n.r.c.ProductoController [http-nio-8080-exec-3] GET /productos - encontrados 13 productos
2025-12-11 11:37:39,844 INFO c.n.r.c.ProductoController [http-nio-8080-exec-10] GET /productos - filtros: nombre=null, activo=null, categoriaId=null, usuarioId=null
2025-12-11 11:37:39,847 INFO c.n.r.c.ProductoController [http-nio-8080-exec-7] GET /productos/9/imagen - solicitando imagen
2025-12-11 11:37:39,847 INFO c.n.r.c.ProductoController [http-nio-8080-exec-6] GET /productos/10/imagen - solicitando imagen
2025-12-11 11:37:39,848 INFO c.n.r.c.ProductoController [http-nio-8080-exec-9] GET /productos/12/imagen - solicitando imagen
2025-12-11 11:37:39,848 INFO c.n.r.c.ProductoController [http-nio-8080-exec-1] GET /productos/11/imagen - solicitando imagen
2025-12-11 11:37:39,848 INFO c.n.r.c.ProductoController [http-nio-8080-exec-8] GET /productos/13/imagen - solicitando imagen
2025-12-11 11:37:39,848 INFO c.n.r.c.ProductoController [http-nio-8080-exec-7] GET /productos/9/imagen - imagen servida correctamente
2025-12-11 11:37:39,850 INFO c.n.r.c.ProductoController [http-nio-8080-exec-6] GET /productos/10/imagen - imagen servida correctamente
2025-12-11 11:37:39,850 INFO c.n.r.c.ProductoController [http-nio-8080-exec-9] GET /productos/12/imagen - imagen servida correctamente
2025-12-11 11:37:39,850 INFO c.n.r.c.ProductoController [http-nio-8080-exec-1] GET /productos/11/imagen - imagen servida correctamente
2025-12-11 11:37:39,851 INFO c.n.r.c.ProductoController [http-nio-8080-exec-8] GET /productos/13/imagen - imagen servida correctamente
2025-12-11 11:37:39,853 INFO c.n.r.c.ProductoController [http-nio-8080-exec-10] GET /productos - encontrados 13 productos
2025-12-11 11:37:39,857 INFO c.n.r.c.ProductoController [http-nio-8080-exec-2] GET /productos/14/imagen - solicitando imagen
2025-12-11 11:37:39,861 INFO c.n.r.c.ProductoController [http-nio-8080-exec-4] GET /productos/15/imagen - solicitando imagen
2025-12-11 11:37:39,861 INFO c.n.r.c.ProductoController [http-nio-8080-exec-5] GET /productos/16/imagen - solicitando imagen
2025-12-11 11:37:39,861 INFO c.n.r.c.ProductoController [http-nio-8080-exec-3] GET /productos/17/imagen - solicitando imagen
2025-12-11 11:37:39,861 INFO c.n.r.c.ProductoController [http-nio-8080-exec-2] GET /productos/14/imagen - imagen servida correctamente
2025-12-11 11:37:39,861 INFO c.n.r.c.ProductoController [http-nio-8080-exec-6] GET /productos/19/imagen - solicitando imagen
2025-12-11 11:37:39,861 INFO c.n.r.c.ProductoController [http-nio-8080-exec-5] GET /productos/16/imagen - imagen servida correctamente
2025-12-11 11:37:39,861 INFO c.n.r.c.ProductoController [http-nio-8080-exec-3] GET /productos/17/imagen - imagen servida correctamente
2025-12-11 11:37:39,861 INFO c.n.r.c.ProductoController [http-nio-8080-exec-4] GET /productos/15/imagen - imagen servida correctamente
2025-12-11 11:37:39,861 INFO c.n.r.c.ProductoController [http-nio-8080-exec-6] GET /productos/19/imagen - imagen servida correctamente
2025-12-11 11:37:39,861 INFO c.n.r.c.ProductoController [http-nio-8080-exec-7] GET /productos/20/imagen - solicitando imagen
2025-12-11 11:37:39,869 INFO c.n.r.c.ProductoController [http-nio-8080-exec-1] GET /productos/22/imagen - solicitando imagen
2025-12-11 11:37:39,870 INFO c.n.r.c.ProductoController [http-nio-8080-exec-7] GET /productos/20/imagen - imagen servida correctamente
2025-12-11 11:37:39,871 INFO c.n.r.c.ProductoController [http-nio-8080-exec-1] GET /productos/22/imagen - imagen servida correctamente
2025-12-11 11:37:39,871 INFO c.n.r.c.ProductoController [http-nio-8080-exec-9] GET /productos/23/imagen - solicitando imagen
2025-12-11 11:37:39,871 INFO c.n.r.c.ProductoController [http-nio-8080-exec-9] GET /productos/23/imagen - imagen servida correctamente
2025-12-11 11:41:10,978 INFO c.n.r.c.CategoriaController [http-nio-8080-exec-1] GET /categorías - filtros: nombre='null', activa=null, fechaCreacion=null, desde=null, hasta=null
2025-12-11 11:41:10,978 INFO c.n.r.s.CategoriaService [http-nio-8080-exec-1] Listando categorías con filtros - nombre: null, activa: null, fechaCreacion: null, desde: null, hasta: null
2025-12-11 11:41:10,982 INFO c.n.r.c.CategoriaController [http-nio-8080-exec-1] Se devolvieron 8 categorias
2025-12-11 11:41:10,986 INFO c.n.r.c.CategoriaController [http-nio-8080-exec-9] GET /categorías - filtros: nombre='null', activa=null, fechaCreacion=null, desde=null, hasta=null
2025-12-11 11:41:10,987 INFO c.n.r.s.CategoriaService [http-nio-8080-exec-9] Listando categorías con filtros - nombre: null, activa: null, fechaCreacion: null, desde: null, hasta: null
2025-12-11 11:41:10,992 INFO c.n.r.c.CategoriaController [http-nio-8080-exec-9] Se devolvieron 8 categorias
2025-12-11 11:41:11,513 INFO c.n.r.c.UsuarioController [http-nio-8080-exec-8] GET /usuarios - filtros: nickname=null, tipoUsuario=null, cuentaActiva=null
2025-12-11 11:41:11,513 INFO c.n.r.s.UsuarioService [http-nio-8080-exec-8] Listando usuarios con filtros nickname=null, tipoUsuario=null, cuentaActiva=null
2025-12-11 11:41:11,513 INFO c.n.r.c.UsuarioController [http-nio-8080-exec-8] Resultado: 14 usuarios encontrados
2025-12-11 11:41:11,513 INFO c.n.r.c.UsuarioController [http-nio-8080-exec-8] GET /usuarios - filtros: nickname=null, tipoUsuario=null, cuentaActiva=null
2025-12-11 11:41:11,526 INFO c.n.r.s.UsuarioService [http-nio-8080-exec-8] Listando usuarios con filtros nickname=null, tipoUsuario=null, cuentaActiva=null
2025-12-11 11:41:11,531 INFO c.n.r.c.UsuarioController [http-nio-8080-exec-8] Resultado: 14 usuarios encontrados
2025-12-11 11:41:11,882 INFO c.n.r.c.ProductoController [http-nio-8080-exec-4] GET /productos - filtros: nombre=null, activo=null, categoriaId=null, usuarioId=null
2025-12-11 11:41:11,916 INFO c.n.r.c.ProductoController [http-nio-8080-exec-4] GET /productos - encontrados 13 productos
2025-12-11 11:41:11,919 INFO c.n.r.c.ProductoController [http-nio-8080-exec-6] GET /productos - filtros: nombre=null, activo=null, categoriaId=null, usuarioId=null
2025-12-11 11:41:11,926 INFO c.n.r.c.ProductoController [http-nio-8080-exec-6] GET /productos - encontrados 13 productos
2025-12-11 11:41:16,231 INFO c.n.r.c.CategoriaController [http-nio-8080-exec-10] GET /categorías - filtros: nombre='null', activa=null, fechaCreacion=null, desde=null, hasta=null
2025-12-11 11:41:16,232 INFO c.n.r.s.CategoriaService [http-nio-8080-exec-10] Listando categorías con filtros - nombre: null, activa: null, fechaCreacion: null, desde: null, hasta: null
2025-12-11 11:41:16,237 INFO c.n.r.c.CategoriaController [http-nio-8080-exec-10] Se devolvieron 8 categorias
2025-12-11 11:41:16,240 INFO c.n.r.c.CategoriaController [http-nio-8080-exec-7] GET /categorías - filtros: nombre='null', activa=null, fechaCreacion=null, desde=null, hasta=null
2025-12-11 11:41:16,241 INFO c.n.r.s.CategoriaService [http-nio-8080-exec-7] Listando categorías con filtros - nombre: null, activa: null, fechaCreacion: null, desde: null, hasta: null
2025-12-11 11:41:16,246 INFO c.n.r.c.CategoriaController [http-nio-8080-exec-7] Se devolvieron 8 categorias
2025-12-11 11:41:16,584 INFO c.n.r.c.UsuarioController [http-nio-8080-exec-3] GET /usuarios - filtros: nickname=null, tipoUsuario=null, cuentaActiva=null
2025-12-11 11:41:16,584 INFO c.n.r.s.UsuarioService [http-nio-8080-exec-3] Listando usuarios con filtros nickname=null, tipoUsuario=null, cuentaActiva=null
2025-12-11 11:41:16,594 INFO c.n.r.c.UsuarioController [http-nio-8080-exec-3] Resultado: 14 usuarios encontrados
2025-12-11 11:41:16,597 INFO c.n.r.c.UsuarioController [http-nio-8080-exec-2] GET /usuarios - filtros: nickname=null, tipoUsuario=null, cuentaActiva=null
2025-12-11 11:41:16,597 INFO c.n.r.s.UsuarioService [http-nio-8080-exec-2] Listando usuarios con filtros nickname=null, tipoUsuario=null, cuentaActiva=null
2025-12-11 11:41:16,597 INFO c.n.r.c.UsuarioController [http-nio-8080-exec-2] Resultado: 14 usuarios encontrados
2025-12-11 11:41:17,584 INFO c.n.r.c.ProductoController [http-nio-8080-exec-1] GET /productos - filtros: nombre=null, activo=null, categoriaId=null, usuarioId=null
2025-12-11 11:41:17,599 INFO c.n.r.c.ProductoController [http-nio-8080-exec-1] GET /productos - encontrados 13 productos
2025-12-11 11:41:17,599 INFO c.n.r.c.ProductoController [http-nio-8080-exec-1] GET /productos - filtros: nombre=null, activo=null, categoriaId=null, usuarioId=null
2025-12-11 11:41:17,613 INFO c.n.r.c.ProductoController [http-nio-8080-exec-1] GET /productos - encontrados 13 productos
2025-12-11 11:41:21,283 INFO c.n.r.c.UsuarioController [http-nio-8080-exec-5] GET /usuarios - filtros: nickname=null, tipoUsuario=null, cuentaActiva=null
2025-12-11 11:41:21,283 INFO c.n.r.s.UsuarioService [http-nio-8080-exec-5] Listando usuarios con filtros nickname=null, tipoUsuario=null, cuentaActiva=null
2025-12-11 11:41:21,288 INFO c.n.r.c.UsuarioController [http-nio-8080-exec-5] Resultado: 14 usuarios encontrados
2025-12-11 11:41:21,295 INFO c.n.r.c.UsuarioController [http-nio-8080-exec-8] GET /usuarios - filtros: nickname=null, tipoUsuario=null, cuentaActiva=null
2025-12-11 11:41:21,296 INFO c.n.r.s.UsuarioService [http-nio-8080-exec-8] Listando usuarios con filtros nickname=null, tipoUsuario=null, cuentaActiva=null
2025-12-11 11:41:21,297 INFO c.n.r.c.UsuarioController [http-nio-8080-exec-8] Resultado: 14 usuarios encontrados
2025-12-11 11:41:22,847 INFO c.n.r.c.CategoriaController [http-nio-8080-exec-4] GET /categorías - filtros: nombre='null', activa=null, fechaCreacion=null, desde=null, hasta=null
2025-12-11 11:41:22,847 INFO c.n.r.s.CategoriaService [http-nio-8080-exec-4] Listando categorías con filtros - nombre: null, activa: null, fechaCreacion: null, desde: null, hasta: null
2025-12-11 11:41:22,852 INFO c.n.r.c.CategoriaController [http-nio-8080-exec-4] Se devolvieron 8 categorias
2025-12-11 11:41:22,856 INFO c.n.r.c.CategoriaController [http-nio-8080-exec-6] GET /categorías - filtros: nombre='null', activa=null, fechaCreacion=null, desde=null, hasta=null
2025-12-11 11:41:22,856 INFO c.n.r.s.CategoriaService [http-nio-8080-exec-6] Listando categorías con filtros - nombre: null, activa: null, fechaCreacion: null, desde: null, hasta: null
2025-12-11 11:41:22,860 INFO c.n.r.c.CategoriaController [http-nio-8080-exec-6] Se devolvieron 8 categorias
2025-12-11 11:41:23,746 INFO c.n.r.c.ProductoController [http-nio-8080-exec-10] GET /productos - filtros: nombre=null, activo=null, categoriaId=null, usuarioId=null
2025-12-11 11:41:23,760 INFO c.n.r.c.ProductoController [http-nio-8080-exec-10] GET /productos - encontrados 13 productos
2025-12-11 11:41:23,764 INFO c.n.r.c.ProductoController [http-nio-8080-exec-7] GET /productos - filtros: nombre=null, activo=null, categoriaId=null, usuarioId=null
2025-12-11 11:41:23,772 INFO c.n.r.c.ProductoController [http-nio-8080-exec-7] GET /productos - encontrados 13 productos
2025-12-11 11:46:02,465 INFO c.n.r.c.ProductoController [http-nio-8080-exec-9] GET /productos - filtros: nombre=null, activo=null, categoriaId=null, usuarioId=null
2025-12-11 11:46:02,469 INFO c.n.r.c.ProductoController [http-nio-8080-exec-9] GET /productos - encontrados 13 productos
2025-12-11 11:46:02,475 INFO c.n.r.c.ProductoController [http-nio-8080-exec-1] GET /productos - filtros: nombre=null, activo=null, categoriaId=null, usuarioId=null
2025-12-11 11:46:02,480 INFO c.n.r.c.ProductoController [http-nio-8080-exec-1] GET /productos - encontrados 13 productos
2025-12-11 11:46:10,791 INFO c.n.r.c.ProductoController [http-nio-8080-exec-5] GET /productos - filtros: nombre=null, activo=null, categoriaId=null, usuarioId=null
2025-12-11 11:46:10,798 INFO c.n.r.c.ProductoController [http-nio-8080-exec-5] GET /productos - encontrados 13 productos
2025-12-11 11:46:10,798 INFO c.n.r.c.ProductoController [http-nio-8080-exec-8] GET /productos - filtros: nombre=null, activo=null, categoriaId=null, usuarioId=null
2025-12-11 11:46:10,805 INFO c.n.r.c.ProductoController [http-nio-8080-exec-4] GET /productos/9/imagen - solicitando imagen
2025-12-11 11:46:10,805 INFO c.n.r.c.ProductoController [http-nio-8080-exec-10] GET /productos/11/imagen - solicitando imagen
2025-12-11 11:46:10,805 INFO c.n.r.c.ProductoController [http-nio-8080-exec-6] GET /productos/10/imagen - solicitando imagen
2025-12-11 11:46:10,805 INFO c.n.r.c.ProductoController [http-nio-8080-exec-7] GET /productos/12/imagen - solicitando imagen
2025-12-11 11:46:10,805 INFO c.n.r.c.ProductoController [http-nio-8080-exec-3] GET /productos/13/imagen - solicitando imagen
2025-12-11 11:46:10,805 INFO c.n.r.c.ProductoController [http-nio-8080-exec-10] GET /productos/11/imagen - imagen servida correctamente
2025-12-11 11:46:10,805 INFO c.n.r.c.ProductoController [http-nio-8080-exec-4] GET /productos/9/imagen - imagen servida correctamente
2025-12-11 11:46:10,805 INFO c.n.r.c.ProductoController [http-nio-8080-exec-7] GET /productos/12/imagen - imagen servida correctamente
2025-12-11 11:46:10,805 INFO c.n.r.c.ProductoController [http-nio-8080-exec-6] GET /productos/10/imagen - imagen servida correctamente
2025-12-11 11:46:10,805 INFO c.n.r.c.ProductoController [http-nio-8080-exec-3] GET /productos/13/imagen - imagen servida correctamente
2025-12-11 11:46:10,808 INFO c.n.r.c.ProductoController [http-nio-8080-exec-8] GET /productos - encontrados 13 productos
2025-12-11 11:46:10,813 INFO c.n.r.c.ProductoController [http-nio-8080-exec-9] GET /productos/15/imagen - solicitando imagen
2025-12-11 11:46:10,813 INFO c.n.r.c.ProductoController [http-nio-8080-exec-1] GET /productos/16/imagen - solicitando imagen
2025-12-11 11:46:10,813 INFO c.n.r.c.ProductoController [http-nio-8080-exec-2] GET /productos/14/imagen - solicitando imagen
2025-12-11 11:46:10,813 INFO c.n.r.c.ProductoController [http-nio-8080-exec-5] GET /productos/17/imagen - solicitando imagen
2025-12-11 11:46:10,816 INFO c.n.r.c.ProductoController [http-nio-8080-exec-10] GET /productos/19/imagen - solicitando imagen
2025-12-11 11:46:10,816 INFO c.n.r.c.ProductoController [http-nio-8080-exec-1] GET /productos/16/imagen - imagen servida correctamente
2025-12-11 11:46:10,816 INFO c.n.r.c.ProductoController [http-nio-8080-exec-9] GET /productos/15/imagen - imagen servida correctamente
2025-12-11 11:46:10,816 INFO c.n.r.c.ProductoController [http-nio-8080-exec-2] GET /productos/14/imagen - imagen servida correctamente
2025-12-11 11:46:10,816 INFO c.n.r.c.ProductoController [http-nio-8080-exec-6] GET /productos/20/imagen - solicitando imagen
2025-12-11 11:46:10,816 INFO c.n.r.c.ProductoController [http-nio-8080-exec-5] GET /productos/17/imagen - imagen servida correctamente
2025-12-11 11:46:10,817 INFO c.n.r.c.ProductoController [http-nio-8080-exec-6] GET /productos/20/imagen - imagen servida correctamente
2025-12-11 11:46:10,817 INFO c.n.r.c.ProductoController [http-nio-8080-exec-10] GET /productos/19/imagen - imagen servida correctamente
2025-12-11 11:46:10,817 INFO c.n.r.c.ProductoController [http-nio-8080-exec-4] GET /productos/22/imagen - solicitando imagen
2025-12-11 11:46:10,817 INFO c.n.r.c.ProductoController [http-nio-8080-exec-7] GET /productos/23/imagen - solicitando imagen
2025-12-11 11:46:10,817 INFO c.n.r.c.ProductoController [http-nio-8080-exec-7] GET /productos/23/imagen - imagen servida correctamente
2025-12-11 11:46:10,817 INFO c.n.r.c.ProductoController [http-nio-8080-exec-4] GET /productos/22/imagen - imagen servida correctamente
2025-12-11 11:46:35,940 INFO c.n.r.c.UsuarioController [http-nio-8080-exec-3] GET /usuarios - filtros: nickname=null, tipoUsuario=null, cuentaActiva=null
2025-12-11 11:46:35,941 INFO c.n.r.s.UsuarioService [http-nio-8080-exec-3] Listando usuarios con filtros nickname=null, tipoUsuario=null, cuentaActiva=null
2025-12-11 11:46:35,947 INFO c.n.r.c.UsuarioController [http-nio-8080-exec-3] Resultado: 14 usuarios encontrados
2025-12-11 11:46:35,948 INFO c.n.r.c.UsuarioController [http-nio-8080-exec-8] GET /usuarios - filtros: nickname=null, tipoUsuario=null, cuentaActiva=null
2025-12-11 11:46:35,949 INFO c.n.r.s.UsuarioService [http-nio-8080-exec-8] Listando usuarios con filtros nickname=null, tipoUsuario=null, cuentaActiva=null
2025-12-11 11:46:35,963 INFO c.n.r.c.UsuarioController [http-nio-8080-exec-8] Resultado: 14 usuarios encontrados
2025-12-11 11:46:36,497 INFO c.n.r.c.CategoriaController [http-nio-8080-exec-1] GET /categorías - filtros: nombre='null', activa=null, fechaCreacion=null, desde=null, hasta=null
2025-12-11 11:46:36,497 INFO c.n.r.s.CategoriaService [http-nio-8080-exec-1] Listando categorías con filtros - nombre: null, activa: null, fechaCreacion: null, desde: null, hasta: null
2025-12-11 11:46:36,497 INFO c.n.r.c.CategoriaController [http-nio-8080-exec-1] Se devolvieron 8 categorias
2025-12-11 11:46:36,513 INFO c.n.r.c.CategoriaController [http-nio-8080-exec-9] GET /categorías - filtros: nombre='null', activa=null, fechaCreacion=null, desde=null, hasta=null
2025-12-11 11:46:36,514 INFO c.n.r.s.CategoriaService [http-nio-8080-exec-9] Listando categorías con filtros - nombre: null, activa: null, fechaCreacion: null, desde: null, hasta: null
2025-12-11 11:46:36,514 INFO c.n.r.c.CategoriaController [http-nio-8080-exec-9] Se devolvieron 8 categorias
2025-12-11 11:46:37,216 INFO c.n.r.c.ProductoController [http-nio-8080-exec-2] GET /productos - filtros: nombre=null, activo=null, categoriaId=null, usuarioId=null
2025-12-11 11:46:37,236 INFO c.n.r.c.ProductoController [http-nio-8080-exec-2] GET /productos - encontrados 13 productos
2025-12-11 11:46:37,236 INFO c.n.r.c.ProductoController [http-nio-8080-exec-5] GET /productos - filtros: nombre=null, activo=null, categoriaId=null, usuarioId=null
2025-12-11 11:46:37,251 INFO c.n.r.c.ProductoController [http-nio-8080-exec-5] GET /productos - encontrados 13 productos
2025-12-11 12:00:19,838 INFO c.n.r.c.ProductoController [http-nio-8080-exec-2] GET /productos - filtros: nombre=null, activo=null, categoriaId=null, usuarioId=null
2025-12-11 12:00:19,845 INFO c.n.r.c.ProductoController [http-nio-8080-exec-2] GET /productos - encontrados 13 productos
2025-12-11 12:00:19,845 INFO c.n.r.c.ProductoController [http-nio-8080-exec-5] GET /productos - filtros: nombre=null, activo=null, categoriaId=null, usuarioId=null
2025-12-11 12:00:19,845 INFO c.n.r.c.ProductoController [http-nio-8080-exec-6] GET /productos/9/imagen - solicitando imagen
2025-12-11 12:00:19,845 INFO c.n.r.c.ProductoController [http-nio-8080-exec-7] GET /productos/10/imagen - solicitando imagen
2025-12-11 12:00:19,845 INFO c.n.r.c.ProductoController [http-nio-8080-exec-10] GET /productos/11/imagen - solicitando imagen
2025-12-11 12:00:19,845 INFO c.n.r.c.ProductoController [http-nio-8080-exec-3] GET /productos/12/imagen - solicitando imagen
2025-12-11 12:00:19,845 INFO c.n.r.c.ProductoController [http-nio-8080-exec-4] GET /productos/13/imagen - solicitando imagen
2025-12-11 12:00:19,845 INFO c.n.r.c.ProductoController [http-nio-8080-exec-7] GET /productos/10/imagen - imagen servida correctamente
2025-12-11 12:00:19,845 INFO c.n.r.c.ProductoController [http-nio-8080-exec-6] GET /productos/9/imagen - imagen servida correctamente
2025-12-11 12:00:19,845 INFO c.n.r.c.ProductoController [http-nio-8080-exec-10] GET /productos/11/imagen - imagen servida correctamente
2025-12-11 12:00:19,845 INFO c.n.r.c.ProductoController [http-nio-8080-exec-3] GET /productos/12/imagen - imagen servida correctamente
2025-12-11 12:00:19,845 INFO c.n.r.c.ProductoController [http-nio-8080-exec-4] GET /productos/13/imagen - imagen servida correctamente
2025-12-11 12:00:19,845 INFO c.n.r.c.ProductoController [http-nio-8080-exec-5] GET /productos - encontrados 13 productos
2025-12-11 12:00:19,863 INFO c.n.r.c.ProductoController [http-nio-8080-exec-2] GET /productos/17/imagen - solicitando imagen
2025-12-11 12:00:19,863 INFO c.n.r.c.ProductoController [http-nio-8080-exec-9] GET /productos/15/imagen - solicitando imagen
2025-12-11 12:00:19,863 INFO c.n.r.c.ProductoController [http-nio-8080-exec-1] GET /productos/16/imagen - solicitando imagen
2025-12-11 12:00:19,863 INFO c.n.r.c.ProductoController [http-nio-8080-exec-8] GET /productos/14/imagen - solicitando imagen
2025-12-11 12:00:19,863 INFO c.n.r.c.ProductoController [http-nio-8080-exec-6] GET /productos/19/imagen - solicitando imagen
2025-12-11 12:00:19,863 INFO c.n.r.c.ProductoController [http-nio-8080-exec-10] GET /productos/20/imagen - solicitando imagen
2025-12-11 12:00:19,867 INFO c.n.r.c.ProductoController [http-nio-8080-exec-1] GET /productos/16/imagen - imagen servida correctamente
2025-12-11 12:00:19,867 INFO c.n.r.c.ProductoController [http-nio-8080-exec-9] GET /productos/15/imagen - imagen servida correctamente
2025-12-11 12:00:19,867 INFO c.n.r.c.ProductoController [http-nio-8080-exec-8] GET /productos/14/imagen - imagen servida correctamente
2025-12-11 12:00:19,867 INFO c.n.r.c.ProductoController [http-nio-8080-exec-2] GET /productos/17/imagen - imagen servida correctamente
2025-12-11 12:00:19,867 INFO c.n.r.c.ProductoController [http-nio-8080-exec-6] GET /productos/19/imagen - imagen servida correctamente
2025-12-11 12:00:19,867 INFO c.n.r.c.ProductoController [http-nio-8080-exec-10] GET /productos/20/imagen - imagen servida correctamente
2025-12-11 12:00:19,867 INFO c.n.r.c.ProductoController [http-nio-8080-exec-3] GET /productos/23/imagen - solicitando imagen
2025-12-11 12:00:19,867 INFO c.n.r.c.ProductoController [http-nio-8080-exec-7] GET /productos/22/imagen - solicitando imagen
2025-12-11 12:00:19,867 INFO c.n.r.c.ProductoController [http-nio-8080-exec-3] GET /productos/23/imagen - imagen servida correctamente
2025-12-11 12:00:19,867 INFO c.n.r.c.ProductoController [http-nio-8080-exec-7] GET /productos/22/imagen - imagen servida correctamente
2025-12-11 12:04:33,467 INFO c.n.r.c.ProductoController [http-nio-8080-exec-3] GET /productos - filtros: nombre=null, activo=null, categoriaId=null, usuarioId=null
2025-12-11 12:04:33,467 INFO c.n.r.c.ProductoController [http-nio-8080-exec-3] GET /productos - encontrados 13 productos
2025-12-11 12:04:33,550 INFO c.n.r.c.ProductoController [http-nio-8080-exec-7] GET /productos - filtros: nombre=null, activo=null, categoriaId=null, usuarioId=null
2025-12-11 12:04:33,558 INFO c.n.r.c.ProductoController [http-nio-8080-exec-7] GET /productos - encontrados 13 productos
2025-12-11 12:04:33,558 INFO c.n.r.c.ProductoController [http-nio-8080-exec-2] GET /productos - filtros: nombre=null, activo=null, categoriaId=null, usuarioId=null
2025-12-11 12:04:33,567 INFO c.n.r.c.ProductoController [http-nio-8080-exec-2] GET /productos - encontrados 13 productos
2025-12-11 12:04:33,567 INFO c.n.r.c.ProductoController [http-nio-8080-exec-4] GET /productos/10/imagen - solicitando imagen
2025-12-11 12:04:33,567 INFO c.n.r.c.ProductoController [http-nio-8080-exec-8] GET /productos/9/imagen - solicitando imagen
2025-12-11 12:04:33,570 INFO c.n.r.c.ProductoController [http-nio-8080-exec-5] GET /productos/11/imagen - solicitando imagen
2025-12-11 12:04:33,571 INFO c.n.r.c.ProductoController [http-nio-8080-exec-8] GET /productos/9/imagen - imagen servida correctamente
2025-12-11 12:04:33,571 INFO c.n.r.c.ProductoController [http-nio-8080-exec-4] GET /productos/10/imagen - imagen servida correctamente
2025-12-11 12:04:33,571 INFO c.n.r.c.ProductoController [http-nio-8080-exec-5] GET /productos/11/imagen - imagen servida correctamente
2025-12-11 12:04:33,571 INFO c.n.r.c.ProductoController [http-nio-8080-exec-1] GET /productos/14/imagen - solicitando imagen
2025-12-11 12:04:33,571 INFO c.n.r.c.ProductoController [http-nio-8080-exec-6] GET /productos/12/imagen - solicitando imagen
2025-12-11 12:04:33,571 INFO c.n.r.c.ProductoController [http-nio-8080-exec-10] GET /productos/13/imagen - solicitando imagen
2025-12-11 12:04:33,571 INFO c.n.r.c.ProductoController [http-nio-8080-exec-10] GET /productos/13/imagen - imagen servida correctamente
2025-12-11 12:04:33,571 INFO c.n.r.c.ProductoController [http-nio-8080-exec-1] GET /productos/14/imagen - imagen servida correctamente
2025-12-11 12:04:33,571 INFO c.n.r.c.ProductoController [http-nio-8080-exec-6] GET /productos/12/imagen - imagen servida correctamente
2025-12-11 12:04:33,583 INFO c.n.r.c.ProductoController [http-nio-8080-exec-9] GET /productos/15/imagen - solicitando imagen
2025-12-11 12:04:33,583 INFO c.n.r.c.ProductoController [http-nio-8080-exec-7] GET /productos/17/imagen - solicitando imagen
2025-12-11 12:04:33,583 INFO c.n.r.c.ProductoController [http-nio-8080-exec-3] GET /productos/16/imagen - solicitando imagen
2025-12-11 12:04:33,583 INFO c.n.r.c.ProductoController [http-nio-8080-exec-9] GET /productos/15/imagen - imagen servida correctamente
2025-12-11 12:04:33,583 INFO c.n.r.c.ProductoController [http-nio-8080-exec-3] GET /productos/16/imagen - imagen servida correctamente
2025-12-11 12:04:33,583 INFO c.n.r.c.ProductoController [http-nio-8080-exec-7] GET /productos/17/imagen - imagen servida correctamente
2025-12-11 12:04:33,583 INFO c.n.r.c.ProductoController [http-nio-8080-exec-2] GET /productos/19/imagen - solicitando imagen
2025-12-11 12:04:33,583 INFO c.n.r.c.ProductoController [http-nio-8080-exec-8] GET /productos/20/imagen - solicitando imagen
2025-12-11 12:04:33,583 INFO c.n.r.c.ProductoController [http-nio-8080-exec-2] GET /productos/19/imagen - imagen servida correctamente
2025-12-11 12:04:33,583 INFO c.n.r.c.ProductoController [http-nio-8080-exec-4] GET /productos/22/imagen - solicitando imagen
2025-12-11 12:04:33,583 INFO c.n.r.c.ProductoController [http-nio-8080-exec-8] GET /productos/20/imagen - imagen servida correctamente
2025-12-11 12:04:33,583 INFO c.n.r.c.ProductoController [http-nio-8080-exec-4] GET /productos/22/imagen - imagen servida correctamente
2025-12-11 12:04:33,583 INFO c.n.r.c.ProductoController [http-nio-8080-exec-5] GET /productos/23/imagen - solicitando imagen
2025-12-11 12:04:33,583 INFO c.n.r.c.ProductoController [http-nio-8080-exec-5] GET /productos/23/imagen - imagen servida correctamente
2025-12-11 12:05:48,196 INFO c.n.r.c.ProductoController [http-nio-8080-exec-7] GET /productos - filtros: nombre=null, activo=null, categoriaId=null, usuarioId=null
2025-12-11 12:05:48,203 INFO c.n.r.c.ProductoController [http-nio-8080-exec-7] GET /productos - encontrados 13 productos
2025-12-11 12:05:48,203 INFO c.n.r.c.ProductoController [http-nio-8080-exec-2] GET /productos - filtros: nombre=null, activo=null, categoriaId=null, usuarioId=null
2025-12-11 12:05:48,203 INFO c.n.r.c.ProductoController [http-nio-8080-exec-4] GET /productos/10/imagen - solicitando imagen
2025-12-11 12:05:48,203 INFO c.n.r.c.ProductoController [http-nio-8080-exec-8] GET /productos/9/imagen - solicitando imagen
2025-12-11 12:05:48,203 INFO c.n.r.c.ProductoController [http-nio-8080-exec-5] GET /productos/11/imagen - solicitando imagen
2025-12-11 12:05:48,213 INFO c.n.r.c.ProductoController [http-nio-8080-exec-3] GET /productos/12/imagen - solicitando imagen
2025-12-11 12:05:48,213 INFO c.n.r.c.ProductoController [http-nio-8080-exec-2] GET /productos - encontrados 13 productos
2025-12-11 12:05:48,213 INFO c.n.r.c.ProductoController [http-nio-8080-exec-9] GET /productos/13/imagen - solicitando imagen
2025-12-11 12:05:48,213 INFO c.n.r.c.ProductoController [http-nio-8080-exec-8] GET /productos/9/imagen - imagen servida correctamente
2025-12-11 12:05:48,213 INFO c.n.r.c.ProductoController [http-nio-8080-exec-4] GET /productos/10/imagen - imagen servida correctamente
2025-12-11 12:05:48,213 INFO c.n.r.c.ProductoController [http-nio-8080-exec-5] GET /productos/11/imagen - imagen servida correctamente
2025-12-11 12:05:48,213 INFO c.n.r.c.ProductoController [http-nio-8080-exec-3] GET /productos/12/imagen - imagen servida correctamente
2025-12-11 12:05:48,216 INFO c.n.r.c.ProductoController [http-nio-8080-exec-9] GET /productos/13/imagen - imagen servida correctamente
2025-12-11 12:05:48,221 INFO c.n.r.c.ProductoController [http-nio-8080-exec-1] GET /productos/15/imagen - solicitando imagen
2025-12-11 12:05:48,221 INFO c.n.r.c.ProductoController [http-nio-8080-exec-6] GET /productos/14/imagen - solicitando imagen
2025-12-11 12:05:48,223 INFO c.n.r.c.ProductoController [http-nio-8080-exec-1] GET /productos/15/imagen - imagen servida correctamente
2025-12-11 12:05:48,223 INFO c.n.r.c.ProductoController [http-nio-8080-exec-6] GET /productos/14/imagen - imagen servida correctamente
2025-12-11 12:05:48,225 INFO c.n.r.c.ProductoController [http-nio-8080-exec-10] GET /productos/16/imagen - solicitando imagen
2025-12-11 12:05:48,225 INFO c.n.r.c.ProductoController [http-nio-8080-exec-7] GET /productos/17/imagen - solicitando imagen
2025-12-11 12:05:48,225 INFO c.n.r.c.ProductoController [http-nio-8080-exec-2] GET /productos/19/imagen - solicitando imagen
2025-12-11 12:05:48,228 INFO c.n.r.c.ProductoController [http-nio-8080-exec-2] GET /productos/19/imagen - imagen servida correctamente
2025-12-11 12:05:48,228 INFO c.n.r.c.ProductoController [http-nio-8080-exec-10] GET /productos/16/imagen - imagen servida correctamente
2025-12-11 12:05:48,228 INFO c.n.r.c.ProductoController [http-nio-8080-exec-7] GET /productos/17/imagen - imagen servida correctamente
2025-12-11 12:05:48,228 INFO c.n.r.c.ProductoController [http-nio-8080-exec-8] GET /productos/20/imagen - solicitando imagen
2025-12-11 12:05:48,231 INFO c.n.r.c.ProductoController [http-nio-8080-exec-8] GET /productos/20/imagen - imagen servida correctamente
2025-12-11 12:05:48,234 INFO c.n.r.c.ProductoController [http-nio-8080-exec-4] GET /productos/22/imagen - solicitando imagen
2025-12-11 12:05:48,234 INFO c.n.r.c.ProductoController [http-nio-8080-exec-3] GET /productos/23/imagen - solicitando imagen
2025-12-11 12:05:48,236 INFO c.n.r.c.ProductoController [http-nio-8080-exec-4] GET /productos/22/imagen - imagen servida correctamente
2025-12-11 12:05:48,236 INFO c.n.r.c.ProductoController [http-nio-8080-exec-3] GET /productos/23/imagen - imagen servida correctamente
2025-12-11 12:07:46,766 INFO c.n.r.c.ProductoController [http-nio-8080-exec-4] GET /productos - filtros: nombre=null, activo=null, categoriaId=null, usuarioId=null
2025-12-11 12:07:46,775 INFO c.n.r.c.ProductoController [http-nio-8080-exec-4] GET /productos - encontrados 13 productos
2025-12-11 12:07:46,777 INFO c.n.r.c.ProductoController [http-nio-8080-exec-3] GET /productos - filtros: nombre=null, activo=null, categoriaId=null, usuarioId=null
2025-12-11 12:07:46,780 INFO c.n.r.c.ProductoController [http-nio-8080-exec-10] GET /productos/9/imagen - solicitando imagen
2025-12-11 12:07:46,780 INFO c.n.r.c.ProductoController [http-nio-8080-exec-7] GET /productos/10/imagen - solicitando imagen
2025-12-11 12:07:46,781 INFO c.n.r.c.ProductoController [http-nio-8080-exec-1] GET /productos/11/imagen - solicitando imagen
2025-12-11 12:07:46,781 INFO c.n.r.c.ProductoController [http-nio-8080-exec-2] GET /productos/12/imagen - solicitando imagen
2025-12-11 12:07:46,781 INFO c.n.r.c.ProductoController [http-nio-8080-exec-6] GET /productos/13/imagen - solicitando imagen
2025-12-11 12:07:46,782 INFO c.n.r.c.ProductoController [http-nio-8080-exec-10] GET /productos/9/imagen - imagen servida correctamente
2025-12-11 12:07:46,782 INFO c.n.r.c.ProductoController [http-nio-8080-exec-7] GET /productos/10/imagen - imagen servida correctamente
2025-12-11 12:07:46,782 INFO c.n.r.c.ProductoController [http-nio-8080-exec-1] GET /productos/11/imagen - imagen servida correctamente
2025-12-11 12:07:46,782 INFO c.n.r.c.ProductoController [http-nio-8080-exec-2] GET /productos/12/imagen - imagen servida correctamente
2025-12-11 12:07:46,782 INFO c.n.r.c.ProductoController [http-nio-8080-exec-6] GET /productos/13/imagen - imagen servida correctamente
2025-12-11 12:07:46,786 INFO c.n.r.c.ProductoController [http-nio-8080-exec-3] GET /productos - encontrados 13 productos
2025-12-11 12:07:46,790 INFO c.n.r.c.ProductoController [http-nio-8080-exec-5] GET /productos/14/imagen - solicitando imagen
2025-12-11 12:07:46,790 INFO c.n.r.c.ProductoController [http-nio-8080-exec-9] GET /productos/15/imagen - solicitando imagen
2025-12-11 12:07:46,790 INFO c.n.r.c.ProductoController [http-nio-8080-exec-8] GET /productos/16/imagen - solicitando imagen
2025-12-11 12:07:46,790 INFO c.n.r.c.ProductoController [http-nio-8080-exec-4] GET /productos/17/imagen - solicitando imagen
2025-12-11 12:07:46,792 INFO c.n.r.c.ProductoController [http-nio-8080-exec-9] GET /productos/15/imagen - imagen servida correctamente
2025-12-11 12:07:46,792 INFO c.n.r.c.ProductoController [http-nio-8080-exec-5] GET /productos/14/imagen - imagen servida correctamente
2025-12-11 12:07:46,792 INFO c.n.r.c.ProductoController [http-nio-8080-exec-8] GET /productos/16/imagen - imagen servida correctamente
2025-12-11 12:07:46,793 INFO c.n.r.c.ProductoController [http-nio-8080-exec-4] GET /productos/17/imagen - imagen servida correctamente
2025-12-11 12:07:46,793 INFO c.n.r.c.ProductoController [http-nio-8080-exec-10] GET /productos/19/imagen - solicitando imagen
2025-12-11 12:07:46,793 INFO c.n.r.c.ProductoController [http-nio-8080-exec-1] GET /productos/20/imagen - solicitando imagen
2025-12-11 12:07:46,794 INFO c.n.r.c.ProductoController [http-nio-8080-exec-10] GET /productos/19/imagen - imagen servida correctamente
2025-12-11 12:07:46,794 INFO c.n.r.c.ProductoController [http-nio-8080-exec-1] GET /productos/20/imagen - imagen servida correctamente
2025-12-11 12:07:46,797 INFO c.n.r.c.ProductoController [http-nio-8080-exec-2] GET /productos/23/imagen - solicitando imagen
2025-12-11 12:07:46,797 INFO c.n.r.c.ProductoController [http-nio-8080-exec-7] GET /productos/22/imagen - solicitando imagen
2025-12-11 12:07:46,797 INFO c.n.r.c.ProductoController [http-nio-8080-exec-7] GET /productos/22/imagen - imagen servida correctamente
2025-12-11 12:07:46,797 INFO c.n.r.c.ProductoController [http-nio-8080-exec-2] GET /productos/23/imagen - imagen servida correctamente
2025-12-11 12:10:16,714 INFO c.n.r.c.ProductoController [http-nio-8080-exec-2] GET /productos - filtros: nombre=null, activo=null, categoriaId=null, usuarioId=null
2025-12-11 12:10:16,724 INFO c.n.r.c.ProductoController [http-nio-8080-exec-2] GET /productos - encontrados 13 productos
2025-12-11 12:10:16,726 INFO c.n.r.c.ProductoController [http-nio-8080-exec-7] GET /productos - filtros: nombre=null, activo=null, categoriaId=null, usuarioId=null
2025-12-11 12:10:16,736 INFO c.n.r.c.ProductoController [http-nio-8080-exec-7] GET /productos - encontrados 13 productos
2025-12-11 12:17:09,493 INFO c.n.r.c.ProductoController [http-nio-8080-exec-8] GET /productos - filtros: nombre=null, activo=null, categoriaId=null, usuarioId=null
2025-12-11 12:17:09,500 INFO c.n.r.c.ProductoController [http-nio-8080-exec-8] GET /productos - encontrados 13 productos
2025-12-11 12:17:09,504 INFO c.n.r.c.ProductoController [http-nio-8080-exec-3] GET /productos - filtros: nombre=null, activo=null, categoriaId=null, usuarioId=null
2025-12-11 12:17:09,505 INFO c.n.r.c.ProductoController [http-nio-8080-exec-9] GET /productos/10/imagen - solicitando imagen
2025-12-11 12:17:09,505 INFO c.n.r.c.ProductoController [http-nio-8080-exec-5] GET /productos/9/imagen - solicitando imagen
2025-12-11 12:17:09,511 INFO c.n.r.c.ProductoController [http-nio-8080-exec-4] GET /productos/11/imagen - solicitando imagen
2025-12-11 12:17:09,511 INFO c.n.r.c.ProductoController [http-nio-8080-exec-6] GET /productos/12/imagen - solicitando imagen
2025-12-11 12:17:09,511 INFO c.n.r.c.ProductoController [http-nio-8080-exec-3] GET /productos - encontrados 13 productos
2025-12-11 12:17:09,511 INFO c.n.r.c.ProductoController [http-nio-8080-exec-2] GET /productos/13/imagen - solicitando imagen
2025-12-11 12:17:09,511 INFO c.n.r.c.ProductoController [http-nio-8080-exec-5] GET /productos/9/imagen - imagen servida correctamente
2025-12-11 12:17:09,511 INFO c.n.r.c.ProductoController [http-nio-8080-exec-9] GET /productos/10/imagen - imagen servida correctamente
2025-12-11 12:17:09,511 INFO c.n.r.c.ProductoController [http-nio-8080-exec-4] GET /productos/11/imagen - imagen servida correctamente
2025-12-11 12:17:09,511 INFO c.n.r.c.ProductoController [http-nio-8080-exec-6] GET /productos/12/imagen - imagen servida correctamente
2025-12-11 12:17:09,511 INFO c.n.r.c.ProductoController [http-nio-8080-exec-2] GET /productos/13/imagen - imagen servida correctamente
2025-12-11 12:17:09,511 INFO c.n.r.c.ProductoController [http-nio-8080-exec-7] GET /productos/14/imagen - solicitando imagen
2025-12-11 12:17:09,511 INFO c.n.r.c.ProductoController [http-nio-8080-exec-7] GET /productos/14/imagen - imagen servida correctamente
2025-12-11 12:17:09,520 INFO c.n.r.c.ProductoController [http-nio-8080-exec-10] GET /productos/15/imagen - solicitando imagen
2025-12-11 12:17:09,520 INFO c.n.r.c.ProductoController [http-nio-8080-exec-8] GET /productos/19/imagen - solicitando imagen
2025-12-11 12:17:09,520 INFO c.n.r.c.ProductoController [http-nio-8080-exec-3] GET /productos/17/imagen - solicitando imagen
2025-12-11 12:17:09,520 INFO c.n.r.c.ProductoController [http-nio-8080-exec-1] GET /productos/16/imagen - solicitando imagen
2025-12-11 12:17:09,520 INFO c.n.r.c.ProductoController [http-nio-8080-exec-1] GET /productos/16/imagen - imagen servida correctamente
2025-12-11 12:17:09,520 INFO c.n.r.c.ProductoController [http-nio-8080-exec-3] GET /productos/17/imagen - imagen servida correctamente
2025-12-11 12:17:09,520 INFO c.n.r.c.ProductoController [http-nio-8080-exec-9] GET /productos/20/imagen - solicitando imagen
2025-12-11 12:17:09,520 INFO c.n.r.c.ProductoController [http-nio-8080-exec-8] GET /productos/19/imagen - imagen servida correctamente
2025-12-11 12:17:09,520 INFO c.n.r.c.ProductoController [http-nio-8080-exec-10] GET /productos/15/imagen - imagen servida correctamente
2025-12-11 12:17:09,523 INFO c.n.r.c.ProductoController [http-nio-8080-exec-9] GET /productos/20/imagen - imagen servida correctamente
2025-12-11 12:17:09,523 INFO c.n.r.c.ProductoController [http-nio-8080-exec-5] GET /productos/22/imagen - solicitando imagen
2025-12-11 12:17:09,523 INFO c.n.r.c.ProductoController [http-nio-8080-exec-5] GET /productos/22/imagen - imagen servida correctamente
2025-12-11 12:17:09,523 INFO c.n.r.c.ProductoController [http-nio-8080-exec-4] GET /productos/23/imagen - solicitando imagen
2025-12-11 12:17:09,523 INFO c.n.r.c.ProductoController [http-nio-8080-exec-4] GET /productos/23/imagen - imagen servida correctamente
2025-12-11 12:32:08,974 INFO c.n.r.c.ProductoController [http-nio-8080-exec-5] GET /productos - filtros: nombre=null, activo=null, categoriaId=null, usuarioId=null
2025-12-11 12:32:08,981 INFO c.n.r.c.ProductoController [http-nio-8080-exec-5] GET /productos - encontrados 13 productos
2025-12-11 12:32:08,984 INFO c.n.r.c.ProductoController [http-nio-8080-exec-4] GET /productos - filtros: nombre=null, activo=null, categoriaId=null, usuarioId=null
2025-12-11 12:32:08,988 INFO c.n.r.c.ProductoController [http-nio-8080-exec-3] GET /productos/9/imagen - solicitando imagen
2025-12-11 12:32:08,988 INFO c.n.r.c.ProductoController [http-nio-8080-exec-2] GET /productos/10/imagen - solicitando imagen
2025-12-11 12:32:08,988 INFO c.n.r.c.ProductoController [http-nio-8080-exec-8] GET /productos/11/imagen - solicitando imagen
2025-12-11 12:32:08,988 INFO c.n.r.c.ProductoController [http-nio-8080-exec-7] GET /productos/12/imagen - solicitando imagen
2025-12-11 12:32:08,988 INFO c.n.r.c.ProductoController [http-nio-8080-exec-6] GET /productos/13/imagen - solicitando imagen
2025-12-11 12:32:08,988 INFO c.n.r.c.ProductoController [http-nio-8080-exec-3] GET /productos/9/imagen - imagen servida correctamente
2025-12-11 12:32:08,988 INFO c.n.r.c.ProductoController [http-nio-8080-exec-8] GET /productos/11/imagen - imagen servida correctamente
2025-12-11 12:32:08,988 INFO c.n.r.c.ProductoController [http-nio-8080-exec-2] GET /productos/10/imagen - imagen servida correctamente
2025-12-11 12:32:08,988 INFO c.n.r.c.ProductoController [http-nio-8080-exec-7] GET /productos/12/imagen - imagen servida correctamente
2025-12-11 12:32:08,988 INFO c.n.r.c.ProductoController [http-nio-8080-exec-6] GET /productos/13/imagen - imagen servida correctamente
2025-12-11 12:32:08,988 INFO c.n.r.c.ProductoController [http-nio-8080-exec-4] GET /productos - encontrados 13 productos
2025-12-11 12:32:08,998 INFO c.n.r.c.ProductoController [http-nio-8080-exec-10] GET /productos/14/imagen - solicitando imagen
2025-12-11 12:32:08,998 INFO c.n.r.c.ProductoController [http-nio-8080-exec-9] GET /productos/15/imagen - solicitando imagen
2025-12-11 12:32:08,998 INFO c.n.r.c.ProductoController [http-nio-8080-exec-10] GET /productos/14/imagen - imagen servida correctamente
2025-12-11 12:32:08,998 INFO c.n.r.c.ProductoController [http-nio-8080-exec-9] GET /productos/15/imagen - imagen servida correctamente
2025-12-11 12:32:08,998 INFO c.n.r.c.ProductoController [http-nio-8080-exec-1] GET /productos/16/imagen - solicitando imagen
2025-12-11 12:32:08,998 INFO c.n.r.c.ProductoController [http-nio-8080-exec-3] GET /productos/19/imagen - solicitando imagen
2025-12-11 12:32:08,998 INFO c.n.r.c.ProductoController [http-nio-8080-exec-5] GET /productos/17/imagen - solicitando imagen
2025-12-11 12:32:08,998 INFO c.n.r.c.ProductoController [http-nio-8080-exec-2] GET /productos/20/imagen - solicitando imagen
2025-12-11 12:32:08,998 INFO c.n.r.c.ProductoController [http-nio-8080-exec-3] GET /productos/19/imagen - imagen servida correctamente
2025-12-11 12:32:08,998 INFO c.n.r.c.ProductoController [http-nio-8080-exec-1] GET /productos/16/imagen - imagen servida correctamente
2025-12-11 12:32:08,998 INFO c.n.r.c.ProductoController [http-nio-8080-exec-2] GET /productos/20/imagen - imagen servida correctamente
2025-12-11 12:32:08,998 INFO c.n.r.c.ProductoController [http-nio-8080-exec-5] GET /productos/17/imagen - imagen servida correctamente
2025-12-11 12:32:08,998 INFO c.n.r.c.ProductoController [http-nio-8080-exec-8] GET /productos/22/imagen - solicitando imagen
2025-12-11 12:32:08,998 INFO c.n.r.c.ProductoController [http-nio-8080-exec-8] GET /productos/22/imagen - imagen servida correctamente
2025-12-11 12:32:08,998 INFO c.n.r.c.ProductoController [http-nio-8080-exec-7] GET /productos/23/imagen - solicitando imagen
2025-12-11 12:32:08,998 INFO c.n.r.c.ProductoController [http-nio-8080-exec-7] GET /productos/23/imagen - imagen servida correctamente
2025-12-11 12:36:34,459 INFO c.n.r.c.ProductoController [http-nio-8080-exec-8] GET /productos - filtros: nombre=null, activo=null, categoriaId=null, usuarioId=null
2025-12-11 12:36:34,467 INFO c.n.r.c.ProductoController [http-nio-8080-exec-8] GET /productos - encontrados 13 productos
2025-12-11 12:36:34,469 INFO c.n.r.c.ProductoController [http-nio-8080-exec-7] GET /productos - filtros: nombre=null, activo=null, categoriaId=null, usuarioId=null
2025-12-11 12:36:34,470 INFO c.n.r.c.ProductoController [http-nio-8080-exec-10] GET /productos/9/imagen - solicitando imagen
2025-12-11 12:36:34,470 INFO c.n.r.c.ProductoController [http-nio-8080-exec-3] GET /productos/10/imagen - solicitando imagen
2025-12-11 12:36:34,470 INFO c.n.r.c.ProductoController [http-nio-8080-exec-4] GET /productos/12/imagen - solicitando imagen
2025-12-11 12:36:34,470 INFO c.n.r.c.ProductoController [http-nio-8080-exec-6] GET /productos/11/imagen - solicitando imagen
2025-12-11 12:36:34,470 INFO c.n.r.c.ProductoController [http-nio-8080-exec-9] GET /productos/13/imagen - solicitando imagen
2025-12-11 12:36:34,470 INFO c.n.r.c.ProductoController [http-nio-8080-exec-7] GET /productos - encontrados 13 productos
2025-12-11 12:36:34,470 INFO c.n.r.c.ProductoController [http-nio-8080-exec-4] GET /productos/12/imagen - imagen servida correctamente
2025-12-11 12:36:34,470 INFO c.n.r.c.ProductoController [http-nio-8080-exec-9] GET /productos/13/imagen - imagen servida correctamente
2025-12-11 12:36:34,470 INFO c.n.r.c.ProductoController [http-nio-8080-exec-6] GET /productos/11/imagen - imagen servida correctamente
2025-12-11 12:36:34,470 INFO c.n.r.c.ProductoController [http-nio-8080-exec-3] GET /productos/10/imagen - imagen servida correctamente
2025-12-11 12:36:34,470 INFO c.n.r.c.ProductoController [http-nio-8080-exec-10] GET /productos/9/imagen - imagen servida correctamente
2025-12-11 12:36:34,483 INFO c.n.r.c.ProductoController [http-nio-8080-exec-2] GET /productos/14/imagen - solicitando imagen
2025-12-11 12:36:34,483 INFO c.n.r.c.ProductoController [http-nio-8080-exec-8] GET /productos/17/imagen - solicitando imagen
2025-12-11 12:36:34,483 INFO c.n.r.c.ProductoController [http-nio-8080-exec-9] GET /productos/19/imagen - solicitando imagen
2025-12-11 12:36:34,483 INFO c.n.r.c.ProductoController [http-nio-8080-exec-1] GET /productos/15/imagen - solicitando imagen
2025-12-11 12:36:34,483 INFO c.n.r.c.ProductoController [http-nio-8080-exec-5] GET /productos/16/imagen - solicitando imagen
2025-12-11 12:36:34,485 INFO c.n.r.c.ProductoController [http-nio-8080-exec-2] GET /productos/14/imagen - imagen servida correctamente
2025-12-11 12:36:34,485 INFO c.n.r.c.ProductoController [http-nio-8080-exec-5] GET /productos/16/imagen - imagen servida correctamente
2025-12-11 12:36:34,485 INFO c.n.r.c.ProductoController [http-nio-8080-exec-9] GET /productos/19/imagen - imagen servida correctamente
2025-12-11 12:36:34,485 INFO c.n.r.c.ProductoController [http-nio-8080-exec-1] GET /productos/15/imagen - imagen servida correctamente
2025-12-11 12:36:34,485 INFO c.n.r.c.ProductoController [http-nio-8080-exec-8] GET /productos/17/imagen - imagen servida correctamente
2025-12-11 12:36:34,486 INFO c.n.r.c.ProductoController [http-nio-8080-exec-7] GET /productos/20/imagen - solicitando imagen
2025-12-11 12:36:34,487 INFO c.n.r.c.ProductoController [http-nio-8080-exec-7] GET /productos/20/imagen - imagen servida correctamente
2025-12-11 12:36:34,488 INFO c.n.r.c.ProductoController [http-nio-8080-exec-6] GET /productos/22/imagen - solicitando imagen
2025-12-11 12:36:34,488 INFO c.n.r.c.ProductoController [http-nio-8080-exec-4] GET /productos/23/imagen - solicitando imagen
2025-12-11 12:36:34,488 INFO c.n.r.c.ProductoController [http-nio-8080-exec-4] GET /productos/23/imagen - imagen servida correctamente
2025-12-11 12:36:34,488 INFO c.n.r.c.ProductoController [http-nio-8080-exec-6] GET /productos/22/imagen - imagen servida correctamente
2025-12-11 12:43:31,678 INFO c.n.r.c.ProductoController [http-nio-8080-exec-4] GET /productos - filtros: nombre=null, activo=null, categoriaId=null, usuarioId=null
2025-12-11 12:43:31,684 INFO c.n.r.c.ProductoController [http-nio-8080-exec-4] GET /productos - encontrados 13 productos
2025-12-11 12:43:31,687 INFO c.n.r.c.ProductoController [http-nio-8080-exec-6] GET /productos - filtros: nombre=null, activo=null, categoriaId=null, usuarioId=null
2025-12-11 12:43:31,691 INFO c.n.r.c.ProductoController [http-nio-8080-exec-3] GET /productos/9/imagen - solicitando imagen
2025-12-11 12:43:31,691 INFO c.n.r.c.ProductoController [http-nio-8080-exec-7] GET /productos/10/imagen - solicitando imagen
2025-12-11 12:43:31,691 INFO c.n.r.c.ProductoController [http-nio-8080-exec-8] GET /productos/11/imagen - solicitando imagen
2025-12-11 12:43:31,691 INFO c.n.r.c.ProductoController [http-nio-8080-exec-3] GET /productos/9/imagen - imagen servida correctamente
2025-12-11 12:43:31,691 INFO c.n.r.c.ProductoController [http-nio-8080-exec-6] GET /productos - encontrados 13 productos
2025-12-11 12:43:31,691 INFO c.n.r.c.ProductoController [http-nio-8080-exec-5] GET /productos/12/imagen - solicitando imagen
2025-12-11 12:43:31,691 INFO c.n.r.c.ProductoController [http-nio-8080-exec-7] GET /productos/10/imagen - imagen servida correctamente
2025-12-11 12:43:31,691 INFO c.n.r.c.ProductoController [http-nio-8080-exec-10] GET /productos/13/imagen - solicitando imagen
2025-12-11 12:43:31,691 INFO c.n.r.c.ProductoController [http-nio-8080-exec-8] GET /productos/11/imagen - imagen servida correctamente
2025-12-11 12:43:31,691 INFO c.n.r.c.ProductoController [http-nio-8080-exec-5] GET /productos/12/imagen - imagen servida correctamente
2025-12-11 12:43:31,691 INFO c.n.r.c.ProductoController [http-nio-8080-exec-10] GET /productos/13/imagen - imagen servida correctamente
2025-12-11 12:43:31,701 INFO c.n.r.c.ProductoController [http-nio-8080-exec-9] GET /productos/14/imagen - solicitando imagen
2025-12-11 12:43:31,701 INFO c.n.r.c.ProductoController [http-nio-8080-exec-1] GET /productos/15/imagen - solicitando imagen
2025-12-11 12:43:31,701 INFO c.n.r.c.ProductoController [http-nio-8080-exec-9] GET /productos/14/imagen - imagen servida correctamente
2025-12-11 12:43:31,701 INFO c.n.r.c.ProductoController [http-nio-8080-exec-4] GET /productos/17/imagen - solicitando imagen
2025-12-11 12:43:31,701 INFO c.n.r.c.ProductoController [http-nio-8080-exec-2] GET /productos/16/imagen - solicitando imagen
2025-12-11 12:43:31,705 INFO c.n.r.c.ProductoController [http-nio-8080-exec-1] GET /productos/15/imagen - imagen servida correctamente
2025-12-11 12:43:31,705 INFO c.n.r.c.ProductoController [http-nio-8080-exec-2] GET /productos/16/imagen - imagen servida correctamente
2025-12-11 12:43:31,705 INFO c.n.r.c.ProductoController [http-nio-8080-exec-4] GET /productos/17/imagen - imagen servida correctamente
2025-12-11 12:43:31,705 INFO c.n.r.c.ProductoController [http-nio-8080-exec-3] GET /productos/19/imagen - solicitando imagen
2025-12-11 12:43:31,705 INFO c.n.r.c.ProductoController [http-nio-8080-exec-7] GET /productos/20/imagen - solicitando imagen
2025-12-11 12:43:31,705 INFO c.n.r.c.ProductoController [http-nio-8080-exec-3] GET /productos/19/imagen - imagen servida correctamente
2025-12-11 12:43:31,705 INFO c.n.r.c.ProductoController [http-nio-8080-exec-7] GET /productos/20/imagen - imagen servida correctamente
2025-12-11 12:43:31,705 INFO c.n.r.c.ProductoController [http-nio-8080-exec-8] GET /productos/23/imagen - solicitando imagen
2025-12-11 12:43:31,705 INFO c.n.r.c.ProductoController [http-nio-8080-exec-6] GET /productos/22/imagen - solicitando imagen
2025-12-11 12:43:31,705 INFO c.n.r.c.ProductoController [http-nio-8080-exec-8] GET /productos/23/imagen - imagen servida correctamente
2025-12-11 12:43:31,705 INFO c.n.r.c.ProductoController [http-nio-8080-exec-6] GET /productos/22/imagen - imagen servida correctamente
2025-12-11 12:47:55,457 INFO c.n.r.c.ProductoController [http-nio-8080-exec-6] GET /productos - filtros: nombre=null, activo=null, categoriaId=null, usuarioId=null
2025-12-11 12:47:55,470 INFO c.n.r.c.ProductoController [http-nio-8080-exec-6] GET /productos - encontrados 13 productos
2025-12-11 12:47:55,473 INFO c.n.r.c.ProductoController [http-nio-8080-exec-8] GET /productos - filtros: nombre=null, activo=null, categoriaId=null, usuarioId=null
2025-12-11 12:47:55,478 INFO c.n.r.c.ProductoController [http-nio-8080-exec-8] GET /productos - encontrados 13 productos
2025-12-11 12:48:01,457 INFO c.n.r.c.ProductoController [http-nio-8080-exec-5] GET /productos - filtros: nombre=null, activo=null, categoriaId=null, usuarioId=null
2025-12-11 12:48:01,457 INFO c.n.r.c.ProductoController [http-nio-8080-exec-5] GET /productos - encontrados 13 productos
2025-12-11 12:48:01,466 INFO c.n.r.c.ProductoController [http-nio-8080-exec-10] GET /productos - filtros: nombre=null, activo=null, categoriaId=null, usuarioId=null
2025-12-11 12:48:01,466 INFO c.n.r.c.ProductoController [http-nio-8080-exec-10] GET /productos - encontrados 13 productos
2025-12-11 13:00:49,350 INFO c.n.r.c.ProductoController [http-nio-8080-exec-2] GET /productos - filtros: nombre=null, activo=null, categoriaId=null, usuarioId=null
2025-12-11 13:00:49,358 INFO c.n.r.c.ProductoController [http-nio-8080-exec-2] GET /productos - encontrados 13 productos
2025-12-11 13:00:49,365 INFO c.n.r.c.ProductoController [http-nio-8080-exec-4] GET /productos - filtros: nombre=null, activo=null, categoriaId=null, usuarioId=null
2025-12-11 13:00:49,375 INFO c.n.r.c.ProductoController [http-nio-8080-exec-4] GET /productos - encontrados 13 productos
2025-12-11 13:03:01,939 INFO c.n.r.c.UsuarioController [http-nio-8080-exec-6] GET /usuarios - filtros: nickname=null, tipoUsuario=null, cuentaActiva=null
2025-12-11 13:03:01,939 INFO c.n.r.s.UsuarioService [http-nio-8080-exec-6] Listando usuarios con filtros nickname=null, tipoUsuario=null, cuentaActiva=null
2025-12-11 13:03:01,944 INFO c.n.r.c.UsuarioController [http-nio-8080-exec-6] Resultado: 14 usuarios encontrados
2025-12-11 13:03:01,948 INFO c.n.r.c.UsuarioController [http-nio-8080-exec-8] GET /usuarios - filtros: nickname=null, tipoUsuario=null, cuentaActiva=null
2025-12-11 13:03:01,949 INFO c.n.r.s.UsuarioService [http-nio-8080-exec-8] Listando usuarios con filtros nickname=null, tipoUsuario=null, cuentaActiva=null
2025-12-11 13:03:01,954 INFO c.n.r.c.UsuarioController [http-nio-8080-exec-8] Resultado: 14 usuarios encontrados
2025-12-11 13:03:02,821 INFO c.n.r.c.ProductoController [http-nio-8080-exec-5] GET /productos - filtros: nombre=null, activo=null, categoriaId=null, usuarioId=null
2025-12-11 13:03:02,841 INFO c.n.r.c.ProductoController [http-nio-8080-exec-5] GET /productos - encontrados 13 productos
2025-12-11 13:03:02,844 INFO c.n.r.c.ProductoController [http-nio-8080-exec-10] GET /productos - filtros: nombre=null, activo=null, categoriaId=null, usuarioId=null
2025-12-11 13:03:02,850 INFO c.n.r.c.ProductoController [http-nio-8080-exec-10] GET /productos - encontrados 13 productos
2025-12-11 13:12:04,317 INFO c.n.r.c.ProductoController [http-nio-8080-exec-2] GET /productos - filtros: nombre=null, activo=null, categoriaId=null, usuarioId=null
2025-12-11 13:12:04,324 INFO c.n.r.c.ProductoController [http-nio-8080-exec-2] GET /productos - encontrados 13 productos
2025-12-11 13:12:04,326 INFO c.n.r.c.ProductoController [http-nio-8080-exec-4] GET /productos - filtros: nombre=null, activo=null, categoriaId=null, usuarioId=null
2025-12-11 13:12:04,331 INFO c.n.r.c.ProductoController [http-nio-8080-exec-3] GET /productos/9/imagen - solicitando imagen
2025-12-11 13:12:04,331 INFO c.n.r.c.ProductoController [http-nio-8080-exec-7] GET /productos/10/imagen - solicitando imagen
2025-12-11 13:12:04,331 INFO c.n.r.c.ProductoController [http-nio-8080-exec-6] GET /productos/11/imagen - solicitando imagen
2025-12-11 13:12:04,332 INFO c.n.r.c.ProductoController [http-nio-8080-exec-8] GET /productos/12/imagen - solicitando imagen
2025-12-11 13:12:04,333 INFO c.n.r.c.ProductoController [http-nio-8080-exec-3] GET /productos/9/imagen - imagen servida correctamente
2025-12-11 13:12:04,333 INFO c.n.r.c.ProductoController [http-nio-8080-exec-6] GET /productos/11/imagen - imagen servida correctamente
2025-12-11 13:12:04,333 INFO c.n.r.c.ProductoController [http-nio-8080-exec-7] GET /productos/10/imagen - imagen servida correctamente
2025-12-11 13:12:04,333 INFO c.n.r.c.ProductoController [http-nio-8080-exec-5] GET /productos/13/imagen - solicitando imagen
2025-12-11 13:12:04,334 INFO c.n.r.c.ProductoController [http-nio-8080-exec-8] GET /productos/12/imagen - imagen servida correctamente
2025-12-11 13:12:04,334 INFO c.n.r.c.ProductoController [http-nio-8080-exec-4] GET /productos - encontrados 13 productos
2025-12-11 13:12:04,335 INFO c.n.r.c.ProductoController [http-nio-8080-exec-5] GET /productos/13/imagen - imagen servida correctamente
2025-12-11 13:12:04,337 INFO c.n.r.c.ProductoController [http-nio-8080-exec-10] GET /productos/14/imagen - solicitando imagen
2025-12-11 13:12:04,338 INFO c.n.r.c.ProductoController [http-nio-8080-exec-1] GET /productos/15/imagen - solicitando imagen
2025-12-11 13:12:04,338 INFO c.n.r.c.ProductoController [http-nio-8080-exec-9] GET /productos/16/imagen - solicitando imagen
2025-12-11 13:12:04,339 INFO c.n.r.c.ProductoController [http-nio-8080-exec-10] GET /productos/14/imagen - imagen servida correctamente
2025-12-11 13:12:04,340 INFO c.n.r.c.ProductoController [http-nio-8080-exec-9] GET /productos/16/imagen - imagen servida correctamente
2025-12-11 13:12:04,340 INFO c.n.r.c.ProductoController [http-nio-8080-exec-1] GET /productos/15/imagen - imagen servida correctamente
2025-12-11 13:12:04,341 INFO c.n.r.c.ProductoController [http-nio-8080-exec-2] GET /productos/17/imagen - solicitando imagen
2025-12-11 13:12:04,341 INFO c.n.r.c.ProductoController [http-nio-8080-exec-3] GET /productos/19/imagen - solicitando imagen
2025-12-11 13:12:04,343 INFO c.n.r.c.ProductoController [http-nio-8080-exec-2] GET /productos/17/imagen - imagen servida correctamente
2025-12-11 13:12:04,343 INFO c.n.r.c.ProductoController [http-nio-8080-exec-3] GET /productos/19/imagen - imagen servida correctamente
2025-12-11 13:12:04,344 INFO c.n.r.c.ProductoController [http-nio-8080-exec-6] GET /productos/20/imagen - solicitando imagen
2025-12-11 13:12:04,346 INFO c.n.r.c.ProductoController [http-nio-8080-exec-6] GET /productos/20/imagen - imagen servida correctamente
2025-12-11 13:12:04,348 INFO c.n.r.c.ProductoController [http-nio-8080-exec-7] GET /productos/22/imagen - solicitando imagen
2025-12-11 13:12:04,348 INFO c.n.r.c.ProductoController [http-nio-8080-exec-8] GET /productos/23/imagen - solicitando imagen
2025-12-11 13:12:04,350 INFO c.n.r.c.ProductoController [http-nio-8080-exec-8] GET /productos/23/imagen - imagen servida correctamente
2025-12-11 13:12:04,350 INFO c.n.r.c.ProductoController [http-nio-8080-exec-7] GET /productos/22/imagen - imagen servida correctamente
2025-12-11 13:13:08,280 INFO o.s.b.w.e.t.GracefulShutdown [SpringApplicationShutdownHook] Commencing graceful shutdown. Waiting for active requests to complete
2025-12-11 13:13:08,296 INFO o.s.b.w.e.t.GracefulShutdown [tomcat-shutdown] Graceful shutdown complete
2025-12-11 13:13:08,299 INFO o.s.o.j.AbstractEntityManagerFactoryBean [SpringApplicationShutdownHook] Closing JPA EntityManagerFactory for persistence unit 'default'
2025-12-11 13:13:08,300 INFO c.z.h.HikariDataSource [SpringApplicationShutdownHook] HikariPool-1 - Shutdown initiated...
2025-12-11 13:13:08,301 INFO c.z.h.HikariDataSource [SpringApplicationShutdownHook] HikariPool-1 - Shutdown completed.
