2025-12-25 11:22:20,898 INFO o.h.v.i.u.Version [background-preinit] HV000001: Hibernate Validator 8.0.3.Final
2025-12-25 11:22:20,943 INFO o.s.b.StartupInfoLogger [main] Starting RelabApplication using Java 21.0.8 with PID 27816 (D:\DAM\Segundo\AccesoDatos\AA1\API_ReLab\target\classes started by natal in D:\DAM\Segundo\AccesoDatos\AA1\API_ReLab)
2025-12-25 11:22:20,943 INFO o.s.b.SpringApplication [main] No active profile set, falling back to 1 default profile: "default"
2025-12-25 11:22:21,308 INFO o.s.d.r.c.RepositoryConfigurationDelegate [main] Bootstrapping Spring Data JPA repositories in DEFAULT mode.
2025-12-25 11:22:21,353 INFO o.s.d.r.c.RepositoryConfigurationDelegate [main] Finished Spring Data repository scanning in 37 ms. Found 5 JPA repository interfaces.
2025-12-25 11:22:21,667 INFO o.s.b.w.e.t.TomcatWebServer [main] Tomcat initialized with port 8080 (http)
2025-12-25 11:22:21,674 INFO o.a.j.l.DirectJDKLog [main] Initializing ProtocolHandler ["http-nio-8080"]
2025-12-25 11:22:21,675 INFO o.a.j.l.DirectJDKLog [main] Starting service [Tomcat]
2025-12-25 11:22:21,676 INFO o.a.j.l.DirectJDKLog [main] Starting Servlet engine: [Apache Tomcat/10.1.46]
2025-12-25 11:22:21,721 INFO o.a.j.l.DirectJDKLog [main] Initializing Spring embedded WebApplicationContext
2025-12-25 11:22:21,722 INFO o.s.b.w.s.c.ServletWebServerApplicationContext [main] Root WebApplicationContext: initialization completed in 743 ms
2025-12-25 11:22:21,855 INFO o.h.j.i.u.LogHelper [main] HHH000204: Processing PersistenceUnitInfo [name: default]
2025-12-25 11:22:21,898 INFO o.h.Version [main] HHH000412: Hibernate ORM core version 6.6.29.Final
2025-12-25 11:22:21,922 INFO o.h.c.i.RegionFactoryInitiator [main] HHH000026: Second-level cache disabled
2025-12-25 11:22:22,094 INFO o.s.o.j.p.SpringPersistenceUnitInfo [main] No LoadTimeWeaver setup: ignoring JPA class transformer
2025-12-25 11:22:22,113 INFO c.z.h.HikariDataSource [main] HikariPool-1 - Starting...
2025-12-25 11:22:22,181 INFO c.z.h.p.HikariPool [main] HikariPool-1 - Added connection org.mariadb.jdbc.Connection@2b6262bc
2025-12-25 11:22:22,182 INFO c.z.h.HikariDataSource [main] HikariPool-1 - Start completed.
2025-12-25 11:22:22,200 WARN o.h.e.j.d.i.DialectFactoryImpl [main] HHH90000025: MariaDBDialect does not need to be specified explicitly using 'hibernate.dialect' (remove the property setting and it will be selected by default)
2025-12-25 11:22:22,212 INFO o.h.e.j.e.i.JdbcEnvironmentInitiator [main] HHH10001005: Database info:
	Database JDBC URL [Connecting through datasource 'HikariDataSource (HikariPool-1)']
	Database driver: undefined/unknown
	Database version: 12.0.2
	Autocommit mode: undefined/unknown
	Isolation level: undefined/unknown
	Minimum pool size: undefined/unknown
	Maximum pool size: undefined/unknown
2025-12-25 11:22:22,932 INFO o.h.e.t.j.p.i.JtaPlatformInitiator [main] HHH000489: No JTA platform available (set 'hibernate.transaction.jta.platform' to enable JTA platform integration)
2025-12-25 11:22:23,004 INFO o.s.o.j.AbstractEntityManagerFactoryBean [main] Initialized JPA EntityManagerFactory for persistence unit 'default'
2025-12-25 11:22:23,265 WARN o.s.b.a.o.j.JpaBaseConfiguration$JpaWebConfiguration [main] spring.jpa.open-in-view is enabled by default. Therefore, database queries may be performed during view rendering. Explicitly configure spring.jpa.open-in-view to disable this warning
2025-12-25 11:22:23,451 INFO o.a.j.l.DirectJDKLog [main] Starting ProtocolHandler ["http-nio-8080"]
2025-12-25 11:22:23,466 INFO o.s.b.w.e.t.TomcatWebServer [main] Tomcat started on port 8080 (http) with context path '/'
2025-12-25 11:22:23,470 INFO o.s.b.StartupInfoLogger [main] Started RelabApplication in 2.933 seconds (process running for 3.105)
2025-12-25 11:22:35,643 INFO o.a.j.l.DirectJDKLog [http-nio-8080-exec-1] Initializing Spring DispatcherServlet 'dispatcherServlet'
2025-12-25 11:22:35,643 INFO o.s.w.s.FrameworkServlet [http-nio-8080-exec-1] Initializing Servlet 'dispatcherServlet'
2025-12-25 11:22:35,643 INFO o.s.w.s.FrameworkServlet [http-nio-8080-exec-1] Completed initialization in 0 ms
2025-12-25 11:22:35,710 INFO c.n.r.c.ProductoController [http-nio-8080-exec-1] GET /productos - filtros: nombre=null, activo=null, categoriaId=null, usuarioId=null
2025-12-25 11:22:35,827 INFO c.n.r.c.ProductoController [http-nio-8080-exec-1] GET /productos - encontrados 15 productos
2025-12-25 11:22:35,878 INFO c.n.r.c.ProductoController [http-nio-8080-exec-2] GET /productos - filtros: nombre=null, activo=null, categoriaId=null, usuarioId=null
2025-12-25 11:22:35,890 INFO c.n.r.c.ProductoController [http-nio-8080-exec-2] GET /productos - encontrados 15 productos
2025-12-25 11:22:35,907 INFO c.n.r.c.ProductoController [http-nio-8080-exec-6] GET /productos/13/imagen - solicitando imagen
2025-12-25 11:22:35,907 INFO c.n.r.c.ProductoController [http-nio-8080-exec-4] GET /productos/10/imagen - solicitando imagen
2025-12-25 11:22:35,907 INFO c.n.r.c.ProductoController [http-nio-8080-exec-8] GET /productos/9/imagen - solicitando imagen
2025-12-25 11:22:35,907 INFO c.n.r.c.ProductoController [http-nio-8080-exec-7] GET /productos/14/imagen - solicitando imagen
2025-12-25 11:22:35,907 INFO c.n.r.c.ProductoController [http-nio-8080-exec-3] GET /productos/11/imagen - solicitando imagen
2025-12-25 11:22:35,907 INFO c.n.r.c.ProductoController [http-nio-8080-exec-5] GET /productos/12/imagen - solicitando imagen
2025-12-25 11:22:35,914 INFO c.n.r.c.ProductoController [http-nio-8080-exec-8] GET /productos/9/imagen - imagen servida correctamente
2025-12-25 11:22:35,914 INFO c.n.r.c.ProductoController [http-nio-8080-exec-3] GET /productos/11/imagen - imagen servida correctamente
2025-12-25 11:22:35,914 INFO c.n.r.c.ProductoController [http-nio-8080-exec-4] GET /productos/10/imagen - imagen servida correctamente
2025-12-25 11:22:35,914 INFO c.n.r.c.ProductoController [http-nio-8080-exec-5] GET /productos/12/imagen - imagen servida correctamente
2025-12-25 11:22:35,914 INFO c.n.r.c.ProductoController [http-nio-8080-exec-7] GET /productos/14/imagen - imagen servida correctamente
2025-12-25 11:22:35,914 INFO c.n.r.c.ProductoController [http-nio-8080-exec-6] GET /productos/13/imagen - imagen servida correctamente
2025-12-25 11:22:35,914 INFO c.n.r.c.ProductoController [http-nio-8080-exec-9] GET /productos/23/imagen - solicitando imagen
2025-12-25 11:22:35,914 INFO c.n.r.c.ProductoController [http-nio-8080-exec-10] GET /productos/22/imagen - solicitando imagen
2025-12-25 11:22:35,926 INFO c.n.r.c.ProductoController [http-nio-8080-exec-9] GET /productos/23/imagen - imagen servida correctamente
2025-12-25 11:22:35,927 INFO c.n.r.c.ProductoController [http-nio-8080-exec-10] GET /productos/22/imagen - imagen servida correctamente
2025-12-25 11:22:36,907 INFO c.n.r.c.ProductoController [http-nio-8080-exec-1] GET /productos/11 - solicitando producto por ID
2025-12-25 11:22:36,911 INFO c.n.r.c.ProductoController [http-nio-8080-exec-1] GET /productos/11 - producto encontrado correctamente
2025-12-25 11:22:36,911 INFO c.n.r.c.ProductoController [http-nio-8080-exec-2] GET /productos/11 - solicitando producto por ID
2025-12-25 11:22:36,911 INFO c.n.r.c.ProductoController [http-nio-8080-exec-2] GET /productos/11 - producto encontrado correctamente
2025-12-25 11:22:58,152 INFO c.n.r.c.ProductoController [http-nio-8080-exec-3] GET /productos - filtros: nombre=null, activo=null, categoriaId=null, usuarioId=null
2025-12-25 11:22:58,176 INFO c.n.r.c.ProductoController [http-nio-8080-exec-3] GET /productos - encontrados 15 productos
2025-12-25 11:22:58,179 INFO c.n.r.c.ProductoController [http-nio-8080-exec-8] GET /productos - filtros: nombre=null, activo=null, categoriaId=null, usuarioId=null
2025-12-25 11:22:58,190 INFO c.n.r.c.ProductoController [http-nio-8080-exec-8] GET /productos - encontrados 15 productos
2025-12-25 11:23:07,845 INFO c.n.r.c.CategoriaController [http-nio-8080-exec-6] GET /categorías - filtros: nombre='null', activa=null, fechaCreacion=null, desde=null, hasta=null
2025-12-25 11:23:07,845 INFO c.n.r.s.CategoriaService [http-nio-8080-exec-6] Listando categorías con filtros - nombre: null, activa: null, fechaCreacion: null, desde: null, hasta: null
2025-12-25 11:23:07,876 INFO c.n.r.c.CategoriaController [http-nio-8080-exec-6] Se devolvieron 11 categorias
2025-12-25 11:23:07,892 INFO c.n.r.c.CategoriaController [http-nio-8080-exec-5] GET /categorías - filtros: nombre='null', activa=null, fechaCreacion=null, desde=null, hasta=null
2025-12-25 11:23:07,892 INFO c.n.r.s.CategoriaService [http-nio-8080-exec-5] Listando categorías con filtros - nombre: null, activa: null, fechaCreacion: null, desde: null, hasta: null
2025-12-25 11:23:07,900 INFO c.n.r.c.CategoriaController [http-nio-8080-exec-5] Se devolvieron 11 categorias
2025-12-25 11:23:09,444 INFO c.n.r.c.UsuarioController [http-nio-8080-exec-4] GET /usuarios - filtros: nickname=null, tipoUsuario=null, cuentaActiva=null
2025-12-25 11:23:09,444 INFO c.n.r.s.UsuarioService [http-nio-8080-exec-4] Listando usuarios con filtros nickname=null, tipoUsuario=null, cuentaActiva=null
2025-12-25 11:23:09,473 INFO c.n.r.c.UsuarioController [http-nio-8080-exec-4] Resultado: 15 usuarios encontrados
2025-12-25 11:23:09,476 INFO c.n.r.c.UsuarioController [http-nio-8080-exec-7] GET /usuarios - filtros: nickname=null, tipoUsuario=null, cuentaActiva=null
2025-12-25 11:23:09,476 INFO c.n.r.s.UsuarioService [http-nio-8080-exec-7] Listando usuarios con filtros nickname=null, tipoUsuario=null, cuentaActiva=null
2025-12-25 11:23:09,476 INFO c.n.r.c.UsuarioController [http-nio-8080-exec-7] Resultado: 15 usuarios encontrados
2025-12-25 11:23:12,211 INFO c.n.r.c.ProductoController [http-nio-8080-exec-9] GET /productos - filtros: nombre=null, activo=null, categoriaId=null, usuarioId=null
2025-12-25 11:23:12,226 INFO c.n.r.c.ProductoController [http-nio-8080-exec-9] GET /productos - encontrados 15 productos
2025-12-25 11:23:12,226 INFO c.n.r.c.ProductoController [http-nio-8080-exec-10] GET /productos - filtros: nombre=null, activo=null, categoriaId=null, usuarioId=null
2025-12-25 11:23:12,235 INFO c.n.r.c.ProductoController [http-nio-8080-exec-10] GET /productos - encontrados 15 productos
2025-12-25 11:23:14,883 INFO c.n.r.c.CategoriaController [http-nio-8080-exec-1] GET /categorías - filtros: nombre='null', activa=null, fechaCreacion=null, desde=null, hasta=null
2025-12-25 11:23:14,883 INFO c.n.r.s.CategoriaService [http-nio-8080-exec-1] Listando categorías con filtros - nombre: null, activa: null, fechaCreacion: null, desde: null, hasta: null
2025-12-25 11:23:14,888 INFO c.n.r.c.CategoriaController [http-nio-8080-exec-1] Se devolvieron 11 categorias
2025-12-25 11:23:14,890 INFO c.n.r.c.CategoriaController [http-nio-8080-exec-2] GET /categorías - filtros: nombre='null', activa=null, fechaCreacion=null, desde=null, hasta=null
2025-12-25 11:23:14,891 INFO c.n.r.s.CategoriaService [http-nio-8080-exec-2] Listando categorías con filtros - nombre: null, activa: null, fechaCreacion: null, desde: null, hasta: null
2025-12-25 11:23:14,894 INFO c.n.r.c.CategoriaController [http-nio-8080-exec-2] Se devolvieron 11 categorias
2025-12-25 11:23:16,332 INFO c.n.r.c.ProductoController [http-nio-8080-exec-3] GET /productos - filtros: nombre=null, activo=null, categoriaId=null, usuarioId=null
2025-12-25 11:23:16,341 INFO c.n.r.c.ProductoController [http-nio-8080-exec-3] GET /productos - encontrados 15 productos
2025-12-25 11:23:16,344 INFO c.n.r.c.ProductoController [http-nio-8080-exec-8] GET /productos - filtros: nombre=null, activo=null, categoriaId=null, usuarioId=null
2025-12-25 11:23:16,355 INFO c.n.r.c.ProductoController [http-nio-8080-exec-8] GET /productos - encontrados 15 productos
2025-12-25 11:50:02,796 INFO c.n.r.c.UsuarioController [http-nio-8080-exec-3] GET /usuarios - filtros: nickname=null, tipoUsuario=null, cuentaActiva=null
2025-12-25 11:50:02,797 INFO c.n.r.s.UsuarioService [http-nio-8080-exec-3] Listando usuarios con filtros nickname=null, tipoUsuario=null, cuentaActiva=null
2025-12-25 11:50:02,805 INFO c.n.r.c.UsuarioController [http-nio-8080-exec-3] Resultado: 15 usuarios encontrados
2025-12-25 11:50:02,811 INFO c.n.r.c.UsuarioController [http-nio-8080-exec-8] GET /usuarios - filtros: nickname=null, tipoUsuario=null, cuentaActiva=null
2025-12-25 11:50:02,812 INFO c.n.r.s.UsuarioService [http-nio-8080-exec-8] Listando usuarios con filtros nickname=null, tipoUsuario=null, cuentaActiva=null
2025-12-25 11:50:02,816 INFO c.n.r.c.UsuarioController [http-nio-8080-exec-8] Resultado: 15 usuarios encontrados
2025-12-25 11:50:03,507 INFO c.n.r.c.CategoriaController [http-nio-8080-exec-4] GET /categorías - filtros: nombre='null', activa=null, fechaCreacion=null, desde=null, hasta=null
2025-12-25 11:50:03,507 INFO c.n.r.s.CategoriaService [http-nio-8080-exec-4] Listando categorías con filtros - nombre: null, activa: null, fechaCreacion: null, desde: null, hasta: null
2025-12-25 11:50:03,522 INFO c.n.r.c.CategoriaController [http-nio-8080-exec-4] Se devolvieron 11 categorias
2025-12-25 11:50:03,527 INFO c.n.r.c.CategoriaController [http-nio-8080-exec-7] GET /categorías - filtros: nombre='null', activa=null, fechaCreacion=null, desde=null, hasta=null
2025-12-25 11:50:03,528 INFO c.n.r.s.CategoriaService [http-nio-8080-exec-7] Listando categorías con filtros - nombre: null, activa: null, fechaCreacion: null, desde: null, hasta: null
2025-12-25 11:50:03,533 INFO c.n.r.c.CategoriaController [http-nio-8080-exec-7] Se devolvieron 11 categorias
2025-12-25 11:50:04,429 INFO c.n.r.c.ProductoController [http-nio-8080-exec-5] GET /productos - filtros: nombre=null, activo=null, categoriaId=null, usuarioId=null
2025-12-25 11:50:04,446 INFO c.n.r.c.ProductoController [http-nio-8080-exec-5] GET /productos - encontrados 15 productos
2025-12-25 11:50:04,454 INFO c.n.r.c.ProductoController [http-nio-8080-exec-10] GET /productos - filtros: nombre=null, activo=null, categoriaId=null, usuarioId=null
2025-12-25 11:50:04,470 INFO c.n.r.c.ProductoController [http-nio-8080-exec-10] GET /productos - encontrados 15 productos
2025-12-25 12:01:46,518 INFO c.n.r.c.ProductoController [http-nio-8080-exec-4] GET /productos/27/imagen - solicitando imagen
2025-12-25 12:01:46,518 INFO c.n.r.c.ProductoController [http-nio-8080-exec-1] GET /productos/16/imagen - solicitando imagen
2025-12-25 12:01:46,518 INFO c.n.r.c.ProductoController [http-nio-8080-exec-7] GET /productos/26/imagen - solicitando imagen
2025-12-25 12:01:46,518 INFO c.n.r.c.ProductoController [http-nio-8080-exec-8] GET /productos/20/imagen - solicitando imagen
2025-12-25 12:01:46,518 INFO c.n.r.c.ProductoController [http-nio-8080-exec-2] GET /productos/19/imagen - solicitando imagen
2025-12-25 12:01:46,518 INFO c.n.r.c.ProductoController [http-nio-8080-exec-3] GET /productos/15/imagen - solicitando imagen
2025-12-25 12:01:46,518 INFO c.n.r.c.ProductoController [http-nio-8080-exec-2] GET /productos/19/imagen - imagen servida correctamente
2025-12-25 12:01:46,518 INFO c.n.r.c.ProductoController [http-nio-8080-exec-4] GET /productos/27/imagen - imagen servida correctamente
2025-12-25 12:01:46,518 INFO c.n.r.c.ProductoController [http-nio-8080-exec-8] GET /productos/20/imagen - imagen servida correctamente
2025-12-25 12:01:46,518 INFO c.n.r.c.ProductoController [http-nio-8080-exec-3] GET /productos/15/imagen - imagen servida correctamente
2025-12-25 12:01:46,518 INFO c.n.r.c.ProductoController [http-nio-8080-exec-1] GET /productos/16/imagen - imagen servida correctamente
2025-12-25 12:01:46,526 WARN c.n.r.c.GlobalExceptionHandler [http-nio-8080-exec-7] Recurso no encontrado: ImagenNoEncontradaException
2025-12-25 12:01:46,526 INFO c.n.r.c.ProductoController [http-nio-8080-exec-5] GET /productos/17/imagen - solicitando imagen
2025-12-25 12:01:46,529 INFO c.n.r.c.ProductoController [http-nio-8080-exec-5] GET /productos/17/imagen - imagen servida correctamente
2025-12-25 12:26:18,750 INFO c.n.r.c.ProductoController [http-nio-8080-exec-1] GET /productos - filtros: nombre=null, activo=null, categoriaId=null, usuarioId=null
2025-12-25 12:26:18,756 INFO c.n.r.c.ProductoController [http-nio-8080-exec-1] GET /productos - encontrados 15 productos
2025-12-25 12:26:18,764 INFO c.n.r.c.ProductoController [http-nio-8080-exec-4] GET /productos - filtros: nombre=null, activo=null, categoriaId=null, usuarioId=null
2025-12-25 12:26:18,767 INFO c.n.r.c.ProductoController [http-nio-8080-exec-3] GET /productos/10/imagen - solicitando imagen
2025-12-25 12:26:18,767 INFO c.n.r.c.ProductoController [http-nio-8080-exec-5] GET /productos/11/imagen - solicitando imagen
2025-12-25 12:26:18,769 INFO c.n.r.c.ProductoController [http-nio-8080-exec-9] GET /productos/12/imagen - solicitando imagen
2025-12-25 12:26:18,769 INFO c.n.r.c.ProductoController [http-nio-8080-exec-6] GET /productos/14/imagen - solicitando imagen
2025-12-25 12:26:18,769 INFO c.n.r.c.ProductoController [http-nio-8080-exec-7] GET /productos/13/imagen - solicitando imagen
2025-12-25 12:26:18,770 INFO c.n.r.c.ProductoController [http-nio-8080-exec-5] GET /productos/11/imagen - imagen servida correctamente
2025-12-25 12:26:18,770 INFO c.n.r.c.ProductoController [http-nio-8080-exec-9] GET /productos/12/imagen - imagen servida correctamente
2025-12-25 12:26:18,771 INFO c.n.r.c.ProductoController [http-nio-8080-exec-6] GET /productos/14/imagen - imagen servida correctamente
2025-12-25 12:26:18,771 INFO c.n.r.c.ProductoController [http-nio-8080-exec-3] GET /productos/10/imagen - imagen servida correctamente
2025-12-25 12:26:18,771 INFO c.n.r.c.ProductoController [http-nio-8080-exec-7] GET /productos/13/imagen - imagen servida correctamente
2025-12-25 12:26:18,778 INFO c.n.r.c.ProductoController [http-nio-8080-exec-2] GET /productos/9/imagen - solicitando imagen
2025-12-25 12:26:18,778 INFO c.n.r.c.ProductoController [http-nio-8080-exec-10] GET /productos/22/imagen - solicitando imagen
2025-12-25 12:26:18,779 INFO c.n.r.c.ProductoController [http-nio-8080-exec-4] GET /productos - encontrados 15 productos
2025-12-25 12:26:18,779 INFO c.n.r.c.ProductoController [http-nio-8080-exec-2] GET /productos/9/imagen - imagen servida correctamente
2025-12-25 12:26:18,781 INFO c.n.r.c.ProductoController [http-nio-8080-exec-10] GET /productos/22/imagen - imagen servida correctamente
2025-12-25 12:26:18,784 INFO c.n.r.c.ProductoController [http-nio-8080-exec-8] GET /productos/23/imagen - solicitando imagen
2025-12-25 12:26:18,785 INFO c.n.r.c.ProductoController [http-nio-8080-exec-8] GET /productos/23/imagen - imagen servida correctamente
2025-12-25 12:26:34,759 INFO c.n.r.c.ProductoController [http-nio-8080-exec-1] GET /productos - filtros: nombre=null, activo=null, categoriaId=null, usuarioId=null
2025-12-25 12:26:34,769 INFO c.n.r.c.ProductoController [http-nio-8080-exec-1] GET /productos - encontrados 15 productos
2025-12-25 12:26:34,771 INFO c.n.r.c.ProductoController [http-nio-8080-exec-5] GET /productos - filtros: nombre=null, activo=null, categoriaId=null, usuarioId=null
2025-12-25 12:26:34,773 INFO c.n.r.c.ProductoController [http-nio-8080-exec-9] GET /productos/10/imagen - solicitando imagen
2025-12-25 12:26:34,774 INFO c.n.r.c.ProductoController [http-nio-8080-exec-6] GET /productos/11/imagen - solicitando imagen
2025-12-25 12:26:34,774 INFO c.n.r.c.ProductoController [http-nio-8080-exec-3] GET /productos/13/imagen - solicitando imagen
2025-12-25 12:26:34,774 INFO c.n.r.c.ProductoController [http-nio-8080-exec-7] GET /productos/12/imagen - solicitando imagen
2025-12-25 12:26:34,775 INFO c.n.r.c.ProductoController [http-nio-8080-exec-4] GET /productos/14/imagen - solicitando imagen
2025-12-25 12:26:34,775 INFO c.n.r.c.ProductoController [http-nio-8080-exec-6] GET /productos/11/imagen - imagen servida correctamente
2025-12-25 12:26:34,776 INFO c.n.r.c.ProductoController [http-nio-8080-exec-3] GET /productos/13/imagen - imagen servida correctamente
2025-12-25 12:26:34,776 INFO c.n.r.c.ProductoController [http-nio-8080-exec-9] GET /productos/10/imagen - imagen servida correctamente
2025-12-25 12:26:34,777 INFO c.n.r.c.ProductoController [http-nio-8080-exec-7] GET /productos/12/imagen - imagen servida correctamente
2025-12-25 12:26:34,777 INFO c.n.r.c.ProductoController [http-nio-8080-exec-4] GET /productos/14/imagen - imagen servida correctamente
2025-12-25 12:26:34,781 INFO c.n.r.c.ProductoController [http-nio-8080-exec-5] GET /productos - encontrados 15 productos
2025-12-25 12:26:34,783 INFO c.n.r.c.ProductoController [http-nio-8080-exec-10] GET /productos/9/imagen - solicitando imagen
2025-12-25 12:26:34,783 INFO c.n.r.c.ProductoController [http-nio-8080-exec-2] GET /productos/22/imagen - solicitando imagen
2025-12-25 12:26:34,784 INFO c.n.r.c.ProductoController [http-nio-8080-exec-8] GET /productos/23/imagen - solicitando imagen
2025-12-25 12:26:34,784 INFO c.n.r.c.ProductoController [http-nio-8080-exec-10] GET /productos/9/imagen - imagen servida correctamente
2025-12-25 12:26:34,785 INFO c.n.r.c.ProductoController [http-nio-8080-exec-2] GET /productos/22/imagen - imagen servida correctamente
2025-12-25 12:26:34,786 INFO c.n.r.c.ProductoController [http-nio-8080-exec-8] GET /productos/23/imagen - imagen servida correctamente
2025-12-25 12:26:35,536 INFO c.n.r.c.UsuarioController [http-nio-8080-exec-1] GET /usuarios - filtros: nickname=null, tipoUsuario=null, cuentaActiva=null
2025-12-25 12:26:35,537 INFO c.n.r.s.UsuarioService [http-nio-8080-exec-1] Listando usuarios con filtros nickname=null, tipoUsuario=null, cuentaActiva=null
2025-12-25 12:26:35,546 INFO c.n.r.c.UsuarioController [http-nio-8080-exec-1] Resultado: 15 usuarios encontrados
2025-12-25 12:26:35,549 INFO c.n.r.c.UsuarioController [http-nio-8080-exec-6] GET /usuarios - filtros: nickname=null, tipoUsuario=null, cuentaActiva=null
2025-12-25 12:26:35,550 INFO c.n.r.s.UsuarioService [http-nio-8080-exec-6] Listando usuarios con filtros nickname=null, tipoUsuario=null, cuentaActiva=null
2025-12-25 12:26:35,554 INFO c.n.r.c.UsuarioController [http-nio-8080-exec-6] Resultado: 15 usuarios encontrados
2025-12-25 12:26:35,950 INFO c.n.r.c.CategoriaController [http-nio-8080-exec-3] GET /categorías - filtros: nombre='null', activa=null, fechaCreacion=null, desde=null, hasta=null
2025-12-25 12:26:35,951 INFO c.n.r.s.CategoriaService [http-nio-8080-exec-3] Listando categorías con filtros - nombre: null, activa: null, fechaCreacion: null, desde: null, hasta: null
2025-12-25 12:26:35,954 INFO c.n.r.c.CategoriaController [http-nio-8080-exec-3] Se devolvieron 11 categorias
2025-12-25 12:26:35,957 INFO c.n.r.c.CategoriaController [http-nio-8080-exec-9] GET /categorías - filtros: nombre='null', activa=null, fechaCreacion=null, desde=null, hasta=null
2025-12-25 12:26:35,958 INFO c.n.r.s.CategoriaService [http-nio-8080-exec-9] Listando categorías con filtros - nombre: null, activa: null, fechaCreacion: null, desde: null, hasta: null
2025-12-25 12:26:35,961 INFO c.n.r.c.CategoriaController [http-nio-8080-exec-9] Se devolvieron 11 categorias
2025-12-25 12:26:36,375 INFO c.n.r.c.ProductoController [http-nio-8080-exec-7] GET /productos - filtros: nombre=null, activo=null, categoriaId=null, usuarioId=null
2025-12-25 12:26:36,389 INFO c.n.r.c.ProductoController [http-nio-8080-exec-7] GET /productos - encontrados 15 productos
2025-12-25 12:26:36,393 INFO c.n.r.c.ProductoController [http-nio-8080-exec-4] GET /productos - filtros: nombre=null, activo=null, categoriaId=null, usuarioId=null
2025-12-25 12:26:36,401 INFO c.n.r.c.ProductoController [http-nio-8080-exec-4] GET /productos - encontrados 15 productos
2025-12-25 12:32:43,271 INFO c.n.r.c.UsuarioController [http-nio-8080-exec-9] GET /usuarios - filtros: nickname=null, tipoUsuario=null, cuentaActiva=null
2025-12-25 12:32:43,272 INFO c.n.r.s.UsuarioService [http-nio-8080-exec-9] Listando usuarios con filtros nickname=null, tipoUsuario=null, cuentaActiva=null
2025-12-25 12:32:43,277 INFO c.n.r.c.UsuarioController [http-nio-8080-exec-9] Resultado: 15 usuarios encontrados
2025-12-25 12:32:43,281 INFO c.n.r.c.UsuarioController [http-nio-8080-exec-7] GET /usuarios - filtros: nickname=null, tipoUsuario=null, cuentaActiva=null
2025-12-25 12:32:43,282 INFO c.n.r.s.UsuarioService [http-nio-8080-exec-7] Listando usuarios con filtros nickname=null, tipoUsuario=null, cuentaActiva=null
2025-12-25 12:32:43,287 INFO c.n.r.c.UsuarioController [http-nio-8080-exec-7] Resultado: 15 usuarios encontrados
2025-12-25 12:32:44,687 INFO c.n.r.c.CategoriaController [http-nio-8080-exec-4] GET /categorías - filtros: nombre='null', activa=null, fechaCreacion=null, desde=null, hasta=null
2025-12-25 12:32:44,687 INFO c.n.r.s.CategoriaService [http-nio-8080-exec-4] Listando categorías con filtros - nombre: null, activa: null, fechaCreacion: null, desde: null, hasta: null
2025-12-25 12:32:44,694 INFO c.n.r.c.CategoriaController [http-nio-8080-exec-4] Se devolvieron 11 categorias
2025-12-25 12:32:44,697 INFO c.n.r.c.CategoriaController [http-nio-8080-exec-4] GET /categorías - filtros: nombre='null', activa=null, fechaCreacion=null, desde=null, hasta=null
2025-12-25 12:32:44,697 INFO c.n.r.s.CategoriaService [http-nio-8080-exec-4] Listando categorías con filtros - nombre: null, activa: null, fechaCreacion: null, desde: null, hasta: null
2025-12-25 12:32:44,701 INFO c.n.r.c.CategoriaController [http-nio-8080-exec-4] Se devolvieron 11 categorias
2025-12-25 12:32:45,538 INFO c.n.r.c.ProductoController [http-nio-8080-exec-1] GET /productos - filtros: nombre=null, activo=null, categoriaId=null, usuarioId=null
2025-12-25 12:32:45,555 INFO c.n.r.c.ProductoController [http-nio-8080-exec-1] GET /productos - encontrados 15 productos
2025-12-25 12:32:45,559 INFO c.n.r.c.ProductoController [http-nio-8080-exec-5] GET /productos - filtros: nombre=null, activo=null, categoriaId=null, usuarioId=null
2025-12-25 12:32:45,571 INFO c.n.r.c.ProductoController [http-nio-8080-exec-5] GET /productos - encontrados 15 productos
2025-12-25 12:34:37,016 INFO c.n.r.c.UsuarioController [http-nio-8080-exec-3] GET /usuarios - filtros: nickname=null, tipoUsuario=null, cuentaActiva=null
2025-12-25 12:34:37,016 INFO c.n.r.s.UsuarioService [http-nio-8080-exec-3] Listando usuarios con filtros nickname=null, tipoUsuario=null, cuentaActiva=null
2025-12-25 12:34:37,023 INFO c.n.r.c.UsuarioController [http-nio-8080-exec-3] Resultado: 15 usuarios encontrados
2025-12-25 12:34:37,028 INFO c.n.r.c.UsuarioController [http-nio-8080-exec-6] GET /usuarios - filtros: nickname=null, tipoUsuario=null, cuentaActiva=null
2025-12-25 12:34:37,028 INFO c.n.r.s.UsuarioService [http-nio-8080-exec-6] Listando usuarios con filtros nickname=null, tipoUsuario=null, cuentaActiva=null
2025-12-25 12:34:37,032 INFO c.n.r.c.UsuarioController [http-nio-8080-exec-6] Resultado: 15 usuarios encontrados
2025-12-25 12:34:37,560 INFO c.n.r.c.CategoriaController [http-nio-8080-exec-9] GET /categorías - filtros: nombre='null', activa=null, fechaCreacion=null, desde=null, hasta=null
2025-12-25 12:34:37,561 INFO c.n.r.s.CategoriaService [http-nio-8080-exec-9] Listando categorías con filtros - nombre: null, activa: null, fechaCreacion: null, desde: null, hasta: null
2025-12-25 12:34:37,563 INFO c.n.r.c.CategoriaController [http-nio-8080-exec-9] Se devolvieron 11 categorias
2025-12-25 12:34:37,563 INFO c.n.r.c.CategoriaController [http-nio-8080-exec-7] GET /categorías - filtros: nombre='null', activa=null, fechaCreacion=null, desde=null, hasta=null
2025-12-25 12:34:37,563 INFO c.n.r.s.CategoriaService [http-nio-8080-exec-7] Listando categorías con filtros - nombre: null, activa: null, fechaCreacion: null, desde: null, hasta: null
2025-12-25 12:34:37,563 INFO c.n.r.c.CategoriaController [http-nio-8080-exec-7] Se devolvieron 11 categorias
2025-12-25 12:34:38,429 INFO c.n.r.c.ProductoController [http-nio-8080-exec-8] GET /productos - filtros: nombre=null, activo=null, categoriaId=null, usuarioId=null
2025-12-25 12:34:38,444 INFO c.n.r.c.ProductoController [http-nio-8080-exec-8] GET /productos - encontrados 15 productos
2025-12-25 12:34:38,446 INFO c.n.r.c.ProductoController [http-nio-8080-exec-4] GET /productos - filtros: nombre=null, activo=null, categoriaId=null, usuarioId=null
2025-12-25 12:34:38,451 INFO c.n.r.c.ProductoController [http-nio-8080-exec-4] GET /productos - encontrados 15 productos
2025-12-25 12:35:36,579 INFO c.n.r.c.UsuarioController [http-nio-8080-exec-1] GET /usuarios - filtros: nickname=null, tipoUsuario=null, cuentaActiva=null
2025-12-25 12:35:36,579 INFO c.n.r.s.UsuarioService [http-nio-8080-exec-1] Listando usuarios con filtros nickname=null, tipoUsuario=null, cuentaActiva=null
2025-12-25 12:35:36,587 INFO c.n.r.c.UsuarioController [http-nio-8080-exec-1] Resultado: 15 usuarios encontrados
2025-12-25 12:35:36,591 INFO c.n.r.c.UsuarioController [http-nio-8080-exec-5] GET /usuarios - filtros: nickname=null, tipoUsuario=null, cuentaActiva=null
2025-12-25 12:35:36,592 INFO c.n.r.s.UsuarioService [http-nio-8080-exec-5] Listando usuarios con filtros nickname=null, tipoUsuario=null, cuentaActiva=null
2025-12-25 12:35:36,598 INFO c.n.r.c.UsuarioController [http-nio-8080-exec-5] Resultado: 15 usuarios encontrados
2025-12-25 12:35:38,446 INFO c.n.r.c.CategoriaController [http-nio-8080-exec-10] GET /categorías - filtros: nombre='null', activa=null, fechaCreacion=null, desde=null, hasta=null
2025-12-25 12:35:38,447 INFO c.n.r.s.CategoriaService [http-nio-8080-exec-10] Listando categorías con filtros - nombre: null, activa: null, fechaCreacion: null, desde: null, hasta: null
2025-12-25 12:35:38,451 INFO c.n.r.c.CategoriaController [http-nio-8080-exec-10] Se devolvieron 11 categorias
2025-12-25 12:35:38,455 INFO c.n.r.c.CategoriaController [http-nio-8080-exec-2] GET /categorías - filtros: nombre='null', activa=null, fechaCreacion=null, desde=null, hasta=null
2025-12-25 12:35:38,456 INFO c.n.r.s.CategoriaService [http-nio-8080-exec-2] Listando categorías con filtros - nombre: null, activa: null, fechaCreacion: null, desde: null, hasta: null
2025-12-25 12:35:38,459 INFO c.n.r.c.CategoriaController [http-nio-8080-exec-2] Se devolvieron 11 categorias
2025-12-25 12:35:39,516 INFO c.n.r.c.ProductoController [http-nio-8080-exec-3] GET /productos - filtros: nombre=null, activo=null, categoriaId=null, usuarioId=null
2025-12-25 12:35:39,524 INFO c.n.r.c.ProductoController [http-nio-8080-exec-3] GET /productos - encontrados 15 productos
2025-12-25 12:35:39,527 INFO c.n.r.c.ProductoController [http-nio-8080-exec-6] GET /productos - filtros: nombre=null, activo=null, categoriaId=null, usuarioId=null
2025-12-25 12:35:39,534 INFO c.n.r.c.ProductoController [http-nio-8080-exec-6] GET /productos - encontrados 15 productos
2025-12-25 12:36:05,626 INFO c.n.r.c.ProductoController [http-nio-8080-exec-5] GET /productos/27/imagen - solicitando imagen
2025-12-25 12:36:05,626 INFO c.n.r.c.ProductoController [http-nio-8080-exec-9] GET /productos/16/imagen - solicitando imagen
2025-12-25 12:36:05,626 INFO c.n.r.c.ProductoController [http-nio-8080-exec-8] GET /productos/19/imagen - solicitando imagen
2025-12-25 12:36:05,626 INFO c.n.r.c.ProductoController [http-nio-8080-exec-7] GET /productos/15/imagen - solicitando imagen
2025-12-25 12:36:05,626 INFO c.n.r.c.ProductoController [http-nio-8080-exec-1] GET /productos/20/imagen - solicitando imagen
2025-12-25 12:36:05,626 INFO c.n.r.c.ProductoController [http-nio-8080-exec-4] GET /productos/26/imagen - solicitando imagen
2025-12-25 12:36:05,629 INFO c.n.r.c.ProductoController [http-nio-8080-exec-5] GET /productos/27/imagen - imagen servida correctamente
2025-12-25 12:36:05,629 INFO c.n.r.c.ProductoController [http-nio-8080-exec-8] GET /productos/19/imagen - imagen servida correctamente
2025-12-25 12:36:05,629 INFO c.n.r.c.ProductoController [http-nio-8080-exec-9] GET /productos/16/imagen - imagen servida correctamente
2025-12-25 12:36:05,629 INFO c.n.r.c.ProductoController [http-nio-8080-exec-7] GET /productos/15/imagen - imagen servida correctamente
2025-12-25 12:36:05,629 INFO c.n.r.c.ProductoController [http-nio-8080-exec-1] GET /productos/20/imagen - imagen servida correctamente
2025-12-25 12:36:05,629 WARN c.n.r.c.GlobalExceptionHandler [http-nio-8080-exec-4] Recurso no encontrado: ImagenNoEncontradaException
2025-12-25 12:36:05,640 INFO c.n.r.c.ProductoController [http-nio-8080-exec-2] GET /productos/17/imagen - solicitando imagen
2025-12-25 12:36:05,642 INFO c.n.r.c.ProductoController [http-nio-8080-exec-2] GET /productos/17/imagen - imagen servida correctamente
2025-12-25 12:36:06,753 INFO c.n.r.c.ProductoController [http-nio-8080-exec-8] GET /productos/13/imagen - solicitando imagen
2025-12-25 12:36:06,753 INFO c.n.r.c.ProductoController [http-nio-8080-exec-3] GET /productos/12/imagen - solicitando imagen
2025-12-25 12:36:06,753 INFO c.n.r.c.ProductoController [http-nio-8080-exec-7] GET /productos/14/imagen - solicitando imagen
2025-12-25 12:36:06,753 INFO c.n.r.c.ProductoController [http-nio-8080-exec-9] GET /productos/10/imagen - solicitando imagen
2025-12-25 12:36:06,753 INFO c.n.r.c.ProductoController [http-nio-8080-exec-6] GET /productos/11/imagen - solicitando imagen
2025-12-25 12:36:06,753 INFO c.n.r.c.ProductoController [http-nio-8080-exec-5] GET /productos/22/imagen - solicitando imagen
2025-12-25 12:36:06,756 INFO c.n.r.c.ProductoController [http-nio-8080-exec-3] GET /productos/12/imagen - imagen servida correctamente
2025-12-25 12:36:06,756 INFO c.n.r.c.ProductoController [http-nio-8080-exec-8] GET /productos/13/imagen - imagen servida correctamente
2025-12-25 12:36:06,756 INFO c.n.r.c.ProductoController [http-nio-8080-exec-9] GET /productos/10/imagen - imagen servida correctamente
2025-12-25 12:36:06,756 INFO c.n.r.c.ProductoController [http-nio-8080-exec-7] GET /productos/14/imagen - imagen servida correctamente
2025-12-25 12:36:06,756 INFO c.n.r.c.ProductoController [http-nio-8080-exec-5] GET /productos/22/imagen - imagen servida correctamente
2025-12-25 12:36:06,756 INFO c.n.r.c.ProductoController [http-nio-8080-exec-6] GET /productos/11/imagen - imagen servida correctamente
2025-12-25 12:36:06,756 INFO c.n.r.c.ProductoController [http-nio-8080-exec-1] GET /productos/23/imagen - solicitando imagen
2025-12-25 12:36:06,772 INFO c.n.r.c.ProductoController [http-nio-8080-exec-1] GET /productos/23/imagen - imagen servida correctamente
2025-12-25 12:36:07,352 INFO c.n.r.c.ProductoController [http-nio-8080-exec-4] GET /productos/26/imagen - solicitando imagen
2025-12-25 12:36:07,357 WARN c.n.r.c.GlobalExceptionHandler [http-nio-8080-exec-4] Recurso no encontrado: ImagenNoEncontradaException
2025-12-25 12:40:20,637 INFO c.n.r.c.UsuarioController [http-nio-8080-exec-1] GET /usuarios - filtros: nickname=null, tipoUsuario=null, cuentaActiva=null
2025-12-25 12:40:20,638 INFO c.n.r.s.UsuarioService [http-nio-8080-exec-1] Listando usuarios con filtros nickname=null, tipoUsuario=null, cuentaActiva=null
2025-12-25 12:40:20,644 INFO c.n.r.c.UsuarioController [http-nio-8080-exec-1] Resultado: 15 usuarios encontrados
2025-12-25 12:40:20,648 INFO c.n.r.c.UsuarioController [http-nio-8080-exec-4] GET /usuarios - filtros: nickname=null, tipoUsuario=null, cuentaActiva=null
2025-12-25 12:40:20,648 INFO c.n.r.s.UsuarioService [http-nio-8080-exec-4] Listando usuarios con filtros nickname=null, tipoUsuario=null, cuentaActiva=null
2025-12-25 12:40:20,652 INFO c.n.r.c.UsuarioController [http-nio-8080-exec-4] Resultado: 15 usuarios encontrados
2025-12-25 12:40:28,689 INFO c.n.r.c.CategoriaController [http-nio-8080-exec-10] GET /categorías - filtros: nombre='null', activa=null, fechaCreacion=null, desde=null, hasta=null
2025-12-25 12:40:28,689 INFO c.n.r.s.CategoriaService [http-nio-8080-exec-10] Listando categorías con filtros - nombre: null, activa: null, fechaCreacion: null, desde: null, hasta: null
2025-12-25 12:40:28,693 INFO c.n.r.c.CategoriaController [http-nio-8080-exec-10] Se devolvieron 11 categorias
2025-12-25 12:40:28,696 INFO c.n.r.c.CategoriaController [http-nio-8080-exec-2] GET /categorías - filtros: nombre='null', activa=null, fechaCreacion=null, desde=null, hasta=null
2025-12-25 12:40:28,697 INFO c.n.r.s.CategoriaService [http-nio-8080-exec-2] Listando categorías con filtros - nombre: null, activa: null, fechaCreacion: null, desde: null, hasta: null
2025-12-25 12:40:28,697 INFO c.n.r.c.CategoriaController [http-nio-8080-exec-2] Se devolvieron 11 categorias
2025-12-25 12:40:32,264 INFO c.n.r.c.UsuarioController [http-nio-8080-exec-9] GET /usuarios - filtros: nickname=null, tipoUsuario=null, cuentaActiva=null
2025-12-25 12:40:32,265 INFO c.n.r.s.UsuarioService [http-nio-8080-exec-9] Listando usuarios con filtros nickname=null, tipoUsuario=null, cuentaActiva=null
2025-12-25 12:40:32,269 INFO c.n.r.c.UsuarioController [http-nio-8080-exec-9] Resultado: 15 usuarios encontrados
2025-12-25 12:40:32,271 INFO c.n.r.c.UsuarioController [http-nio-8080-exec-8] GET /usuarios - filtros: nickname=null, tipoUsuario=null, cuentaActiva=null
2025-12-25 12:40:32,271 INFO c.n.r.s.UsuarioService [http-nio-8080-exec-8] Listando usuarios con filtros nickname=null, tipoUsuario=null, cuentaActiva=null
2025-12-25 12:40:32,275 INFO c.n.r.c.UsuarioController [http-nio-8080-exec-8] Resultado: 15 usuarios encontrados
2025-12-25 12:44:59,497 INFO c.n.r.c.UsuarioController [http-nio-8080-exec-6] GET /usuarios - filtros: nickname=null, tipoUsuario=null, cuentaActiva=null
2025-12-25 12:44:59,499 INFO c.n.r.s.UsuarioService [http-nio-8080-exec-6] Listando usuarios con filtros nickname=null, tipoUsuario=null, cuentaActiva=null
2025-12-25 12:44:59,502 INFO c.n.r.c.UsuarioController [http-nio-8080-exec-6] Resultado: 15 usuarios encontrados
2025-12-25 12:44:59,511 INFO c.n.r.c.UsuarioController [http-nio-8080-exec-7] GET /usuarios - filtros: nickname=null, tipoUsuario=null, cuentaActiva=null
2025-12-25 12:44:59,511 INFO c.n.r.s.UsuarioService [http-nio-8080-exec-7] Listando usuarios con filtros nickname=null, tipoUsuario=null, cuentaActiva=null
2025-12-25 12:44:59,515 INFO c.n.r.c.UsuarioController [http-nio-8080-exec-7] Resultado: 15 usuarios encontrados
2025-12-25 12:45:01,908 INFO c.n.r.c.ProductoController [http-nio-8080-exec-1] GET /productos - filtros: nombre=null, activo=null, categoriaId=null, usuarioId=null
2025-12-25 12:45:01,918 INFO c.n.r.c.ProductoController [http-nio-8080-exec-1] GET /productos - encontrados 15 productos
2025-12-25 12:45:01,920 INFO c.n.r.c.ProductoController [http-nio-8080-exec-4] GET /productos - filtros: nombre=null, activo=null, categoriaId=null, usuarioId=null
2025-12-25 12:45:01,926 INFO c.n.r.c.ProductoController [http-nio-8080-exec-4] GET /productos - encontrados 15 productos
2025-12-25 12:45:01,929 INFO c.n.r.c.ProductoController [http-nio-8080-exec-3] GET /productos/14/imagen - solicitando imagen
2025-12-25 12:45:01,929 INFO c.n.r.c.ProductoController [http-nio-8080-exec-10] GET /productos/13/imagen - solicitando imagen
2025-12-25 12:45:01,929 INFO c.n.r.c.ProductoController [http-nio-8080-exec-8] GET /productos/12/imagen - solicitando imagen
2025-12-25 12:45:01,929 INFO c.n.r.c.ProductoController [http-nio-8080-exec-9] GET /productos/11/imagen - solicitando imagen
2025-12-25 12:45:01,929 INFO c.n.r.c.ProductoController [http-nio-8080-exec-2] GET /productos/10/imagen - solicitando imagen
2025-12-25 12:45:01,930 INFO c.n.r.c.ProductoController [http-nio-8080-exec-5] GET /productos/9/imagen - solicitando imagen
2025-12-25 12:45:01,931 INFO c.n.r.c.ProductoController [http-nio-8080-exec-10] GET /productos/13/imagen - imagen servida correctamente
2025-12-25 12:45:01,931 INFO c.n.r.c.ProductoController [http-nio-8080-exec-8] GET /productos/12/imagen - imagen servida correctamente
2025-12-25 12:45:01,931 INFO c.n.r.c.ProductoController [http-nio-8080-exec-3] GET /productos/14/imagen - imagen servida correctamente
2025-12-25 12:45:01,931 INFO c.n.r.c.ProductoController [http-nio-8080-exec-2] GET /productos/10/imagen - imagen servida correctamente
2025-12-25 12:45:01,931 INFO c.n.r.c.ProductoController [http-nio-8080-exec-9] GET /productos/11/imagen - imagen servida correctamente
2025-12-25 12:45:01,931 INFO c.n.r.c.ProductoController [http-nio-8080-exec-5] GET /productos/9/imagen - imagen servida correctamente
2025-12-25 12:45:01,941 INFO c.n.r.c.ProductoController [http-nio-8080-exec-6] GET /productos/22/imagen - solicitando imagen
2025-12-25 12:45:01,941 INFO c.n.r.c.ProductoController [http-nio-8080-exec-7] GET /productos/23/imagen - solicitando imagen
2025-12-25 12:45:01,943 INFO c.n.r.c.ProductoController [http-nio-8080-exec-7] GET /productos/23/imagen - imagen servida correctamente
2025-12-25 12:45:01,943 INFO c.n.r.c.ProductoController [http-nio-8080-exec-6] GET /productos/22/imagen - imagen servida correctamente
2025-12-25 12:45:02,505 INFO c.n.r.c.UsuarioController [http-nio-8080-exec-1] GET /usuarios - filtros: nickname=null, tipoUsuario=null, cuentaActiva=null
2025-12-25 12:45:02,505 INFO c.n.r.s.UsuarioService [http-nio-8080-exec-1] Listando usuarios con filtros nickname=null, tipoUsuario=null, cuentaActiva=null
2025-12-25 12:45:02,505 INFO c.n.r.c.UsuarioController [http-nio-8080-exec-1] Resultado: 15 usuarios encontrados
2025-12-25 12:45:02,505 INFO c.n.r.c.UsuarioController [http-nio-8080-exec-4] GET /usuarios - filtros: nickname=null, tipoUsuario=null, cuentaActiva=null
2025-12-25 12:45:02,505 INFO c.n.r.s.UsuarioService [http-nio-8080-exec-4] Listando usuarios con filtros nickname=null, tipoUsuario=null, cuentaActiva=null
2025-12-25 12:45:02,518 INFO c.n.r.c.UsuarioController [http-nio-8080-exec-4] Resultado: 15 usuarios encontrados
2025-12-25 12:45:03,002 INFO c.n.r.c.CategoriaController [http-nio-8080-exec-3] GET /categorías - filtros: nombre='null', activa=null, fechaCreacion=null, desde=null, hasta=null
2025-12-25 12:45:03,002 INFO c.n.r.s.CategoriaService [http-nio-8080-exec-3] Listando categorías con filtros - nombre: null, activa: null, fechaCreacion: null, desde: null, hasta: null
2025-12-25 12:45:03,002 INFO c.n.r.c.CategoriaController [http-nio-8080-exec-3] Se devolvieron 11 categorias
2025-12-25 12:45:03,002 INFO c.n.r.c.CategoriaController [http-nio-8080-exec-3] GET /categorías - filtros: nombre='null', activa=null, fechaCreacion=null, desde=null, hasta=null
2025-12-25 12:45:03,017 INFO c.n.r.s.CategoriaService [http-nio-8080-exec-3] Listando categorías con filtros - nombre: null, activa: null, fechaCreacion: null, desde: null, hasta: null
2025-12-25 12:45:03,020 INFO c.n.r.c.CategoriaController [http-nio-8080-exec-3] Se devolvieron 11 categorias
2025-12-25 12:45:03,699 INFO c.n.r.c.ProductoController [http-nio-8080-exec-10] GET /productos - filtros: nombre=null, activo=null, categoriaId=null, usuarioId=null
2025-12-25 12:45:03,707 INFO c.n.r.c.ProductoController [http-nio-8080-exec-10] GET /productos - encontrados 15 productos
2025-12-25 12:45:03,710 INFO c.n.r.c.ProductoController [http-nio-8080-exec-9] GET /productos - filtros: nombre=null, activo=null, categoriaId=null, usuarioId=null
2025-12-25 12:45:03,718 INFO c.n.r.c.ProductoController [http-nio-8080-exec-9] GET /productos - encontrados 15 productos
2025-12-25 12:45:09,821 INFO c.n.r.c.UsuarioController [http-nio-8080-exec-5] GET /usuarios - filtros: nickname=null, tipoUsuario=null, cuentaActiva=null
2025-12-25 12:45:09,821 INFO c.n.r.s.UsuarioService [http-nio-8080-exec-5] Listando usuarios con filtros nickname=null, tipoUsuario=null, cuentaActiva=null
2025-12-25 12:45:09,825 INFO c.n.r.c.UsuarioController [http-nio-8080-exec-5] Resultado: 15 usuarios encontrados
2025-12-25 12:45:09,828 INFO c.n.r.c.UsuarioController [http-nio-8080-exec-5] GET /usuarios - filtros: nickname=null, tipoUsuario=null, cuentaActiva=null
2025-12-25 12:45:09,828 INFO c.n.r.s.UsuarioService [http-nio-8080-exec-5] Listando usuarios con filtros nickname=null, tipoUsuario=null, cuentaActiva=null
2025-12-25 12:45:09,833 INFO c.n.r.c.UsuarioController [http-nio-8080-exec-5] Resultado: 15 usuarios encontrados
2025-12-25 12:47:44,561 INFO c.n.r.c.UsuarioController [http-nio-8080-exec-8] GET /usuarios - filtros: nickname=null, tipoUsuario=null, cuentaActiva=null
2025-12-25 12:47:44,561 INFO c.n.r.s.UsuarioService [http-nio-8080-exec-8] Listando usuarios con filtros nickname=null, tipoUsuario=null, cuentaActiva=null
2025-12-25 12:47:44,565 INFO c.n.r.c.UsuarioController [http-nio-8080-exec-8] Resultado: 15 usuarios encontrados
2025-12-25 12:47:44,568 INFO c.n.r.c.UsuarioController [http-nio-8080-exec-5] GET /usuarios - filtros: nickname=null, tipoUsuario=null, cuentaActiva=null
2025-12-25 12:47:44,568 INFO c.n.r.s.UsuarioService [http-nio-8080-exec-5] Listando usuarios con filtros nickname=null, tipoUsuario=null, cuentaActiva=null
2025-12-25 12:47:44,573 INFO c.n.r.c.UsuarioController [http-nio-8080-exec-5] Resultado: 15 usuarios encontrados
2025-12-25 12:47:45,956 INFO c.n.r.c.ProductoController [http-nio-8080-exec-7] GET /productos - filtros: nombre=null, activo=null, categoriaId=null, usuarioId=null
2025-12-25 12:47:45,968 INFO c.n.r.c.ProductoController [http-nio-8080-exec-7] GET /productos - encontrados 15 productos
2025-12-25 12:47:45,973 INFO c.n.r.c.ProductoController [http-nio-8080-exec-2] GET /productos - filtros: nombre=null, activo=null, categoriaId=null, usuarioId=null
2025-12-25 12:47:45,979 INFO c.n.r.c.ProductoController [http-nio-8080-exec-3] GET /productos/10/imagen - solicitando imagen
2025-12-25 12:47:45,979 INFO c.n.r.c.ProductoController [http-nio-8080-exec-6] GET /productos/11/imagen - solicitando imagen
2025-12-25 12:47:45,981 INFO c.n.r.c.ProductoController [http-nio-8080-exec-4] GET /productos/13/imagen - solicitando imagen
2025-12-25 12:47:45,981 INFO c.n.r.c.ProductoController [http-nio-8080-exec-1] GET /productos/12/imagen - solicitando imagen
2025-12-25 12:47:45,981 INFO c.n.r.c.ProductoController [http-nio-8080-exec-10] GET /productos/14/imagen - solicitando imagen
2025-12-25 12:47:45,981 INFO c.n.r.c.ProductoController [http-nio-8080-exec-2] GET /productos - encontrados 15 productos
2025-12-25 12:47:45,982 INFO c.n.r.c.ProductoController [http-nio-8080-exec-9] GET /productos/23/imagen - solicitando imagen
2025-12-25 12:47:45,982 INFO c.n.r.c.ProductoController [http-nio-8080-exec-3] GET /productos/10/imagen - imagen servida correctamente
2025-12-25 12:47:45,982 INFO c.n.r.c.ProductoController [http-nio-8080-exec-1] GET /productos/12/imagen - imagen servida correctamente
2025-12-25 12:47:45,983 INFO c.n.r.c.ProductoController [http-nio-8080-exec-4] GET /productos/13/imagen - imagen servida correctamente
2025-12-25 12:47:45,983 INFO c.n.r.c.ProductoController [http-nio-8080-exec-10] GET /productos/14/imagen - imagen servida correctamente
2025-12-25 12:47:45,983 INFO c.n.r.c.ProductoController [http-nio-8080-exec-6] GET /productos/11/imagen - imagen servida correctamente
2025-12-25 12:47:45,983 INFO c.n.r.c.ProductoController [http-nio-8080-exec-9] GET /productos/23/imagen - imagen servida correctamente
2025-12-25 12:47:45,987 INFO c.n.r.c.ProductoController [http-nio-8080-exec-8] GET /productos/22/imagen - solicitando imagen
2025-12-25 12:47:45,987 INFO c.n.r.c.ProductoController [http-nio-8080-exec-5] GET /productos/9/imagen - solicitando imagen
2025-12-25 12:47:45,989 INFO c.n.r.c.ProductoController [http-nio-8080-exec-5] GET /productos/9/imagen - imagen servida correctamente
2025-12-25 12:47:45,989 INFO c.n.r.c.ProductoController [http-nio-8080-exec-8] GET /productos/22/imagen - imagen servida correctamente
2025-12-25 12:47:47,102 INFO c.n.r.c.CategoriaController [http-nio-8080-exec-7] GET /categorías - filtros: nombre='null', activa=null, fechaCreacion=null, desde=null, hasta=null
2025-12-25 12:47:47,102 INFO c.n.r.s.CategoriaService [http-nio-8080-exec-7] Listando categorías con filtros - nombre: null, activa: null, fechaCreacion: null, desde: null, hasta: null
2025-12-25 12:47:47,103 INFO c.n.r.c.CategoriaController [http-nio-8080-exec-7] Se devolvieron 11 categorias
2025-12-25 12:47:47,110 INFO c.n.r.c.CategoriaController [http-nio-8080-exec-2] GET /categorías - filtros: nombre='null', activa=null, fechaCreacion=null, desde=null, hasta=null
2025-12-25 12:47:47,111 INFO c.n.r.s.CategoriaService [http-nio-8080-exec-2] Listando categorías con filtros - nombre: null, activa: null, fechaCreacion: null, desde: null, hasta: null
2025-12-25 12:47:47,114 INFO c.n.r.c.CategoriaController [http-nio-8080-exec-2] Se devolvieron 11 categorias
2025-12-25 12:47:48,579 INFO c.n.r.c.ProductoController [http-nio-8080-exec-3] GET /productos - filtros: nombre=null, activo=null, categoriaId=null, usuarioId=null
2025-12-25 12:47:48,600 INFO c.n.r.c.ProductoController [http-nio-8080-exec-3] GET /productos - encontrados 15 productos
2025-12-25 12:47:48,602 INFO c.n.r.c.ProductoController [http-nio-8080-exec-4] GET /productos - filtros: nombre=null, activo=null, categoriaId=null, usuarioId=null
2025-12-25 12:47:48,611 INFO c.n.r.c.ProductoController [http-nio-8080-exec-4] GET /productos - encontrados 15 productos
2025-12-25 12:47:49,081 INFO c.n.r.c.UsuarioController [http-nio-8080-exec-6] GET /usuarios - filtros: nickname=null, tipoUsuario=null, cuentaActiva=null
2025-12-25 12:47:49,082 INFO c.n.r.s.UsuarioService [http-nio-8080-exec-6] Listando usuarios con filtros nickname=null, tipoUsuario=null, cuentaActiva=null
2025-12-25 12:47:49,089 INFO c.n.r.c.UsuarioController [http-nio-8080-exec-6] Resultado: 15 usuarios encontrados
2025-12-25 12:47:49,092 INFO c.n.r.c.UsuarioController [http-nio-8080-exec-1] GET /usuarios - filtros: nickname=null, tipoUsuario=null, cuentaActiva=null
2025-12-25 12:47:49,093 INFO c.n.r.s.UsuarioService [http-nio-8080-exec-1] Listando usuarios con filtros nickname=null, tipoUsuario=null, cuentaActiva=null
2025-12-25 12:47:49,095 INFO c.n.r.c.UsuarioController [http-nio-8080-exec-1] Resultado: 15 usuarios encontrados
2025-12-25 12:47:49,953 INFO c.n.r.c.ProductoController [http-nio-8080-exec-10] GET /productos - filtros: nombre=null, activo=null, categoriaId=null, usuarioId=null
2025-12-25 12:47:49,977 INFO c.n.r.c.ProductoController [http-nio-8080-exec-10] GET /productos - encontrados 15 productos
2025-12-25 12:47:49,977 INFO c.n.r.c.ProductoController [http-nio-8080-exec-9] GET /productos - filtros: nombre=null, activo=null, categoriaId=null, usuarioId=null
2025-12-25 12:47:49,977 INFO c.n.r.c.ProductoController [http-nio-8080-exec-9] GET /productos - encontrados 15 productos
2025-12-25 12:48:09,996 INFO c.n.r.c.UsuarioController [http-nio-8080-exec-5] GET /usuarios - filtros: nickname=null, tipoUsuario=null, cuentaActiva=null
2025-12-25 12:48:09,997 INFO c.n.r.s.UsuarioService [http-nio-8080-exec-5] Listando usuarios con filtros nickname=null, tipoUsuario=null, cuentaActiva=null
2025-12-25 12:48:10,000 INFO c.n.r.c.UsuarioController [http-nio-8080-exec-5] Resultado: 15 usuarios encontrados
2025-12-25 12:48:10,003 INFO c.n.r.c.UsuarioController [http-nio-8080-exec-8] GET /usuarios - filtros: nickname=null, tipoUsuario=null, cuentaActiva=null
2025-12-25 12:48:10,003 INFO c.n.r.s.UsuarioService [http-nio-8080-exec-8] Listando usuarios con filtros nickname=null, tipoUsuario=null, cuentaActiva=null
2025-12-25 12:48:10,006 INFO c.n.r.c.UsuarioController [http-nio-8080-exec-8] Resultado: 15 usuarios encontrados
2025-12-25 12:48:10,698 INFO c.n.r.c.CategoriaController [http-nio-8080-exec-7] GET /categorías - filtros: nombre='null', activa=null, fechaCreacion=null, desde=null, hasta=null
2025-12-25 12:48:10,698 INFO c.n.r.s.CategoriaService [http-nio-8080-exec-7] Listando categorías con filtros - nombre: null, activa: null, fechaCreacion: null, desde: null, hasta: null
2025-12-25 12:48:10,698 INFO c.n.r.c.CategoriaController [http-nio-8080-exec-7] Se devolvieron 11 categorias
2025-12-25 12:48:10,709 INFO c.n.r.c.CategoriaController [http-nio-8080-exec-2] GET /categorías - filtros: nombre='null', activa=null, fechaCreacion=null, desde=null, hasta=null
2025-12-25 12:48:10,710 INFO c.n.r.s.CategoriaService [http-nio-8080-exec-2] Listando categorías con filtros - nombre: null, activa: null, fechaCreacion: null, desde: null, hasta: null
2025-12-25 12:48:10,712 INFO c.n.r.c.CategoriaController [http-nio-8080-exec-2] Se devolvieron 11 categorias
2025-12-25 12:48:12,088 INFO c.n.r.c.ProductoController [http-nio-8080-exec-3] GET /productos - filtros: nombre=null, activo=null, categoriaId=null, usuarioId=null
2025-12-25 12:48:12,099 INFO c.n.r.c.ProductoController [http-nio-8080-exec-3] GET /productos - encontrados 15 productos
2025-12-25 12:48:12,104 INFO c.n.r.c.ProductoController [http-nio-8080-exec-4] GET /productos - filtros: nombre=null, activo=null, categoriaId=null, usuarioId=null
2025-12-25 12:48:12,110 INFO c.n.r.c.ProductoController [http-nio-8080-exec-4] GET /productos - encontrados 15 productos
2025-12-25 12:53:43,284 INFO c.n.r.c.ProductoController [http-nio-8080-exec-3] GET /productos - filtros: nombre=null, activo=null, categoriaId=null, usuarioId=null
2025-12-25 12:53:43,290 INFO c.n.r.c.ProductoController [http-nio-8080-exec-3] GET /productos - encontrados 15 productos
2025-12-25 12:53:43,294 INFO c.n.r.c.ProductoController [http-nio-8080-exec-4] GET /productos - filtros: nombre=null, activo=null, categoriaId=null, usuarioId=null
2025-12-25 12:53:43,299 INFO c.n.r.c.ProductoController [http-nio-8080-exec-9] GET /productos/10/imagen - solicitando imagen
2025-12-25 12:53:43,299 INFO c.n.r.c.ProductoController [http-nio-8080-exec-10] GET /productos/11/imagen - solicitando imagen
2025-12-25 12:53:43,299 INFO c.n.r.c.ProductoController [http-nio-8080-exec-6] GET /productos/13/imagen - solicitando imagen
2025-12-25 12:53:43,299 INFO c.n.r.c.ProductoController [http-nio-8080-exec-5] GET /productos/12/imagen - solicitando imagen
2025-12-25 12:53:43,300 INFO c.n.r.c.ProductoController [http-nio-8080-exec-6] GET /productos/13/imagen - imagen servida correctamente
2025-12-25 12:53:43,300 INFO c.n.r.c.ProductoController [http-nio-8080-exec-8] GET /productos/14/imagen - solicitando imagen
2025-12-25 12:53:43,300 INFO c.n.r.c.ProductoController [http-nio-8080-exec-9] GET /productos/10/imagen - imagen servida correctamente
2025-12-25 12:53:43,300 INFO c.n.r.c.ProductoController [http-nio-8080-exec-10] GET /productos/11/imagen - imagen servida correctamente
2025-12-25 12:53:43,300 INFO c.n.r.c.ProductoController [http-nio-8080-exec-5] GET /productos/12/imagen - imagen servida correctamente
2025-12-25 12:53:43,301 INFO c.n.r.c.ProductoController [http-nio-8080-exec-4] GET /productos - encontrados 15 productos
2025-12-25 12:53:43,302 INFO c.n.r.c.ProductoController [http-nio-8080-exec-8] GET /productos/14/imagen - imagen servida correctamente
2025-12-25 12:53:43,308 INFO c.n.r.c.ProductoController [http-nio-8080-exec-2] GET /productos/23/imagen - solicitando imagen
2025-12-25 12:53:43,308 INFO c.n.r.c.ProductoController [http-nio-8080-exec-1] GET /productos/9/imagen - solicitando imagen
2025-12-25 12:53:43,308 INFO c.n.r.c.ProductoController [http-nio-8080-exec-7] GET /productos/22/imagen - solicitando imagen
2025-12-25 12:53:43,309 INFO c.n.r.c.ProductoController [http-nio-8080-exec-1] GET /productos/9/imagen - imagen servida correctamente
2025-12-25 12:53:43,309 INFO c.n.r.c.ProductoController [http-nio-8080-exec-7] GET /productos/22/imagen - imagen servida correctamente
2025-12-25 12:53:43,309 INFO c.n.r.c.ProductoController [http-nio-8080-exec-2] GET /productos/23/imagen - imagen servida correctamente
2025-12-25 12:53:44,050 INFO c.n.r.c.CategoriaController [http-nio-8080-exec-3] GET /categorías - filtros: nombre='null', activa=null, fechaCreacion=null, desde=null, hasta=null
2025-12-25 12:53:44,051 INFO c.n.r.s.CategoriaService [http-nio-8080-exec-3] Listando categorías con filtros - nombre: null, activa: null, fechaCreacion: null, desde: null, hasta: null
2025-12-25 12:53:44,057 INFO c.n.r.c.CategoriaController [http-nio-8080-exec-3] Se devolvieron 11 categorias
2025-12-25 12:53:44,059 INFO c.n.r.c.CategoriaController [http-nio-8080-exec-6] GET /categorías - filtros: nombre='null', activa=null, fechaCreacion=null, desde=null, hasta=null
2025-12-25 12:53:44,060 INFO c.n.r.s.CategoriaService [http-nio-8080-exec-6] Listando categorías con filtros - nombre: null, activa: null, fechaCreacion: null, desde: null, hasta: null
2025-12-25 12:53:44,064 INFO c.n.r.c.CategoriaController [http-nio-8080-exec-6] Se devolvieron 11 categorias
2025-12-25 12:53:44,399 INFO c.n.r.c.UsuarioController [http-nio-8080-exec-9] GET /usuarios - filtros: nickname=null, tipoUsuario=null, cuentaActiva=null
2025-12-25 12:53:44,399 INFO c.n.r.s.UsuarioService [http-nio-8080-exec-9] Listando usuarios con filtros nickname=null, tipoUsuario=null, cuentaActiva=null
2025-12-25 12:53:44,406 INFO c.n.r.c.UsuarioController [http-nio-8080-exec-9] Resultado: 15 usuarios encontrados
2025-12-25 12:53:44,409 INFO c.n.r.c.UsuarioController [http-nio-8080-exec-10] GET /usuarios - filtros: nickname=null, tipoUsuario=null, cuentaActiva=null
2025-12-25 12:53:44,410 INFO c.n.r.s.UsuarioService [http-nio-8080-exec-10] Listando usuarios con filtros nickname=null, tipoUsuario=null, cuentaActiva=null
2025-12-25 12:53:44,416 INFO c.n.r.c.UsuarioController [http-nio-8080-exec-10] Resultado: 15 usuarios encontrados
2025-12-25 12:55:19,929 INFO o.s.b.w.e.t.GracefulShutdown [SpringApplicationShutdownHook] Commencing graceful shutdown. Waiting for active requests to complete
2025-12-25 12:55:19,929 INFO o.s.b.w.e.t.GracefulShutdown [tomcat-shutdown] Graceful shutdown complete
2025-12-25 12:55:19,929 INFO o.s.o.j.AbstractEntityManagerFactoryBean [SpringApplicationShutdownHook] Closing JPA EntityManagerFactory for persistence unit 'default'
2025-12-25 12:55:19,929 INFO c.z.h.HikariDataSource [SpringApplicationShutdownHook] HikariPool-1 - Shutdown initiated...
2025-12-25 12:55:19,939 INFO c.z.h.HikariDataSource [SpringApplicationShutdownHook] HikariPool-1 - Shutdown completed.
2025-12-25 16:58:35,519 INFO o.h.v.i.u.Version [background-preinit] HV000001: Hibernate Validator 8.0.3.Final
2025-12-25 16:58:35,561 INFO o.s.b.StartupInfoLogger [main] Starting RelabApplication using Java 21.0.8 with PID 30616 (D:\DAM\Segundo\AccesoDatos\AA1\API_ReLab\target\classes started by natal in D:\DAM\Segundo\AccesoDatos\AA1\API_ReLab)
2025-12-25 16:58:35,562 INFO o.s.b.SpringApplication [main] No active profile set, falling back to 1 default profile: "default"
2025-12-25 16:58:35,940 INFO o.s.d.r.c.RepositoryConfigurationDelegate [main] Bootstrapping Spring Data JPA repositories in DEFAULT mode.
2025-12-25 16:58:36,005 INFO o.s.d.r.c.RepositoryConfigurationDelegate [main] Finished Spring Data repository scanning in 49 ms. Found 5 JPA repository interfaces.
2025-12-25 16:58:36,281 INFO o.s.b.w.e.t.TomcatWebServer [main] Tomcat initialized with port 8080 (http)
2025-12-25 16:58:36,288 INFO o.a.j.l.DirectJDKLog [main] Initializing ProtocolHandler ["http-nio-8080"]
2025-12-25 16:58:36,290 INFO o.a.j.l.DirectJDKLog [main] Starting service [Tomcat]
2025-12-25 16:58:36,291 INFO o.a.j.l.DirectJDKLog [main] Starting Servlet engine: [Apache Tomcat/10.1.46]
2025-12-25 16:58:36,341 INFO o.a.j.l.DirectJDKLog [main] Initializing Spring embedded WebApplicationContext
2025-12-25 16:58:36,341 INFO o.s.b.w.s.c.ServletWebServerApplicationContext [main] Root WebApplicationContext: initialization completed in 747 ms
2025-12-25 16:58:36,470 INFO o.h.j.i.u.LogHelper [main] HHH000204: Processing PersistenceUnitInfo [name: default]
2025-12-25 16:58:36,518 INFO o.h.Version [main] HHH000412: Hibernate ORM core version 6.6.29.Final
2025-12-25 16:58:36,541 INFO o.h.c.i.RegionFactoryInitiator [main] HHH000026: Second-level cache disabled
2025-12-25 16:58:36,717 INFO o.s.o.j.p.SpringPersistenceUnitInfo [main] No LoadTimeWeaver setup: ignoring JPA class transformer
2025-12-25 16:58:36,735 INFO c.z.h.HikariDataSource [main] HikariPool-1 - Starting...
2025-12-25 16:58:36,805 INFO c.z.h.p.HikariPool [main] HikariPool-1 - Added connection org.mariadb.jdbc.Connection@31940704
2025-12-25 16:58:36,806 INFO c.z.h.HikariDataSource [main] HikariPool-1 - Start completed.
2025-12-25 16:58:36,824 WARN o.h.e.j.d.i.DialectFactoryImpl [main] HHH90000025: MariaDBDialect does not need to be specified explicitly using 'hibernate.dialect' (remove the property setting and it will be selected by default)
2025-12-25 16:58:36,835 INFO o.h.e.j.e.i.JdbcEnvironmentInitiator [main] HHH10001005: Database info:
	Database JDBC URL [Connecting through datasource 'HikariDataSource (HikariPool-1)']
	Database driver: undefined/unknown
	Database version: 12.0.2
	Autocommit mode: undefined/unknown
	Isolation level: undefined/unknown
	Minimum pool size: undefined/unknown
	Maximum pool size: undefined/unknown
2025-12-25 16:58:37,618 INFO o.h.e.t.j.p.i.JtaPlatformInitiator [main] HHH000489: No JTA platform available (set 'hibernate.transaction.jta.platform' to enable JTA platform integration)
2025-12-25 16:58:37,680 INFO o.s.o.j.AbstractEntityManagerFactoryBean [main] Initialized JPA EntityManagerFactory for persistence unit 'default'
2025-12-25 16:58:37,981 WARN o.s.b.a.o.j.JpaBaseConfiguration$JpaWebConfiguration [main] spring.jpa.open-in-view is enabled by default. Therefore, database queries may be performed during view rendering. Explicitly configure spring.jpa.open-in-view to disable this warning
2025-12-25 16:58:38,168 INFO o.a.j.l.DirectJDKLog [main] Starting ProtocolHandler ["http-nio-8080"]
2025-12-25 16:58:38,184 INFO o.s.b.w.e.t.TomcatWebServer [main] Tomcat started on port 8080 (http) with context path '/'
2025-12-25 16:58:38,200 INFO o.s.b.StartupInfoLogger [main] Started RelabApplication in 3.143 seconds (process running for 3.327)
2025-12-25 16:58:38,951 INFO o.a.j.l.DirectJDKLog [http-nio-8080-exec-1] Initializing Spring DispatcherServlet 'dispatcherServlet'
2025-12-25 16:58:38,951 INFO o.s.w.s.FrameworkServlet [http-nio-8080-exec-1] Initializing Servlet 'dispatcherServlet'
2025-12-25 16:58:38,951 INFO o.s.w.s.FrameworkServlet [http-nio-8080-exec-1] Completed initialization in 0 ms
2025-12-25 16:58:39,009 INFO c.n.r.c.CategoriaController [http-nio-8080-exec-1] GET /categorías - filtros: nombre='null', activa=null, fechaCreacion=null, desde=null, hasta=null
2025-12-25 16:58:39,009 INFO c.n.r.s.CategoriaService [http-nio-8080-exec-1] Listando categorías con filtros - nombre: null, activa: null, fechaCreacion: null, desde: null, hasta: null
2025-12-25 16:58:39,137 INFO c.n.r.c.CategoriaController [http-nio-8080-exec-1] Se devolvieron 11 categorias
2025-12-25 16:58:39,166 INFO c.n.r.c.CategoriaController [http-nio-8080-exec-1] GET /categorías - filtros: nombre='null', activa=null, fechaCreacion=null, desde=null, hasta=null
2025-12-25 16:58:39,166 INFO c.n.r.s.CategoriaService [http-nio-8080-exec-1] Listando categorías con filtros - nombre: null, activa: null, fechaCreacion: null, desde: null, hasta: null
2025-12-25 16:58:39,166 INFO c.n.r.c.CategoriaController [http-nio-8080-exec-1] Se devolvieron 11 categorias
2025-12-25 16:58:51,724 INFO c.n.r.c.ProductoController [http-nio-8080-exec-2] GET /productos - filtros: nombre=null, activo=null, categoriaId=null, usuarioId=null
2025-12-25 16:58:51,773 INFO c.n.r.c.ProductoController [http-nio-8080-exec-2] GET /productos - encontrados 15 productos
2025-12-25 16:58:51,778 INFO c.n.r.c.ProductoController [http-nio-8080-exec-3] GET /productos - filtros: nombre=null, activo=null, categoriaId=null, usuarioId=null
2025-12-25 16:58:51,789 INFO c.n.r.c.ProductoController [http-nio-8080-exec-3] GET /productos - encontrados 15 productos
2025-12-25 16:58:51,792 INFO c.n.r.c.ProductoController [http-nio-8080-exec-5] GET /productos/14/imagen - solicitando imagen
2025-12-25 16:58:51,792 INFO c.n.r.c.ProductoController [http-nio-8080-exec-8] GET /productos/11/imagen - solicitando imagen
2025-12-25 16:58:51,792 INFO c.n.r.c.ProductoController [http-nio-8080-exec-7] GET /productos/13/imagen - solicitando imagen
2025-12-25 16:58:51,792 INFO c.n.r.c.ProductoController [http-nio-8080-exec-4] GET /productos/10/imagen - solicitando imagen
2025-12-25 16:58:51,792 INFO c.n.r.c.ProductoController [http-nio-8080-exec-6] GET /productos/12/imagen - solicitando imagen
2025-12-25 16:58:51,793 INFO c.n.r.c.ProductoController [http-nio-8080-exec-9] GET /productos/9/imagen - solicitando imagen
2025-12-25 16:58:51,800 INFO c.n.r.c.ProductoController [http-nio-8080-exec-7] GET /productos/13/imagen - imagen servida correctamente
2025-12-25 16:58:51,801 INFO c.n.r.c.ProductoController [http-nio-8080-exec-4] GET /productos/10/imagen - imagen servida correctamente
2025-12-25 16:58:51,801 INFO c.n.r.c.ProductoController [http-nio-8080-exec-5] GET /productos/14/imagen - imagen servida correctamente
2025-12-25 16:58:51,801 INFO c.n.r.c.ProductoController [http-nio-8080-exec-6] GET /productos/12/imagen - imagen servida correctamente
2025-12-25 16:58:51,802 INFO c.n.r.c.ProductoController [http-nio-8080-exec-8] GET /productos/11/imagen - imagen servida correctamente
2025-12-25 16:58:51,802 INFO c.n.r.c.ProductoController [http-nio-8080-exec-9] GET /productos/9/imagen - imagen servida correctamente
2025-12-25 16:58:51,810 INFO c.n.r.c.ProductoController [http-nio-8080-exec-1] GET /productos/22/imagen - solicitando imagen
2025-12-25 16:58:51,810 INFO c.n.r.c.ProductoController [http-nio-8080-exec-10] GET /productos/23/imagen - solicitando imagen
2025-12-25 16:58:51,813 INFO c.n.r.c.ProductoController [http-nio-8080-exec-1] GET /productos/22/imagen - imagen servida correctamente
2025-12-25 16:58:51,813 INFO c.n.r.c.ProductoController [http-nio-8080-exec-10] GET /productos/23/imagen - imagen servida correctamente
2025-12-25 17:11:15,502 INFO c.n.r.c.ProductoController [http-nio-8080-exec-1] GET /productos - filtros: nombre=null, activo=null, categoriaId=null, usuarioId=null
2025-12-25 17:11:15,518 INFO c.n.r.c.ProductoController [http-nio-8080-exec-1] GET /productos - encontrados 15 productos
2025-12-25 17:11:15,518 INFO c.n.r.c.ProductoController [http-nio-8080-exec-10] GET /productos - filtros: nombre=null, activo=null, categoriaId=null, usuarioId=null
2025-12-25 17:11:15,518 INFO c.n.r.c.ProductoController [http-nio-8080-exec-2] GET /productos/10/imagen - solicitando imagen
2025-12-25 17:11:15,518 INFO c.n.r.c.ProductoController [http-nio-8080-exec-5] GET /productos/11/imagen - solicitando imagen
2025-12-25 17:11:15,518 INFO c.n.r.c.ProductoController [http-nio-8080-exec-6] GET /productos/13/imagen - solicitando imagen
2025-12-25 17:11:15,518 INFO c.n.r.c.ProductoController [http-nio-8080-exec-4] GET /productos/12/imagen - solicitando imagen
2025-12-25 17:11:15,518 INFO c.n.r.c.ProductoController [http-nio-8080-exec-7] GET /productos/14/imagen - solicitando imagen
2025-12-25 17:11:15,518 INFO c.n.r.c.ProductoController [http-nio-8080-exec-2] GET /productos/10/imagen - imagen servida correctamente
2025-12-25 17:11:15,518 INFO c.n.r.c.ProductoController [http-nio-8080-exec-4] GET /productos/12/imagen - imagen servida correctamente
2025-12-25 17:11:15,518 INFO c.n.r.c.ProductoController [http-nio-8080-exec-6] GET /productos/13/imagen - imagen servida correctamente
2025-12-25 17:11:15,518 INFO c.n.r.c.ProductoController [http-nio-8080-exec-5] GET /productos/11/imagen - imagen servida correctamente
2025-12-25 17:11:15,518 INFO c.n.r.c.ProductoController [http-nio-8080-exec-7] GET /productos/14/imagen - imagen servida correctamente
2025-12-25 17:11:15,537 INFO c.n.r.c.ProductoController [http-nio-8080-exec-8] GET /productos/9/imagen - solicitando imagen
2025-12-25 17:11:15,540 INFO c.n.r.c.ProductoController [http-nio-8080-exec-8] GET /productos/9/imagen - imagen servida correctamente
2025-12-25 17:11:15,540 INFO c.n.r.c.ProductoController [http-nio-8080-exec-10] GET /productos - encontrados 15 productos
2025-12-25 17:11:15,540 INFO c.n.r.c.ProductoController [http-nio-8080-exec-3] GET /productos/23/imagen - solicitando imagen
2025-12-25 17:11:15,540 INFO c.n.r.c.ProductoController [http-nio-8080-exec-9] GET /productos/22/imagen - solicitando imagen
2025-12-25 17:11:15,540 INFO c.n.r.c.ProductoController [http-nio-8080-exec-9] GET /productos/22/imagen - imagen servida correctamente
2025-12-25 17:11:15,540 INFO c.n.r.c.ProductoController [http-nio-8080-exec-3] GET /productos/23/imagen - imagen servida correctamente
2025-12-25 17:35:10,635 INFO c.n.r.c.UsuarioController [http-nio-8080-exec-10] GET /usuarios - filtros: nickname=null, tipoUsuario=null, cuentaActiva=null
2025-12-25 17:35:10,636 INFO c.n.r.s.UsuarioService [http-nio-8080-exec-10] Listando usuarios con filtros nickname=null, tipoUsuario=null, cuentaActiva=null
2025-12-25 17:35:10,648 INFO c.n.r.c.UsuarioController [http-nio-8080-exec-10] Resultado: 15 usuarios encontrados
2025-12-25 17:35:10,658 INFO c.n.r.c.UsuarioController [http-nio-8080-exec-3] GET /usuarios - filtros: nickname=null, tipoUsuario=null, cuentaActiva=null
2025-12-25 17:35:10,658 INFO c.n.r.s.UsuarioService [http-nio-8080-exec-3] Listando usuarios con filtros nickname=null, tipoUsuario=null, cuentaActiva=null
2025-12-25 17:35:10,665 INFO c.n.r.c.UsuarioController [http-nio-8080-exec-3] Resultado: 15 usuarios encontrados
2025-12-25 17:35:13,063 INFO c.n.r.c.ProductoController [http-nio-8080-exec-9] GET /productos - filtros: nombre=null, activo=null, categoriaId=null, usuarioId=null
2025-12-25 17:35:13,075 INFO c.n.r.c.ProductoController [http-nio-8080-exec-9] GET /productos - encontrados 15 productos
2025-12-25 17:35:13,079 INFO c.n.r.c.ProductoController [http-nio-8080-exec-2] GET /productos - filtros: nombre=null, activo=null, categoriaId=null, usuarioId=null
2025-12-25 17:35:13,090 INFO c.n.r.c.ProductoController [http-nio-8080-exec-2] GET /productos - encontrados 15 productos
2025-12-25 17:35:13,099 INFO c.n.r.c.ProductoController [http-nio-8080-exec-7] GET /productos/13/imagen - solicitando imagen
2025-12-25 17:35:13,099 INFO c.n.r.c.ProductoController [http-nio-8080-exec-6] GET /productos/11/imagen - solicitando imagen
2025-12-25 17:35:13,099 INFO c.n.r.c.ProductoController [http-nio-8080-exec-4] GET /productos/12/imagen - solicitando imagen
2025-12-25 17:35:13,099 INFO c.n.r.c.ProductoController [http-nio-8080-exec-1] GET /productos/10/imagen - solicitando imagen
2025-12-25 17:35:13,101 INFO c.n.r.c.ProductoController [http-nio-8080-exec-5] GET /productos/9/imagen - solicitando imagen
2025-12-25 17:35:13,101 INFO c.n.r.c.ProductoController [http-nio-8080-exec-8] GET /productos/14/imagen - solicitando imagen
2025-12-25 17:35:13,102 INFO c.n.r.c.ProductoController [http-nio-8080-exec-1] GET /productos/10/imagen - imagen servida correctamente
2025-12-25 17:35:13,102 INFO c.n.r.c.ProductoController [http-nio-8080-exec-5] GET /productos/9/imagen - imagen servida correctamente
2025-12-25 17:35:13,102 INFO c.n.r.c.ProductoController [http-nio-8080-exec-7] GET /productos/13/imagen - imagen servida correctamente
2025-12-25 17:35:13,102 INFO c.n.r.c.ProductoController [http-nio-8080-exec-6] GET /productos/11/imagen - imagen servida correctamente
2025-12-25 17:35:13,102 INFO c.n.r.c.ProductoController [http-nio-8080-exec-4] GET /productos/12/imagen - imagen servida correctamente
2025-12-25 17:35:13,106 INFO c.n.r.c.ProductoController [http-nio-8080-exec-8] GET /productos/14/imagen - imagen servida correctamente
2025-12-25 17:35:13,117 INFO c.n.r.c.ProductoController [http-nio-8080-exec-3] GET /productos/23/imagen - solicitando imagen
2025-12-25 17:35:13,117 INFO c.n.r.c.ProductoController [http-nio-8080-exec-10] GET /productos/22/imagen - solicitando imagen
2025-12-25 17:35:13,120 INFO c.n.r.c.ProductoController [http-nio-8080-exec-3] GET /productos/23/imagen - imagen servida correctamente
2025-12-25 17:35:13,120 INFO c.n.r.c.ProductoController [http-nio-8080-exec-10] GET /productos/22/imagen - imagen servida correctamente
2025-12-25 18:13:25,041 INFO c.n.r.c.ProductoController [http-nio-8080-exec-10] GET /productos/27/imagen - solicitando imagen
2025-12-25 18:13:25,042 INFO c.n.r.c.ProductoController [http-nio-8080-exec-4] GET /productos/19/imagen - solicitando imagen
2025-12-25 18:13:25,041 INFO c.n.r.c.ProductoController [http-nio-8080-exec-1] GET /productos/17/imagen - solicitando imagen
2025-12-25 18:13:25,041 INFO c.n.r.c.ProductoController [http-nio-8080-exec-3] GET /productos/26/imagen - solicitando imagen
2025-12-25 18:13:25,041 INFO c.n.r.c.ProductoController [http-nio-8080-exec-9] GET /productos/15/imagen - solicitando imagen
2025-12-25 18:13:25,041 INFO c.n.r.c.ProductoController [http-nio-8080-exec-5] GET /productos/20/imagen - solicitando imagen
2025-12-25 18:13:25,045 INFO c.n.r.c.ProductoController [http-nio-8080-exec-5] GET /productos/20/imagen - imagen servida correctamente
2025-12-25 18:13:25,045 INFO c.n.r.c.ProductoController [http-nio-8080-exec-10] GET /productos/27/imagen - imagen servida correctamente
2025-12-25 18:13:25,045 INFO c.n.r.c.ProductoController [http-nio-8080-exec-9] GET /productos/15/imagen - imagen servida correctamente
2025-12-25 18:13:25,045 INFO c.n.r.c.ProductoController [http-nio-8080-exec-1] GET /productos/17/imagen - imagen servida correctamente
2025-12-25 18:13:25,045 INFO c.n.r.c.ProductoController [http-nio-8080-exec-4] GET /productos/19/imagen - imagen servida correctamente
2025-12-25 18:13:25,048 WARN c.n.r.c.GlobalExceptionHandler [http-nio-8080-exec-3] Recurso no encontrado: ImagenNoEncontradaException
2025-12-25 18:13:25,056 INFO c.n.r.c.ProductoController [http-nio-8080-exec-2] GET /productos/16/imagen - solicitando imagen
2025-12-25 18:13:25,058 INFO c.n.r.c.ProductoController [http-nio-8080-exec-2] GET /productos/16/imagen - imagen servida correctamente
2025-12-25 18:23:13,256 INFO c.n.r.c.ProductoController [http-nio-8080-exec-7] GET /productos/9/imagen - solicitando imagen
2025-12-25 18:23:13,256 INFO c.n.r.c.ProductoController [http-nio-8080-exec-2] GET /productos/14/imagen - solicitando imagen
2025-12-25 18:23:13,256 INFO c.n.r.c.ProductoController [http-nio-8080-exec-9] GET /productos/13/imagen - solicitando imagen
2025-12-25 18:23:13,256 INFO c.n.r.c.ProductoController [http-nio-8080-exec-10] GET /productos/11/imagen - solicitando imagen
2025-12-25 18:23:13,256 INFO c.n.r.c.ProductoController [http-nio-8080-exec-3] GET /productos/12/imagen - solicitando imagen
2025-12-25 18:23:13,256 INFO c.n.r.c.ProductoController [http-nio-8080-exec-4] GET /productos/10/imagen - solicitando imagen
2025-12-25 18:23:13,256 INFO c.n.r.c.ProductoController [http-nio-8080-exec-9] GET /productos/13/imagen - imagen servida correctamente
2025-12-25 18:23:13,256 INFO c.n.r.c.ProductoController [http-nio-8080-exec-3] GET /productos/12/imagen - imagen servida correctamente
2025-12-25 18:23:13,256 INFO c.n.r.c.ProductoController [http-nio-8080-exec-2] GET /productos/14/imagen - imagen servida correctamente
2025-12-25 18:23:13,256 INFO c.n.r.c.ProductoController [http-nio-8080-exec-4] GET /productos/10/imagen - imagen servida correctamente
2025-12-25 18:23:13,256 INFO c.n.r.c.ProductoController [http-nio-8080-exec-10] GET /productos/11/imagen - imagen servida correctamente
2025-12-25 18:23:13,256 INFO c.n.r.c.ProductoController [http-nio-8080-exec-7] GET /productos/9/imagen - imagen servida correctamente
2025-12-25 18:23:13,270 INFO c.n.r.c.ProductoController [http-nio-8080-exec-1] GET /productos/22/imagen - solicitando imagen
2025-12-25 18:23:13,270 INFO c.n.r.c.ProductoController [http-nio-8080-exec-6] GET /productos/23/imagen - solicitando imagen
2025-12-25 18:23:13,270 INFO c.n.r.c.ProductoController [http-nio-8080-exec-1] GET /productos/22/imagen - imagen servida correctamente
2025-12-25 18:23:13,270 INFO c.n.r.c.ProductoController [http-nio-8080-exec-6] GET /productos/23/imagen - imagen servida correctamente
2025-12-25 19:11:48,647 INFO o.s.b.w.e.t.GracefulShutdown [SpringApplicationShutdownHook] Commencing graceful shutdown. Waiting for active requests to complete
2025-12-25 19:11:48,669 INFO o.s.b.w.e.t.GracefulShutdown [tomcat-shutdown] Graceful shutdown complete
2025-12-25 19:11:48,669 INFO o.s.o.j.AbstractEntityManagerFactoryBean [SpringApplicationShutdownHook] Closing JPA EntityManagerFactory for persistence unit 'default'
2025-12-25 19:11:48,677 INFO c.z.h.HikariDataSource [SpringApplicationShutdownHook] HikariPool-1 - Shutdown initiated...
2025-12-25 19:11:48,679 INFO c.z.h.HikariDataSource [SpringApplicationShutdownHook] HikariPool-1 - Shutdown completed.
2025-12-25 19:13:35,223 INFO o.h.v.i.u.Version [background-preinit] HV000001: Hibernate Validator 8.0.3.Final
2025-12-25 19:13:35,253 INFO o.s.b.StartupInfoLogger [main] Starting RelabApplication using Java 21.0.8 with PID 22792 (D:\DAM\Segundo\AccesoDatos\AA1\API_ReLab\target\classes started by natal in D:\DAM\Segundo\AccesoDatos\AA1\API_ReLab)
2025-12-25 19:13:35,253 INFO o.s.b.SpringApplication [main] No active profile set, falling back to 1 default profile: "default"
2025-12-25 19:13:35,583 INFO o.s.d.r.c.RepositoryConfigurationDelegate [main] Bootstrapping Spring Data JPA repositories in DEFAULT mode.
2025-12-25 19:13:35,614 INFO o.s.d.r.c.RepositoryConfigurationDelegate [main] Finished Spring Data repository scanning in 30 ms. Found 5 JPA repository interfaces.
2025-12-25 19:13:35,875 INFO o.s.b.w.e.t.TomcatWebServer [main] Tomcat initialized with port 8080 (http)
2025-12-25 19:13:35,875 INFO o.a.j.l.DirectJDKLog [main] Initializing ProtocolHandler ["http-nio-8080"]
2025-12-25 19:13:35,875 INFO o.a.j.l.DirectJDKLog [main] Starting service [Tomcat]
2025-12-25 19:13:35,875 INFO o.a.j.l.DirectJDKLog [main] Starting Servlet engine: [Apache Tomcat/10.1.46]
2025-12-25 19:13:35,907 INFO o.a.j.l.DirectJDKLog [main] Initializing Spring embedded WebApplicationContext
2025-12-25 19:13:35,907 INFO o.s.b.w.s.c.ServletWebServerApplicationContext [main] Root WebApplicationContext: initialization completed in 625 ms
2025-12-25 19:13:36,001 INFO o.h.j.i.u.LogHelper [main] HHH000204: Processing PersistenceUnitInfo [name: default]
2025-12-25 19:13:36,017 INFO o.h.Version [main] HHH000412: Hibernate ORM core version 6.6.29.Final
2025-12-25 19:13:36,033 INFO o.h.c.i.RegionFactoryInitiator [main] HHH000026: Second-level cache disabled
2025-12-25 19:13:36,160 INFO o.s.o.j.p.SpringPersistenceUnitInfo [main] No LoadTimeWeaver setup: ignoring JPA class transformer
2025-12-25 19:13:36,176 INFO c.z.h.HikariDataSource [main] HikariPool-1 - Starting...
2025-12-25 19:13:36,223 INFO c.z.h.p.HikariPool [main] HikariPool-1 - Added connection org.mariadb.jdbc.Connection@6e73974
2025-12-25 19:13:36,223 INFO c.z.h.HikariDataSource [main] HikariPool-1 - Start completed.
2025-12-25 19:13:36,239 WARN o.h.e.j.d.i.DialectFactoryImpl [main] HHH90000025: MariaDBDialect does not need to be specified explicitly using 'hibernate.dialect' (remove the property setting and it will be selected by default)
2025-12-25 19:13:36,239 INFO o.h.e.j.e.i.JdbcEnvironmentInitiator [main] HHH10001005: Database info:
	Database JDBC URL [Connecting through datasource 'HikariDataSource (HikariPool-1)']
	Database driver: undefined/unknown
	Database version: 12.0.2
	Autocommit mode: undefined/unknown
	Isolation level: undefined/unknown
	Minimum pool size: undefined/unknown
	Maximum pool size: undefined/unknown
2025-12-25 19:13:36,735 INFO o.h.e.t.j.p.i.JtaPlatformInitiator [main] HHH000489: No JTA platform available (set 'hibernate.transaction.jta.platform' to enable JTA platform integration)
2025-12-25 19:13:36,767 INFO o.s.o.j.AbstractEntityManagerFactoryBean [main] Initialized JPA EntityManagerFactory for persistence unit 'default'
2025-12-25 19:13:36,991 WARN o.s.b.a.o.j.JpaBaseConfiguration$JpaWebConfiguration [main] spring.jpa.open-in-view is enabled by default. Therefore, database queries may be performed during view rendering. Explicitly configure spring.jpa.open-in-view to disable this warning
2025-12-25 19:13:37,148 INFO o.a.j.l.DirectJDKLog [main] Starting ProtocolHandler ["http-nio-8080"]
2025-12-25 19:13:37,164 INFO o.s.b.w.e.t.TomcatWebServer [main] Tomcat started on port 8080 (http) with context path '/'
2025-12-25 19:13:37,164 INFO o.s.b.StartupInfoLogger [main] Started RelabApplication in 2.188 seconds (process running for 2.366)
2025-12-25 19:13:41,280 INFO o.a.j.l.DirectJDKLog [http-nio-8080-exec-1] Initializing Spring DispatcherServlet 'dispatcherServlet'
2025-12-25 19:13:41,281 INFO o.s.w.s.FrameworkServlet [http-nio-8080-exec-1] Initializing Servlet 'dispatcherServlet'
2025-12-25 19:13:41,282 INFO o.s.w.s.FrameworkServlet [http-nio-8080-exec-1] Completed initialization in 1 ms
2025-12-25 19:13:41,331 INFO c.n.r.c.ProductoController [http-nio-8080-exec-1] GET /productos - filtros: nombre=null, activo=null, categoriaId=null, usuarioId=null
2025-12-25 19:13:41,451 INFO c.n.r.c.ProductoController [http-nio-8080-exec-1] GET /productos - encontrados 15 productos
2025-12-25 19:13:41,504 INFO c.n.r.c.ProductoController [http-nio-8080-exec-3] GET /productos - filtros: nombre=null, activo=null, categoriaId=null, usuarioId=null
2025-12-25 19:13:41,517 INFO c.n.r.c.ProductoController [http-nio-8080-exec-5] GET /productos/13/imagen - solicitando imagen
2025-12-25 19:13:41,517 INFO c.n.r.c.ProductoController [http-nio-8080-exec-4] GET /productos/11/imagen - solicitando imagen
2025-12-25 19:13:41,517 INFO c.n.r.c.ProductoController [http-nio-8080-exec-7] GET /productos/14/imagen - solicitando imagen
2025-12-25 19:13:41,517 INFO c.n.r.c.ProductoController [http-nio-8080-exec-2] GET /productos/10/imagen - solicitando imagen
2025-12-25 19:13:41,517 INFO c.n.r.c.ProductoController [http-nio-8080-exec-6] GET /productos/12/imagen - solicitando imagen
2025-12-25 19:13:41,518 INFO c.n.r.c.ProductoController [http-nio-8080-exec-3] GET /productos - encontrados 15 productos
2025-12-25 19:13:41,523 INFO c.n.r.c.ProductoController [http-nio-8080-exec-8] GET /productos/9/imagen - solicitando imagen
2025-12-25 19:13:41,528 INFO c.n.r.c.ProductoController [http-nio-8080-exec-8] GET /productos/9/imagen - imagen servida correctamente
2025-12-25 19:13:41,528 INFO c.n.r.c.ProductoController [http-nio-8080-exec-7] GET /productos/14/imagen - imagen servida correctamente
2025-12-25 19:13:41,528 INFO c.n.r.c.ProductoController [http-nio-8080-exec-4] GET /productos/11/imagen - imagen servida correctamente
2025-12-25 19:13:41,528 INFO c.n.r.c.ProductoController [http-nio-8080-exec-2] GET /productos/10/imagen - imagen servida correctamente
2025-12-25 19:13:41,528 INFO c.n.r.c.ProductoController [http-nio-8080-exec-6] GET /productos/12/imagen - imagen servida correctamente
2025-12-25 19:13:41,528 INFO c.n.r.c.ProductoController [http-nio-8080-exec-5] GET /productos/13/imagen - imagen servida correctamente
2025-12-25 19:13:41,540 INFO c.n.r.c.ProductoController [http-nio-8080-exec-9] GET /productos/22/imagen - solicitando imagen
2025-12-25 19:13:41,540 INFO c.n.r.c.ProductoController [http-nio-8080-exec-10] GET /productos/23/imagen - solicitando imagen
2025-12-25 19:13:41,543 INFO c.n.r.c.ProductoController [http-nio-8080-exec-9] GET /productos/22/imagen - imagen servida correctamente
2025-12-25 19:13:41,543 INFO c.n.r.c.ProductoController [http-nio-8080-exec-10] GET /productos/23/imagen - imagen servida correctamente
2025-12-25 19:57:22,380 INFO c.n.r.c.CategoriaController [http-nio-8080-exec-9] GET /categorías - filtros: nombre='null', activa=null, fechaCreacion=null, desde=null, hasta=null
2025-12-25 19:57:22,381 INFO c.n.r.s.CategoriaService [http-nio-8080-exec-9] Listando categorías con filtros - nombre: null, activa: null, fechaCreacion: null, desde: null, hasta: null
2025-12-25 19:57:22,406 INFO c.n.r.c.CategoriaController [http-nio-8080-exec-9] Se devolvieron 11 categorias
2025-12-25 19:57:22,411 INFO c.n.r.c.CategoriaController [http-nio-8080-exec-10] GET /categorías - filtros: nombre='null', activa=null, fechaCreacion=null, desde=null, hasta=null
2025-12-25 19:57:22,411 INFO c.n.r.s.CategoriaService [http-nio-8080-exec-10] Listando categorías con filtros - nombre: null, activa: null, fechaCreacion: null, desde: null, hasta: null
2025-12-25 19:57:22,418 INFO c.n.r.c.CategoriaController [http-nio-8080-exec-10] Se devolvieron 11 categorias
2025-12-25 19:57:23,548 INFO c.n.r.c.UsuarioController [http-nio-8080-exec-3] GET /usuarios - filtros: nickname=null, tipoUsuario=null, cuentaActiva=null
2025-12-25 19:57:23,549 INFO c.n.r.s.UsuarioService [http-nio-8080-exec-3] Listando usuarios con filtros nickname=null, tipoUsuario=null, cuentaActiva=null
2025-12-25 19:57:23,563 INFO c.n.r.c.UsuarioController [http-nio-8080-exec-3] Resultado: 15 usuarios encontrados
2025-12-25 19:57:23,565 INFO c.n.r.c.UsuarioController [http-nio-8080-exec-4] GET /usuarios - filtros: nickname=null, tipoUsuario=null, cuentaActiva=null
2025-12-25 19:57:23,565 INFO c.n.r.s.UsuarioService [http-nio-8080-exec-4] Listando usuarios con filtros nickname=null, tipoUsuario=null, cuentaActiva=null
2025-12-25 19:57:23,574 INFO c.n.r.c.UsuarioController [http-nio-8080-exec-4] Resultado: 15 usuarios encontrados
2025-12-25 19:57:26,620 INFO c.n.r.c.ProductoController [http-nio-8080-exec-1] GET /productos - filtros: nombre=null, activo=null, categoriaId=null, usuarioId=null
2025-12-25 19:57:26,635 INFO c.n.r.c.ProductoController [http-nio-8080-exec-1] GET /productos - encontrados 15 productos
2025-12-25 19:57:26,638 INFO c.n.r.c.ProductoController [http-nio-8080-exec-6] GET /productos - filtros: nombre=null, activo=null, categoriaId=null, usuarioId=null
2025-12-25 19:57:26,648 INFO c.n.r.c.ProductoController [http-nio-8080-exec-6] GET /productos - encontrados 15 productos
2025-12-25 21:00:48,023 INFO o.s.b.w.e.t.GracefulShutdown [SpringApplicationShutdownHook] Commencing graceful shutdown. Waiting for active requests to complete
2025-12-25 21:00:48,027 INFO o.s.b.w.e.t.GracefulShutdown [tomcat-shutdown] Graceful shutdown complete
2025-12-25 21:00:48,027 INFO o.s.o.j.AbstractEntityManagerFactoryBean [SpringApplicationShutdownHook] Closing JPA EntityManagerFactory for persistence unit 'default'
2025-12-25 21:00:48,035 INFO c.z.h.HikariDataSource [SpringApplicationShutdownHook] HikariPool-1 - Shutdown initiated...
2025-12-25 21:00:48,035 INFO c.z.h.HikariDataSource [SpringApplicationShutdownHook] HikariPool-1 - Shutdown completed.
