2025-12-30 12:57:39,599 INFO o.h.v.i.u.Version [background-preinit] HV000001: Hibernate Validator 8.0.3.Final
2025-12-30 12:57:39,641 INFO o.s.b.StartupInfoLogger [main] Starting RelabApplication using Java 21.0.8 with PID 19116 (D:\DAM\Segundo\AccesoDatos\AA1\API_ReLab\target\classes started by natal in D:\DAM\Segundo\AccesoDatos\AA1\API_ReLab)
2025-12-30 12:57:39,642 INFO o.s.b.SpringApplication [main] No active profile set, falling back to 1 default profile: "default"
2025-12-30 12:57:40,069 INFO o.s.d.r.c.RepositoryConfigurationDelegate [main] Bootstrapping Spring Data JPA repositories in DEFAULT mode.
2025-12-30 12:57:40,108 INFO o.s.d.r.c.RepositoryConfigurationDelegate [main] Finished Spring Data repository scanning in 33 ms. Found 5 JPA repository interfaces.
2025-12-30 12:57:40,422 INFO o.s.b.w.e.t.TomcatWebServer [main] Tomcat initialized with port 8080 (http)
2025-12-30 12:57:40,433 INFO o.a.j.l.DirectJDKLog [main] Initializing ProtocolHandler ["http-nio-8080"]
2025-12-30 12:57:40,435 INFO o.a.j.l.DirectJDKLog [main] Starting service [Tomcat]
2025-12-30 12:57:40,435 INFO o.a.j.l.DirectJDKLog [main] Starting Servlet engine: [Apache Tomcat/10.1.46]
2025-12-30 12:57:40,482 INFO o.a.j.l.DirectJDKLog [main] Initializing Spring embedded WebApplicationContext
2025-12-30 12:57:40,483 INFO o.s.b.w.s.c.ServletWebServerApplicationContext [main] Root WebApplicationContext: initialization completed in 810 ms
2025-12-30 12:57:40,578 INFO o.h.j.i.u.LogHelper [main] HHH000204: Processing PersistenceUnitInfo [name: default]
2025-12-30 12:57:40,618 INFO o.h.Version [main] HHH000412: Hibernate ORM core version 6.6.29.Final
2025-12-30 12:57:40,641 INFO o.h.c.i.RegionFactoryInitiator [main] HHH000026: Second-level cache disabled
2025-12-30 12:57:40,816 INFO o.s.o.j.p.SpringPersistenceUnitInfo [main] No LoadTimeWeaver setup: ignoring JPA class transformer
2025-12-30 12:57:40,835 INFO c.z.h.HikariDataSource [main] HikariPool-1 - Starting...
2025-12-30 12:57:40,908 INFO c.z.h.p.HikariPool [main] HikariPool-1 - Added connection org.mariadb.jdbc.Connection@5cffec7
2025-12-30 12:57:40,909 INFO c.z.h.HikariDataSource [main] HikariPool-1 - Start completed.
2025-12-30 12:57:40,927 WARN o.h.e.j.d.i.DialectFactoryImpl [main] HHH90000025: MariaDBDialect does not need to be specified explicitly using 'hibernate.dialect' (remove the property setting and it will be selected by default)
2025-12-30 12:57:40,938 INFO o.h.e.j.e.i.JdbcEnvironmentInitiator [main] HHH10001005: Database info:
	Database JDBC URL [Connecting through datasource 'HikariDataSource (HikariPool-1)']
	Database driver: undefined/unknown
	Database version: 12.0.2
	Autocommit mode: undefined/unknown
	Isolation level: undefined/unknown
	Minimum pool size: undefined/unknown
	Maximum pool size: undefined/unknown
2025-12-30 12:57:41,515 INFO o.h.e.t.j.p.i.JtaPlatformInitiator [main] HHH000489: No JTA platform available (set 'hibernate.transaction.jta.platform' to enable JTA platform integration)
2025-12-30 12:57:41,585 INFO o.s.o.j.AbstractEntityManagerFactoryBean [main] Initialized JPA EntityManagerFactory for persistence unit 'default'
2025-12-30 12:57:41,868 WARN o.s.b.a.o.j.JpaBaseConfiguration$JpaWebConfiguration [main] spring.jpa.open-in-view is enabled by default. Therefore, database queries may be performed during view rendering. Explicitly configure spring.jpa.open-in-view to disable this warning
2025-12-30 12:57:42,063 INFO o.a.j.l.DirectJDKLog [main] Starting ProtocolHandler ["http-nio-8080"]
2025-12-30 12:57:42,078 INFO o.s.b.w.e.t.TomcatWebServer [main] Tomcat started on port 8080 (http) with context path '/'
2025-12-30 12:57:42,082 INFO o.s.b.StartupInfoLogger [main] Started RelabApplication in 2.793 seconds (process running for 2.998)
2025-12-30 13:00:58,086 INFO o.a.j.l.DirectJDKLog [http-nio-8080-exec-1] Initializing Spring DispatcherServlet 'dispatcherServlet'
2025-12-30 13:00:58,086 INFO o.s.w.s.FrameworkServlet [http-nio-8080-exec-1] Initializing Servlet 'dispatcherServlet'
2025-12-30 13:00:58,087 INFO o.s.w.s.FrameworkServlet [http-nio-8080-exec-1] Completed initialization in 1 ms
2025-12-30 13:03:05,932 INFO o.s.b.w.e.t.GracefulShutdown [SpringApplicationShutdownHook] Commencing graceful shutdown. Waiting for active requests to complete
2025-12-30 13:03:05,946 INFO o.s.b.w.e.t.GracefulShutdown [tomcat-shutdown] Graceful shutdown complete
2025-12-30 13:03:05,948 INFO o.s.o.j.AbstractEntityManagerFactoryBean [SpringApplicationShutdownHook] Closing JPA EntityManagerFactory for persistence unit 'default'
2025-12-30 13:03:05,950 INFO c.z.h.HikariDataSource [SpringApplicationShutdownHook] HikariPool-1 - Shutdown initiated...
2025-12-30 13:03:05,952 INFO c.z.h.HikariDataSource [SpringApplicationShutdownHook] HikariPool-1 - Shutdown completed.
2025-12-30 13:37:26,321 INFO o.h.v.i.u.Version [background-preinit] HV000001: Hibernate Validator 8.0.3.Final
2025-12-30 13:37:26,348 INFO o.s.b.StartupInfoLogger [main] Starting RelabApplication using Java 21.0.8 with PID 14000 (D:\DAM\Segundo\AccesoDatos\AA1\API_ReLab\target\classes started by natal in D:\DAM\Segundo\AccesoDatos\AA1\API_ReLab)
2025-12-30 13:37:26,348 INFO o.s.b.SpringApplication [main] No active profile set, falling back to 1 default profile: "default"
2025-12-30 13:37:26,698 INFO o.s.d.r.c.RepositoryConfigurationDelegate [main] Bootstrapping Spring Data JPA repositories in DEFAULT mode.
2025-12-30 13:37:26,728 INFO o.s.d.r.c.RepositoryConfigurationDelegate [main] Finished Spring Data repository scanning in 26 ms. Found 5 JPA repository interfaces.
2025-12-30 13:37:26,959 INFO o.s.b.w.e.t.TomcatWebServer [main] Tomcat initialized with port 8080 (http)
2025-12-30 13:37:26,965 INFO o.a.j.l.DirectJDKLog [main] Initializing ProtocolHandler ["http-nio-8080"]
2025-12-30 13:37:26,966 INFO o.a.j.l.DirectJDKLog [main] Starting service [Tomcat]
2025-12-30 13:37:26,966 INFO o.a.j.l.DirectJDKLog [main] Starting Servlet engine: [Apache Tomcat/10.1.46]
2025-12-30 13:37:26,993 INFO o.a.j.l.DirectJDKLog [main] Initializing Spring embedded WebApplicationContext
2025-12-30 13:37:26,993 INFO o.s.b.w.s.c.ServletWebServerApplicationContext [main] Root WebApplicationContext: initialization completed in 616 ms
2025-12-30 13:37:27,068 INFO o.h.j.i.u.LogHelper [main] HHH000204: Processing PersistenceUnitInfo [name: default]
2025-12-30 13:37:27,092 INFO o.h.Version [main] HHH000412: Hibernate ORM core version 6.6.29.Final
2025-12-30 13:37:27,105 INFO o.h.c.i.RegionFactoryInitiator [main] HHH000026: Second-level cache disabled
2025-12-30 13:37:27,229 INFO o.s.o.j.p.SpringPersistenceUnitInfo [main] No LoadTimeWeaver setup: ignoring JPA class transformer
2025-12-30 13:37:27,246 INFO c.z.h.HikariDataSource [main] HikariPool-1 - Starting...
2025-12-30 13:37:27,292 INFO c.z.h.p.HikariPool [main] HikariPool-1 - Added connection org.mariadb.jdbc.Connection@3dd2b9c1
2025-12-30 13:37:27,293 INFO c.z.h.HikariDataSource [main] HikariPool-1 - Start completed.
2025-12-30 13:37:27,307 WARN o.h.e.j.d.i.DialectFactoryImpl [main] HHH90000025: MariaDBDialect does not need to be specified explicitly using 'hibernate.dialect' (remove the property setting and it will be selected by default)
2025-12-30 13:37:27,315 INFO o.h.e.j.e.i.JdbcEnvironmentInitiator [main] HHH10001005: Database info:
	Database JDBC URL [Connecting through datasource 'HikariDataSource (HikariPool-1)']
	Database driver: undefined/unknown
	Database version: 12.0.2
	Autocommit mode: undefined/unknown
	Isolation level: undefined/unknown
	Minimum pool size: undefined/unknown
	Maximum pool size: undefined/unknown
2025-12-30 13:37:27,812 INFO o.h.e.t.j.p.i.JtaPlatformInitiator [main] HHH000489: No JTA platform available (set 'hibernate.transaction.jta.platform' to enable JTA platform integration)
2025-12-30 13:37:27,856 INFO o.s.o.j.AbstractEntityManagerFactoryBean [main] Initialized JPA EntityManagerFactory for persistence unit 'default'
2025-12-30 13:37:28,061 WARN o.s.b.a.o.j.JpaBaseConfiguration$JpaWebConfiguration [main] spring.jpa.open-in-view is enabled by default. Therefore, database queries may be performed during view rendering. Explicitly configure spring.jpa.open-in-view to disable this warning
2025-12-30 13:37:28,231 INFO o.a.j.l.DirectJDKLog [main] Starting ProtocolHandler ["http-nio-8080"]
2025-12-30 13:37:28,242 INFO o.s.b.w.e.t.TomcatWebServer [main] Tomcat started on port 8080 (http) with context path '/'
2025-12-30 13:37:28,245 INFO o.s.b.StartupInfoLogger [main] Started RelabApplication in 2.231 seconds (process running for 2.654)
2025-12-30 13:37:38,113 INFO o.a.j.l.DirectJDKLog [http-nio-8080-exec-1] Initializing Spring DispatcherServlet 'dispatcherServlet'
2025-12-30 13:37:38,114 INFO o.s.w.s.FrameworkServlet [http-nio-8080-exec-1] Initializing Servlet 'dispatcherServlet'
2025-12-30 13:37:38,115 INFO o.s.w.s.FrameworkServlet [http-nio-8080-exec-1] Completed initialization in 1 ms
2025-12-30 13:39:01,259 INFO c.n.r.c.UsuarioController [http-nio-8080-exec-4] GET /usuarios - filtros: nickname=clara, tipoUsuario=null, cuentaActiva=null
2025-12-30 13:39:01,259 INFO c.n.r.s.UsuarioService [http-nio-8080-exec-4] Listando usuarios con filtros nickname=clara, tipoUsuario=null, cuentaActiva=null
2025-12-30 13:39:01,358 INFO c.n.r.c.UsuarioController [http-nio-8080-exec-4] Resultado: 1 usuarios encontrados
2025-12-30 13:39:02,840 INFO c.n.r.c.ProductoController [http-nio-8080-exec-5] GET /productos - filtros: nombre=null, activo=null, categoriaId=null, usuarioId=null
2025-12-30 13:39:02,877 INFO c.n.r.c.ProductoController [http-nio-8080-exec-5] GET /productos - encontrados 15 productos
2025-12-30 13:39:02,998 INFO c.n.r.c.ProductoController [http-nio-8080-exec-6] GET /productos/9/imagen - solicitando imagen
2025-12-30 13:39:03,002 INFO c.n.r.c.ProductoController [http-nio-8080-exec-7] GET /productos/11/imagen - solicitando imagen
2025-12-30 13:39:03,002 INFO c.n.r.c.ProductoController [http-nio-8080-exec-8] GET /productos/10/imagen - solicitando imagen
2025-12-30 13:39:03,003 INFO c.n.r.c.ProductoController [http-nio-8080-exec-6] GET /productos/9/imagen - imagen servida correctamente
2025-12-30 13:39:03,004 INFO c.n.r.c.ProductoController [http-nio-8080-exec-7] GET /productos/11/imagen - imagen servida correctamente
2025-12-30 13:39:03,005 INFO c.n.r.c.ProductoController [http-nio-8080-exec-8] GET /productos/10/imagen - imagen servida correctamente
2025-12-30 13:39:15,586 INFO o.s.b.w.e.t.GracefulShutdown [SpringApplicationShutdownHook] Commencing graceful shutdown. Waiting for active requests to complete
2025-12-30 13:39:15,598 INFO o.s.b.w.e.t.GracefulShutdown [tomcat-shutdown] Graceful shutdown complete
2025-12-30 13:39:15,600 INFO o.s.o.j.AbstractEntityManagerFactoryBean [SpringApplicationShutdownHook] Closing JPA EntityManagerFactory for persistence unit 'default'
2025-12-30 13:39:15,601 INFO c.z.h.HikariDataSource [SpringApplicationShutdownHook] HikariPool-1 - Shutdown initiated...
2025-12-30 13:39:15,602 INFO c.z.h.HikariDataSource [SpringApplicationShutdownHook] HikariPool-1 - Shutdown completed.
2025-12-30 13:46:30,782 INFO o.h.v.i.u.Version [background-preinit] HV000001: Hibernate Validator 8.0.3.Final
2025-12-30 13:46:30,813 INFO o.s.b.StartupInfoLogger [main] Starting RelabApplication using Java 21.0.8 with PID 9092 (D:\DAM\Segundo\AccesoDatos\AA1\API_ReLab\target\classes started by natal in D:\DAM\Segundo\AccesoDatos\AA1\API_ReLab)
2025-12-30 13:46:30,814 INFO o.s.b.SpringApplication [main] No active profile set, falling back to 1 default profile: "default"
2025-12-30 13:46:31,180 INFO o.s.d.r.c.RepositoryConfigurationDelegate [main] Bootstrapping Spring Data JPA repositories in DEFAULT mode.
2025-12-30 13:46:31,209 INFO o.s.d.r.c.RepositoryConfigurationDelegate [main] Finished Spring Data repository scanning in 26 ms. Found 5 JPA repository interfaces.
2025-12-30 13:46:31,471 INFO o.s.b.w.e.t.TomcatWebServer [main] Tomcat initialized with port 8080 (http)
2025-12-30 13:46:31,478 INFO o.a.j.l.DirectJDKLog [main] Initializing ProtocolHandler ["http-nio-8080"]
2025-12-30 13:46:31,479 INFO o.a.j.l.DirectJDKLog [main] Starting service [Tomcat]
2025-12-30 13:46:31,479 INFO o.a.j.l.DirectJDKLog [main] Starting Servlet engine: [Apache Tomcat/10.1.46]
2025-12-30 13:46:31,507 INFO o.a.j.l.DirectJDKLog [main] Initializing Spring embedded WebApplicationContext
2025-12-30 13:46:31,508 INFO o.s.b.w.s.c.ServletWebServerApplicationContext [main] Root WebApplicationContext: initialization completed in 668 ms
2025-12-30 13:46:31,590 INFO o.h.j.i.u.LogHelper [main] HHH000204: Processing PersistenceUnitInfo [name: default]
2025-12-30 13:46:31,612 INFO o.h.Version [main] HHH000412: Hibernate ORM core version 6.6.29.Final
2025-12-30 13:46:31,628 INFO o.h.c.i.RegionFactoryInitiator [main] HHH000026: Second-level cache disabled
2025-12-30 13:46:31,766 INFO o.s.o.j.p.SpringPersistenceUnitInfo [main] No LoadTimeWeaver setup: ignoring JPA class transformer
2025-12-30 13:46:31,781 INFO c.z.h.HikariDataSource [main] HikariPool-1 - Starting...
2025-12-30 13:46:31,824 INFO c.z.h.p.HikariPool [main] HikariPool-1 - Added connection org.mariadb.jdbc.Connection@70cf7d1e
2025-12-30 13:46:31,826 INFO c.z.h.HikariDataSource [main] HikariPool-1 - Start completed.
2025-12-30 13:46:31,839 WARN o.h.e.j.d.i.DialectFactoryImpl [main] HHH90000025: MariaDBDialect does not need to be specified explicitly using 'hibernate.dialect' (remove the property setting and it will be selected by default)
2025-12-30 13:46:31,849 INFO o.h.e.j.e.i.JdbcEnvironmentInitiator [main] HHH10001005: Database info:
	Database JDBC URL [Connecting through datasource 'HikariDataSource (HikariPool-1)']
	Database driver: undefined/unknown
	Database version: 12.0.2
	Autocommit mode: undefined/unknown
	Isolation level: undefined/unknown
	Minimum pool size: undefined/unknown
	Maximum pool size: undefined/unknown
2025-12-30 13:46:32,406 INFO o.h.e.t.j.p.i.JtaPlatformInitiator [main] HHH000489: No JTA platform available (set 'hibernate.transaction.jta.platform' to enable JTA platform integration)
2025-12-30 13:46:32,446 INFO o.s.o.j.AbstractEntityManagerFactoryBean [main] Initialized JPA EntityManagerFactory for persistence unit 'default'
2025-12-30 13:46:32,665 WARN o.s.b.a.o.j.JpaBaseConfiguration$JpaWebConfiguration [main] spring.jpa.open-in-view is enabled by default. Therefore, database queries may be performed during view rendering. Explicitly configure spring.jpa.open-in-view to disable this warning
2025-12-30 13:46:32,852 INFO o.a.j.l.DirectJDKLog [main] Starting ProtocolHandler ["http-nio-8080"]
2025-12-30 13:46:32,862 INFO o.s.b.w.e.t.TomcatWebServer [main] Tomcat started on port 8080 (http) with context path '/'
2025-12-30 13:46:32,868 INFO o.s.b.StartupInfoLogger [main] Started RelabApplication in 2.386 seconds (process running for 2.766)
2025-12-30 13:46:37,911 INFO o.a.j.l.DirectJDKLog [http-nio-8080-exec-1] Initializing Spring DispatcherServlet 'dispatcherServlet'
2025-12-30 13:46:37,911 INFO o.s.w.s.FrameworkServlet [http-nio-8080-exec-1] Initializing Servlet 'dispatcherServlet'
2025-12-30 13:46:37,912 INFO o.s.w.s.FrameworkServlet [http-nio-8080-exec-1] Completed initialization in 1 ms
2025-12-30 13:46:57,007 INFO c.n.r.c.UsuarioController [http-nio-8080-exec-3] GET /usuarios - filtros: nickname=clara, tipoUsuario=null, cuentaActiva=null
2025-12-30 13:46:57,008 INFO c.n.r.s.UsuarioService [http-nio-8080-exec-3] Listando usuarios con filtros nickname=clara, tipoUsuario=null, cuentaActiva=null
2025-12-30 13:46:57,094 INFO c.n.r.c.UsuarioController [http-nio-8080-exec-3] Resultado: 1 usuarios encontrados
2025-12-30 13:46:58,769 INFO c.n.r.c.ProductoController [http-nio-8080-exec-2] GET /productos - filtros: nombre=null, activo=null, categoriaId=null, usuarioId=null
2025-12-30 13:46:58,807 INFO c.n.r.c.ProductoController [http-nio-8080-exec-2] GET /productos - encontrados 15 productos
2025-12-30 13:46:58,932 INFO c.n.r.c.ProductoController [http-nio-8080-exec-4] GET /productos/11/imagen - solicitando imagen
2025-12-30 13:46:58,932 INFO c.n.r.c.ProductoController [http-nio-8080-exec-6] GET /productos/10/imagen - solicitando imagen
2025-12-30 13:46:58,932 INFO c.n.r.c.ProductoController [http-nio-8080-exec-5] GET /productos/9/imagen - solicitando imagen
2025-12-30 13:46:58,935 INFO c.n.r.c.ProductoController [http-nio-8080-exec-6] GET /productos/10/imagen - imagen servida correctamente
2025-12-30 13:46:58,935 INFO c.n.r.c.ProductoController [http-nio-8080-exec-4] GET /productos/11/imagen - imagen servida correctamente
2025-12-30 13:46:58,936 INFO c.n.r.c.ProductoController [http-nio-8080-exec-5] GET /productos/9/imagen - imagen servida correctamente
2025-12-30 13:47:04,474 INFO o.s.b.w.e.t.GracefulShutdown [SpringApplicationShutdownHook] Commencing graceful shutdown. Waiting for active requests to complete
2025-12-30 13:47:04,488 INFO o.s.b.w.e.t.GracefulShutdown [tomcat-shutdown] Graceful shutdown complete
2025-12-30 13:47:04,491 INFO o.s.o.j.AbstractEntityManagerFactoryBean [SpringApplicationShutdownHook] Closing JPA EntityManagerFactory for persistence unit 'default'
2025-12-30 13:47:04,491 INFO c.z.h.HikariDataSource [SpringApplicationShutdownHook] HikariPool-1 - Shutdown initiated...
2025-12-30 13:47:04,493 INFO c.z.h.HikariDataSource [SpringApplicationShutdownHook] HikariPool-1 - Shutdown completed.
2025-12-30 17:02:16,351 INFO o.h.v.i.u.Version [background-preinit] HV000001: Hibernate Validator 8.0.3.Final
2025-12-30 17:02:16,425 INFO o.s.b.StartupInfoLogger [main] Starting RelabApplication using Java 21.0.8 with PID 26716 (D:\DAM\Segundo\AccesoDatos\AA1\API_ReLab\target\classes started by natal in D:\DAM\Segundo\AccesoDatos\AA1\API_ReLab)
2025-12-30 17:02:16,426 INFO o.s.b.SpringApplication [main] No active profile set, falling back to 1 default profile: "default"
2025-12-30 17:02:17,079 INFO o.s.d.r.c.RepositoryConfigurationDelegate [main] Bootstrapping Spring Data JPA repositories in DEFAULT mode.
2025-12-30 17:02:17,141 INFO o.s.d.r.c.RepositoryConfigurationDelegate [main] Finished Spring Data repository scanning in 53 ms. Found 5 JPA repository interfaces.
2025-12-30 17:02:17,618 INFO o.s.b.w.e.t.TomcatWebServer [main] Tomcat initialized with port 8080 (http)
2025-12-30 17:02:17,630 INFO o.a.j.l.DirectJDKLog [main] Initializing ProtocolHandler ["http-nio-8080"]
2025-12-30 17:02:17,631 INFO o.a.j.l.DirectJDKLog [main] Starting service [Tomcat]
2025-12-30 17:02:17,633 INFO o.a.j.l.DirectJDKLog [main] Starting Servlet engine: [Apache Tomcat/10.1.46]
2025-12-30 17:02:17,688 INFO o.a.j.l.DirectJDKLog [main] Initializing Spring embedded WebApplicationContext
2025-12-30 17:02:17,689 INFO o.s.b.w.s.c.ServletWebServerApplicationContext [main] Root WebApplicationContext: initialization completed in 1221 ms
2025-12-30 17:02:17,825 INFO o.h.j.i.u.LogHelper [main] HHH000204: Processing PersistenceUnitInfo [name: default]
2025-12-30 17:02:17,883 INFO o.h.Version [main] HHH000412: Hibernate ORM core version 6.6.29.Final
2025-12-30 17:02:17,915 INFO o.h.c.i.RegionFactoryInitiator [main] HHH000026: Second-level cache disabled
2025-12-30 17:02:18,157 INFO o.s.o.j.p.SpringPersistenceUnitInfo [main] No LoadTimeWeaver setup: ignoring JPA class transformer
2025-12-30 17:02:18,180 INFO c.z.h.HikariDataSource [main] HikariPool-1 - Starting...
2025-12-30 17:02:18,265 INFO c.z.h.p.HikariPool [main] HikariPool-1 - Added connection org.mariadb.jdbc.Connection@3e28dc96
2025-12-30 17:02:18,267 INFO c.z.h.HikariDataSource [main] HikariPool-1 - Start completed.
2025-12-30 17:02:18,287 WARN o.h.e.j.d.i.DialectFactoryImpl [main] HHH90000025: MariaDBDialect does not need to be specified explicitly using 'hibernate.dialect' (remove the property setting and it will be selected by default)
2025-12-30 17:02:18,300 INFO o.h.e.j.e.i.JdbcEnvironmentInitiator [main] HHH10001005: Database info:
	Database JDBC URL [Connecting through datasource 'HikariDataSource (HikariPool-1)']
	Database driver: undefined/unknown
	Database version: 12.0.2
	Autocommit mode: undefined/unknown
	Isolation level: undefined/unknown
	Minimum pool size: undefined/unknown
	Maximum pool size: undefined/unknown
2025-12-30 17:02:19,131 INFO o.h.e.t.j.p.i.JtaPlatformInitiator [main] HHH000489: No JTA platform available (set 'hibernate.transaction.jta.platform' to enable JTA platform integration)
2025-12-30 17:02:19,205 INFO o.s.o.j.AbstractEntityManagerFactoryBean [main] Initialized JPA EntityManagerFactory for persistence unit 'default'
2025-12-30 17:02:19,576 WARN o.s.b.a.o.j.JpaBaseConfiguration$JpaWebConfiguration [main] spring.jpa.open-in-view is enabled by default. Therefore, database queries may be performed during view rendering. Explicitly configure spring.jpa.open-in-view to disable this warning
2025-12-30 17:02:19,860 INFO o.a.j.l.DirectJDKLog [main] Starting ProtocolHandler ["http-nio-8080"]
2025-12-30 17:02:19,875 INFO o.s.b.w.e.t.TomcatWebServer [main] Tomcat started on port 8080 (http) with context path '/'
2025-12-30 17:02:19,879 INFO o.s.b.StartupInfoLogger [main] Started RelabApplication in 4.116 seconds (process running for 4.567)
2025-12-30 17:03:14,654 INFO o.a.j.l.DirectJDKLog [http-nio-8080-exec-1] Initializing Spring DispatcherServlet 'dispatcherServlet'
2025-12-30 17:03:14,655 INFO o.s.w.s.FrameworkServlet [http-nio-8080-exec-1] Initializing Servlet 'dispatcherServlet'
2025-12-30 17:03:14,656 INFO o.s.w.s.FrameworkServlet [http-nio-8080-exec-1] Completed initialization in 1 ms
2025-12-30 17:03:40,283 INFO o.s.b.w.e.t.GracefulShutdown [SpringApplicationShutdownHook] Commencing graceful shutdown. Waiting for active requests to complete
2025-12-30 17:03:40,295 INFO o.s.b.w.e.t.GracefulShutdown [tomcat-shutdown] Graceful shutdown complete
2025-12-30 17:03:40,297 INFO o.s.o.j.AbstractEntityManagerFactoryBean [SpringApplicationShutdownHook] Closing JPA EntityManagerFactory for persistence unit 'default'
2025-12-30 17:03:40,298 INFO c.z.h.HikariDataSource [SpringApplicationShutdownHook] HikariPool-1 - Shutdown initiated...
2025-12-30 17:03:40,301 INFO c.z.h.HikariDataSource [SpringApplicationShutdownHook] HikariPool-1 - Shutdown completed.
2025-12-30 17:42:41,757 INFO o.h.v.i.u.Version [background-preinit] HV000001: Hibernate Validator 8.0.3.Final
2025-12-30 17:42:41,789 INFO o.s.b.StartupInfoLogger [main] Starting RelabApplication using Java 21.0.8 with PID 2220 (D:\DAM\Segundo\AccesoDatos\AA1\API_ReLab\target\classes started by natal in D:\DAM\Segundo\AccesoDatos\AA1\API_ReLab)
2025-12-30 17:42:41,789 INFO o.s.b.SpringApplication [main] No active profile set, falling back to 1 default profile: "default"
2025-12-30 17:42:42,080 INFO o.s.d.r.c.RepositoryConfigurationDelegate [main] Bootstrapping Spring Data JPA repositories in DEFAULT mode.
2025-12-30 17:42:42,118 INFO o.s.d.r.c.RepositoryConfigurationDelegate [main] Finished Spring Data repository scanning in 28 ms. Found 5 JPA repository interfaces.
2025-12-30 17:42:42,336 INFO o.s.b.w.e.t.TomcatWebServer [main] Tomcat initialized with port 8080 (http)
2025-12-30 17:42:42,354 INFO o.a.j.l.DirectJDKLog [main] Initializing ProtocolHandler ["http-nio-8080"]
2025-12-30 17:42:42,354 INFO o.a.j.l.DirectJDKLog [main] Starting service [Tomcat]
2025-12-30 17:42:42,354 INFO o.a.j.l.DirectJDKLog [main] Starting Servlet engine: [Apache Tomcat/10.1.46]
2025-12-30 17:42:42,383 INFO o.a.j.l.DirectJDKLog [main] Initializing Spring embedded WebApplicationContext
2025-12-30 17:42:42,383 INFO o.s.b.w.s.c.ServletWebServerApplicationContext [main] Root WebApplicationContext: initialization completed in 567 ms
2025-12-30 17:42:42,463 INFO o.h.j.i.u.LogHelper [main] HHH000204: Processing PersistenceUnitInfo [name: default]
2025-12-30 17:42:42,484 INFO o.h.Version [main] HHH000412: Hibernate ORM core version 6.6.29.Final
2025-12-30 17:42:42,497 INFO o.h.c.i.RegionFactoryInitiator [main] HHH000026: Second-level cache disabled
2025-12-30 17:42:42,624 INFO o.s.o.j.p.SpringPersistenceUnitInfo [main] No LoadTimeWeaver setup: ignoring JPA class transformer
2025-12-30 17:42:42,624 INFO c.z.h.HikariDataSource [main] HikariPool-1 - Starting...
2025-12-30 17:42:42,672 INFO c.z.h.p.HikariPool [main] HikariPool-1 - Added connection org.mariadb.jdbc.Connection@5a0f87e5
2025-12-30 17:42:42,687 INFO c.z.h.HikariDataSource [main] HikariPool-1 - Start completed.
2025-12-30 17:42:42,692 WARN o.h.e.j.d.i.DialectFactoryImpl [main] HHH90000025: MariaDBDialect does not need to be specified explicitly using 'hibernate.dialect' (remove the property setting and it will be selected by default)
2025-12-30 17:42:42,703 INFO o.h.e.j.e.i.JdbcEnvironmentInitiator [main] HHH10001005: Database info:
	Database JDBC URL [Connecting through datasource 'HikariDataSource (HikariPool-1)']
	Database driver: undefined/unknown
	Database version: 12.0.2
	Autocommit mode: undefined/unknown
	Isolation level: undefined/unknown
	Minimum pool size: undefined/unknown
	Maximum pool size: undefined/unknown
2025-12-30 17:42:43,170 INFO o.h.e.t.j.p.i.JtaPlatformInitiator [main] HHH000489: No JTA platform available (set 'hibernate.transaction.jta.platform' to enable JTA platform integration)
2025-12-30 17:42:43,218 INFO o.s.o.j.AbstractEntityManagerFactoryBean [main] Initialized JPA EntityManagerFactory for persistence unit 'default'
2025-12-30 17:42:43,425 WARN o.s.b.a.o.j.JpaBaseConfiguration$JpaWebConfiguration [main] spring.jpa.open-in-view is enabled by default. Therefore, database queries may be performed during view rendering. Explicitly configure spring.jpa.open-in-view to disable this warning
2025-12-30 17:42:43,568 INFO o.a.j.l.DirectJDKLog [main] Starting ProtocolHandler ["http-nio-8080"]
2025-12-30 17:42:43,568 INFO o.s.b.w.e.t.TomcatWebServer [main] Tomcat started on port 8080 (http) with context path '/'
2025-12-30 17:42:43,584 INFO o.s.b.StartupInfoLogger [main] Started RelabApplication in 2.037 seconds (process running for 2.224)
2025-12-30 17:43:28,622 INFO o.a.j.l.DirectJDKLog [http-nio-8080-exec-1] Initializing Spring DispatcherServlet 'dispatcherServlet'
2025-12-30 17:43:28,623 INFO o.s.w.s.FrameworkServlet [http-nio-8080-exec-1] Initializing Servlet 'dispatcherServlet'
2025-12-30 17:43:28,624 INFO o.s.w.s.FrameworkServlet [http-nio-8080-exec-1] Completed initialization in 1 ms
2025-12-30 17:43:44,903 INFO c.n.r.c.ProductoController [http-nio-8080-exec-3] GET /productos - filtros: nombre=null, activo=null, categoriaId=null, usuarioId=null
2025-12-30 17:43:45,016 INFO c.n.r.c.ProductoController [http-nio-8080-exec-3] GET /productos - encontrados 15 productos
2025-12-30 17:43:45,318 INFO c.n.r.c.ProductoController [http-nio-8080-exec-4] GET /productos/9/imagen - solicitando imagen
2025-12-30 17:43:45,318 INFO c.n.r.c.ProductoController [http-nio-8080-exec-2] GET /productos/11/imagen - solicitando imagen
2025-12-30 17:43:45,323 INFO c.n.r.c.ProductoController [http-nio-8080-exec-5] GET /productos/10/imagen - solicitando imagen
2025-12-30 17:43:45,325 INFO c.n.r.c.ProductoController [http-nio-8080-exec-2] GET /productos/11/imagen - imagen servida correctamente
2025-12-30 17:43:45,326 INFO c.n.r.c.ProductoController [http-nio-8080-exec-4] GET /productos/9/imagen - imagen servida correctamente
2025-12-30 17:43:45,327 INFO c.n.r.c.ProductoController [http-nio-8080-exec-5] GET /productos/10/imagen - imagen servida correctamente
2025-12-30 17:43:46,545 INFO c.n.r.c.ProductoController [http-nio-8080-exec-6] GET /productos/12/imagen - solicitando imagen
2025-12-30 17:43:46,548 INFO c.n.r.c.ProductoController [http-nio-8080-exec-6] GET /productos/12/imagen - imagen servida correctamente
2025-12-30 17:43:46,695 INFO c.n.r.c.ProductoController [http-nio-8080-exec-7] GET /productos/13/imagen - solicitando imagen
2025-12-30 17:43:46,698 INFO c.n.r.c.ProductoController [http-nio-8080-exec-7] GET /productos/13/imagen - imagen servida correctamente
2025-12-30 17:43:47,681 INFO c.n.r.c.ProductoController [http-nio-8080-exec-8] GET /productos/14/imagen - solicitando imagen
2025-12-30 17:43:47,684 INFO c.n.r.c.ProductoController [http-nio-8080-exec-8] GET /productos/14/imagen - imagen servida correctamente
2025-12-30 17:43:47,795 INFO c.n.r.c.ProductoController [http-nio-8080-exec-9] GET /productos/15/imagen - solicitando imagen
2025-12-30 17:43:47,797 INFO c.n.r.c.ProductoController [http-nio-8080-exec-9] GET /productos/15/imagen - imagen servida correctamente
2025-12-30 17:46:27,050 INFO c.n.r.c.UsuarioController [http-nio-8080-exec-6] GET /usuarios - filtros: nickname=aaaa, tipoUsuario=null, cuentaActiva=null
2025-12-30 17:46:27,051 INFO c.n.r.s.UsuarioService [http-nio-8080-exec-6] Listando usuarios con filtros nickname=aaaa, tipoUsuario=null, cuentaActiva=null
2025-12-30 17:46:27,081 WARN c.n.r.c.GlobalExceptionHandler [http-nio-8080-exec-6] Recurso no encontrado: UsuarioNoEncontradoException
2025-12-30 17:46:50,190 INFO c.n.r.c.UsuarioController [http-nio-8080-exec-8] GET /usuarios - filtros: nickname=aa, tipoUsuario=null, cuentaActiva=null
2025-12-30 17:46:50,191 INFO c.n.r.s.UsuarioService [http-nio-8080-exec-8] Listando usuarios con filtros nickname=aa, tipoUsuario=null, cuentaActiva=null
2025-12-30 17:46:50,195 WARN c.n.r.c.GlobalExceptionHandler [http-nio-8080-exec-8] Recurso no encontrado: UsuarioNoEncontradoException
2025-12-30 17:47:21,862 INFO c.n.r.c.UsuarioController [http-nio-8080-exec-9] GET /usuarios - filtros: nickname=clara, tipoUsuario=null, cuentaActiva=null
2025-12-30 17:47:21,863 INFO c.n.r.s.UsuarioService [http-nio-8080-exec-9] Listando usuarios con filtros nickname=clara, tipoUsuario=null, cuentaActiva=null
2025-12-30 17:47:21,892 INFO c.n.r.c.UsuarioController [http-nio-8080-exec-9] Resultado: 1 usuarios encontrados
2025-12-30 17:47:39,175 INFO c.n.r.c.UsuarioController [http-nio-8080-exec-10] GET /usuarios - filtros: nickname=aaaa, tipoUsuario=null, cuentaActiva=null
2025-12-30 17:47:39,176 INFO c.n.r.s.UsuarioService [http-nio-8080-exec-10] Listando usuarios con filtros nickname=aaaa, tipoUsuario=null, cuentaActiva=null
2025-12-30 17:47:39,180 WARN c.n.r.c.GlobalExceptionHandler [http-nio-8080-exec-10] Recurso no encontrado: UsuarioNoEncontradoException
2025-12-30 17:47:58,022 WARN c.n.r.c.GlobalExceptionHandler [http-nio-8080-exec-1] Error de validación detectado: Validation failed for argument [0] in public org.springframework.http.ResponseEntity<com.natalia.relab.dto.UsuarioOutDto> com.natalia.relab.controller.UsuarioController.agregarUsuario(com.natalia.relab.dto.UsuarioInDto) with 2 errors: [Field error in object 'usuarioInDto' on field 'password': rejected value [aa]; codes [Size.usuarioInDto.password,Size.password,Size.java.lang.String,Size]; arguments [org.springframework.context.support.DefaultMessageSourceResolvable: codes [usuarioInDto.password,password]; arguments []; default message [password],2147483647,4]; default message [La contraseña debe tener al menos 4 carácteres]] [Field error in object 'usuarioInDto' on field 'email': rejected value [aaa]; codes [Email.usuarioInDto.email,Email.email,Email.java.lang.String,Email]; arguments [org.springframework.context.support.DefaultMessageSourceResolvable: codes [usuarioInDto.email,email]; arguments []; default message [email],[Ljakarta.validation.constraints.Pattern$Flag;@de5f2e,.*]; default message [El formato de email no es válido]] 
2025-12-30 17:48:10,580 INFO c.n.r.c.UsuarioController [http-nio-8080-exec-5] GET /usuarios - filtros: nickname=aaaa, tipoUsuario=null, cuentaActiva=null
2025-12-30 17:48:10,580 INFO c.n.r.s.UsuarioService [http-nio-8080-exec-5] Listando usuarios con filtros nickname=aaaa, tipoUsuario=null, cuentaActiva=null
2025-12-30 17:48:10,583 WARN c.n.r.c.GlobalExceptionHandler [http-nio-8080-exec-5] Recurso no encontrado: UsuarioNoEncontradoException
2025-12-30 18:30:54,336 INFO c.n.r.c.UsuarioController [http-nio-8080-exec-7] GET /usuarios - filtros: nickname=f, tipoUsuario=null, cuentaActiva=null
2025-12-30 18:30:54,337 INFO c.n.r.s.UsuarioService [http-nio-8080-exec-7] Listando usuarios con filtros nickname=f, tipoUsuario=null, cuentaActiva=null
2025-12-30 18:30:54,346 WARN c.n.r.c.GlobalExceptionHandler [http-nio-8080-exec-7] Recurso no encontrado: UsuarioNoEncontradoException
2025-12-30 18:37:20,224 INFO c.n.r.c.UsuarioController [http-nio-8080-exec-1] GET /usuarios - filtros: nickname=a, tipoUsuario=null, cuentaActiva=null
2025-12-30 18:37:20,225 INFO c.n.r.s.UsuarioService [http-nio-8080-exec-1] Listando usuarios con filtros nickname=a, tipoUsuario=null, cuentaActiva=null
2025-12-30 18:37:20,228 WARN c.n.r.c.GlobalExceptionHandler [http-nio-8080-exec-1] Recurso no encontrado: UsuarioNoEncontradoException
2025-12-30 19:02:25,969 INFO c.n.r.c.UsuarioController [http-nio-8080-exec-8] GET /usuarios - filtros: nickname=s, tipoUsuario=null, cuentaActiva=null
2025-12-30 19:02:25,971 INFO c.n.r.s.UsuarioService [http-nio-8080-exec-8] Listando usuarios con filtros nickname=s, tipoUsuario=null, cuentaActiva=null
2025-12-30 19:02:25,974 WARN c.n.r.c.GlobalExceptionHandler [http-nio-8080-exec-8] Recurso no encontrado: UsuarioNoEncontradoException
2025-12-30 19:02:33,709 WARN c.n.r.c.GlobalExceptionHandler [http-nio-8080-exec-10] Error de validación detectado: Validation failed for argument [0] in public org.springframework.http.ResponseEntity<com.natalia.relab.dto.UsuarioOutDto> com.natalia.relab.controller.UsuarioController.agregarUsuario(com.natalia.relab.dto.UsuarioInDto) with 2 errors: [Field error in object 'usuarioInDto' on field 'password': rejected value [s]; codes [Size.usuarioInDto.password,Size.password,Size.java.lang.String,Size]; arguments [org.springframework.context.support.DefaultMessageSourceResolvable: codes [usuarioInDto.password,password]; arguments []; default message [password],2147483647,4]; default message [La contraseña debe tener al menos 4 carácteres]] [Field error in object 'usuarioInDto' on field 'email': rejected value [s]; codes [Email.usuarioInDto.email,Email.email,Email.java.lang.String,Email]; arguments [org.springframework.context.support.DefaultMessageSourceResolvable: codes [usuarioInDto.email,email]; arguments []; default message [email],[Ljakarta.validation.constraints.Pattern$Flag;@de5f2e,.*]; default message [El formato de email no es válido]] 
2025-12-30 19:07:57,379 INFO c.n.r.c.UsuarioController [http-nio-8080-exec-3] GET /usuarios - filtros: nickname=clara, tipoUsuario=null, cuentaActiva=null
2025-12-30 19:07:57,379 INFO c.n.r.s.UsuarioService [http-nio-8080-exec-3] Listando usuarios con filtros nickname=clara, tipoUsuario=null, cuentaActiva=null
2025-12-30 19:07:57,390 INFO c.n.r.c.UsuarioController [http-nio-8080-exec-3] Resultado: 1 usuarios encontrados
2025-12-30 19:07:59,031 INFO c.n.r.c.ProductoController [http-nio-8080-exec-4] GET /productos - filtros: nombre=null, activo=null, categoriaId=null, usuarioId=null
2025-12-30 19:07:59,047 INFO c.n.r.c.ProductoController [http-nio-8080-exec-4] GET /productos - encontrados 15 productos
2025-12-30 19:07:59,280 INFO c.n.r.c.ProductoController [http-nio-8080-exec-2] GET /productos/9/imagen - solicitando imagen
2025-12-30 19:07:59,285 INFO c.n.r.c.ProductoController [http-nio-8080-exec-2] GET /productos/9/imagen - imagen servida correctamente
2025-12-30 19:07:59,286 INFO c.n.r.c.ProductoController [http-nio-8080-exec-6] GET /productos/10/imagen - solicitando imagen
2025-12-30 19:07:59,286 INFO c.n.r.c.ProductoController [http-nio-8080-exec-7] GET /productos/11/imagen - solicitando imagen
2025-12-30 19:07:59,288 INFO c.n.r.c.ProductoController [http-nio-8080-exec-6] GET /productos/10/imagen - imagen servida correctamente
2025-12-30 19:07:59,288 INFO c.n.r.c.ProductoController [http-nio-8080-exec-7] GET /productos/11/imagen - imagen servida correctamente
2025-12-30 19:22:43,461 INFO c.n.r.c.UsuarioController [http-nio-8080-exec-4] GET /usuarios - filtros: nickname=aaaa, tipoUsuario=null, cuentaActiva=null
2025-12-30 19:22:43,461 INFO c.n.r.s.UsuarioService [http-nio-8080-exec-4] Listando usuarios con filtros nickname=aaaa, tipoUsuario=null, cuentaActiva=null
2025-12-30 19:22:43,465 WARN c.n.r.c.GlobalExceptionHandler [http-nio-8080-exec-4] Recurso no encontrado: UsuarioNoEncontradoException
2025-12-30 19:25:14,303 INFO c.n.r.c.UsuarioController [http-nio-8080-exec-9] GET /usuarios - filtros: nickname=a, tipoUsuario=null, cuentaActiva=null
2025-12-30 19:25:14,304 INFO c.n.r.s.UsuarioService [http-nio-8080-exec-9] Listando usuarios con filtros nickname=a, tipoUsuario=null, cuentaActiva=null
2025-12-30 19:25:14,306 WARN c.n.r.c.GlobalExceptionHandler [http-nio-8080-exec-9] Recurso no encontrado: UsuarioNoEncontradoException
2025-12-30 19:26:18,201 INFO c.n.r.c.UsuarioController [http-nio-8080-exec-10] GET /usuarios - filtros: nickname=clara, tipoUsuario=null, cuentaActiva=null
2025-12-30 19:26:18,202 INFO c.n.r.s.UsuarioService [http-nio-8080-exec-10] Listando usuarios con filtros nickname=clara, tipoUsuario=null, cuentaActiva=null
2025-12-30 19:26:18,208 INFO c.n.r.c.UsuarioController [http-nio-8080-exec-10] Resultado: 1 usuarios encontrados
2025-12-30 19:26:19,566 INFO c.n.r.c.ProductoController [http-nio-8080-exec-3] GET /productos - filtros: nombre=null, activo=null, categoriaId=null, usuarioId=null
2025-12-30 19:26:19,575 INFO c.n.r.c.ProductoController [http-nio-8080-exec-3] GET /productos - encontrados 15 productos
2025-12-30 19:26:19,811 INFO c.n.r.c.ProductoController [http-nio-8080-exec-4] GET /productos/9/imagen - solicitando imagen
2025-12-30 19:26:19,812 INFO c.n.r.c.ProductoController [http-nio-8080-exec-2] GET /productos/11/imagen - solicitando imagen
2025-12-30 19:26:19,814 INFO c.n.r.c.ProductoController [http-nio-8080-exec-4] GET /productos/9/imagen - imagen servida correctamente
2025-12-30 19:26:19,814 INFO c.n.r.c.ProductoController [http-nio-8080-exec-2] GET /productos/11/imagen - imagen servida correctamente
2025-12-30 19:26:19,818 INFO c.n.r.c.ProductoController [http-nio-8080-exec-6] GET /productos/10/imagen - solicitando imagen
2025-12-30 19:26:19,820 INFO c.n.r.c.ProductoController [http-nio-8080-exec-6] GET /productos/10/imagen - imagen servida correctamente
2025-12-30 19:32:21,458 INFO c.n.r.c.ProductoController [http-nio-8080-exec-3] GET /productos - filtros: nombre=null, activo=null, categoriaId=null, usuarioId=null
2025-12-30 19:32:21,478 INFO c.n.r.c.ProductoController [http-nio-8080-exec-3] GET /productos - encontrados 15 productos
2025-12-30 19:32:21,685 INFO c.n.r.c.ProductoController [http-nio-8080-exec-2] GET /productos/11/imagen - solicitando imagen
2025-12-30 19:32:21,685 INFO c.n.r.c.ProductoController [http-nio-8080-exec-4] GET /productos/9/imagen - solicitando imagen
2025-12-30 19:32:21,688 INFO c.n.r.c.ProductoController [http-nio-8080-exec-6] GET /productos/10/imagen - solicitando imagen
2025-12-30 19:32:21,688 INFO c.n.r.c.ProductoController [http-nio-8080-exec-2] GET /productos/11/imagen - imagen servida correctamente
2025-12-30 19:32:21,688 INFO c.n.r.c.ProductoController [http-nio-8080-exec-4] GET /productos/9/imagen - imagen servida correctamente
2025-12-30 19:32:21,691 INFO c.n.r.c.ProductoController [http-nio-8080-exec-6] GET /productos/10/imagen - imagen servida correctamente
2025-12-30 19:32:22,428 INFO c.n.r.c.ProductoController [http-nio-8080-exec-7] GET /productos/12/imagen - solicitando imagen
2025-12-30 19:32:22,430 INFO c.n.r.c.ProductoController [http-nio-8080-exec-7] GET /productos/12/imagen - imagen servida correctamente
2025-12-30 19:32:22,531 INFO c.n.r.c.ProductoController [http-nio-8080-exec-5] GET /productos/13/imagen - solicitando imagen
2025-12-30 19:32:22,532 INFO c.n.r.c.ProductoController [http-nio-8080-exec-5] GET /productos/13/imagen - imagen servida correctamente
2025-12-30 19:32:23,294 INFO c.n.r.c.ProductoController [http-nio-8080-exec-8] GET /productos/14/imagen - solicitando imagen
2025-12-30 19:32:23,296 INFO c.n.r.c.ProductoController [http-nio-8080-exec-8] GET /productos/14/imagen - imagen servida correctamente
2025-12-30 19:32:23,360 INFO c.n.r.c.ProductoController [http-nio-8080-exec-9] GET /productos/15/imagen - solicitando imagen
2025-12-30 19:32:23,363 INFO c.n.r.c.ProductoController [http-nio-8080-exec-9] GET /productos/15/imagen - imagen servida correctamente
2025-12-30 19:32:23,363 INFO c.n.r.c.ProductoController [http-nio-8080-exec-1] GET /productos/16/imagen - solicitando imagen
2025-12-30 19:32:23,365 INFO c.n.r.c.ProductoController [http-nio-8080-exec-1] GET /productos/16/imagen - imagen servida correctamente
2025-12-30 19:32:25,425 INFO c.n.r.c.ProductoController [http-nio-8080-exec-10] GET /productos/10/imagen - solicitando imagen
2025-12-30 19:32:25,427 INFO c.n.r.c.ProductoController [http-nio-8080-exec-10] GET /productos/10/imagen - imagen servida correctamente
2025-12-30 19:32:26,044 INFO c.n.r.c.ProductoController [http-nio-8080-exec-3] GET /productos/9/imagen - solicitando imagen
2025-12-30 19:32:26,046 INFO c.n.r.c.ProductoController [http-nio-8080-exec-3] GET /productos/9/imagen - imagen servida correctamente
2025-12-30 19:32:34,888 INFO c.n.r.c.UsuarioController [http-nio-8080-exec-2] GET /usuarios - filtros: nickname=clara, tipoUsuario=null, cuentaActiva=null
2025-12-30 19:32:34,888 INFO c.n.r.s.UsuarioService [http-nio-8080-exec-2] Listando usuarios con filtros nickname=clara, tipoUsuario=null, cuentaActiva=null
2025-12-30 19:32:34,894 INFO c.n.r.c.UsuarioController [http-nio-8080-exec-2] Resultado: 1 usuarios encontrados
2025-12-30 19:32:36,298 INFO c.n.r.c.ProductoController [http-nio-8080-exec-4] GET /productos - filtros: nombre=null, activo=null, categoriaId=null, usuarioId=null
2025-12-30 19:32:36,330 INFO c.n.r.c.ProductoController [http-nio-8080-exec-4] GET /productos - encontrados 15 productos
2025-12-30 19:32:36,428 INFO c.n.r.c.ProductoController [http-nio-8080-exec-5] GET /productos/10/imagen - solicitando imagen
2025-12-30 19:32:36,428 INFO c.n.r.c.ProductoController [http-nio-8080-exec-6] GET /productos/9/imagen - solicitando imagen
2025-12-30 19:32:36,428 INFO c.n.r.c.ProductoController [http-nio-8080-exec-7] GET /productos/11/imagen - solicitando imagen
2025-12-30 19:32:36,432 INFO c.n.r.c.ProductoController [http-nio-8080-exec-7] GET /productos/11/imagen - imagen servida correctamente
2025-12-30 19:32:36,432 INFO c.n.r.c.ProductoController [http-nio-8080-exec-6] GET /productos/9/imagen - imagen servida correctamente
2025-12-30 19:32:36,432 INFO c.n.r.c.ProductoController [http-nio-8080-exec-5] GET /productos/10/imagen - imagen servida correctamente
2025-12-30 19:35:08,052 INFO c.n.r.c.ProductoController [http-nio-8080-exec-2] GET /productos/12/imagen - solicitando imagen
2025-12-30 19:35:08,056 INFO c.n.r.c.ProductoController [http-nio-8080-exec-2] GET /productos/12/imagen - imagen servida correctamente
2025-12-30 19:35:09,044 INFO c.n.r.c.ProductoController [http-nio-8080-exec-4] GET /productos/13/imagen - solicitando imagen
2025-12-30 19:35:09,047 INFO c.n.r.c.ProductoController [http-nio-8080-exec-4] GET /productos/13/imagen - imagen servida correctamente
2025-12-30 19:35:09,226 INFO c.n.r.c.ProductoController [http-nio-8080-exec-7] GET /productos/14/imagen - solicitando imagen
2025-12-30 19:35:09,228 INFO c.n.r.c.ProductoController [http-nio-8080-exec-7] GET /productos/14/imagen - imagen servida correctamente
2025-12-30 19:35:10,159 INFO c.n.r.c.ProductoController [http-nio-8080-exec-5] GET /productos/15/imagen - solicitando imagen
2025-12-30 19:35:10,162 INFO c.n.r.c.ProductoController [http-nio-8080-exec-5] GET /productos/15/imagen - imagen servida correctamente
2025-12-30 19:35:10,166 INFO c.n.r.c.ProductoController [http-nio-8080-exec-6] GET /productos/16/imagen - solicitando imagen
2025-12-30 19:35:10,168 INFO c.n.r.c.ProductoController [http-nio-8080-exec-6] GET /productos/16/imagen - imagen servida correctamente
2025-12-30 19:35:11,012 INFO c.n.r.c.ProductoController [http-nio-8080-exec-8] GET /productos/17/imagen - solicitando imagen
2025-12-30 19:35:11,013 INFO c.n.r.c.ProductoController [http-nio-8080-exec-8] GET /productos/17/imagen - imagen servida correctamente
2025-12-30 19:35:11,915 INFO c.n.r.c.ProductoController [http-nio-8080-exec-10] GET /productos/19/imagen - solicitando imagen
2025-12-30 19:35:11,918 INFO c.n.r.c.ProductoController [http-nio-8080-exec-10] GET /productos/19/imagen - imagen servida correctamente
2025-12-30 19:35:11,978 INFO c.n.r.c.ProductoController [http-nio-8080-exec-9] GET /productos/20/imagen - solicitando imagen
2025-12-30 19:35:11,981 INFO c.n.r.c.ProductoController [http-nio-8080-exec-9] GET /productos/20/imagen - imagen servida correctamente
2025-12-30 19:35:13,060 INFO c.n.r.c.ProductoController [http-nio-8080-exec-3] GET /productos/22/imagen - solicitando imagen
2025-12-30 19:35:13,062 INFO c.n.r.c.ProductoController [http-nio-8080-exec-3] GET /productos/22/imagen - imagen servida correctamente
2025-12-30 19:35:14,359 INFO c.n.r.c.ProductoController [http-nio-8080-exec-1] GET /productos/14/imagen - solicitando imagen
2025-12-30 19:35:14,361 INFO c.n.r.c.ProductoController [http-nio-8080-exec-1] GET /productos/14/imagen - imagen servida correctamente
2025-12-30 19:35:14,412 INFO c.n.r.c.ProductoController [http-nio-8080-exec-2] GET /productos/13/imagen - solicitando imagen
2025-12-30 19:35:14,414 INFO c.n.r.c.ProductoController [http-nio-8080-exec-2] GET /productos/13/imagen - imagen servida correctamente
2025-12-30 19:35:15,081 INFO c.n.r.c.ProductoController [http-nio-8080-exec-4] GET /productos/12/imagen - solicitando imagen
2025-12-30 19:35:15,082 INFO c.n.r.c.ProductoController [http-nio-8080-exec-4] GET /productos/12/imagen - imagen servida correctamente
2025-12-30 19:35:55,114 INFO c.n.r.c.ProductoController [http-nio-8080-exec-7] GET /productos - filtros: nombre=null, activo=null, categoriaId=null, usuarioId=23
2025-12-30 19:35:55,371 INFO c.n.r.c.ProductoController [http-nio-8080-exec-7] GET /productos - encontrados 1 productos
2025-12-30 19:35:55,391 INFO c.n.r.c.ProductoController [http-nio-8080-exec-5] GET /productos/27/imagen - solicitando imagen
2025-12-30 19:35:55,394 INFO c.n.r.c.ProductoController [http-nio-8080-exec-5] GET /productos/27/imagen - imagen servida correctamente
2025-12-30 19:36:01,417 INFO c.n.r.c.ProductoController [http-nio-8080-exec-6] GET /productos/27/imagen - solicitando imagen
2025-12-30 19:36:01,419 INFO c.n.r.c.ProductoController [http-nio-8080-exec-6] GET /productos/27/imagen - imagen servida correctamente
2025-12-30 19:36:13,890 INFO c.n.r.c.ProductoController [http-nio-8080-exec-10] GET /productos - filtros: nombre=null, activo=null, categoriaId=null, usuarioId=null
2025-12-30 19:36:13,935 INFO c.n.r.c.ProductoController [http-nio-8080-exec-10] GET /productos - encontrados 15 productos
2025-12-30 19:36:13,975 INFO c.n.r.c.ProductoController [http-nio-8080-exec-9] GET /productos/9/imagen - solicitando imagen
2025-12-30 19:36:13,978 INFO c.n.r.c.ProductoController [http-nio-8080-exec-9] GET /productos/9/imagen - imagen servida correctamente
2025-12-30 19:36:13,982 INFO c.n.r.c.ProductoController [http-nio-8080-exec-3] GET /productos/10/imagen - solicitando imagen
2025-12-30 19:36:13,983 INFO c.n.r.c.ProductoController [http-nio-8080-exec-3] GET /productos/10/imagen - imagen servida correctamente
2025-12-30 19:36:13,985 INFO c.n.r.c.ProductoController [http-nio-8080-exec-1] GET /productos/11/imagen - solicitando imagen
2025-12-30 19:36:13,987 INFO c.n.r.c.ProductoController [http-nio-8080-exec-1] GET /productos/11/imagen - imagen servida correctamente
2025-12-30 19:36:15,511 INFO c.n.r.c.ProductoController [http-nio-8080-exec-2] GET /productos/12/imagen - solicitando imagen
2025-12-30 19:36:15,515 INFO c.n.r.c.ProductoController [http-nio-8080-exec-2] GET /productos/12/imagen - imagen servida correctamente
2025-12-30 19:36:15,577 INFO c.n.r.c.ProductoController [http-nio-8080-exec-4] GET /productos/13/imagen - solicitando imagen
2025-12-30 19:36:15,579 INFO c.n.r.c.ProductoController [http-nio-8080-exec-4] GET /productos/13/imagen - imagen servida correctamente
2025-12-30 19:36:17,026 INFO c.n.r.c.ProductoController [http-nio-8080-exec-7] GET /productos/14/imagen - solicitando imagen
2025-12-30 19:36:17,028 INFO c.n.r.c.ProductoController [http-nio-8080-exec-7] GET /productos/14/imagen - imagen servida correctamente
2025-12-30 19:36:17,142 INFO c.n.r.c.ProductoController [http-nio-8080-exec-5] GET /productos/15/imagen - solicitando imagen
2025-12-30 19:36:17,143 INFO c.n.r.c.ProductoController [http-nio-8080-exec-6] GET /productos/16/imagen - solicitando imagen
2025-12-30 19:36:17,145 INFO c.n.r.c.ProductoController [http-nio-8080-exec-5] GET /productos/15/imagen - imagen servida correctamente
2025-12-30 19:36:17,146 INFO c.n.r.c.ProductoController [http-nio-8080-exec-6] GET /productos/16/imagen - imagen servida correctamente
2025-12-30 19:36:17,859 INFO c.n.r.c.ProductoController [http-nio-8080-exec-8] GET /productos/17/imagen - solicitando imagen
2025-12-30 19:36:17,861 INFO c.n.r.c.ProductoController [http-nio-8080-exec-8] GET /productos/17/imagen - imagen servida correctamente
2025-12-30 19:36:18,559 INFO c.n.r.c.ProductoController [http-nio-8080-exec-10] GET /productos/19/imagen - solicitando imagen
2025-12-30 19:36:18,560 INFO c.n.r.c.ProductoController [http-nio-8080-exec-10] GET /productos/19/imagen - imagen servida correctamente
2025-12-30 19:36:19,278 INFO c.n.r.c.ProductoController [http-nio-8080-exec-9] GET /productos/20/imagen - solicitando imagen
2025-12-30 19:36:19,280 INFO c.n.r.c.ProductoController [http-nio-8080-exec-9] GET /productos/20/imagen - imagen servida correctamente
2025-12-30 19:36:20,095 INFO c.n.r.c.ProductoController [http-nio-8080-exec-3] GET /productos/22/imagen - solicitando imagen
2025-12-30 19:36:20,097 INFO c.n.r.c.ProductoController [http-nio-8080-exec-3] GET /productos/22/imagen - imagen servida correctamente
2025-12-30 19:36:20,910 INFO c.n.r.c.ProductoController [http-nio-8080-exec-1] GET /productos/23/imagen - solicitando imagen
2025-12-30 19:36:20,912 INFO c.n.r.c.ProductoController [http-nio-8080-exec-1] GET /productos/23/imagen - imagen servida correctamente
2025-12-30 19:36:21,045 INFO c.n.r.c.ProductoController [http-nio-8080-exec-2] GET /productos/26/imagen - solicitando imagen
2025-12-30 19:36:21,048 WARN c.n.r.c.GlobalExceptionHandler [http-nio-8080-exec-2] Recurso no encontrado: ImagenNoEncontradaException
2025-12-30 19:36:21,759 INFO c.n.r.c.ProductoController [http-nio-8080-exec-7] GET /productos/27/imagen - solicitando imagen
2025-12-30 19:36:21,761 INFO c.n.r.c.ProductoController [http-nio-8080-exec-7] GET /productos/27/imagen - imagen servida correctamente
2025-12-30 19:47:19,775 INFO o.s.b.w.e.t.GracefulShutdown [SpringApplicationShutdownHook] Commencing graceful shutdown. Waiting for active requests to complete
2025-12-30 19:47:19,787 INFO o.s.b.w.e.t.GracefulShutdown [tomcat-shutdown] Graceful shutdown complete
2025-12-30 19:47:19,790 INFO o.s.o.j.AbstractEntityManagerFactoryBean [SpringApplicationShutdownHook] Closing JPA EntityManagerFactory for persistence unit 'default'
2025-12-30 19:47:19,791 INFO c.z.h.HikariDataSource [SpringApplicationShutdownHook] HikariPool-1 - Shutdown initiated...
2025-12-30 19:47:19,793 INFO c.z.h.HikariDataSource [SpringApplicationShutdownHook] HikariPool-1 - Shutdown completed.
