2025-12-15 20:04:59,635 INFO o.h.v.i.u.Version [background-preinit] HV000001: Hibernate Validator 8.0.3.Final
2025-12-15 20:04:59,685 INFO o.s.b.StartupInfoLogger [main] Starting RelabApplication using Java 21.0.8 with PID 14648 (D:\DAM\Segundo\AccesoDatos\AA1\API_ReLab\target\classes started by natal in D:\DAM\Segundo\AccesoDatos\AA1\API_ReLab)
2025-12-15 20:04:59,685 INFO o.s.b.SpringApplication [main] No active profile set, falling back to 1 default profile: "default"
2025-12-15 20:05:00,133 INFO o.s.d.r.c.RepositoryConfigurationDelegate [main] Bootstrapping Spring Data JPA repositories in DEFAULT mode.
2025-12-15 20:05:00,188 INFO o.s.d.r.c.RepositoryConfigurationDelegate [main] Finished Spring Data repository scanning in 48 ms. Found 5 JPA repository interfaces.
2025-12-15 20:05:00,518 INFO o.s.b.w.e.t.TomcatWebServer [main] Tomcat initialized with port 8080 (http)
2025-12-15 20:05:00,534 INFO o.a.j.l.DirectJDKLog [main] Initializing ProtocolHandler ["http-nio-8080"]
2025-12-15 20:05:00,538 INFO o.a.j.l.DirectJDKLog [main] Starting service [Tomcat]
2025-12-15 20:05:00,538 INFO o.a.j.l.DirectJDKLog [main] Starting Servlet engine: [Apache Tomcat/10.1.46]
2025-12-15 20:05:00,563 INFO o.a.j.l.DirectJDKLog [main] Initializing Spring embedded WebApplicationContext
2025-12-15 20:05:00,563 INFO o.s.b.w.s.c.ServletWebServerApplicationContext [main] Root WebApplicationContext: initialization completed in 843 ms
2025-12-15 20:05:00,685 INFO o.h.j.i.u.LogHelper [main] HHH000204: Processing PersistenceUnitInfo [name: default]
2025-12-15 20:05:00,710 INFO o.h.Version [main] HHH000412: Hibernate ORM core version 6.6.29.Final
2025-12-15 20:05:00,744 INFO o.h.c.i.RegionFactoryInitiator [main] HHH000026: Second-level cache disabled
2025-12-15 20:05:00,919 INFO o.s.o.j.p.SpringPersistenceUnitInfo [main] No LoadTimeWeaver setup: ignoring JPA class transformer
2025-12-15 20:05:00,943 INFO c.z.h.HikariDataSource [main] HikariPool-1 - Starting...
2025-12-15 20:05:01,012 INFO c.z.h.p.HikariPool [main] HikariPool-1 - Added connection org.mariadb.jdbc.Connection@59a2d756
2025-12-15 20:05:01,012 INFO c.z.h.HikariDataSource [main] HikariPool-1 - Start completed.
2025-12-15 20:05:01,027 WARN o.h.e.j.d.i.DialectFactoryImpl [main] HHH90000025: MariaDBDialect does not need to be specified explicitly using 'hibernate.dialect' (remove the property setting and it will be selected by default)
2025-12-15 20:05:01,050 INFO o.h.e.j.e.i.JdbcEnvironmentInitiator [main] HHH10001005: Database info:
	Database JDBC URL [Connecting through datasource 'HikariDataSource (HikariPool-1)']
	Database driver: undefined/unknown
	Database version: 12.0.2
	Autocommit mode: undefined/unknown
	Isolation level: undefined/unknown
	Minimum pool size: undefined/unknown
	Maximum pool size: undefined/unknown
2025-12-15 20:05:01,629 INFO o.h.e.t.j.p.i.JtaPlatformInitiator [main] HHH000489: No JTA platform available (set 'hibernate.transaction.jta.platform' to enable JTA platform integration)
2025-12-15 20:05:01,693 INFO o.s.o.j.AbstractEntityManagerFactoryBean [main] Initialized JPA EntityManagerFactory for persistence unit 'default'
2025-12-15 20:05:01,962 WARN o.s.b.a.o.j.JpaBaseConfiguration$JpaWebConfiguration [main] spring.jpa.open-in-view is enabled by default. Therefore, database queries may be performed during view rendering. Explicitly configure spring.jpa.open-in-view to disable this warning
2025-12-15 20:05:02,152 INFO o.a.j.l.DirectJDKLog [main] Starting ProtocolHandler ["http-nio-8080"]
2025-12-15 20:05:02,152 INFO o.s.b.w.e.t.TomcatWebServer [main] Tomcat started on port 8080 (http) with context path '/'
2025-12-15 20:05:02,168 INFO o.s.b.StartupInfoLogger [main] Started RelabApplication in 2.92 seconds (process running for 3.111)
2025-12-15 20:05:43,834 INFO o.a.j.l.DirectJDKLog [http-nio-8080-exec-1] Initializing Spring DispatcherServlet 'dispatcherServlet'
2025-12-15 20:05:43,834 INFO o.s.w.s.FrameworkServlet [http-nio-8080-exec-1] Initializing Servlet 'dispatcherServlet'
2025-12-15 20:05:43,834 INFO o.s.w.s.FrameworkServlet [http-nio-8080-exec-1] Completed initialization in 0 ms
2025-12-15 20:05:43,894 INFO c.n.r.c.ProductoController [http-nio-8080-exec-1] GET /productos - filtros: nombre=null, activo=null, categoriaId=null, usuarioId=null
2025-12-15 20:05:44,021 INFO c.n.r.c.ProductoController [http-nio-8080-exec-1] GET /productos - encontrados 14 productos
2025-12-15 20:05:44,068 INFO c.n.r.c.ProductoController [http-nio-8080-exec-4] GET /productos - filtros: nombre=null, activo=null, categoriaId=null, usuarioId=null
2025-12-15 20:05:44,079 INFO c.n.r.c.ProductoController [http-nio-8080-exec-4] GET /productos - encontrados 14 productos
2025-12-15 20:05:44,086 INFO c.n.r.c.ProductoController [http-nio-8080-exec-6] GET /productos/12/imagen - solicitando imagen
2025-12-15 20:05:44,086 INFO c.n.r.c.ProductoController [http-nio-8080-exec-8] GET /productos/13/imagen - solicitando imagen
2025-12-15 20:05:44,086 INFO c.n.r.c.ProductoController [http-nio-8080-exec-3] GET /productos/10/imagen - solicitando imagen
2025-12-15 20:05:44,086 INFO c.n.r.c.ProductoController [http-nio-8080-exec-2] GET /productos/14/imagen - solicitando imagen
2025-12-15 20:05:44,086 INFO c.n.r.c.ProductoController [http-nio-8080-exec-5] GET /productos/9/imagen - solicitando imagen
2025-12-15 20:05:44,086 INFO c.n.r.c.ProductoController [http-nio-8080-exec-7] GET /productos/11/imagen - solicitando imagen
2025-12-15 20:05:44,093 INFO c.n.r.c.ProductoController [http-nio-8080-exec-8] GET /productos/13/imagen - imagen servida correctamente
2025-12-15 20:05:44,093 INFO c.n.r.c.ProductoController [http-nio-8080-exec-5] GET /productos/9/imagen - imagen servida correctamente
2025-12-15 20:05:44,094 INFO c.n.r.c.ProductoController [http-nio-8080-exec-3] GET /productos/10/imagen - imagen servida correctamente
2025-12-15 20:05:44,094 INFO c.n.r.c.ProductoController [http-nio-8080-exec-7] GET /productos/11/imagen - imagen servida correctamente
2025-12-15 20:05:44,094 INFO c.n.r.c.ProductoController [http-nio-8080-exec-6] GET /productos/12/imagen - imagen servida correctamente
2025-12-15 20:05:44,094 INFO c.n.r.c.ProductoController [http-nio-8080-exec-2] GET /productos/14/imagen - imagen servida correctamente
2025-12-15 20:05:44,095 INFO c.n.r.c.ProductoController [http-nio-8080-exec-9] GET /productos/23/imagen - solicitando imagen
2025-12-15 20:05:44,095 INFO c.n.r.c.ProductoController [http-nio-8080-exec-10] GET /productos/22/imagen - solicitando imagen
2025-12-15 20:05:44,104 INFO c.n.r.c.ProductoController [http-nio-8080-exec-10] GET /productos/22/imagen - imagen servida correctamente
2025-12-15 20:05:44,104 INFO c.n.r.c.ProductoController [http-nio-8080-exec-9] GET /productos/23/imagen - imagen servida correctamente
2025-12-15 20:05:44,104 INFO c.n.r.c.ProductoController [http-nio-8080-exec-1] GET /productos/17/imagen - solicitando imagen
2025-12-15 20:05:44,106 INFO c.n.r.c.ProductoController [http-nio-8080-exec-4] GET /productos/26/imagen - solicitando imagen
2025-12-15 20:05:44,108 INFO c.n.r.c.ProductoController [http-nio-8080-exec-1] GET /productos/17/imagen - imagen servida correctamente
2025-12-15 20:05:44,109 INFO c.n.r.c.ProductoController [http-nio-8080-exec-7] GET /productos/15/imagen - solicitando imagen
2025-12-15 20:05:44,110 INFO c.n.r.c.ProductoController [http-nio-8080-exec-1] GET /productos/20/imagen - solicitando imagen
2025-12-15 20:05:44,110 INFO c.n.r.c.ProductoController [http-nio-8080-exec-7] GET /productos/15/imagen - imagen servida correctamente
2025-12-15 20:05:44,110 INFO c.n.r.c.ProductoController [http-nio-8080-exec-5] GET /productos/19/imagen - solicitando imagen
2025-12-15 20:05:44,110 INFO c.n.r.c.ProductoController [http-nio-8080-exec-1] GET /productos/20/imagen - imagen servida correctamente
2025-12-15 20:05:44,110 WARN c.n.r.c.GlobalExceptionHandler [http-nio-8080-exec-4] Recurso no encontrado: ImagenNoEncontradaException
2025-12-15 20:05:44,110 INFO c.n.r.c.ProductoController [http-nio-8080-exec-8] GET /productos/16/imagen - solicitando imagen
2025-12-15 20:05:44,110 INFO c.n.r.c.ProductoController [http-nio-8080-exec-5] GET /productos/19/imagen - imagen servida correctamente
2025-12-15 20:05:44,110 INFO c.n.r.c.ProductoController [http-nio-8080-exec-8] GET /productos/16/imagen - imagen servida correctamente
2025-12-15 20:05:48,117 INFO c.n.r.c.CategoriaController [http-nio-8080-exec-5] GET /categorías - filtros: nombre='null', activa=null, fechaCreacion=null, desde=null, hasta=null
2025-12-15 20:05:48,119 INFO c.n.r.s.CategoriaService [http-nio-8080-exec-5] Listando categorías con filtros - nombre: null, activa: null, fechaCreacion: null, desde: null, hasta: null
2025-12-15 20:05:48,151 INFO c.n.r.c.CategoriaController [http-nio-8080-exec-5] Se devolvieron 8 categorias
2025-12-15 20:05:48,151 INFO c.n.r.c.CategoriaController [http-nio-8080-exec-8] GET /categorías - filtros: nombre='null', activa=null, fechaCreacion=null, desde=null, hasta=null
2025-12-15 20:05:48,151 INFO c.n.r.s.CategoriaService [http-nio-8080-exec-8] Listando categorías con filtros - nombre: null, activa: null, fechaCreacion: null, desde: null, hasta: null
2025-12-15 20:05:48,151 INFO c.n.r.c.CategoriaController [http-nio-8080-exec-8] Se devolvieron 8 categorias
2025-12-15 20:05:49,341 INFO c.n.r.c.UsuarioController [http-nio-8080-exec-4] GET /usuarios - filtros: nickname=null, tipoUsuario=null, cuentaActiva=null
2025-12-15 20:05:49,342 INFO c.n.r.s.UsuarioService [http-nio-8080-exec-4] Listando usuarios con filtros nickname=null, tipoUsuario=null, cuentaActiva=null
2025-12-15 20:05:49,351 INFO c.n.r.c.UsuarioController [http-nio-8080-exec-4] Resultado: 14 usuarios encontrados
2025-12-15 20:05:49,368 INFO c.n.r.c.UsuarioController [http-nio-8080-exec-2] GET /usuarios - filtros: nickname=null, tipoUsuario=null, cuentaActiva=null
2025-12-15 20:05:49,368 INFO c.n.r.s.UsuarioService [http-nio-8080-exec-2] Listando usuarios con filtros nickname=null, tipoUsuario=null, cuentaActiva=null
2025-12-15 20:05:49,368 INFO c.n.r.c.UsuarioController [http-nio-8080-exec-2] Resultado: 14 usuarios encontrados
2025-12-15 20:05:50,069 INFO c.n.r.c.ProductoController [http-nio-8080-exec-10] GET /productos - filtros: nombre=null, activo=null, categoriaId=null, usuarioId=null
2025-12-15 20:05:50,086 INFO c.n.r.c.ProductoController [http-nio-8080-exec-10] GET /productos - encontrados 14 productos
2025-12-15 20:05:50,089 INFO c.n.r.c.ProductoController [http-nio-8080-exec-9] GET /productos - filtros: nombre=null, activo=null, categoriaId=null, usuarioId=null
2025-12-15 20:05:50,096 INFO c.n.r.c.ProductoController [http-nio-8080-exec-6] GET /productos/26/imagen - solicitando imagen
2025-12-15 20:05:50,098 WARN c.n.r.c.GlobalExceptionHandler [http-nio-8080-exec-6] Recurso no encontrado: ImagenNoEncontradaException
2025-12-15 20:05:50,099 INFO c.n.r.c.ProductoController [http-nio-8080-exec-9] GET /productos - encontrados 14 productos
2025-12-15 20:23:15,916 INFO c.n.r.c.ProductoController [http-nio-8080-exec-5] GET /productos - filtros: nombre=null, activo=null, categoriaId=null, usuarioId=null
2025-12-15 20:23:15,937 INFO c.n.r.c.ProductoController [http-nio-8080-exec-5] GET /productos - encontrados 14 productos
2025-12-15 20:23:15,941 INFO c.n.r.c.ProductoController [http-nio-8080-exec-8] GET /productos - filtros: nombre=null, activo=null, categoriaId=null, usuarioId=null
2025-12-15 20:23:15,952 INFO c.n.r.c.ProductoController [http-nio-8080-exec-8] GET /productos - encontrados 14 productos
2025-12-15 20:23:15,954 INFO c.n.r.c.ProductoController [http-nio-8080-exec-10] GET /productos/11/imagen - solicitando imagen
2025-12-15 20:23:15,954 INFO c.n.r.c.ProductoController [http-nio-8080-exec-2] GET /productos/13/imagen - solicitando imagen
2025-12-15 20:23:15,954 INFO c.n.r.c.ProductoController [http-nio-8080-exec-4] GET /productos/10/imagen - solicitando imagen
2025-12-15 20:23:15,954 INFO c.n.r.c.ProductoController [http-nio-8080-exec-6] GET /productos/12/imagen - solicitando imagen
2025-12-15 20:23:15,954 INFO c.n.r.c.ProductoController [http-nio-8080-exec-3] GET /productos/14/imagen - solicitando imagen
2025-12-15 20:23:15,958 INFO c.n.r.c.ProductoController [http-nio-8080-exec-6] GET /productos/12/imagen - imagen servida correctamente
2025-12-15 20:23:15,958 INFO c.n.r.c.ProductoController [http-nio-8080-exec-10] GET /productos/11/imagen - imagen servida correctamente
2025-12-15 20:23:15,958 INFO c.n.r.c.ProductoController [http-nio-8080-exec-9] GET /productos/9/imagen - solicitando imagen
2025-12-15 20:23:15,958 INFO c.n.r.c.ProductoController [http-nio-8080-exec-4] GET /productos/10/imagen - imagen servida correctamente
2025-12-15 20:23:15,958 INFO c.n.r.c.ProductoController [http-nio-8080-exec-2] GET /productos/13/imagen - imagen servida correctamente
2025-12-15 20:23:15,958 INFO c.n.r.c.ProductoController [http-nio-8080-exec-3] GET /productos/14/imagen - imagen servida correctamente
2025-12-15 20:23:15,960 INFO c.n.r.c.ProductoController [http-nio-8080-exec-9] GET /productos/9/imagen - imagen servida correctamente
2025-12-15 20:23:15,967 INFO c.n.r.c.ProductoController [http-nio-8080-exec-7] GET /productos/26/imagen - solicitando imagen
2025-12-15 20:23:15,968 INFO c.n.r.c.ProductoController [http-nio-8080-exec-8] GET /productos/17/imagen - solicitando imagen
2025-12-15 20:23:15,968 INFO c.n.r.c.ProductoController [http-nio-8080-exec-1] GET /productos/22/imagen - solicitando imagen
2025-12-15 20:23:15,968 INFO c.n.r.c.ProductoController [http-nio-8080-exec-5] GET /productos/23/imagen - solicitando imagen
2025-12-15 20:23:15,968 INFO c.n.r.c.ProductoController [http-nio-8080-exec-6] GET /productos/15/imagen - solicitando imagen
2025-12-15 20:23:15,968 INFO c.n.r.c.ProductoController [http-nio-8080-exec-5] GET /productos/23/imagen - imagen servida correctamente
2025-12-15 20:23:15,968 INFO c.n.r.c.ProductoController [http-nio-8080-exec-8] GET /productos/17/imagen - imagen servida correctamente
2025-12-15 20:23:15,968 INFO c.n.r.c.ProductoController [http-nio-8080-exec-1] GET /productos/22/imagen - imagen servida correctamente
2025-12-15 20:23:15,968 INFO c.n.r.c.ProductoController [http-nio-8080-exec-6] GET /productos/15/imagen - imagen servida correctamente
2025-12-15 20:23:15,968 INFO c.n.r.c.ProductoController [http-nio-8080-exec-10] GET /productos/20/imagen - solicitando imagen
2025-12-15 20:23:15,968 WARN c.n.r.c.GlobalExceptionHandler [http-nio-8080-exec-7] Recurso no encontrado: ImagenNoEncontradaException
2025-12-15 20:23:15,974 INFO c.n.r.c.ProductoController [http-nio-8080-exec-10] GET /productos/20/imagen - imagen servida correctamente
2025-12-15 20:23:15,979 INFO c.n.r.c.ProductoController [http-nio-8080-exec-3] GET /productos/16/imagen - solicitando imagen
2025-12-15 20:23:15,979 INFO c.n.r.c.ProductoController [http-nio-8080-exec-2] GET /productos/19/imagen - solicitando imagen
2025-12-15 20:23:15,979 INFO c.n.r.c.ProductoController [http-nio-8080-exec-3] GET /productos/16/imagen - imagen servida correctamente
2025-12-15 20:23:15,979 INFO c.n.r.c.ProductoController [http-nio-8080-exec-2] GET /productos/19/imagen - imagen servida correctamente
2025-12-15 20:23:24,513 INFO c.n.r.c.CategoriaController [http-nio-8080-exec-9] GET /categorías - filtros: nombre='null', activa=null, fechaCreacion=null, desde=null, hasta=null
2025-12-15 20:23:24,514 INFO c.n.r.s.CategoriaService [http-nio-8080-exec-9] Listando categorías con filtros - nombre: null, activa: null, fechaCreacion: null, desde: null, hasta: null
2025-12-15 20:23:24,518 INFO c.n.r.c.CategoriaController [http-nio-8080-exec-9] Se devolvieron 8 categorias
2025-12-15 20:23:24,522 INFO c.n.r.c.CategoriaController [http-nio-8080-exec-5] GET /categorías - filtros: nombre='null', activa=null, fechaCreacion=null, desde=null, hasta=null
2025-12-15 20:23:24,522 INFO c.n.r.s.CategoriaService [http-nio-8080-exec-5] Listando categorías con filtros - nombre: null, activa: null, fechaCreacion: null, desde: null, hasta: null
2025-12-15 20:23:24,525 INFO c.n.r.c.CategoriaController [http-nio-8080-exec-5] Se devolvieron 8 categorias
2025-12-15 20:23:45,994 INFO c.n.r.c.ProductoController [http-nio-8080-exec-8] GET /productos - filtros: nombre=null, activo=null, categoriaId=null, usuarioId=null
2025-12-15 20:23:46,017 INFO c.n.r.c.ProductoController [http-nio-8080-exec-8] GET /productos - encontrados 14 productos
2025-12-15 20:23:46,021 INFO c.n.r.c.ProductoController [http-nio-8080-exec-1] GET /productos - filtros: nombre=null, activo=null, categoriaId=null, usuarioId=null
2025-12-15 20:23:46,027 INFO c.n.r.c.ProductoController [http-nio-8080-exec-6] GET /productos/10/imagen - solicitando imagen
2025-12-15 20:23:46,027 INFO c.n.r.c.ProductoController [http-nio-8080-exec-2] GET /productos/14/imagen - solicitando imagen
2025-12-15 20:23:46,027 INFO c.n.r.c.ProductoController [http-nio-8080-exec-7] GET /productos/11/imagen - solicitando imagen
2025-12-15 20:23:46,027 INFO c.n.r.c.ProductoController [http-nio-8080-exec-4] GET /productos/12/imagen - solicitando imagen
2025-12-15 20:23:46,027 INFO c.n.r.c.ProductoController [http-nio-8080-exec-10] GET /productos/13/imagen - solicitando imagen
2025-12-15 20:23:46,029 INFO c.n.r.c.ProductoController [http-nio-8080-exec-4] GET /productos/12/imagen - imagen servida correctamente
2025-12-15 20:23:46,029 INFO c.n.r.c.ProductoController [http-nio-8080-exec-3] GET /productos/9/imagen - solicitando imagen
2025-12-15 20:23:46,029 INFO c.n.r.c.ProductoController [http-nio-8080-exec-2] GET /productos/14/imagen - imagen servida correctamente
2025-12-15 20:23:46,029 INFO c.n.r.c.ProductoController [http-nio-8080-exec-6] GET /productos/10/imagen - imagen servida correctamente
2025-12-15 20:23:46,029 INFO c.n.r.c.ProductoController [http-nio-8080-exec-10] GET /productos/13/imagen - imagen servida correctamente
2025-12-15 20:23:46,029 INFO c.n.r.c.ProductoController [http-nio-8080-exec-7] GET /productos/11/imagen - imagen servida correctamente
2025-12-15 20:23:46,031 INFO c.n.r.c.ProductoController [http-nio-8080-exec-3] GET /productos/9/imagen - imagen servida correctamente
2025-12-15 20:23:46,031 INFO c.n.r.c.ProductoController [http-nio-8080-exec-9] GET /productos/22/imagen - solicitando imagen
2025-12-15 20:23:46,034 INFO c.n.r.c.ProductoController [http-nio-8080-exec-5] GET /productos/23/imagen - solicitando imagen
2025-12-15 20:23:46,034 INFO c.n.r.c.ProductoController [http-nio-8080-exec-1] GET /productos - encontrados 14 productos
2025-12-15 20:23:46,034 INFO c.n.r.c.ProductoController [http-nio-8080-exec-5] GET /productos/23/imagen - imagen servida correctamente
2025-12-15 20:23:46,034 INFO c.n.r.c.ProductoController [http-nio-8080-exec-9] GET /productos/22/imagen - imagen servida correctamente
2025-12-15 20:23:46,039 INFO c.n.r.c.ProductoController [http-nio-8080-exec-8] GET /productos/26/imagen - solicitando imagen
2025-12-15 20:23:46,039 INFO c.n.r.c.ProductoController [http-nio-8080-exec-4] GET /productos/17/imagen - solicitando imagen
2025-12-15 20:23:46,041 INFO c.n.r.c.ProductoController [http-nio-8080-exec-4] GET /productos/17/imagen - imagen servida correctamente
2025-12-15 20:23:46,041 WARN c.n.r.c.GlobalExceptionHandler [http-nio-8080-exec-8] Recurso no encontrado: ImagenNoEncontradaException
2025-12-15 20:23:46,041 INFO c.n.r.c.ProductoController [http-nio-8080-exec-2] GET /productos/20/imagen - solicitando imagen
2025-12-15 20:23:46,041 INFO c.n.r.c.ProductoController [http-nio-8080-exec-7] GET /productos/19/imagen - solicitando imagen
2025-12-15 20:23:46,041 INFO c.n.r.c.ProductoController [http-nio-8080-exec-6] GET /productos/15/imagen - solicitando imagen
2025-12-15 20:23:46,041 INFO c.n.r.c.ProductoController [http-nio-8080-exec-10] GET /productos/16/imagen - solicitando imagen
2025-12-15 20:23:46,041 INFO c.n.r.c.ProductoController [http-nio-8080-exec-7] GET /productos/19/imagen - imagen servida correctamente
2025-12-15 20:23:46,041 INFO c.n.r.c.ProductoController [http-nio-8080-exec-2] GET /productos/20/imagen - imagen servida correctamente
2025-12-15 20:23:46,041 INFO c.n.r.c.ProductoController [http-nio-8080-exec-6] GET /productos/15/imagen - imagen servida correctamente
2025-12-15 20:23:46,041 INFO c.n.r.c.ProductoController [http-nio-8080-exec-10] GET /productos/16/imagen - imagen servida correctamente
2025-12-15 20:24:52,559 INFO c.n.r.c.ProductoController [http-nio-8080-exec-6] GET /productos/10 - solicitando producto por ID
2025-12-15 20:24:52,559 INFO c.n.r.c.ProductoController [http-nio-8080-exec-6] GET /productos/10 - producto encontrado correctamente
2025-12-15 20:24:52,572 INFO c.n.r.c.ProductoController [http-nio-8080-exec-2] GET /productos/10 - solicitando producto por ID
2025-12-15 20:24:52,576 INFO c.n.r.c.ProductoController [http-nio-8080-exec-2] GET /productos/10 - producto encontrado correctamente
2025-12-15 20:24:57,175 INFO c.n.r.c.CategoriaController [http-nio-8080-exec-10] GET /categorías - filtros: nombre='null', activa=null, fechaCreacion=null, desde=null, hasta=null
2025-12-15 20:24:57,175 INFO c.n.r.s.CategoriaService [http-nio-8080-exec-10] Listando categorías con filtros - nombre: null, activa: null, fechaCreacion: null, desde: null, hasta: null
2025-12-15 20:24:57,181 INFO c.n.r.c.CategoriaController [http-nio-8080-exec-10] Se devolvieron 8 categorias
2025-12-15 20:24:57,187 INFO c.n.r.c.CategoriaController [http-nio-8080-exec-1] GET /categorías - filtros: nombre='null', activa=null, fechaCreacion=null, desde=null, hasta=null
2025-12-15 20:24:57,187 INFO c.n.r.s.CategoriaService [http-nio-8080-exec-1] Listando categorías con filtros - nombre: null, activa: null, fechaCreacion: null, desde: null, hasta: null
2025-12-15 20:24:57,187 INFO c.n.r.c.CategoriaController [http-nio-8080-exec-1] Se devolvieron 8 categorias
2025-12-15 20:25:04,542 INFO c.n.r.c.ProductoController [http-nio-8080-exec-9] GET /productos - filtros: nombre=null, activo=null, categoriaId=null, usuarioId=null
2025-12-15 20:25:04,555 INFO c.n.r.c.ProductoController [http-nio-8080-exec-9] GET /productos - encontrados 14 productos
2025-12-15 20:25:04,561 INFO c.n.r.c.ProductoController [http-nio-8080-exec-5] GET /productos - filtros: nombre=null, activo=null, categoriaId=null, usuarioId=null
2025-12-15 20:25:04,567 INFO c.n.r.c.ProductoController [http-nio-8080-exec-7] GET /productos/26/imagen - solicitando imagen
2025-12-15 20:25:04,569 WARN c.n.r.c.GlobalExceptionHandler [http-nio-8080-exec-7] Recurso no encontrado: ImagenNoEncontradaException
2025-12-15 20:25:04,570 INFO c.n.r.c.ProductoController [http-nio-8080-exec-5] GET /productos - encontrados 14 productos
2025-12-15 20:31:22,746 INFO c.n.r.c.ProductoController [http-nio-8080-exec-6] GET /productos - filtros: nombre=null, activo=null, categoriaId=null, usuarioId=null
2025-12-15 20:31:22,759 INFO c.n.r.c.ProductoController [http-nio-8080-exec-6] GET /productos - encontrados 14 productos
2025-12-15 20:31:22,761 INFO c.n.r.c.ProductoController [http-nio-8080-exec-2] GET /productos - filtros: nombre=null, activo=null, categoriaId=null, usuarioId=null
2025-12-15 20:31:22,765 INFO c.n.r.c.ProductoController [http-nio-8080-exec-10] GET /productos/10/imagen - solicitando imagen
2025-12-15 20:31:22,765 INFO c.n.r.c.ProductoController [http-nio-8080-exec-9] GET /productos/13/imagen - solicitando imagen
2025-12-15 20:31:22,766 INFO c.n.r.c.ProductoController [http-nio-8080-exec-1] GET /productos/11/imagen - solicitando imagen
2025-12-15 20:31:22,766 INFO c.n.r.c.ProductoController [http-nio-8080-exec-4] GET /productos/14/imagen - solicitando imagen
2025-12-15 20:31:22,766 INFO c.n.r.c.ProductoController [http-nio-8080-exec-7] GET /productos/12/imagen - solicitando imagen
2025-12-15 20:31:22,768 INFO c.n.r.c.ProductoController [http-nio-8080-exec-1] GET /productos/11/imagen - imagen servida correctamente
2025-12-15 20:31:22,768 INFO c.n.r.c.ProductoController [http-nio-8080-exec-10] GET /productos/10/imagen - imagen servida correctamente
2025-12-15 20:31:22,768 INFO c.n.r.c.ProductoController [http-nio-8080-exec-9] GET /productos/13/imagen - imagen servida correctamente
2025-12-15 20:31:22,768 INFO c.n.r.c.ProductoController [http-nio-8080-exec-4] GET /productos/14/imagen - imagen servida correctamente
2025-12-15 20:31:22,769 INFO c.n.r.c.ProductoController [http-nio-8080-exec-7] GET /productos/12/imagen - imagen servida correctamente
2025-12-15 20:31:22,772 INFO c.n.r.c.ProductoController [http-nio-8080-exec-2] GET /productos - encontrados 14 productos
2025-12-15 20:31:22,775 INFO c.n.r.c.ProductoController [http-nio-8080-exec-5] GET /productos/9/imagen - solicitando imagen
2025-12-15 20:31:22,775 INFO c.n.r.c.ProductoController [http-nio-8080-exec-8] GET /productos/22/imagen - solicitando imagen
2025-12-15 20:31:22,775 INFO c.n.r.c.ProductoController [http-nio-8080-exec-3] GET /productos/23/imagen - solicitando imagen
2025-12-15 20:31:22,776 INFO c.n.r.c.ProductoController [http-nio-8080-exec-5] GET /productos/9/imagen - imagen servida correctamente
2025-12-15 20:31:22,776 INFO c.n.r.c.ProductoController [http-nio-8080-exec-3] GET /productos/23/imagen - imagen servida correctamente
2025-12-15 20:31:22,776 INFO c.n.r.c.ProductoController [http-nio-8080-exec-8] GET /productos/22/imagen - imagen servida correctamente
2025-12-15 20:31:22,776 INFO c.n.r.c.ProductoController [http-nio-8080-exec-1] GET /productos/15/imagen - solicitando imagen
2025-12-15 20:31:22,776 INFO c.n.r.c.ProductoController [http-nio-8080-exec-6] GET /productos/17/imagen - solicitando imagen
2025-12-15 20:31:22,776 INFO c.n.r.c.ProductoController [http-nio-8080-exec-1] GET /productos/15/imagen - imagen servida correctamente
2025-12-15 20:31:22,776 INFO c.n.r.c.ProductoController [http-nio-8080-exec-6] GET /productos/17/imagen - imagen servida correctamente
2025-12-15 20:31:22,776 INFO c.n.r.c.ProductoController [http-nio-8080-exec-10] GET /productos/20/imagen - solicitando imagen
2025-12-15 20:31:22,776 INFO c.n.r.c.ProductoController [http-nio-8080-exec-10] GET /productos/20/imagen - imagen servida correctamente
2025-12-15 20:31:22,776 INFO c.n.r.c.ProductoController [http-nio-8080-exec-9] GET /productos/26/imagen - solicitando imagen
2025-12-15 20:31:22,776 INFO c.n.r.c.ProductoController [http-nio-8080-exec-4] GET /productos/19/imagen - solicitando imagen
2025-12-15 20:31:22,776 INFO c.n.r.c.ProductoController [http-nio-8080-exec-7] GET /productos/16/imagen - solicitando imagen
2025-12-15 20:31:22,776 INFO c.n.r.c.ProductoController [http-nio-8080-exec-4] GET /productos/19/imagen - imagen servida correctamente
2025-12-15 20:31:22,776 INFO c.n.r.c.ProductoController [http-nio-8080-exec-7] GET /productos/16/imagen - imagen servida correctamente
2025-12-15 20:31:22,776 WARN c.n.r.c.GlobalExceptionHandler [http-nio-8080-exec-9] Recurso no encontrado: ImagenNoEncontradaException
2025-12-15 20:31:24,994 INFO c.n.r.c.CategoriaController [http-nio-8080-exec-5] GET /categorías - filtros: nombre='null', activa=null, fechaCreacion=null, desde=null, hasta=null
2025-12-15 20:31:24,994 INFO c.n.r.s.CategoriaService [http-nio-8080-exec-5] Listando categorías con filtros - nombre: null, activa: null, fechaCreacion: null, desde: null, hasta: null
2025-12-15 20:31:24,998 INFO c.n.r.c.CategoriaController [http-nio-8080-exec-5] Se devolvieron 8 categorias
2025-12-15 20:31:25,002 INFO c.n.r.c.CategoriaController [http-nio-8080-exec-8] GET /categorías - filtros: nombre='null', activa=null, fechaCreacion=null, desde=null, hasta=null
2025-12-15 20:31:25,003 INFO c.n.r.s.CategoriaService [http-nio-8080-exec-8] Listando categorías con filtros - nombre: null, activa: null, fechaCreacion: null, desde: null, hasta: null
2025-12-15 20:31:25,006 INFO c.n.r.c.CategoriaController [http-nio-8080-exec-8] Se devolvieron 8 categorias
2025-12-15 20:31:54,595 INFO c.n.r.c.ProductoController [http-nio-8080-exec-3] GET /productos - filtros: nombre=null, activo=null, categoriaId=null, usuarioId=null
2025-12-15 20:31:54,610 INFO c.n.r.c.ProductoController [http-nio-8080-exec-3] GET /productos - encontrados 14 productos
2025-12-15 20:31:54,613 INFO c.n.r.c.ProductoController [http-nio-8080-exec-1] GET /productos - filtros: nombre=null, activo=null, categoriaId=null, usuarioId=null
2025-12-15 20:31:54,620 INFO c.n.r.c.ProductoController [http-nio-8080-exec-9] GET /productos/14/imagen - solicitando imagen
2025-12-15 20:31:54,620 INFO c.n.r.c.ProductoController [http-nio-8080-exec-4] GET /productos/12/imagen - solicitando imagen
2025-12-15 20:31:54,620 INFO c.n.r.c.ProductoController [http-nio-8080-exec-6] GET /productos/10/imagen - solicitando imagen
2025-12-15 20:31:54,620 INFO c.n.r.c.ProductoController [http-nio-8080-exec-7] GET /productos/13/imagen - solicitando imagen
2025-12-15 20:31:54,620 INFO c.n.r.c.ProductoController [http-nio-8080-exec-10] GET /productos/11/imagen - solicitando imagen
2025-12-15 20:31:54,622 INFO c.n.r.c.ProductoController [http-nio-8080-exec-2] GET /productos/9/imagen - solicitando imagen
2025-12-15 20:31:54,623 INFO c.n.r.c.ProductoController [http-nio-8080-exec-6] GET /productos/10/imagen - imagen servida correctamente
2025-12-15 20:31:54,623 INFO c.n.r.c.ProductoController [http-nio-8080-exec-7] GET /productos/13/imagen - imagen servida correctamente
2025-12-15 20:31:54,623 INFO c.n.r.c.ProductoController [http-nio-8080-exec-4] GET /productos/12/imagen - imagen servida correctamente
2025-12-15 20:31:54,623 INFO c.n.r.c.ProductoController [http-nio-8080-exec-9] GET /productos/14/imagen - imagen servida correctamente
2025-12-15 20:31:54,623 INFO c.n.r.c.ProductoController [http-nio-8080-exec-10] GET /productos/11/imagen - imagen servida correctamente
2025-12-15 20:31:54,623 INFO c.n.r.c.ProductoController [http-nio-8080-exec-1] GET /productos - encontrados 14 productos
2025-12-15 20:31:54,623 INFO c.n.r.c.ProductoController [http-nio-8080-exec-2] GET /productos/9/imagen - imagen servida correctamente
2025-12-15 20:31:54,623 INFO c.n.r.c.ProductoController [http-nio-8080-exec-5] GET /productos/23/imagen - solicitando imagen
2025-12-15 20:31:54,623 INFO c.n.r.c.ProductoController [http-nio-8080-exec-8] GET /productos/22/imagen - solicitando imagen
2025-12-15 20:31:54,623 INFO c.n.r.c.ProductoController [http-nio-8080-exec-5] GET /productos/23/imagen - imagen servida correctamente
2025-12-15 20:31:54,623 INFO c.n.r.c.ProductoController [http-nio-8080-exec-8] GET /productos/22/imagen - imagen servida correctamente
2025-12-15 20:31:54,623 INFO c.n.r.c.ProductoController [http-nio-8080-exec-3] GET /productos/26/imagen - solicitando imagen
2025-12-15 20:31:54,623 WARN c.n.r.c.GlobalExceptionHandler [http-nio-8080-exec-3] Recurso no encontrado: ImagenNoEncontradaException
2025-12-15 20:31:54,623 INFO c.n.r.c.ProductoController [http-nio-8080-exec-4] GET /productos/17/imagen - solicitando imagen
2025-12-15 20:31:54,623 INFO c.n.r.c.ProductoController [http-nio-8080-exec-6] GET /productos/15/imagen - solicitando imagen
2025-12-15 20:31:54,623 INFO c.n.r.c.ProductoController [http-nio-8080-exec-9] GET /productos/20/imagen - solicitando imagen
2025-12-15 20:31:54,637 INFO c.n.r.c.ProductoController [http-nio-8080-exec-4] GET /productos/17/imagen - imagen servida correctamente
2025-12-15 20:31:54,637 INFO c.n.r.c.ProductoController [http-nio-8080-exec-9] GET /productos/20/imagen - imagen servida correctamente
2025-12-15 20:31:54,638 INFO c.n.r.c.ProductoController [http-nio-8080-exec-6] GET /productos/15/imagen - imagen servida correctamente
2025-12-15 20:31:54,638 INFO c.n.r.c.ProductoController [http-nio-8080-exec-7] GET /productos/19/imagen - solicitando imagen
2025-12-15 20:31:54,638 INFO c.n.r.c.ProductoController [http-nio-8080-exec-2] GET /productos/16/imagen - solicitando imagen
2025-12-15 20:31:54,638 INFO c.n.r.c.ProductoController [http-nio-8080-exec-2] GET /productos/16/imagen - imagen servida correctamente
2025-12-15 20:31:54,638 INFO c.n.r.c.ProductoController [http-nio-8080-exec-7] GET /productos/19/imagen - imagen servida correctamente
2025-12-15 20:31:55,739 INFO c.n.r.c.CategoriaController [http-nio-8080-exec-1] GET /categorías - filtros: nombre='null', activa=null, fechaCreacion=null, desde=null, hasta=null
2025-12-15 20:31:55,739 INFO c.n.r.s.CategoriaService [http-nio-8080-exec-1] Listando categorías con filtros - nombre: null, activa: null, fechaCreacion: null, desde: null, hasta: null
2025-12-15 20:31:55,739 INFO c.n.r.c.CategoriaController [http-nio-8080-exec-1] Se devolvieron 8 categorias
2025-12-15 20:31:55,739 INFO c.n.r.c.CategoriaController [http-nio-8080-exec-5] GET /categorías - filtros: nombre='null', activa=null, fechaCreacion=null, desde=null, hasta=null
2025-12-15 20:31:55,752 INFO c.n.r.s.CategoriaService [http-nio-8080-exec-5] Listando categorías con filtros - nombre: null, activa: null, fechaCreacion: null, desde: null, hasta: null
2025-12-15 20:31:55,754 INFO c.n.r.c.CategoriaController [http-nio-8080-exec-5] Se devolvieron 8 categorias
2025-12-15 20:31:56,944 INFO c.n.r.c.ProductoController [http-nio-8080-exec-8] GET /productos - filtros: nombre=null, activo=null, categoriaId=null, usuarioId=null
2025-12-15 20:31:56,956 INFO c.n.r.c.ProductoController [http-nio-8080-exec-8] GET /productos - encontrados 14 productos
2025-12-15 20:31:56,959 INFO c.n.r.c.ProductoController [http-nio-8080-exec-3] GET /productos - filtros: nombre=null, activo=null, categoriaId=null, usuarioId=null
2025-12-15 20:31:56,965 INFO c.n.r.c.ProductoController [http-nio-8080-exec-10] GET /productos/26/imagen - solicitando imagen
2025-12-15 20:31:56,966 INFO c.n.r.c.ProductoController [http-nio-8080-exec-3] GET /productos - encontrados 14 productos
2025-12-15 20:31:56,968 WARN c.n.r.c.GlobalExceptionHandler [http-nio-8080-exec-10] Recurso no encontrado: ImagenNoEncontradaException
2025-12-15 20:31:59,307 INFO c.n.r.c.ProductoController [http-nio-8080-exec-4] GET /productos/17 - solicitando producto por ID
2025-12-15 20:31:59,310 INFO c.n.r.c.ProductoController [http-nio-8080-exec-4] GET /productos/17 - producto encontrado correctamente
2025-12-15 20:31:59,314 INFO c.n.r.c.ProductoController [http-nio-8080-exec-6] GET /productos/17 - solicitando producto por ID
2025-12-15 20:31:59,316 INFO c.n.r.c.ProductoController [http-nio-8080-exec-6] GET /productos/17 - producto encontrado correctamente
2025-12-15 20:32:04,661 INFO c.n.r.c.ProductoController [http-nio-8080-exec-2] GET /productos - filtros: nombre=null, activo=null, categoriaId=null, usuarioId=null
2025-12-15 20:32:04,670 INFO c.n.r.c.ProductoController [http-nio-8080-exec-2] GET /productos - encontrados 14 productos
2025-12-15 20:32:04,670 INFO c.n.r.c.ProductoController [http-nio-8080-exec-7] GET /productos - filtros: nombre=null, activo=null, categoriaId=null, usuarioId=null
2025-12-15 20:32:04,670 INFO c.n.r.c.ProductoController [http-nio-8080-exec-1] GET /productos/26/imagen - solicitando imagen
2025-12-15 20:32:04,670 WARN c.n.r.c.GlobalExceptionHandler [http-nio-8080-exec-1] Recurso no encontrado: ImagenNoEncontradaException
2025-12-15 20:32:04,670 INFO c.n.r.c.ProductoController [http-nio-8080-exec-7] GET /productos - encontrados 14 productos
2025-12-15 20:32:45,338 INFO c.n.r.c.CategoriaController [http-nio-8080-exec-8] GET /categorías - filtros: nombre='null', activa=null, fechaCreacion=null, desde=null, hasta=null
2025-12-15 20:32:45,339 INFO c.n.r.s.CategoriaService [http-nio-8080-exec-8] Listando categorías con filtros - nombre: null, activa: null, fechaCreacion: null, desde: null, hasta: null
2025-12-15 20:32:45,344 INFO c.n.r.c.CategoriaController [http-nio-8080-exec-8] Se devolvieron 8 categorias
2025-12-15 20:32:45,348 INFO c.n.r.c.CategoriaController [http-nio-8080-exec-3] GET /categorías - filtros: nombre='null', activa=null, fechaCreacion=null, desde=null, hasta=null
2025-12-15 20:32:45,348 INFO c.n.r.s.CategoriaService [http-nio-8080-exec-3] Listando categorías con filtros - nombre: null, activa: null, fechaCreacion: null, desde: null, hasta: null
2025-12-15 20:32:45,351 INFO c.n.r.c.CategoriaController [http-nio-8080-exec-3] Se devolvieron 8 categorias
2025-12-15 20:51:17,603 INFO c.n.r.c.CategoriaController [http-nio-8080-exec-7] GET /categorías - filtros: nombre='null', activa=null, fechaCreacion=null, desde=null, hasta=null
2025-12-15 20:51:17,603 INFO c.n.r.s.CategoriaService [http-nio-8080-exec-7] Listando categorías con filtros - nombre: null, activa: null, fechaCreacion: null, desde: null, hasta: null
2025-12-15 20:51:17,607 INFO c.n.r.c.CategoriaController [http-nio-8080-exec-7] Se devolvieron 8 categorias
2025-12-15 20:51:17,609 INFO c.n.r.c.CategoriaController [http-nio-8080-exec-1] GET /categorías - filtros: nombre='null', activa=null, fechaCreacion=null, desde=null, hasta=null
2025-12-15 20:51:17,609 INFO c.n.r.s.CategoriaService [http-nio-8080-exec-1] Listando categorías con filtros - nombre: null, activa: null, fechaCreacion: null, desde: null, hasta: null
2025-12-15 20:51:17,612 INFO c.n.r.c.CategoriaController [http-nio-8080-exec-1] Se devolvieron 8 categorias
2025-12-15 20:51:51,108 INFO c.n.r.c.ProductoController [http-nio-8080-exec-5] GET /productos - filtros: nombre=null, activo=null, categoriaId=null, usuarioId=null
2025-12-15 20:51:51,119 INFO c.n.r.c.ProductoController [http-nio-8080-exec-5] GET /productos - encontrados 14 productos
2025-12-15 20:51:51,122 INFO c.n.r.c.ProductoController [http-nio-8080-exec-8] GET /productos - filtros: nombre=null, activo=null, categoriaId=null, usuarioId=null
2025-12-15 20:51:51,130 INFO c.n.r.c.ProductoController [http-nio-8080-exec-10] GET /productos/11/imagen - solicitando imagen
2025-12-15 20:51:51,130 INFO c.n.r.c.ProductoController [http-nio-8080-exec-3] GET /productos/10/imagen - solicitando imagen
2025-12-15 20:51:51,130 INFO c.n.r.c.ProductoController [http-nio-8080-exec-9] GET /productos/13/imagen - solicitando imagen
2025-12-15 20:51:51,131 INFO c.n.r.c.ProductoController [http-nio-8080-exec-4] GET /productos/12/imagen - solicitando imagen
2025-12-15 20:51:51,131 INFO c.n.r.c.ProductoController [http-nio-8080-exec-6] GET /productos/14/imagen - solicitando imagen
2025-12-15 20:51:51,131 INFO c.n.r.c.ProductoController [http-nio-8080-exec-8] GET /productos - encontrados 14 productos
2025-12-15 20:51:51,132 INFO c.n.r.c.ProductoController [http-nio-8080-exec-10] GET /productos/11/imagen - imagen servida correctamente
2025-12-15 20:51:51,137 INFO c.n.r.c.ProductoController [http-nio-8080-exec-3] GET /productos/10/imagen - imagen servida correctamente
2025-12-15 20:51:51,137 INFO c.n.r.c.ProductoController [http-nio-8080-exec-9] GET /productos/13/imagen - imagen servida correctamente
2025-12-15 20:51:51,137 INFO c.n.r.c.ProductoController [http-nio-8080-exec-4] GET /productos/12/imagen - imagen servida correctamente
2025-12-15 20:51:51,138 INFO c.n.r.c.ProductoController [http-nio-8080-exec-6] GET /productos/14/imagen - imagen servida correctamente
2025-12-15 20:51:51,140 INFO c.n.r.c.ProductoController [http-nio-8080-exec-2] GET /productos/23/imagen - solicitando imagen
2025-12-15 20:51:51,142 INFO c.n.r.c.ProductoController [http-nio-8080-exec-2] GET /productos/23/imagen - imagen servida correctamente
2025-12-15 20:51:51,142 INFO c.n.r.c.ProductoController [http-nio-8080-exec-7] GET /productos/9/imagen - solicitando imagen
2025-12-15 20:51:51,142 INFO c.n.r.c.ProductoController [http-nio-8080-exec-1] GET /productos/22/imagen - solicitando imagen
2025-12-15 20:51:51,144 INFO c.n.r.c.ProductoController [http-nio-8080-exec-7] GET /productos/9/imagen - imagen servida correctamente
2025-12-15 20:51:51,144 INFO c.n.r.c.ProductoController [http-nio-8080-exec-1] GET /productos/22/imagen - imagen servida correctamente
2025-12-15 20:51:51,146 INFO c.n.r.c.ProductoController [http-nio-8080-exec-5] GET /productos/26/imagen - solicitando imagen
2025-12-15 20:51:51,147 INFO c.n.r.c.ProductoController [http-nio-8080-exec-10] GET /productos/17/imagen - solicitando imagen
2025-12-15 20:51:51,148 WARN c.n.r.c.GlobalExceptionHandler [http-nio-8080-exec-5] Recurso no encontrado: ImagenNoEncontradaException
2025-12-15 20:51:51,148 INFO c.n.r.c.ProductoController [http-nio-8080-exec-10] GET /productos/17/imagen - imagen servida correctamente
2025-12-15 20:51:51,152 INFO c.n.r.c.ProductoController [http-nio-8080-exec-3] GET /productos/20/imagen - solicitando imagen
2025-12-15 20:51:51,152 INFO c.n.r.c.ProductoController [http-nio-8080-exec-8] GET /productos/15/imagen - solicitando imagen
2025-12-15 20:51:51,152 INFO c.n.r.c.ProductoController [http-nio-8080-exec-4] GET /productos/16/imagen - solicitando imagen
2025-12-15 20:51:51,152 INFO c.n.r.c.ProductoController [http-nio-8080-exec-9] GET /productos/19/imagen - solicitando imagen
2025-12-15 20:51:51,153 INFO c.n.r.c.ProductoController [http-nio-8080-exec-3] GET /productos/20/imagen - imagen servida correctamente
2025-12-15 20:51:51,153 INFO c.n.r.c.ProductoController [http-nio-8080-exec-8] GET /productos/15/imagen - imagen servida correctamente
2025-12-15 20:51:51,153 INFO c.n.r.c.ProductoController [http-nio-8080-exec-4] GET /productos/16/imagen - imagen servida correctamente
2025-12-15 20:51:51,154 INFO c.n.r.c.ProductoController [http-nio-8080-exec-9] GET /productos/19/imagen - imagen servida correctamente
2025-12-15 20:51:53,297 INFO c.n.r.c.UsuarioController [http-nio-8080-exec-2] GET /usuarios - filtros: nickname=null, tipoUsuario=null, cuentaActiva=null
2025-12-15 20:51:53,299 INFO c.n.r.s.UsuarioService [http-nio-8080-exec-2] Listando usuarios con filtros nickname=null, tipoUsuario=null, cuentaActiva=null
2025-12-15 20:51:53,306 INFO c.n.r.c.UsuarioController [http-nio-8080-exec-2] Resultado: 14 usuarios encontrados
2025-12-15 20:51:53,309 INFO c.n.r.c.UsuarioController [http-nio-8080-exec-7] GET /usuarios - filtros: nickname=null, tipoUsuario=null, cuentaActiva=null
2025-12-15 20:51:53,309 INFO c.n.r.s.UsuarioService [http-nio-8080-exec-7] Listando usuarios con filtros nickname=null, tipoUsuario=null, cuentaActiva=null
2025-12-15 20:51:53,314 INFO c.n.r.c.UsuarioController [http-nio-8080-exec-7] Resultado: 14 usuarios encontrados
2025-12-15 20:51:54,524 INFO c.n.r.c.CategoriaController [http-nio-8080-exec-1] GET /categorías - filtros: nombre='null', activa=null, fechaCreacion=null, desde=null, hasta=null
2025-12-15 20:51:54,526 INFO c.n.r.s.CategoriaService [http-nio-8080-exec-1] Listando categorías con filtros - nombre: null, activa: null, fechaCreacion: null, desde: null, hasta: null
2025-12-15 20:51:54,531 INFO c.n.r.c.CategoriaController [http-nio-8080-exec-1] Se devolvieron 8 categorias
2025-12-15 20:51:54,534 INFO c.n.r.c.CategoriaController [http-nio-8080-exec-5] GET /categorías - filtros: nombre='null', activa=null, fechaCreacion=null, desde=null, hasta=null
2025-12-15 20:51:54,535 INFO c.n.r.s.CategoriaService [http-nio-8080-exec-5] Listando categorías con filtros - nombre: null, activa: null, fechaCreacion: null, desde: null, hasta: null
2025-12-15 20:51:54,539 INFO c.n.r.c.CategoriaController [http-nio-8080-exec-5] Se devolvieron 8 categorias
2025-12-15 20:52:17,799 INFO c.n.r.c.CategoriaController [http-nio-8080-exec-10] GET /categorías - filtros: nombre='null', activa=null, fechaCreacion=null, desde=null, hasta=null
2025-12-15 20:52:17,800 INFO c.n.r.s.CategoriaService [http-nio-8080-exec-10] Listando categorías con filtros - nombre: null, activa: null, fechaCreacion: null, desde: null, hasta: null
2025-12-15 20:52:17,802 INFO c.n.r.c.CategoriaController [http-nio-8080-exec-10] Se devolvieron 8 categorias
2025-12-15 20:52:17,804 INFO c.n.r.c.CategoriaController [http-nio-8080-exec-6] GET /categorías - filtros: nombre='null', activa=null, fechaCreacion=null, desde=null, hasta=null
2025-12-15 20:52:17,804 INFO c.n.r.s.CategoriaService [http-nio-8080-exec-6] Listando categorías con filtros - nombre: null, activa: null, fechaCreacion: null, desde: null, hasta: null
2025-12-15 20:52:17,807 INFO c.n.r.c.CategoriaController [http-nio-8080-exec-6] Se devolvieron 8 categorias
2025-12-15 20:52:24,041 INFO c.n.r.c.ProductoController [http-nio-8080-exec-4] GET /productos - filtros: nombre=null, activo=null, categoriaId=null, usuarioId=null
2025-12-15 20:52:24,049 INFO c.n.r.c.ProductoController [http-nio-8080-exec-4] GET /productos - encontrados 14 productos
2025-12-15 20:52:24,053 INFO c.n.r.c.ProductoController [http-nio-8080-exec-9] GET /productos - filtros: nombre=null, activo=null, categoriaId=null, usuarioId=null
2025-12-15 20:52:24,059 INFO c.n.r.c.ProductoController [http-nio-8080-exec-3] GET /productos/10/imagen - solicitando imagen
2025-12-15 20:52:24,059 INFO c.n.r.c.ProductoController [http-nio-8080-exec-2] GET /productos/13/imagen - solicitando imagen
2025-12-15 20:52:24,059 INFO c.n.r.c.ProductoController [http-nio-8080-exec-7] GET /productos/12/imagen - solicitando imagen
2025-12-15 20:52:24,059 INFO c.n.r.c.ProductoController [http-nio-8080-exec-8] GET /productos/11/imagen - solicitando imagen
2025-12-15 20:52:24,059 INFO c.n.r.c.ProductoController [http-nio-8080-exec-1] GET /productos/14/imagen - solicitando imagen
2025-12-15 20:52:24,061 INFO c.n.r.c.ProductoController [http-nio-8080-exec-8] GET /productos/11/imagen - imagen servida correctamente
2025-12-15 20:52:24,061 INFO c.n.r.c.ProductoController [http-nio-8080-exec-7] GET /productos/12/imagen - imagen servida correctamente
2025-12-15 20:52:24,061 INFO c.n.r.c.ProductoController [http-nio-8080-exec-9] GET /productos - encontrados 14 productos
2025-12-15 20:52:24,061 INFO c.n.r.c.ProductoController [http-nio-8080-exec-1] GET /productos/14/imagen - imagen servida correctamente
2025-12-15 20:52:24,061 INFO c.n.r.c.ProductoController [http-nio-8080-exec-2] GET /productos/13/imagen - imagen servida correctamente
2025-12-15 20:52:24,061 INFO c.n.r.c.ProductoController [http-nio-8080-exec-3] GET /productos/10/imagen - imagen servida correctamente
2025-12-15 20:52:24,069 INFO c.n.r.c.ProductoController [http-nio-8080-exec-6] GET /productos/9/imagen - solicitando imagen
2025-12-15 20:52:24,069 INFO c.n.r.c.ProductoController [http-nio-8080-exec-5] GET /productos/26/imagen - solicitando imagen
2025-12-15 20:52:24,069 INFO c.n.r.c.ProductoController [http-nio-8080-exec-10] GET /productos/22/imagen - solicitando imagen
2025-12-15 20:52:24,070 INFO c.n.r.c.ProductoController [http-nio-8080-exec-8] GET /productos/17/imagen - solicitando imagen
2025-12-15 20:52:24,070 INFO c.n.r.c.ProductoController [http-nio-8080-exec-4] GET /productos/23/imagen - solicitando imagen
2025-12-15 20:52:24,070 INFO c.n.r.c.ProductoController [http-nio-8080-exec-7] GET /productos/15/imagen - solicitando imagen
2025-12-15 20:52:24,071 INFO c.n.r.c.ProductoController [http-nio-8080-exec-6] GET /productos/9/imagen - imagen servida correctamente
2025-12-15 20:52:24,071 INFO c.n.r.c.ProductoController [http-nio-8080-exec-10] GET /productos/22/imagen - imagen servida correctamente
2025-12-15 20:52:24,071 INFO c.n.r.c.ProductoController [http-nio-8080-exec-8] GET /productos/17/imagen - imagen servida correctamente
2025-12-15 20:52:24,071 WARN c.n.r.c.GlobalExceptionHandler [http-nio-8080-exec-5] Recurso no encontrado: ImagenNoEncontradaException
2025-12-15 20:52:24,072 INFO c.n.r.c.ProductoController [http-nio-8080-exec-4] GET /productos/23/imagen - imagen servida correctamente
2025-12-15 20:52:24,072 INFO c.n.r.c.ProductoController [http-nio-8080-exec-7] GET /productos/15/imagen - imagen servida correctamente
2025-12-15 20:52:24,079 INFO c.n.r.c.ProductoController [http-nio-8080-exec-1] GET /productos/20/imagen - solicitando imagen
2025-12-15 20:52:24,081 INFO c.n.r.c.ProductoController [http-nio-8080-exec-9] GET /productos/16/imagen - solicitando imagen
2025-12-15 20:52:24,081 INFO c.n.r.c.ProductoController [http-nio-8080-exec-1] GET /productos/20/imagen - imagen servida correctamente
2025-12-15 20:52:24,081 INFO c.n.r.c.ProductoController [http-nio-8080-exec-2] GET /productos/19/imagen - solicitando imagen
2025-12-15 20:52:24,082 INFO c.n.r.c.ProductoController [http-nio-8080-exec-9] GET /productos/16/imagen - imagen servida correctamente
2025-12-15 20:52:24,082 INFO c.n.r.c.ProductoController [http-nio-8080-exec-2] GET /productos/19/imagen - imagen servida correctamente
2025-12-15 20:53:24,096 INFO c.n.r.c.ProductoController [http-nio-8080-exec-10] GET /productos - filtros: nombre=null, activo=null, categoriaId=null, usuarioId=null
2025-12-15 20:53:24,101 INFO c.n.r.c.ProductoController [http-nio-8080-exec-10] GET /productos - encontrados 14 productos
2025-12-15 20:53:24,101 INFO c.n.r.c.ProductoController [http-nio-8080-exec-5] GET /productos - filtros: nombre=null, activo=null, categoriaId=null, usuarioId=null
2025-12-15 20:53:24,101 INFO c.n.r.c.ProductoController [http-nio-8080-exec-6] GET /productos/10/imagen - solicitando imagen
2025-12-15 20:53:24,101 INFO c.n.r.c.ProductoController [http-nio-8080-exec-4] GET /productos/11/imagen - solicitando imagen
2025-12-15 20:53:24,101 INFO c.n.r.c.ProductoController [http-nio-8080-exec-7] GET /productos/13/imagen - solicitando imagen
2025-12-15 20:53:24,109 INFO c.n.r.c.ProductoController [http-nio-8080-exec-3] GET /productos/12/imagen - solicitando imagen
2025-12-15 20:53:24,109 INFO c.n.r.c.ProductoController [http-nio-8080-exec-1] GET /productos/14/imagen - solicitando imagen
2025-12-15 20:53:24,109 INFO c.n.r.c.ProductoController [http-nio-8080-exec-6] GET /productos/10/imagen - imagen servida correctamente
2025-12-15 20:53:24,109 INFO c.n.r.c.ProductoController [http-nio-8080-exec-4] GET /productos/11/imagen - imagen servida correctamente
2025-12-15 20:53:24,109 INFO c.n.r.c.ProductoController [http-nio-8080-exec-7] GET /productos/13/imagen - imagen servida correctamente
2025-12-15 20:53:24,109 INFO c.n.r.c.ProductoController [http-nio-8080-exec-3] GET /productos/12/imagen - imagen servida correctamente
2025-12-15 20:53:24,109 INFO c.n.r.c.ProductoController [http-nio-8080-exec-1] GET /productos/14/imagen - imagen servida correctamente
2025-12-15 20:53:24,109 INFO c.n.r.c.ProductoController [http-nio-8080-exec-5] GET /productos - encontrados 14 productos
2025-12-15 20:53:24,117 INFO c.n.r.c.ProductoController [http-nio-8080-exec-8] GET /productos/23/imagen - solicitando imagen
2025-12-15 20:53:24,117 INFO c.n.r.c.ProductoController [http-nio-8080-exec-2] GET /productos/22/imagen - solicitando imagen
2025-12-15 20:53:24,117 INFO c.n.r.c.ProductoController [http-nio-8080-exec-9] GET /productos/9/imagen - solicitando imagen
2025-12-15 20:53:24,117 INFO c.n.r.c.ProductoController [http-nio-8080-exec-10] GET /productos/17/imagen - solicitando imagen
2025-12-15 20:53:24,122 INFO c.n.r.c.ProductoController [http-nio-8080-exec-2] GET /productos/22/imagen - imagen servida correctamente
2025-12-15 20:53:24,122 INFO c.n.r.c.ProductoController [http-nio-8080-exec-9] GET /productos/9/imagen - imagen servida correctamente
2025-12-15 20:53:24,122 INFO c.n.r.c.ProductoController [http-nio-8080-exec-10] GET /productos/17/imagen - imagen servida correctamente
2025-12-15 20:53:24,122 INFO c.n.r.c.ProductoController [http-nio-8080-exec-8] GET /productos/23/imagen - imagen servida correctamente
2025-12-15 20:53:24,122 INFO c.n.r.c.ProductoController [http-nio-8080-exec-4] GET /productos/15/imagen - solicitando imagen
2025-12-15 20:53:24,122 INFO c.n.r.c.ProductoController [http-nio-8080-exec-6] GET /productos/20/imagen - solicitando imagen
2025-12-15 20:53:24,122 INFO c.n.r.c.ProductoController [http-nio-8080-exec-6] GET /productos/20/imagen - imagen servida correctamente
2025-12-15 20:53:24,122 INFO c.n.r.c.ProductoController [http-nio-8080-exec-4] GET /productos/15/imagen - imagen servida correctamente
2025-12-15 20:53:24,122 INFO c.n.r.c.ProductoController [http-nio-8080-exec-3] GET /productos/26/imagen - solicitando imagen
2025-12-15 20:53:24,122 INFO c.n.r.c.ProductoController [http-nio-8080-exec-7] GET /productos/19/imagen - solicitando imagen
2025-12-15 20:53:24,122 INFO c.n.r.c.ProductoController [http-nio-8080-exec-1] GET /productos/16/imagen - solicitando imagen
2025-12-15 20:53:24,132 WARN c.n.r.c.GlobalExceptionHandler [http-nio-8080-exec-3] Recurso no encontrado: ImagenNoEncontradaException
2025-12-15 20:53:24,133 INFO c.n.r.c.ProductoController [http-nio-8080-exec-7] GET /productos/19/imagen - imagen servida correctamente
2025-12-15 20:53:24,133 INFO c.n.r.c.ProductoController [http-nio-8080-exec-1] GET /productos/16/imagen - imagen servida correctamente
2025-12-15 20:53:25,891 INFO c.n.r.c.ProductoController [http-nio-8080-exec-2] GET /productos - filtros: nombre=null, activo=null, categoriaId=null, usuarioId=null
2025-12-15 20:53:25,902 INFO c.n.r.c.ProductoController [http-nio-8080-exec-2] GET /productos - encontrados 14 productos
2025-12-15 20:53:25,906 INFO c.n.r.c.ProductoController [http-nio-8080-exec-9] GET /productos - filtros: nombre=null, activo=null, categoriaId=null, usuarioId=null
2025-12-15 20:53:25,912 INFO c.n.r.c.ProductoController [http-nio-8080-exec-9] GET /productos - encontrados 14 productos
2025-12-15 20:53:25,921 INFO c.n.r.c.ProductoController [http-nio-8080-exec-10] GET /productos/10/imagen - solicitando imagen
2025-12-15 20:53:25,921 INFO c.n.r.c.ProductoController [http-nio-8080-exec-8] GET /productos/13/imagen - solicitando imagen
2025-12-15 20:53:25,921 INFO c.n.r.c.ProductoController [http-nio-8080-exec-6] GET /productos/12/imagen - solicitando imagen
2025-12-15 20:53:25,921 INFO c.n.r.c.ProductoController [http-nio-8080-exec-4] GET /productos/11/imagen - solicitando imagen
2025-12-15 20:53:25,921 INFO c.n.r.c.ProductoController [http-nio-8080-exec-7] GET /productos/9/imagen - solicitando imagen
2025-12-15 20:53:25,921 INFO c.n.r.c.ProductoController [http-nio-8080-exec-3] GET /productos/14/imagen - solicitando imagen
2025-12-15 20:53:25,921 INFO c.n.r.c.ProductoController [http-nio-8080-exec-4] GET /productos/11/imagen - imagen servida correctamente
2025-12-15 20:53:25,921 INFO c.n.r.c.ProductoController [http-nio-8080-exec-10] GET /productos/10/imagen - imagen servida correctamente
2025-12-15 20:53:25,921 INFO c.n.r.c.ProductoController [http-nio-8080-exec-6] GET /productos/12/imagen - imagen servida correctamente
2025-12-15 20:53:25,921 INFO c.n.r.c.ProductoController [http-nio-8080-exec-7] GET /productos/9/imagen - imagen servida correctamente
2025-12-15 20:53:25,921 INFO c.n.r.c.ProductoController [http-nio-8080-exec-8] GET /productos/13/imagen - imagen servida correctamente
2025-12-15 20:53:25,921 INFO c.n.r.c.ProductoController [http-nio-8080-exec-3] GET /productos/14/imagen - imagen servida correctamente
2025-12-15 20:53:25,928 INFO c.n.r.c.ProductoController [http-nio-8080-exec-1] GET /productos/26/imagen - solicitando imagen
2025-12-15 20:53:25,928 INFO c.n.r.c.ProductoController [http-nio-8080-exec-5] GET /productos/22/imagen - solicitando imagen
2025-12-15 20:53:25,928 INFO c.n.r.c.ProductoController [http-nio-8080-exec-2] GET /productos/23/imagen - solicitando imagen
2025-12-15 20:53:25,932 WARN c.n.r.c.GlobalExceptionHandler [http-nio-8080-exec-1] Recurso no encontrado: ImagenNoEncontradaException
2025-12-15 20:53:25,932 INFO c.n.r.c.ProductoController [http-nio-8080-exec-5] GET /productos/22/imagen - imagen servida correctamente
2025-12-15 20:53:25,932 INFO c.n.r.c.ProductoController [http-nio-8080-exec-10] GET /productos/15/imagen - solicitando imagen
2025-12-15 20:53:25,932 INFO c.n.r.c.ProductoController [http-nio-8080-exec-9] GET /productos/17/imagen - solicitando imagen
2025-12-15 20:53:25,932 INFO c.n.r.c.ProductoController [http-nio-8080-exec-4] GET /productos/20/imagen - solicitando imagen
2025-12-15 20:53:25,932 INFO c.n.r.c.ProductoController [http-nio-8080-exec-2] GET /productos/23/imagen - imagen servida correctamente
2025-12-15 20:53:25,935 INFO c.n.r.c.ProductoController [http-nio-8080-exec-10] GET /productos/15/imagen - imagen servida correctamente
2025-12-15 20:53:25,935 INFO c.n.r.c.ProductoController [http-nio-8080-exec-9] GET /productos/17/imagen - imagen servida correctamente
2025-12-15 20:53:25,935 INFO c.n.r.c.ProductoController [http-nio-8080-exec-4] GET /productos/20/imagen - imagen servida correctamente
2025-12-15 20:53:25,937 INFO c.n.r.c.ProductoController [http-nio-8080-exec-3] GET /productos/19/imagen - solicitando imagen
2025-12-15 20:53:25,939 INFO c.n.r.c.ProductoController [http-nio-8080-exec-3] GET /productos/19/imagen - imagen servida correctamente
2025-12-15 20:53:25,941 INFO c.n.r.c.ProductoController [http-nio-8080-exec-7] GET /productos/16/imagen - solicitando imagen
2025-12-15 20:53:25,942 INFO c.n.r.c.ProductoController [http-nio-8080-exec-7] GET /productos/16/imagen - imagen servida correctamente
2025-12-15 20:55:07,750 INFO c.n.r.c.UsuarioController [http-nio-8080-exec-9] GET /usuarios - filtros: nickname=null, tipoUsuario=null, cuentaActiva=null
2025-12-15 20:55:07,750 INFO c.n.r.s.UsuarioService [http-nio-8080-exec-9] Listando usuarios con filtros nickname=null, tipoUsuario=null, cuentaActiva=null
2025-12-15 20:55:07,754 INFO c.n.r.c.UsuarioController [http-nio-8080-exec-9] Resultado: 14 usuarios encontrados
2025-12-15 20:55:07,757 INFO c.n.r.c.UsuarioController [http-nio-8080-exec-3] GET /usuarios - filtros: nickname=null, tipoUsuario=null, cuentaActiva=null
2025-12-15 20:55:07,757 INFO c.n.r.s.UsuarioService [http-nio-8080-exec-3] Listando usuarios con filtros nickname=null, tipoUsuario=null, cuentaActiva=null
2025-12-15 20:55:07,761 INFO c.n.r.c.UsuarioController [http-nio-8080-exec-3] Resultado: 14 usuarios encontrados
2025-12-15 20:55:08,611 INFO c.n.r.c.CategoriaController [http-nio-8080-exec-7] GET /categorías - filtros: nombre='null', activa=null, fechaCreacion=null, desde=null, hasta=null
2025-12-15 20:55:08,611 INFO c.n.r.s.CategoriaService [http-nio-8080-exec-7] Listando categorías con filtros - nombre: null, activa: null, fechaCreacion: null, desde: null, hasta: null
2025-12-15 20:55:08,614 INFO c.n.r.c.CategoriaController [http-nio-8080-exec-7] Se devolvieron 8 categorias
2025-12-15 20:55:08,614 INFO c.n.r.c.CategoriaController [http-nio-8080-exec-5] GET /categorías - filtros: nombre='null', activa=null, fechaCreacion=null, desde=null, hasta=null
2025-12-15 20:55:08,614 INFO c.n.r.s.CategoriaService [http-nio-8080-exec-5] Listando categorías con filtros - nombre: null, activa: null, fechaCreacion: null, desde: null, hasta: null
2025-12-15 20:55:08,614 INFO c.n.r.c.CategoriaController [http-nio-8080-exec-5] Se devolvieron 8 categorias
2025-12-15 20:55:26,527 INFO c.n.r.c.CategoriaController [http-nio-8080-exec-1] GET /categorías - filtros: nombre='null', activa=null, fechaCreacion=null, desde=null, hasta=null
2025-12-15 20:55:26,527 INFO c.n.r.s.CategoriaService [http-nio-8080-exec-1] Listando categorías con filtros - nombre: null, activa: null, fechaCreacion: null, desde: null, hasta: null
2025-12-15 20:55:26,529 INFO c.n.r.c.CategoriaController [http-nio-8080-exec-1] Se devolvieron 8 categorias
2025-12-15 20:55:26,532 INFO c.n.r.c.CategoriaController [http-nio-8080-exec-8] GET /categorías - filtros: nombre='null', activa=null, fechaCreacion=null, desde=null, hasta=null
2025-12-15 20:55:26,533 INFO c.n.r.s.CategoriaService [http-nio-8080-exec-8] Listando categorías con filtros - nombre: null, activa: null, fechaCreacion: null, desde: null, hasta: null
2025-12-15 20:55:26,536 INFO c.n.r.c.CategoriaController [http-nio-8080-exec-8] Se devolvieron 8 categorias
2025-12-15 20:55:36,235 INFO c.n.r.c.ProductoController [http-nio-8080-exec-2] GET /productos - filtros: nombre=null, activo=null, categoriaId=null, usuarioId=null
2025-12-15 20:55:36,242 INFO c.n.r.c.ProductoController [http-nio-8080-exec-2] GET /productos - encontrados 14 productos
2025-12-15 20:55:36,245 INFO c.n.r.c.ProductoController [http-nio-8080-exec-6] GET /productos - filtros: nombre=null, activo=null, categoriaId=null, usuarioId=null
2025-12-15 20:55:36,253 INFO c.n.r.c.ProductoController [http-nio-8080-exec-6] GET /productos - encontrados 14 productos
2025-12-15 20:55:36,265 INFO c.n.r.c.ProductoController [http-nio-8080-exec-9] GET /productos/13/imagen - solicitando imagen
2025-12-15 20:55:36,265 INFO c.n.r.c.ProductoController [http-nio-8080-exec-10] GET /productos/10/imagen - solicitando imagen
2025-12-15 20:55:36,265 INFO c.n.r.c.ProductoController [http-nio-8080-exec-3] GET /productos/12/imagen - solicitando imagen
2025-12-15 20:55:36,266 INFO c.n.r.c.ProductoController [http-nio-8080-exec-7] GET /productos/14/imagen - solicitando imagen
2025-12-15 20:55:36,265 INFO c.n.r.c.ProductoController [http-nio-8080-exec-4] GET /productos/11/imagen - solicitando imagen
2025-12-15 20:55:36,266 INFO c.n.r.c.ProductoController [http-nio-8080-exec-5] GET /productos/9/imagen - solicitando imagen
2025-12-15 20:55:36,268 INFO c.n.r.c.ProductoController [http-nio-8080-exec-9] GET /productos/13/imagen - imagen servida correctamente
2025-12-15 20:55:36,268 INFO c.n.r.c.ProductoController [http-nio-8080-exec-7] GET /productos/14/imagen - imagen servida correctamente
2025-12-15 20:55:36,268 INFO c.n.r.c.ProductoController [http-nio-8080-exec-3] GET /productos/12/imagen - imagen servida correctamente
2025-12-15 20:55:36,268 INFO c.n.r.c.ProductoController [http-nio-8080-exec-10] GET /productos/10/imagen - imagen servida correctamente
2025-12-15 20:55:36,268 INFO c.n.r.c.ProductoController [http-nio-8080-exec-5] GET /productos/9/imagen - imagen servida correctamente
2025-12-15 20:55:36,268 INFO c.n.r.c.ProductoController [http-nio-8080-exec-4] GET /productos/11/imagen - imagen servida correctamente
2025-12-15 20:55:36,275 INFO c.n.r.c.ProductoController [http-nio-8080-exec-1] GET /productos/22/imagen - solicitando imagen
2025-12-15 20:55:36,276 INFO c.n.r.c.ProductoController [http-nio-8080-exec-8] GET /productos/23/imagen - solicitando imagen
2025-12-15 20:55:36,278 INFO c.n.r.c.ProductoController [http-nio-8080-exec-2] GET /productos/26/imagen - solicitando imagen
2025-12-15 20:55:36,278 INFO c.n.r.c.ProductoController [http-nio-8080-exec-1] GET /productos/22/imagen - imagen servida correctamente
2025-12-15 20:55:36,278 INFO c.n.r.c.ProductoController [http-nio-8080-exec-8] GET /productos/23/imagen - imagen servida correctamente
2025-12-15 20:55:36,280 WARN c.n.r.c.GlobalExceptionHandler [http-nio-8080-exec-2] Recurso no encontrado: ImagenNoEncontradaException
2025-12-15 20:55:36,281 INFO c.n.r.c.ProductoController [http-nio-8080-exec-9] GET /productos/15/imagen - solicitando imagen
2025-12-15 20:55:36,281 INFO c.n.r.c.ProductoController [http-nio-8080-exec-6] GET /productos/17/imagen - solicitando imagen
2025-12-15 20:55:36,281 INFO c.n.r.c.ProductoController [http-nio-8080-exec-3] GET /productos/20/imagen - solicitando imagen
2025-12-15 20:55:36,283 INFO c.n.r.c.ProductoController [http-nio-8080-exec-6] GET /productos/17/imagen - imagen servida correctamente
2025-12-15 20:55:36,283 INFO c.n.r.c.ProductoController [http-nio-8080-exec-9] GET /productos/15/imagen - imagen servida correctamente
2025-12-15 20:55:36,283 INFO c.n.r.c.ProductoController [http-nio-8080-exec-3] GET /productos/20/imagen - imagen servida correctamente
2025-12-15 20:55:36,286 INFO c.n.r.c.ProductoController [http-nio-8080-exec-10] GET /productos/19/imagen - solicitando imagen
2025-12-15 20:55:36,286 INFO c.n.r.c.ProductoController [http-nio-8080-exec-5] GET /productos/16/imagen - solicitando imagen
2025-12-15 20:55:36,288 INFO c.n.r.c.ProductoController [http-nio-8080-exec-10] GET /productos/19/imagen - imagen servida correctamente
2025-12-15 20:55:36,288 INFO c.n.r.c.ProductoController [http-nio-8080-exec-5] GET /productos/16/imagen - imagen servida correctamente
2025-12-15 20:55:38,375 INFO c.n.r.c.UsuarioController [http-nio-8080-exec-4] GET /usuarios - filtros: nickname=null, tipoUsuario=null, cuentaActiva=null
2025-12-15 20:55:38,376 INFO c.n.r.s.UsuarioService [http-nio-8080-exec-4] Listando usuarios con filtros nickname=null, tipoUsuario=null, cuentaActiva=null
2025-12-15 20:55:38,380 INFO c.n.r.c.UsuarioController [http-nio-8080-exec-4] Resultado: 14 usuarios encontrados
2025-12-15 20:55:38,382 INFO c.n.r.c.UsuarioController [http-nio-8080-exec-1] GET /usuarios - filtros: nickname=null, tipoUsuario=null, cuentaActiva=null
2025-12-15 20:55:38,382 INFO c.n.r.s.UsuarioService [http-nio-8080-exec-1] Listando usuarios con filtros nickname=null, tipoUsuario=null, cuentaActiva=null
2025-12-15 20:55:38,386 INFO c.n.r.c.UsuarioController [http-nio-8080-exec-1] Resultado: 14 usuarios encontrados
2025-12-15 20:55:40,110 INFO c.n.r.c.CategoriaController [http-nio-8080-exec-8] GET /categorías - filtros: nombre='null', activa=null, fechaCreacion=null, desde=null, hasta=null
2025-12-15 20:55:40,111 INFO c.n.r.s.CategoriaService [http-nio-8080-exec-8] Listando categorías con filtros - nombre: null, activa: null, fechaCreacion: null, desde: null, hasta: null
2025-12-15 20:55:40,115 INFO c.n.r.c.CategoriaController [http-nio-8080-exec-8] Se devolvieron 8 categorias
2025-12-15 20:55:40,117 INFO c.n.r.c.CategoriaController [http-nio-8080-exec-2] GET /categorías - filtros: nombre='null', activa=null, fechaCreacion=null, desde=null, hasta=null
2025-12-15 20:55:40,117 INFO c.n.r.s.CategoriaService [http-nio-8080-exec-2] Listando categorías con filtros - nombre: null, activa: null, fechaCreacion: null, desde: null, hasta: null
2025-12-15 20:55:40,120 INFO c.n.r.c.CategoriaController [http-nio-8080-exec-2] Se devolvieron 8 categorias
2025-12-15 20:55:58,424 INFO c.n.r.c.ProductoController [http-nio-8080-exec-7] GET /productos - filtros: nombre=null, activo=null, categoriaId=null, usuarioId=null
2025-12-15 20:55:58,431 INFO c.n.r.c.ProductoController [http-nio-8080-exec-7] GET /productos - encontrados 14 productos
2025-12-15 20:55:58,434 INFO c.n.r.c.ProductoController [http-nio-8080-exec-6] GET /productos - filtros: nombre=null, activo=null, categoriaId=null, usuarioId=null
2025-12-15 20:55:58,441 INFO c.n.r.c.ProductoController [http-nio-8080-exec-6] GET /productos - encontrados 14 productos
2025-12-15 20:55:58,452 INFO c.n.r.c.ProductoController [http-nio-8080-exec-10] GET /productos/13/imagen - solicitando imagen
2025-12-15 20:55:58,452 INFO c.n.r.c.ProductoController [http-nio-8080-exec-3] GET /productos/10/imagen - solicitando imagen
2025-12-15 20:55:58,452 INFO c.n.r.c.ProductoController [http-nio-8080-exec-9] GET /productos/11/imagen - solicitando imagen
2025-12-15 20:55:58,452 INFO c.n.r.c.ProductoController [http-nio-8080-exec-4] GET /productos/14/imagen - solicitando imagen
2025-12-15 20:55:58,452 INFO c.n.r.c.ProductoController [http-nio-8080-exec-5] GET /productos/12/imagen - solicitando imagen
2025-12-15 20:55:58,453 INFO c.n.r.c.ProductoController [http-nio-8080-exec-1] GET /productos/9/imagen - solicitando imagen
2025-12-15 20:55:58,454 INFO c.n.r.c.ProductoController [http-nio-8080-exec-4] GET /productos/14/imagen - imagen servida correctamente
2025-12-15 20:55:58,454 INFO c.n.r.c.ProductoController [http-nio-8080-exec-10] GET /productos/13/imagen - imagen servida correctamente
2025-12-15 20:55:58,454 INFO c.n.r.c.ProductoController [http-nio-8080-exec-5] GET /productos/12/imagen - imagen servida correctamente
2025-12-15 20:55:58,454 INFO c.n.r.c.ProductoController [http-nio-8080-exec-3] GET /productos/10/imagen - imagen servida correctamente
2025-12-15 20:55:58,455 INFO c.n.r.c.ProductoController [http-nio-8080-exec-1] GET /productos/9/imagen - imagen servida correctamente
2025-12-15 20:55:58,454 INFO c.n.r.c.ProductoController [http-nio-8080-exec-9] GET /productos/11/imagen - imagen servida correctamente
2025-12-15 20:55:58,466 INFO c.n.r.c.ProductoController [http-nio-8080-exec-8] GET /productos/26/imagen - solicitando imagen
2025-12-15 20:55:58,468 WARN c.n.r.c.GlobalExceptionHandler [http-nio-8080-exec-8] Recurso no encontrado: ImagenNoEncontradaException
2025-12-15 20:55:58,468 INFO c.n.r.c.ProductoController [http-nio-8080-exec-2] GET /productos/22/imagen - solicitando imagen
2025-12-15 20:55:58,468 INFO c.n.r.c.ProductoController [http-nio-8080-exec-7] GET /productos/23/imagen - solicitando imagen
2025-12-15 20:55:58,468 INFO c.n.r.c.ProductoController [http-nio-8080-exec-5] GET /productos/15/imagen - solicitando imagen
2025-12-15 20:55:58,468 INFO c.n.r.c.ProductoController [http-nio-8080-exec-6] GET /productos/17/imagen - solicitando imagen
2025-12-15 20:55:58,468 INFO c.n.r.c.ProductoController [http-nio-8080-exec-4] GET /productos/20/imagen - solicitando imagen
2025-12-15 20:55:58,473 INFO c.n.r.c.ProductoController [http-nio-8080-exec-7] GET /productos/23/imagen - imagen servida correctamente
2025-12-15 20:55:58,473 INFO c.n.r.c.ProductoController [http-nio-8080-exec-6] GET /productos/17/imagen - imagen servida correctamente
2025-12-15 20:55:58,473 INFO c.n.r.c.ProductoController [http-nio-8080-exec-4] GET /productos/20/imagen - imagen servida correctamente
2025-12-15 20:55:58,473 INFO c.n.r.c.ProductoController [http-nio-8080-exec-2] GET /productos/22/imagen - imagen servida correctamente
2025-12-15 20:55:58,473 INFO c.n.r.c.ProductoController [http-nio-8080-exec-5] GET /productos/15/imagen - imagen servida correctamente
2025-12-15 20:55:58,473 INFO c.n.r.c.ProductoController [http-nio-8080-exec-1] GET /productos/19/imagen - solicitando imagen
2025-12-15 20:55:58,477 INFO c.n.r.c.ProductoController [http-nio-8080-exec-1] GET /productos/19/imagen - imagen servida correctamente
2025-12-15 20:55:58,480 INFO c.n.r.c.ProductoController [http-nio-8080-exec-9] GET /productos/16/imagen - solicitando imagen
2025-12-15 20:55:58,487 INFO c.n.r.c.ProductoController [http-nio-8080-exec-9] GET /productos/16/imagen - imagen servida correctamente
2025-12-15 21:03:57,442 INFO o.s.b.w.e.t.GracefulShutdown [SpringApplicationShutdownHook] Commencing graceful shutdown. Waiting for active requests to complete
2025-12-15 21:03:57,457 INFO o.s.b.w.e.t.GracefulShutdown [tomcat-shutdown] Graceful shutdown complete
2025-12-15 21:03:57,460 INFO o.s.o.j.AbstractEntityManagerFactoryBean [SpringApplicationShutdownHook] Closing JPA EntityManagerFactory for persistence unit 'default'
2025-12-15 21:03:57,461 INFO c.z.h.HikariDataSource [SpringApplicationShutdownHook] HikariPool-1 - Shutdown initiated...
2025-12-15 21:03:57,463 INFO c.z.h.HikariDataSource [SpringApplicationShutdownHook] HikariPool-1 - Shutdown completed.
